running egg_info
creating ../build/roomba_controller/roomba_controller.egg-info
writing ../build/roomba_controller/roomba_controller.egg-info/PKG-INFO
writing dependency_links to ../build/roomba_controller/roomba_controller.egg-info/dependency_links.txt
writing entry points to ../build/roomba_controller/roomba_controller.egg-info/entry_points.txt
writing requirements to ../build/roomba_controller/roomba_controller.egg-info/requires.txt
writing top-level names to ../build/roomba_controller/roomba_controller.egg-info/top_level.txt
writing manifest file '../build/roomba_controller/roomba_controller.egg-info/SOURCES.txt'
reading manifest file '../build/roomba_controller/roomba_controller.egg-info/SOURCES.txt'
writing manifest file '../build/roomba_controller/roomba_controller.egg-info/SOURCES.txt'
running build
running build_py
creating /home/mahus/Winter/Autonomous-Cleaning-Robot/robot_ws/build/roomba_controller/build
creating /home/mahus/Winter/Autonomous-Cleaning-Robot/robot_ws/build/roomba_controller/build/lib
creating /home/mahus/Winter/Autonomous-Cleaning-Robot/robot_ws/build/roomba_controller/build/lib/roomba_controller
copying roomba_controller/__init__.py -> /home/mahus/Winter/Autonomous-Cleaning-Robot/robot_ws/build/roomba_controller/build/lib/roomba_controller
copying roomba_controller/controller_node.py -> /home/mahus/Winter/Autonomous-Cleaning-Robot/robot_ws/build/roomba_controller/build/lib/roomba_controller
running install
/usr/lib/python3/dist-packages/setuptools/command/install.py:34: SetuptoolsDeprecationWarning: setup.py install is deprecated. Use build and pip and other standards-based tools.
  warnings.warn(
running install_lib
creating /home/mahus/Winter/Autonomous-Cleaning-Robot/robot_ws/install/roomba_controller/lib/python3.10/site-packages/roomba_controller
copying /home/mahus/Winter/Autonomous-Cleaning-Robot/robot_ws/build/roomba_controller/build/lib/roomba_controller/__init__.py -> /home/mahus/Winter/Autonomous-Cleaning-Robot/robot_ws/install/roomba_controller/lib/python3.10/site-packages/roomba_controller
copying /home/mahus/Winter/Autonomous-Cleaning-Robot/robot_ws/build/roomba_controller/build/lib/roomba_controller/controller_node.py -> /home/mahus/Winter/Autonomous-Cleaning-Robot/robot_ws/install/roomba_controller/lib/python3.10/site-packages/roomba_controller
byte-compiling /home/mahus/Winter/Autonomous-Cleaning-Robot/robot_ws/install/roomba_controller/lib/python3.10/site-packages/roomba_controller/__init__.py to __init__.cpython-310.pyc
byte-compiling /home/mahus/Winter/Autonomous-Cleaning-Robot/robot_ws/install/roomba_controller/lib/python3.10/site-packages/roomba_controller/controller_node.py to controller_node.cpython-310.pyc
running install_data
creating /home/mahus/Winter/Autonomous-Cleaning-Robot/robot_ws/install/roomba_controller/share/ament_index
creating /home/mahus/Winter/Autonomous-Cleaning-Robot/robot_ws/install/roomba_controller/share/ament_index/resource_index
creating /home/mahus/Winter/Autonomous-Cleaning-Robot/robot_ws/install/roomba_controller/share/ament_index/resource_index/packages
copying resource/roomba_controller -> /home/mahus/Winter/Autonomous-Cleaning-Robot/robot_ws/install/roomba_controller/share/ament_index/resource_index/packages
copying package.xml -> /home/mahus/Winter/Autonomous-Cleaning-Robot/robot_ws/install/roomba_controller/share/roomba_controller
running install_egg_info
Copying ../build/roomba_controller/roomba_controller.egg-info to /home/mahus/Winter/Autonomous-Cleaning-Robot/robot_ws/install/roomba_controller/lib/python3.10/site-packages/roomba_controller-0.0.0-py3.10.egg-info
running install_scripts
Installing test_node script to /home/mahus/Winter/Autonomous-Cleaning-Robot/robot_ws/install/roomba_controller/lib/roomba_controller
writing list of installed files to '/home/mahus/Winter/Autonomous-Cleaning-Robot/robot_ws/build/roomba_controller/install.log'
