[0.943s] Invoking command in '/home/mahus/Winter/Autonomous-Cleaning-Robot/robot_ws/roomba_controller': AMENT_PREFIX_PATH=/home/mahus/Winter/Autonomous-Cleaning-Robot/robot_ws/install/more_interfaces:${AMENT_PREFIX_PATH} CMAKE_PREFIX_PATH=/home/mahus/Winter/Autonomous-Cleaning-Robot/robot_ws/install/more_interfaces LD_LIBRARY_PATH=/home/mahus/Winter/Autonomous-Cleaning-Robot/robot_ws/install/more_interfaces/lib:${LD_LIBRARY_PATH} PYTHONPATH=/home/mahus/Winter/Autonomous-Cleaning-Robot/robot_ws/build/roomba_controller/prefix_override:/home/mahus/Winter/Autonomous-Cleaning-Robot/robot_ws/install/roomba_controller/lib/python3.10/site-packages:/home/mahus/Winter/Autonomous-Cleaning-Robot/robot_ws/install/more_interfaces/local/lib/python3.10/dist-packages:${PYTHONPATH} /usr/bin/python3 setup.py egg_info --egg-base ../build/roomba_controller build --build-base /home/mahus/Winter/Autonomous-Cleaning-Robot/robot_ws/build/roomba_controller/build install --record /home/mahus/Winter/Autonomous-Cleaning-Robot/robot_ws/build/roomba_controller/install.log --single-version-externally-managed
[1.099s] running egg_info
[1.099s] creating ../build/roomba_controller/roomba_controller.egg-info
[1.099s] writing ../build/roomba_controller/roomba_controller.egg-info/PKG-INFO
[1.099s] writing dependency_links to ../build/roomba_controller/roomba_controller.egg-info/dependency_links.txt
[1.099s] writing entry points to ../build/roomba_controller/roomba_controller.egg-info/entry_points.txt
[1.099s] writing requirements to ../build/roomba_controller/roomba_controller.egg-info/requires.txt
[1.099s] writing top-level names to ../build/roomba_controller/roomba_controller.egg-info/top_level.txt
[1.100s] writing manifest file '../build/roomba_controller/roomba_controller.egg-info/SOURCES.txt'
[1.101s] reading manifest file '../build/roomba_controller/roomba_controller.egg-info/SOURCES.txt'
[1.101s] writing manifest file '../build/roomba_controller/roomba_controller.egg-info/SOURCES.txt'
[1.101s] running build
[1.101s] running build_py
[1.101s] creating /home/mahus/Winter/Autonomous-Cleaning-Robot/robot_ws/build/roomba_controller/build
[1.101s] creating /home/mahus/Winter/Autonomous-Cleaning-Robot/robot_ws/build/roomba_controller/build/lib
[1.101s] creating /home/mahus/Winter/Autonomous-Cleaning-Robot/robot_ws/build/roomba_controller/build/lib/roomba_controller
[1.102s] copying roomba_controller/__init__.py -> /home/mahus/Winter/Autonomous-Cleaning-Robot/robot_ws/build/roomba_controller/build/lib/roomba_controller
[1.102s] copying roomba_controller/controller_node.py -> /home/mahus/Winter/Autonomous-Cleaning-Robot/robot_ws/build/roomba_controller/build/lib/roomba_controller
[1.102s] running install
[1.108s] /usr/lib/python3/dist-packages/setuptools/command/install.py:34: SetuptoolsDeprecationWarning: setup.py install is deprecated. Use build and pip and other standards-based tools.
[1.108s]   warnings.warn(
[1.108s] running install_lib
[1.109s] creating /home/mahus/Winter/Autonomous-Cleaning-Robot/robot_ws/install/roomba_controller/lib/python3.10/site-packages/roomba_controller
[1.109s] copying /home/mahus/Winter/Autonomous-Cleaning-Robot/robot_ws/build/roomba_controller/build/lib/roomba_controller/__init__.py -> /home/mahus/Winter/Autonomous-Cleaning-Robot/robot_ws/install/roomba_controller/lib/python3.10/site-packages/roomba_controller
[1.109s] copying /home/mahus/Winter/Autonomous-Cleaning-Robot/robot_ws/build/roomba_controller/build/lib/roomba_controller/controller_node.py -> /home/mahus/Winter/Autonomous-Cleaning-Robot/robot_ws/install/roomba_controller/lib/python3.10/site-packages/roomba_controller
[1.109s] byte-compiling /home/mahus/Winter/Autonomous-Cleaning-Robot/robot_ws/install/roomba_controller/lib/python3.10/site-packages/roomba_controller/__init__.py to __init__.cpython-310.pyc
[1.109s] byte-compiling /home/mahus/Winter/Autonomous-Cleaning-Robot/robot_ws/install/roomba_controller/lib/python3.10/site-packages/roomba_controller/controller_node.py to controller_node.cpython-310.pyc
[1.110s] running install_data
[1.110s] creating /home/mahus/Winter/Autonomous-Cleaning-Robot/robot_ws/install/roomba_controller/share/ament_index
[1.110s] creating /home/mahus/Winter/Autonomous-Cleaning-Robot/robot_ws/install/roomba_controller/share/ament_index/resource_index
[1.110s] creating /home/mahus/Winter/Autonomous-Cleaning-Robot/robot_ws/install/roomba_controller/share/ament_index/resource_index/packages
[1.111s] copying resource/roomba_controller -> /home/mahus/Winter/Autonomous-Cleaning-Robot/robot_ws/install/roomba_controller/share/ament_index/resource_index/packages
[1.111s] copying package.xml -> /home/mahus/Winter/Autonomous-Cleaning-Robot/robot_ws/install/roomba_controller/share/roomba_controller
[1.111s] running install_egg_info
[1.112s] Copying ../build/roomba_controller/roomba_controller.egg-info to /home/mahus/Winter/Autonomous-Cleaning-Robot/robot_ws/install/roomba_controller/lib/python3.10/site-packages/roomba_controller-0.0.0-py3.10.egg-info
[1.112s] running install_scripts
[1.125s] Installing test_node script to /home/mahus/Winter/Autonomous-Cleaning-Robot/robot_ws/install/roomba_controller/lib/roomba_controller
[1.126s] writing list of installed files to '/home/mahus/Winter/Autonomous-Cleaning-Robot/robot_ws/build/roomba_controller/install.log'
[1.138s] Invoked command in '/home/mahus/Winter/Autonomous-Cleaning-Robot/robot_ws/roomba_controller' returned '0': AMENT_PREFIX_PATH=/home/mahus/Winter/Autonomous-Cleaning-Robot/robot_ws/install/more_interfaces:${AMENT_PREFIX_PATH} CMAKE_PREFIX_PATH=/home/mahus/Winter/Autonomous-Cleaning-Robot/robot_ws/install/more_interfaces LD_LIBRARY_PATH=/home/mahus/Winter/Autonomous-Cleaning-Robot/robot_ws/install/more_interfaces/lib:${LD_LIBRARY_PATH} PYTHONPATH=/home/mahus/Winter/Autonomous-Cleaning-Robot/robot_ws/build/roomba_controller/prefix_override:/home/mahus/Winter/Autonomous-Cleaning-Robot/robot_ws/install/roomba_controller/lib/python3.10/site-packages:/home/mahus/Winter/Autonomous-Cleaning-Robot/robot_ws/install/more_interfaces/local/lib/python3.10/dist-packages:${PYTHONPATH} /usr/bin/python3 setup.py egg_info --egg-base ../build/roomba_controller build --build-base /home/mahus/Winter/Autonomous-Cleaning-Robot/robot_ws/build/roomba_controller/build install --record /home/mahus/Winter/Autonomous-Cleaning-Robot/robot_ws/build/roomba_controller/install.log --single-version-externally-managed
