[0.213s] DEBUG:colcon:Command line arguments: ['/usr/bin/colcon', 'build', '--symlink-install']
[0.213s] DEBUG:colcon:Parsed command line arguments: Namespace(log_base=None, log_level=None, verb_name='build', build_base='build', install_base='install', merge_install=False, symlink_install=True, test_result_base=None, continue_on_error=False, executor='parallel', parallel_workers=2, event_handlers=None, ignore_user_meta=False, metas=['./colcon.meta'], base_paths=['.'], packages_ignore=None, packages_ignore_regex=None, paths=None, packages_up_to=None, packages_up_to_regex=None, packages_above=None, packages_above_and_dependencies=None, packages_above_depth=None, packages_select_by_dep=None, packages_skip_by_dep=None, packages_skip_up_to=None, packages_select_build_failed=False, packages_skip_build_finished=False, packages_select_test_failures=False, packages_skip_test_passed=False, packages_select=None, packages_skip=None, packages_select_regex=None, packages_skip_regex=None, packages_start=None, packages_end=None, allow_overriding=[], cmake_args=None, cmake_target=None, cmake_target_skip_unavailable=False, cmake_clean_cache=False, cmake_clean_first=False, cmake_force_configure=False, ament_cmake_args=None, catkin_cmake_args=None, catkin_skip_building_tests=False, verb_parser=<colcon_defaults.argument_parser.defaults.DefaultArgumentsDecorator object at 0x7fcbf1381ab0>, verb_extension=<colcon_core.verb.build.BuildVerb object at 0x7fcbf1d23190>, main=<bound method BuildVerb.main of <colcon_core.verb.build.BuildVerb object at 0x7fcbf1d23190>>)
[0.236s] Level 1:colcon.colcon_core.package_discovery:discover_packages(colcon_meta) check parameters
[0.236s] Level 1:colcon.colcon_core.package_discovery:discover_packages(recursive) check parameters
[0.236s] Level 1:colcon.colcon_core.package_discovery:discover_packages(ignore) check parameters
[0.236s] Level 1:colcon.colcon_core.package_discovery:discover_packages(path) check parameters
[0.236s] Level 1:colcon.colcon_core.package_discovery:discover_packages(colcon_meta) discover
[0.236s] Level 1:colcon.colcon_core.package_discovery:discover_packages(recursive) discover
[0.236s] INFO:colcon.colcon_core.package_discovery:Crawling recursively for packages in '/home/mahus/Autonomous-Cleaning-Robot/robot_ws'
[0.237s] Level 1:colcon.colcon_core.package_identification:_identify(.) by extensions ['ignore', 'ignore_ament_install']
[0.237s] Level 1:colcon.colcon_core.package_identification:_identify(.) by extension 'ignore'
[0.237s] Level 1:colcon.colcon_core.package_identification:_identify(.) by extension 'ignore_ament_install'
[0.237s] Level 1:colcon.colcon_core.package_identification:_identify(.) by extensions ['colcon_pkg']
[0.237s] Level 1:colcon.colcon_core.package_identification:_identify(.) by extension 'colcon_pkg'
[0.237s] Level 1:colcon.colcon_core.package_identification:_identify(.) by extensions ['colcon_meta']
[0.237s] Level 1:colcon.colcon_core.package_identification:_identify(.) by extension 'colcon_meta'
[0.237s] Level 1:colcon.colcon_core.package_identification:_identify(.) by extensions ['ros']
[0.237s] Level 1:colcon.colcon_core.package_identification:_identify(.) by extension 'ros'
[0.245s] Level 1:colcon.colcon_core.package_identification:_identify(.) by extensions ['cmake', 'python']
[0.245s] Level 1:colcon.colcon_core.package_identification:_identify(.) by extension 'cmake'
[0.245s] Level 1:colcon.colcon_core.package_identification:_identify(.) by extension 'python'
[0.245s] Level 1:colcon.colcon_core.package_identification:_identify(.) by extensions ['python_setup_py']
[0.245s] Level 1:colcon.colcon_core.package_identification:_identify(.) by extension 'python_setup_py'
[0.246s] Level 1:colcon.colcon_core.package_identification:_identify(build) by extensions ['ignore', 'ignore_ament_install']
[0.246s] Level 1:colcon.colcon_core.package_identification:_identify(build) by extension 'ignore'
[0.246s] Level 1:colcon.colcon_core.package_identification:_identify(build) ignored
[0.246s] Level 1:colcon.colcon_core.package_identification:_identify(install) by extensions ['ignore', 'ignore_ament_install']
[0.246s] Level 1:colcon.colcon_core.package_identification:_identify(install) by extension 'ignore'
[0.246s] Level 1:colcon.colcon_core.package_identification:_identify(install) ignored
[0.246s] Level 1:colcon.colcon_core.package_identification:_identify(log) by extensions ['ignore', 'ignore_ament_install']
[0.246s] Level 1:colcon.colcon_core.package_identification:_identify(log) by extension 'ignore'
[0.246s] Level 1:colcon.colcon_core.package_identification:_identify(log) ignored
[0.246s] Level 1:colcon.colcon_core.package_identification:_identify(more_interfaces) by extensions ['ignore', 'ignore_ament_install']
[0.247s] Level 1:colcon.colcon_core.package_identification:_identify(more_interfaces) by extension 'ignore'
[0.247s] Level 1:colcon.colcon_core.package_identification:_identify(more_interfaces) by extension 'ignore_ament_install'
[0.247s] Level 1:colcon.colcon_core.package_identification:_identify(more_interfaces) by extensions ['colcon_pkg']
[0.247s] Level 1:colcon.colcon_core.package_identification:_identify(more_interfaces) by extension 'colcon_pkg'
[0.247s] Level 1:colcon.colcon_core.package_identification:_identify(more_interfaces) by extensions ['colcon_meta']
[0.247s] Level 1:colcon.colcon_core.package_identification:_identify(more_interfaces) by extension 'colcon_meta'
[0.247s] Level 1:colcon.colcon_core.package_identification:_identify(more_interfaces) by extensions ['ros']
[0.247s] Level 1:colcon.colcon_core.package_identification:_identify(more_interfaces) by extension 'ros'
[0.249s] DEBUG:colcon.colcon_core.package_identification:Package 'more_interfaces' with type 'ros.ament_cmake' and name 'more_interfaces'
[0.250s] Level 1:colcon.colcon_core.package_identification:_identify(roomba_controller) by extensions ['ignore', 'ignore_ament_install']
[0.250s] Level 1:colcon.colcon_core.package_identification:_identify(roomba_controller) by extension 'ignore'
[0.250s] Level 1:colcon.colcon_core.package_identification:_identify(roomba_controller) by extension 'ignore_ament_install'
[0.250s] Level 1:colcon.colcon_core.package_identification:_identify(roomba_controller) by extensions ['colcon_pkg']
[0.250s] Level 1:colcon.colcon_core.package_identification:_identify(roomba_controller) by extension 'colcon_pkg'
[0.250s] Level 1:colcon.colcon_core.package_identification:_identify(roomba_controller) by extensions ['colcon_meta']
[0.250s] Level 1:colcon.colcon_core.package_identification:_identify(roomba_controller) by extension 'colcon_meta'
[0.250s] Level 1:colcon.colcon_core.package_identification:_identify(roomba_controller) by extensions ['ros']
[0.250s] Level 1:colcon.colcon_core.package_identification:_identify(roomba_controller) by extension 'ros'
[0.251s] DEBUG:colcon.colcon_core.package_identification:Package 'roomba_controller' with type 'ros.ament_python' and name 'roomba_controller'
[0.251s] Level 1:colcon.colcon_core.package_discovery:discover_packages(recursive) using defaults
[0.251s] Level 1:colcon.colcon_core.package_discovery:discover_packages(ignore) discover
[0.251s] Level 1:colcon.colcon_core.package_discovery:discover_packages(ignore) using defaults
[0.251s] Level 1:colcon.colcon_core.package_discovery:discover_packages(path) discover
[0.251s] Level 1:colcon.colcon_core.package_discovery:discover_packages(path) using defaults
[0.268s] Level 1:colcon.colcon_core.package_discovery:discover_packages(prefix_path) check parameters
[0.268s] Level 1:colcon.colcon_core.package_discovery:discover_packages(prefix_path) discover
[0.270s] DEBUG:colcon.colcon_installed_package_information.package_discovery:Found 277 installed packages in /opt/ros/humble
[0.272s] Level 1:colcon.colcon_core.package_discovery:discover_packages(prefix_path) using defaults
[0.311s] Level 5:colcon.colcon_core.verb:set package 'more_interfaces' build argument 'cmake_args' from command line to 'None'
[0.311s] Level 5:colcon.colcon_core.verb:set package 'more_interfaces' build argument 'cmake_target' from command line to 'None'
[0.311s] Level 5:colcon.colcon_core.verb:set package 'more_interfaces' build argument 'cmake_target_skip_unavailable' from command line to 'False'
[0.311s] Level 5:colcon.colcon_core.verb:set package 'more_interfaces' build argument 'cmake_clean_cache' from command line to 'False'
[0.311s] Level 5:colcon.colcon_core.verb:set package 'more_interfaces' build argument 'cmake_clean_first' from command line to 'False'
[0.311s] Level 5:colcon.colcon_core.verb:set package 'more_interfaces' build argument 'cmake_force_configure' from command line to 'False'
[0.311s] Level 5:colcon.colcon_core.verb:set package 'more_interfaces' build argument 'ament_cmake_args' from command line to 'None'
[0.311s] Level 5:colcon.colcon_core.verb:set package 'more_interfaces' build argument 'catkin_cmake_args' from command line to 'None'
[0.311s] Level 5:colcon.colcon_core.verb:set package 'more_interfaces' build argument 'catkin_skip_building_tests' from command line to 'False'
[0.311s] DEBUG:colcon.colcon_core.verb:Building package 'more_interfaces' with the following arguments: {'ament_cmake_args': None, 'build_base': '/home/mahus/Autonomous-Cleaning-Robot/robot_ws/build/more_interfaces', 'catkin_cmake_args': None, 'catkin_skip_building_tests': False, 'cmake_args': None, 'cmake_clean_cache': False, 'cmake_clean_first': False, 'cmake_force_configure': False, 'cmake_target': None, 'cmake_target_skip_unavailable': False, 'install_base': '/home/mahus/Autonomous-Cleaning-Robot/robot_ws/install/more_interfaces', 'merge_install': False, 'path': '/home/mahus/Autonomous-Cleaning-Robot/robot_ws/more_interfaces', 'symlink_install': True, 'test_result_base': None}
[0.312s] Level 5:colcon.colcon_core.verb:set package 'roomba_controller' build argument 'cmake_args' from command line to 'None'
[0.312s] Level 5:colcon.colcon_core.verb:set package 'roomba_controller' build argument 'cmake_target' from command line to 'None'
[0.312s] Level 5:colcon.colcon_core.verb:set package 'roomba_controller' build argument 'cmake_target_skip_unavailable' from command line to 'False'
[0.312s] Level 5:colcon.colcon_core.verb:set package 'roomba_controller' build argument 'cmake_clean_cache' from command line to 'False'
[0.312s] Level 5:colcon.colcon_core.verb:set package 'roomba_controller' build argument 'cmake_clean_first' from command line to 'False'
[0.313s] Level 5:colcon.colcon_core.verb:set package 'roomba_controller' build argument 'cmake_force_configure' from command line to 'False'
[0.313s] Level 5:colcon.colcon_core.verb:set package 'roomba_controller' build argument 'ament_cmake_args' from command line to 'None'
[0.314s] Level 5:colcon.colcon_core.verb:set package 'roomba_controller' build argument 'catkin_cmake_args' from command line to 'None'
[0.314s] Level 5:colcon.colcon_core.verb:set package 'roomba_controller' build argument 'catkin_skip_building_tests' from command line to 'False'
[0.314s] DEBUG:colcon.colcon_core.verb:Building package 'roomba_controller' with the following arguments: {'ament_cmake_args': None, 'build_base': '/home/mahus/Autonomous-Cleaning-Robot/robot_ws/build/roomba_controller', 'catkin_cmake_args': None, 'catkin_skip_building_tests': False, 'cmake_args': None, 'cmake_clean_cache': False, 'cmake_clean_first': False, 'cmake_force_configure': False, 'cmake_target': None, 'cmake_target_skip_unavailable': False, 'install_base': '/home/mahus/Autonomous-Cleaning-Robot/robot_ws/install/roomba_controller', 'merge_install': False, 'path': '/home/mahus/Autonomous-Cleaning-Robot/robot_ws/roomba_controller', 'symlink_install': True, 'test_result_base': None}
[0.315s] INFO:colcon.colcon_core.executor:Executing jobs using 'parallel' executor
[0.317s] DEBUG:colcon.colcon_parallel_executor.executor.parallel:run_until_complete
[0.317s] INFO:colcon.colcon_ros.task.ament_cmake.build:Building ROS package in '/home/mahus/Autonomous-Cleaning-Robot/robot_ws/more_interfaces' with build type 'ament_cmake'
[0.317s] INFO:colcon.colcon_cmake.task.cmake.build:Building CMake package in '/home/mahus/Autonomous-Cleaning-Robot/robot_ws/more_interfaces'
[0.320s] INFO:colcon.colcon_core.plugin_system:Skipping extension 'colcon_core.shell.bat': Not used on non-Windows systems
[0.320s] INFO:colcon.colcon_core.shell:Skip shell extension 'powershell' for command environment: Not usable outside of PowerShell
[0.321s] DEBUG:colcon.colcon_core.shell:Skip shell extension 'dsv' for command environment
[0.329s] DEBUG:colcon.colcon_core.event_handler.log_command:Invoking command in '/home/mahus/Autonomous-Cleaning-Robot/robot_ws/build/more_interfaces': CMAKE_PREFIX_PATH=/opt/ros/humble /usr/bin/cmake /home/mahus/Autonomous-Cleaning-Robot/robot_ws/more_interfaces -DAMENT_CMAKE_SYMLINK_INSTALL=1 -DCMAKE_INSTALL_PREFIX=/home/mahus/Autonomous-Cleaning-Robot/robot_ws/install/more_interfaces
[1.641s] DEBUG:colcon.colcon_core.event_handler.log_command:Invoked command in '/home/mahus/Autonomous-Cleaning-Robot/robot_ws/build/more_interfaces' returned '0': CMAKE_PREFIX_PATH=/opt/ros/humble /usr/bin/cmake /home/mahus/Autonomous-Cleaning-Robot/robot_ws/more_interfaces -DAMENT_CMAKE_SYMLINK_INSTALL=1 -DCMAKE_INSTALL_PREFIX=/home/mahus/Autonomous-Cleaning-Robot/robot_ws/install/more_interfaces
[1.643s] DEBUG:colcon.colcon_core.event_handler.log_command:Invoking command in '/home/mahus/Autonomous-Cleaning-Robot/robot_ws/build/more_interfaces': CMAKE_PREFIX_PATH=/opt/ros/humble /usr/bin/cmake --build /home/mahus/Autonomous-Cleaning-Robot/robot_ws/build/more_interfaces -- -j2 -l2
[7.576s] DEBUG:colcon.colcon_core.event_handler.log_command:Invoked command in '/home/mahus/Autonomous-Cleaning-Robot/robot_ws/build/more_interfaces' returned '0': CMAKE_PREFIX_PATH=/opt/ros/humble /usr/bin/cmake --build /home/mahus/Autonomous-Cleaning-Robot/robot_ws/build/more_interfaces -- -j2 -l2
[7.738s] DEBUG:colcon.colcon_core.event_handler.log_command:Invoking command in '/home/mahus/Autonomous-Cleaning-Robot/robot_ws/build/more_interfaces': CMAKE_PREFIX_PATH=/opt/ros/humble /usr/bin/cmake --install /home/mahus/Autonomous-Cleaning-Robot/robot_ws/build/more_interfaces
[8.627s] Level 1:colcon.colcon_core.environment:create_environment_scripts_only(more_interfaces)
[8.627s] DEBUG:colcon.colcon_core.event_handler.log_command:Invoked command in '/home/mahus/Autonomous-Cleaning-Robot/robot_ws/build/more_interfaces' returned '0': CMAKE_PREFIX_PATH=/opt/ros/humble /usr/bin/cmake --install /home/mahus/Autonomous-Cleaning-Robot/robot_ws/build/more_interfaces
[8.631s] Level 1:colcon.colcon_core.environment:checking '/home/mahus/Autonomous-Cleaning-Robot/robot_ws/install/more_interfaces' for CMake module files
[8.633s] Level 1:colcon.colcon_core.environment:checking '/home/mahus/Autonomous-Cleaning-Robot/robot_ws/install/more_interfaces' for CMake config files
[8.633s] Level 1:colcon.colcon_core.shell:create_environment_hook('more_interfaces', 'cmake_prefix_path')
[8.634s] INFO:colcon.colcon_core.shell:Creating environment hook '/home/mahus/Autonomous-Cleaning-Robot/robot_ws/install/more_interfaces/share/more_interfaces/hook/cmake_prefix_path.ps1'
[8.635s] INFO:colcon.colcon_core.shell:Creating environment descriptor '/home/mahus/Autonomous-Cleaning-Robot/robot_ws/install/more_interfaces/share/more_interfaces/hook/cmake_prefix_path.dsv'
[8.635s] INFO:colcon.colcon_core.shell:Creating environment hook '/home/mahus/Autonomous-Cleaning-Robot/robot_ws/install/more_interfaces/share/more_interfaces/hook/cmake_prefix_path.sh'
[8.636s] Level 1:colcon.colcon_core.environment:checking '/home/mahus/Autonomous-Cleaning-Robot/robot_ws/install/more_interfaces/lib'
[8.636s] Level 1:colcon.colcon_core.shell:create_environment_hook('more_interfaces', 'ld_library_path_lib')
[8.637s] INFO:colcon.colcon_core.shell:Creating environment hook '/home/mahus/Autonomous-Cleaning-Robot/robot_ws/install/more_interfaces/share/more_interfaces/hook/ld_library_path_lib.ps1'
[8.638s] INFO:colcon.colcon_core.shell:Creating environment descriptor '/home/mahus/Autonomous-Cleaning-Robot/robot_ws/install/more_interfaces/share/more_interfaces/hook/ld_library_path_lib.dsv'
[8.638s] INFO:colcon.colcon_core.shell:Creating environment hook '/home/mahus/Autonomous-Cleaning-Robot/robot_ws/install/more_interfaces/share/more_interfaces/hook/ld_library_path_lib.sh'
[8.638s] Level 1:colcon.colcon_core.environment:checking '/home/mahus/Autonomous-Cleaning-Robot/robot_ws/install/more_interfaces/bin'
[8.638s] Level 1:colcon.colcon_core.environment:checking '/home/mahus/Autonomous-Cleaning-Robot/robot_ws/install/more_interfaces/lib/pkgconfig/more_interfaces.pc'
[8.638s] Level 1:colcon.colcon_core.environment:checking '/home/mahus/Autonomous-Cleaning-Robot/robot_ws/install/more_interfaces/lib/python3.10/site-packages'
[8.638s] Level 1:colcon.colcon_core.environment:checking '/home/mahus/Autonomous-Cleaning-Robot/robot_ws/install/more_interfaces/bin'
[8.640s] INFO:colcon.colcon_core.shell:Creating package script '/home/mahus/Autonomous-Cleaning-Robot/robot_ws/install/more_interfaces/share/more_interfaces/package.ps1'
[8.641s] INFO:colcon.colcon_core.shell:Creating package descriptor '/home/mahus/Autonomous-Cleaning-Robot/robot_ws/install/more_interfaces/share/more_interfaces/package.dsv'
[8.641s] INFO:colcon.colcon_core.shell:Creating package script '/home/mahus/Autonomous-Cleaning-Robot/robot_ws/install/more_interfaces/share/more_interfaces/package.sh'
[8.642s] INFO:colcon.colcon_core.shell:Creating package script '/home/mahus/Autonomous-Cleaning-Robot/robot_ws/install/more_interfaces/share/more_interfaces/package.bash'
[8.642s] INFO:colcon.colcon_core.shell:Creating package script '/home/mahus/Autonomous-Cleaning-Robot/robot_ws/install/more_interfaces/share/more_interfaces/package.zsh'
[8.643s] Level 1:colcon.colcon_core.environment:create_file_with_runtime_dependencies(/home/mahus/Autonomous-Cleaning-Robot/robot_ws/install/more_interfaces/share/colcon-core/packages/more_interfaces)
[8.825s] Level 1:colcon.colcon_core.environment:create_environment_scripts_only(more_interfaces)
[8.826s] Level 1:colcon.colcon_core.environment:checking '/home/mahus/Autonomous-Cleaning-Robot/robot_ws/install/more_interfaces' for CMake module files
[8.827s] Level 1:colcon.colcon_core.environment:checking '/home/mahus/Autonomous-Cleaning-Robot/robot_ws/install/more_interfaces' for CMake config files
[8.827s] Level 1:colcon.colcon_core.shell:create_environment_hook('more_interfaces', 'cmake_prefix_path')
[8.828s] INFO:colcon.colcon_core.shell:Creating environment hook '/home/mahus/Autonomous-Cleaning-Robot/robot_ws/install/more_interfaces/share/more_interfaces/hook/cmake_prefix_path.ps1'
[8.828s] INFO:colcon.colcon_core.shell:Creating environment descriptor '/home/mahus/Autonomous-Cleaning-Robot/robot_ws/install/more_interfaces/share/more_interfaces/hook/cmake_prefix_path.dsv'
[8.828s] INFO:colcon.colcon_core.shell:Creating environment hook '/home/mahus/Autonomous-Cleaning-Robot/robot_ws/install/more_interfaces/share/more_interfaces/hook/cmake_prefix_path.sh'
[8.829s] Level 1:colcon.colcon_core.environment:checking '/home/mahus/Autonomous-Cleaning-Robot/robot_ws/install/more_interfaces/lib'
[8.829s] Level 1:colcon.colcon_core.shell:create_environment_hook('more_interfaces', 'ld_library_path_lib')
[8.830s] INFO:colcon.colcon_core.shell:Creating environment hook '/home/mahus/Autonomous-Cleaning-Robot/robot_ws/install/more_interfaces/share/more_interfaces/hook/ld_library_path_lib.ps1'
[8.830s] INFO:colcon.colcon_core.shell:Creating environment descriptor '/home/mahus/Autonomous-Cleaning-Robot/robot_ws/install/more_interfaces/share/more_interfaces/hook/ld_library_path_lib.dsv'
[8.830s] INFO:colcon.colcon_core.shell:Creating environment hook '/home/mahus/Autonomous-Cleaning-Robot/robot_ws/install/more_interfaces/share/more_interfaces/hook/ld_library_path_lib.sh'
[8.831s] Level 1:colcon.colcon_core.environment:checking '/home/mahus/Autonomous-Cleaning-Robot/robot_ws/install/more_interfaces/bin'
[8.831s] Level 1:colcon.colcon_core.environment:checking '/home/mahus/Autonomous-Cleaning-Robot/robot_ws/install/more_interfaces/lib/pkgconfig/more_interfaces.pc'
[8.831s] Level 1:colcon.colcon_core.environment:checking '/home/mahus/Autonomous-Cleaning-Robot/robot_ws/install/more_interfaces/lib/python3.10/site-packages'
[8.831s] Level 1:colcon.colcon_core.environment:checking '/home/mahus/Autonomous-Cleaning-Robot/robot_ws/install/more_interfaces/bin'
[8.832s] INFO:colcon.colcon_core.shell:Creating package script '/home/mahus/Autonomous-Cleaning-Robot/robot_ws/install/more_interfaces/share/more_interfaces/package.ps1'
[8.833s] INFO:colcon.colcon_core.shell:Creating package descriptor '/home/mahus/Autonomous-Cleaning-Robot/robot_ws/install/more_interfaces/share/more_interfaces/package.dsv'
[8.834s] INFO:colcon.colcon_core.shell:Creating package script '/home/mahus/Autonomous-Cleaning-Robot/robot_ws/install/more_interfaces/share/more_interfaces/package.sh'
[8.834s] INFO:colcon.colcon_core.shell:Creating package script '/home/mahus/Autonomous-Cleaning-Robot/robot_ws/install/more_interfaces/share/more_interfaces/package.bash'
[8.835s] INFO:colcon.colcon_core.shell:Creating package script '/home/mahus/Autonomous-Cleaning-Robot/robot_ws/install/more_interfaces/share/more_interfaces/package.zsh'
[8.835s] Level 1:colcon.colcon_core.environment:create_file_with_runtime_dependencies(/home/mahus/Autonomous-Cleaning-Robot/robot_ws/install/more_interfaces/share/colcon-core/packages/more_interfaces)
[8.836s] INFO:colcon.colcon_ros.task.ament_python.build:Building ROS package in '/home/mahus/Autonomous-Cleaning-Robot/robot_ws/roomba_controller' with build type 'ament_python'
[8.836s] Level 1:colcon.colcon_core.shell:create_environment_hook('roomba_controller', 'ament_prefix_path')
[8.837s] INFO:colcon.colcon_core.shell:Creating environment hook '/home/mahus/Autonomous-Cleaning-Robot/robot_ws/install/roomba_controller/share/roomba_controller/hook/ament_prefix_path.ps1'
[8.839s] INFO:colcon.colcon_core.shell:Creating environment descriptor '/home/mahus/Autonomous-Cleaning-Robot/robot_ws/install/roomba_controller/share/roomba_controller/hook/ament_prefix_path.dsv'
[8.839s] INFO:colcon.colcon_core.shell:Creating environment hook '/home/mahus/Autonomous-Cleaning-Robot/robot_ws/install/roomba_controller/share/roomba_controller/hook/ament_prefix_path.sh'
[8.841s] INFO:colcon.colcon_core.shell:Skip shell extension 'powershell' for command environment: Not usable outside of PowerShell
[8.841s] DEBUG:colcon.colcon_core.shell:Skip shell extension 'dsv' for command environment
[9.040s] INFO:colcon.colcon_core.task.python.build:Building Python package in '/home/mahus/Autonomous-Cleaning-Robot/robot_ws/roomba_controller'
[9.041s] INFO:colcon.colcon_core.shell:Skip shell extension 'powershell' for command environment: Not usable outside of PowerShell
[9.041s] DEBUG:colcon.colcon_core.shell:Skip shell extension 'dsv' for command environment
[9.295s] DEBUG:colcon.colcon_core.event_handler.log_command:Invoking command in '/home/mahus/Autonomous-Cleaning-Robot/robot_ws/build/roomba_controller': AMENT_PREFIX_PATH=/home/mahus/Autonomous-Cleaning-Robot/robot_ws/install/more_interfaces:${AMENT_PREFIX_PATH} CMAKE_PREFIX_PATH=/home/mahus/Autonomous-Cleaning-Robot/robot_ws/install/more_interfaces LD_LIBRARY_PATH=/home/mahus/Autonomous-Cleaning-Robot/robot_ws/install/more_interfaces/lib:${LD_LIBRARY_PATH} PYTHONPATH=/home/mahus/Autonomous-Cleaning-Robot/robot_ws/build/roomba_controller/prefix_override:/home/mahus/Autonomous-Cleaning-Robot/robot_ws/install/roomba_controller/lib/python3.10/site-packages:/home/mahus/Autonomous-Cleaning-Robot/robot_ws/install/more_interfaces/local/lib/python3.10/dist-packages:${PYTHONPATH} /usr/bin/python3 setup.py develop --editable --build-directory /home/mahus/Autonomous-Cleaning-Robot/robot_ws/build/roomba_controller/build --no-deps install_data
[9.621s] Level 1:colcon.colcon_core.shell:create_environment_hook('roomba_controller', 'pythonpath_develop')
[9.622s] INFO:colcon.colcon_core.shell:Creating environment hook '/home/mahus/Autonomous-Cleaning-Robot/robot_ws/build/roomba_controller/share/roomba_controller/hook/pythonpath_develop.ps1'
[9.622s] INFO:colcon.colcon_core.shell:Creating environment descriptor '/home/mahus/Autonomous-Cleaning-Robot/robot_ws/build/roomba_controller/share/roomba_controller/hook/pythonpath_develop.dsv'
[9.623s] DEBUG:colcon.colcon_core.event_handler.log_command:Invoked command in '/home/mahus/Autonomous-Cleaning-Robot/robot_ws/build/roomba_controller' returned '0': AMENT_PREFIX_PATH=/home/mahus/Autonomous-Cleaning-Robot/robot_ws/install/more_interfaces:${AMENT_PREFIX_PATH} CMAKE_PREFIX_PATH=/home/mahus/Autonomous-Cleaning-Robot/robot_ws/install/more_interfaces LD_LIBRARY_PATH=/home/mahus/Autonomous-Cleaning-Robot/robot_ws/install/more_interfaces/lib:${LD_LIBRARY_PATH} PYTHONPATH=/home/mahus/Autonomous-Cleaning-Robot/robot_ws/build/roomba_controller/prefix_override:/home/mahus/Autonomous-Cleaning-Robot/robot_ws/install/roomba_controller/lib/python3.10/site-packages:/home/mahus/Autonomous-Cleaning-Robot/robot_ws/install/more_interfaces/local/lib/python3.10/dist-packages:${PYTHONPATH} /usr/bin/python3 setup.py develop --editable --build-directory /home/mahus/Autonomous-Cleaning-Robot/robot_ws/build/roomba_controller/build --no-deps install_data
[9.623s] INFO:colcon.colcon_core.shell:Creating environment hook '/home/mahus/Autonomous-Cleaning-Robot/robot_ws/build/roomba_controller/share/roomba_controller/hook/pythonpath_develop.sh'
[9.624s] Level 1:colcon.colcon_core.environment:checking '/home/mahus/Autonomous-Cleaning-Robot/robot_ws/install/roomba_controller' for CMake module files
[9.625s] Level 1:colcon.colcon_core.environment:checking '/home/mahus/Autonomous-Cleaning-Robot/robot_ws/install/roomba_controller' for CMake config files
[9.625s] Level 1:colcon.colcon_core.environment:checking '/home/mahus/Autonomous-Cleaning-Robot/robot_ws/install/roomba_controller/lib'
[9.625s] Level 1:colcon.colcon_core.environment:checking '/home/mahus/Autonomous-Cleaning-Robot/robot_ws/install/roomba_controller/bin'
[9.625s] Level 1:colcon.colcon_core.environment:checking '/home/mahus/Autonomous-Cleaning-Robot/robot_ws/install/roomba_controller/lib/pkgconfig/roomba_controller.pc'
[9.625s] Level 1:colcon.colcon_core.environment:checking '/home/mahus/Autonomous-Cleaning-Robot/robot_ws/install/roomba_controller/lib/python3.10/site-packages'
[9.625s] Level 1:colcon.colcon_core.shell:create_environment_hook('roomba_controller', 'pythonpath')
[9.626s] INFO:colcon.colcon_core.shell:Creating environment hook '/home/mahus/Autonomous-Cleaning-Robot/robot_ws/install/roomba_controller/share/roomba_controller/hook/pythonpath.ps1'
[9.627s] INFO:colcon.colcon_core.shell:Creating environment descriptor '/home/mahus/Autonomous-Cleaning-Robot/robot_ws/install/roomba_controller/share/roomba_controller/hook/pythonpath.dsv'
[9.627s] INFO:colcon.colcon_core.shell:Creating environment hook '/home/mahus/Autonomous-Cleaning-Robot/robot_ws/install/roomba_controller/share/roomba_controller/hook/pythonpath.sh'
[9.627s] Level 1:colcon.colcon_core.environment:checking '/home/mahus/Autonomous-Cleaning-Robot/robot_ws/install/roomba_controller/bin'
[9.627s] Level 1:colcon.colcon_core.environment:create_environment_scripts_only(roomba_controller)
[9.628s] INFO:colcon.colcon_core.shell:Creating package script '/home/mahus/Autonomous-Cleaning-Robot/robot_ws/install/roomba_controller/share/roomba_controller/package.ps1'
[9.629s] INFO:colcon.colcon_core.shell:Creating package descriptor '/home/mahus/Autonomous-Cleaning-Robot/robot_ws/install/roomba_controller/share/roomba_controller/package.dsv'
[9.629s] INFO:colcon.colcon_core.shell:Creating package script '/home/mahus/Autonomous-Cleaning-Robot/robot_ws/install/roomba_controller/share/roomba_controller/package.sh'
[9.629s] INFO:colcon.colcon_core.shell:Creating package script '/home/mahus/Autonomous-Cleaning-Robot/robot_ws/install/roomba_controller/share/roomba_controller/package.bash'
[9.630s] INFO:colcon.colcon_core.shell:Creating package script '/home/mahus/Autonomous-Cleaning-Robot/robot_ws/install/roomba_controller/share/roomba_controller/package.zsh'
[9.630s] Level 1:colcon.colcon_core.environment:create_file_with_runtime_dependencies(/home/mahus/Autonomous-Cleaning-Robot/robot_ws/install/roomba_controller/share/colcon-core/packages/roomba_controller)
[9.630s] DEBUG:colcon.colcon_parallel_executor.executor.parallel:closing loop
[9.630s] DEBUG:colcon.colcon_parallel_executor.executor.parallel:loop closed
[9.630s] DEBUG:colcon.colcon_parallel_executor.executor.parallel:run_until_complete finished with '0'
[9.630s] DEBUG:colcon.colcon_core.event_reactor:joining thread
[9.637s] INFO:colcon.colcon_core.plugin_system:Skipping extension 'colcon_notification.desktop_notification.terminal_notifier': Not used on non-Darwin systems
[9.638s] INFO:colcon.colcon_core.plugin_system:Skipping extension 'colcon_notification.desktop_notification.win32': Not used on non-Windows systems
[9.638s] INFO:colcon.colcon_notification.desktop_notification:Sending desktop notification using 'notify2'
[9.650s] DEBUG:colcon.colcon_core.event_reactor:joined thread
[9.652s] INFO:colcon.colcon_core.shell:Creating prefix script '/home/mahus/Autonomous-Cleaning-Robot/robot_ws/install/local_setup.ps1'
[9.653s] INFO:colcon.colcon_core.shell:Creating prefix util module '/home/mahus/Autonomous-Cleaning-Robot/robot_ws/install/_local_setup_util_ps1.py'
[9.654s] INFO:colcon.colcon_core.shell:Creating prefix chain script '/home/mahus/Autonomous-Cleaning-Robot/robot_ws/install/setup.ps1'
[9.656s] INFO:colcon.colcon_core.shell:Creating prefix script '/home/mahus/Autonomous-Cleaning-Robot/robot_ws/install/local_setup.sh'
[9.657s] INFO:colcon.colcon_core.shell:Creating prefix util module '/home/mahus/Autonomous-Cleaning-Robot/robot_ws/install/_local_setup_util_sh.py'
[9.657s] INFO:colcon.colcon_core.shell:Creating prefix chain script '/home/mahus/Autonomous-Cleaning-Robot/robot_ws/install/setup.sh'
[9.660s] INFO:colcon.colcon_core.shell:Creating prefix script '/home/mahus/Autonomous-Cleaning-Robot/robot_ws/install/local_setup.bash'
[9.660s] INFO:colcon.colcon_core.shell:Creating prefix chain script '/home/mahus/Autonomous-Cleaning-Robot/robot_ws/install/setup.bash'
[9.661s] INFO:colcon.colcon_core.shell:Creating prefix script '/home/mahus/Autonomous-Cleaning-Robot/robot_ws/install/local_setup.zsh'
[9.662s] INFO:colcon.colcon_core.shell:Creating prefix chain script '/home/mahus/Autonomous-Cleaning-Robot/robot_ws/install/setup.zsh'
