running egg_info
writing ../build/roomba_controller/roomba_controller.egg-info/PKG-INFO
writing dependency_links to ../build/roomba_controller/roomba_controller.egg-info/dependency_links.txt
writing entry points to ../build/roomba_controller/roomba_controller.egg-info/entry_points.txt
writing requirements to ../build/roomba_controller/roomba_controller.egg-info/requires.txt
writing top-level names to ../build/roomba_controller/roomba_controller.egg-info/top_level.txt
reading manifest file '../build/roomba_controller/roomba_controller.egg-info/SOURCES.txt'
writing manifest file '../build/roomba_controller/roomba_controller.egg-info/SOURCES.txt'
running build
running build_py
copying roomba_controller/controller_node.py -> /home/mahus/Winter/Autonomous-Cleaning-Robot/robot_ws/build/roomba_controller/build/lib/roomba_controller
running install
running install_lib
copying /home/mahus/Winter/Autonomous-Cleaning-Robot/robot_ws/build/roomba_controller/build/lib/roomba_controller/controller_node.py -> /home/mahus/Winter/Autonomous-Cleaning-Robot/robot_ws/install/roomba_controller/lib/python3.10/site-packages/roomba_controller
byte-compiling /home/mahus/Winter/Autonomous-Cleaning-Robot/robot_ws/install/roomba_controller/lib/python3.10/site-packages/roomba_controller/controller_node.py to controller_node.cpython-310.pyc
running install_data
running install_egg_info
removing '/home/mahus/Winter/Autonomous-Cleaning-Robot/robot_ws/install/roomba_controller/lib/python3.10/site-packages/roomba_controller-0.0.0-py3.10.egg-info' (and everything under it)
Copying ../build/roomba_controller/roomba_controller.egg-info to /home/mahus/Winter/Autonomous-Cleaning-Robot/robot_ws/install/roomba_controller/lib/python3.10/site-packages/roomba_controller-0.0.0-py3.10.egg-info
running install_scripts
Installing test_node script to /home/mahus/Winter/Autonomous-Cleaning-Robot/robot_ws/install/roomba_controller/lib/roomba_controller
writing list of installed files to '/home/mahus/Winter/Autonomous-Cleaning-Robot/robot_ws/build/roomba_controller/install.log'
