[0.503s] Invoking command in '/home/mahus/Winter/Autonomous-Cleaning-Robot/robot_ws/roomba_controller': PYTHONPATH=/home/mahus/Winter/Autonomous-Cleaning-Robot/robot_ws/build/roomba_controller/prefix_override:/home/mahus/Winter/Autonomous-Cleaning-Robot/robot_ws/install/roomba_controller/lib/python3.10/site-packages:${PYTHONPATH} /usr/bin/python3 setup.py egg_info --egg-base ../build/roomba_controller build --build-base /home/mahus/Winter/Autonomous-Cleaning-Robot/robot_ws/build/roomba_controller/build install --record /home/mahus/Winter/Autonomous-Cleaning-Robot/robot_ws/build/roomba_controller/install.log --single-version-externally-managed
[0.660s] running egg_info
[0.661s] writing ../build/roomba_controller/roomba_controller.egg-info/PKG-INFO
[0.661s] writing dependency_links to ../build/roomba_controller/roomba_controller.egg-info/dependency_links.txt
[0.661s] writing entry points to ../build/roomba_controller/roomba_controller.egg-info/entry_points.txt
[0.661s] writing requirements to ../build/roomba_controller/roomba_controller.egg-info/requires.txt
[0.661s] writing top-level names to ../build/roomba_controller/roomba_controller.egg-info/top_level.txt
[0.662s] reading manifest file '../build/roomba_controller/roomba_controller.egg-info/SOURCES.txt'
[0.663s] writing manifest file '../build/roomba_controller/roomba_controller.egg-info/SOURCES.txt'
[0.663s] running build
[0.663s] running build_py
[0.663s] copying roomba_controller/controller_node.py -> /home/mahus/Winter/Autonomous-Cleaning-Robot/robot_ws/build/roomba_controller/build/lib/roomba_controller
[0.663s] running install
[0.663s] /usr/lib/python3/dist-packages/setuptools/command/install.py:34: SetuptoolsDeprecationWarning: setup.py install is deprecated. Use build and pip and other standards-based tools.
[0.663s]   warnings.warn(
[0.663s] running install_lib
[0.664s] copying /home/mahus/Winter/Autonomous-Cleaning-Robot/robot_ws/build/roomba_controller/build/lib/roomba_controller/controller_node.py -> /home/mahus/Winter/Autonomous-Cleaning-Robot/robot_ws/install/roomba_controller/lib/python3.10/site-packages/roomba_controller
[0.664s] byte-compiling /home/mahus/Winter/Autonomous-Cleaning-Robot/robot_ws/install/roomba_controller/lib/python3.10/site-packages/roomba_controller/controller_node.py to controller_node.cpython-310.pyc
[0.665s] running install_data
[0.665s] running install_egg_info
[0.666s] removing '/home/mahus/Winter/Autonomous-Cleaning-Robot/robot_ws/install/roomba_controller/lib/python3.10/site-packages/roomba_controller-0.0.0-py3.10.egg-info' (and everything under it)
[0.666s] Copying ../build/roomba_controller/roomba_controller.egg-info to /home/mahus/Winter/Autonomous-Cleaning-Robot/robot_ws/install/roomba_controller/lib/python3.10/site-packages/roomba_controller-0.0.0-py3.10.egg-info
[0.667s] running install_scripts
[0.680s] Installing test_node script to /home/mahus/Winter/Autonomous-Cleaning-Robot/robot_ws/install/roomba_controller/lib/roomba_controller
[0.680s] writing list of installed files to '/home/mahus/Winter/Autonomous-Cleaning-Robot/robot_ws/build/roomba_controller/install.log'
[0.695s] Invoked command in '/home/mahus/Winter/Autonomous-Cleaning-Robot/robot_ws/roomba_controller' returned '0': PYTHONPATH=/home/mahus/Winter/Autonomous-Cleaning-Robot/robot_ws/build/roomba_controller/prefix_override:/home/mahus/Winter/Autonomous-Cleaning-Robot/robot_ws/install/roomba_controller/lib/python3.10/site-packages:${PYTHONPATH} /usr/bin/python3 setup.py egg_info --egg-base ../build/roomba_controller build --build-base /home/mahus/Winter/Autonomous-Cleaning-Robot/robot_ws/build/roomba_controller/build install --record /home/mahus/Winter/Autonomous-Cleaning-Robot/robot_ws/build/roomba_controller/install.log --single-version-externally-managed
