[0.056s] Invoking command in '/home/mahus/Autonomous-Cleaning-Robot/robot_ws/build/more_interfaces': CMAKE_PREFIX_PATH=${CMAKE_PREFIX_PATH}:/home/mahus/Autonomous-Cleaning-Robot/robot_ws/install/roomba_controller:/opt/ros/humble /usr/bin/cmake /home/mahus/Autonomous-Cleaning-Robot/robot_ws/more_interfaces -DCMAKE_INSTALL_PREFIX=/home/mahus/Autonomous-Cleaning-Robot/robot_ws/install/more_interfaces
[0.794s] -- The C compiler identification is GNU 11.4.0
[1.236s] -- The CXX compiler identification is GNU 11.4.0
[1.297s] -- Detecting C compiler ABI info
[1.638s] -- Detecting C compiler ABI info - done
[1.656s] -- Check for working C compiler: /usr/bin/cc - skipped
[1.659s] -- Detecting C compile features
[1.665s] -- Detecting C compile features - done
[1.680s] -- Detecting CXX compiler ABI info
[2.005s] -- Detecting CXX compiler ABI info - done
[2.028s] -- Check for working CXX compiler: /usr/bin/c++ - skipped
[2.029s] -- Detecting CXX compile features
[2.031s] -- Detecting CXX compile features - done
[2.088s] -- Found ament_cmake: 1.3.5 (/opt/ros/humble/share/ament_cmake/cmake)
[2.695s] -- Found Python3: /usr/bin/python3.10 (found version "3.10.12") found components: Interpreter 
[3.050s] -- Found rosidl_default_generators: 1.2.0 (/opt/ros/humble/share/rosidl_default_generators/cmake)
[3.073s] -- Using all available rosidl_typesupport_c: rosidl_typesupport_fastrtps_c;rosidl_typesupport_introspection_c
[3.107s] -- Found rosidl_adapter: 3.1.5 (/opt/ros/humble/share/rosidl_adapter/cmake)
[3.328s] -- Using all available rosidl_typesupport_cpp: rosidl_typesupport_fastrtps_cpp;rosidl_typesupport_introspection_cpp
[3.533s] -- Found ament_lint_auto: 0.12.7 (/opt/ros/humble/share/ament_lint_auto/cmake)
[4.416s] -- Found ament_cmake_ros: 0.10.0 (/opt/ros/humble/share/ament_cmake_ros/cmake)
[5.076s] -- Using all available rosidl_typesupport_c: rosidl_typesupport_fastrtps_c;rosidl_typesupport_introspection_c
[5.843s] -- Using all available rosidl_typesupport_cpp: rosidl_typesupport_fastrtps_cpp;rosidl_typesupport_introspection_cpp
[5.917s] -- Found PythonInterp: /usr/bin/python3 (found suitable version "3.10.12", minimum required is "3.6") 
[5.930s] -- Found python_cmake_module: 0.10.0 (/opt/ros/humble/share/python_cmake_module/cmake)
[6.021s] -- Found PythonLibs: /usr/lib/x86_64-linux-gnu/libpython3.10.so (found suitable version "3.10.12", minimum required is "3.5") 
[6.023s] -- Using PYTHON_EXECUTABLE: /usr/bin/python3
[6.023s] -- Using PYTHON_INCLUDE_DIRS: /usr/include/python3.10
[6.023s] -- Using PYTHON_LIBRARIES: /usr/lib/x86_64-linux-gnu/libpython3.10.so
[6.097s] -- Found PythonExtra: .so  
[6.265s] -- Added test 'lint_cmake' to check CMake code style
[6.273s] -- Added test 'xmllint' to check XML markup files
[6.307s] -- Configuring done
[6.413s] -- Generating done
[6.423s] -- Build files have been written to: /home/mahus/Autonomous-Cleaning-Robot/robot_ws/build/more_interfaces
[6.442s] Invoked command in '/home/mahus/Autonomous-Cleaning-Robot/robot_ws/build/more_interfaces' returned '0': CMAKE_PREFIX_PATH=${CMAKE_PREFIX_PATH}:/home/mahus/Autonomous-Cleaning-Robot/robot_ws/install/roomba_controller:/opt/ros/humble /usr/bin/cmake /home/mahus/Autonomous-Cleaning-Robot/robot_ws/more_interfaces -DCMAKE_INSTALL_PREFIX=/home/mahus/Autonomous-Cleaning-Robot/robot_ws/install/more_interfaces
[6.443s] Invoking command in '/home/mahus/Autonomous-Cleaning-Robot/robot_ws/build/more_interfaces': CMAKE_PREFIX_PATH=${CMAKE_PREFIX_PATH}:/home/mahus/Autonomous-Cleaning-Robot/robot_ws/install/roomba_controller:/opt/ros/humble /usr/bin/cmake --build /home/mahus/Autonomous-Cleaning-Robot/robot_ws/build/more_interfaces -- -j2 -l2
[6.600s] [  2%] [34m[1mGenerating C code for ROS interfaces[0m
[6.695s] [  5%] [34m[1mGenerating C++ code for ROS interfaces[0m
[8.431s] [  5%] Built target more_interfaces__cpp
[8.631s] [  5%] Built target ament_cmake_python_copy_more_interfaces
[8.657s] [  7%] [32mBuilding C object CMakeFiles/more_interfaces__rosidl_generator_c.dir/rosidl_generator_c/more_interfaces/msg/detail/controls__functions.c.o[0m
[8.739s] [ 10%] [34m[1mGenerating C++ type support dispatch for ROS interfaces[0m
[9.109s] [ 12%] [32mBuilding C object CMakeFiles/more_interfaces__rosidl_generator_c.dir/rosidl_generator_c/more_interfaces/msg/detail/readings__functions.c.o[0m
[9.524s] [ 15%] [32m[1mLinking C shared library libmore_interfaces__rosidl_generator_c.so[0m
[9.785s] [ 15%] Built target more_interfaces__rosidl_generator_c
[9.898s] [ 17%] [34m[1mGenerating C++ type support for eProsima Fast-RTPS[0m
[10.556s] [ 20%] [32mBuilding CXX object CMakeFiles/more_interfaces__rosidl_typesupport_cpp.dir/rosidl_typesupport_cpp/more_interfaces/msg/controls__type_support.cpp.o[0m
[11.863s] [ 23%] [32mBuilding CXX object CMakeFiles/more_interfaces__rosidl_typesupport_fastrtps_cpp.dir/rosidl_typesupport_fastrtps_cpp/more_interfaces/msg/detail/dds_fastrtps/controls__type_support.cpp.o[0m
[13.090s] [ 25%] [32mBuilding CXX object CMakeFiles/more_interfaces__rosidl_typesupport_cpp.dir/rosidl_typesupport_cpp/more_interfaces/msg/readings__type_support.cpp.o[0m
[15.278s] [ 28%] [32mBuilding CXX object CMakeFiles/more_interfaces__rosidl_typesupport_fastrtps_cpp.dir/rosidl_typesupport_fastrtps_cpp/more_interfaces/msg/detail/dds_fastrtps/readings__type_support.cpp.o[0m
[15.347s] [ 30%] [32m[1mLinking CXX shared library libmore_interfaces__rosidl_typesupport_cpp.so[0m
[15.615s] [ 30%] Built target more_interfaces__rosidl_typesupport_cpp
[15.755s] [ 33%] [34m[1mGenerating C++ introspection for ROS interfaces[0m
[17.780s] [ 35%] [32mBuilding CXX object CMakeFiles/more_interfaces__rosidl_typesupport_introspection_cpp.dir/rosidl_typesupport_introspection_cpp/more_interfaces/msg/detail/controls__type_support.cpp.o[0m
[18.035s] [ 38%] [32m[1mLinking CXX shared library libmore_interfaces__rosidl_typesupport_fastrtps_cpp.so[0m
[18.603s] [ 38%] Built target more_interfaces__rosidl_typesupport_fastrtps_cpp
[20.314s] [ 41%] [32mBuilding CXX object CMakeFiles/more_interfaces__rosidl_typesupport_introspection_cpp.dir/rosidl_typesupport_introspection_cpp/more_interfaces/msg/detail/readings__type_support.cpp.o[0m
[20.467s] running egg_info
[20.487s] creating more_interfaces.egg-info
[20.491s] writing more_interfaces.egg-info/PKG-INFO
[20.510s] writing dependency_links to more_interfaces.egg-info/dependency_links.txt
[20.511s] writing top-level names to more_interfaces.egg-info/top_level.txt
[20.511s] writing manifest file 'more_interfaces.egg-info/SOURCES.txt'
[20.552s] reading manifest file 'more_interfaces.egg-info/SOURCES.txt'
[20.553s] writing manifest file 'more_interfaces.egg-info/SOURCES.txt'
[20.717s] [ 41%] Built target ament_cmake_python_build_more_interfaces_egg
[20.832s] [ 43%] [34m[1mGenerating C type support for eProsima Fast-RTPS[0m
[23.146s] [ 46%] [32mBuilding CXX object CMakeFiles/more_interfaces__rosidl_typesupport_fastrtps_c.dir/rosidl_typesupport_fastrtps_c/more_interfaces/msg/detail/controls__type_support_c.cpp.o[0m
[23.180s] [ 48%] [32m[1mLinking CXX shared library libmore_interfaces__rosidl_typesupport_introspection_cpp.so[0m
[23.530s] [ 48%] Built target more_interfaces__rosidl_typesupport_introspection_cpp
[23.630s] [ 51%] [34m[1mGenerating C introspection for ROS interfaces[0m
[25.431s] [ 53%] [32mBuilding CXX object CMakeFiles/more_interfaces__rosidl_typesupport_fastrtps_c.dir/rosidl_typesupport_fastrtps_c/more_interfaces/msg/detail/readings__type_support_c.cpp.o[0m
[25.685s] [ 56%] [32mBuilding C object CMakeFiles/more_interfaces__rosidl_typesupport_introspection_c.dir/rosidl_typesupport_introspection_c/more_interfaces/msg/detail/controls__type_support.c.o[0m
[25.965s] [ 58%] [32mBuilding C object CMakeFiles/more_interfaces__rosidl_typesupport_introspection_c.dir/rosidl_typesupport_introspection_c/more_interfaces/msg/detail/readings__type_support.c.o[0m
[26.162s] [ 61%] [32m[1mLinking C shared library libmore_interfaces__rosidl_typesupport_introspection_c.so[0m
[26.440s] [ 61%] Built target more_interfaces__rosidl_typesupport_introspection_c
[26.540s] [ 64%] [34m[1mGenerating C type support dispatch for ROS interfaces[0m
[27.598s] [ 66%] [32m[1mLinking CXX shared library libmore_interfaces__rosidl_typesupport_fastrtps_c.so[0m
[28.140s] [ 69%] [32mBuilding CXX object CMakeFiles/more_interfaces__rosidl_typesupport_c.dir/rosidl_typesupport_c/more_interfaces/msg/controls__type_support.cpp.o[0m
[28.192s] [ 69%] Built target more_interfaces__rosidl_typesupport_fastrtps_c
[28.267s] [ 71%] [32mBuilding CXX object CMakeFiles/more_interfaces__rosidl_typesupport_c.dir/rosidl_typesupport_c/more_interfaces/msg/readings__type_support.cpp.o[0m
[28.421s] [ 74%] [32m[1mLinking CXX shared library libmore_interfaces__rosidl_typesupport_c.so[0m
[28.589s] [ 74%] Built target more_interfaces__rosidl_typesupport_c
[28.691s] [ 74%] Built target more_interfaces
[28.785s] [ 76%] [34m[1mGenerating Python code for ROS interfaces[0m
[30.285s] [ 76%] Built target more_interfaces__py
[30.424s] [ 79%] [32mBuilding C object CMakeFiles/more_interfaces__rosidl_generator_py.dir/rosidl_generator_py/more_interfaces/msg/_controls_s.c.o[0m
[30.429s] [ 82%] [32mBuilding C object CMakeFiles/more_interfaces__rosidl_generator_py.dir/rosidl_generator_py/more_interfaces/msg/_readings_s.c.o[0m
[31.205s] [ 84%] [32m[1mLinking C shared library rosidl_generator_py/more_interfaces/libmore_interfaces__rosidl_generator_py.so[0m
[31.380s] [ 84%] Built target more_interfaces__rosidl_generator_py
[31.555s] [ 87%] [32mBuilding C object CMakeFiles/more_interfaces__rosidl_typesupport_fastrtps_c__pyext.dir/rosidl_generator_py/more_interfaces/_more_interfaces_s.ep.rosidl_typesupport_fastrtps_c.c.o[0m
[31.607s] [ 89%] [32mBuilding C object CMakeFiles/more_interfaces__rosidl_typesupport_introspection_c__pyext.dir/rosidl_generator_py/more_interfaces/_more_interfaces_s.ep.rosidl_typesupport_introspection_c.c.o[0m
[32.040s] [ 92%] [32m[1mLinking C shared library rosidl_generator_py/more_interfaces/more_interfaces_s__rosidl_typesupport_fastrtps_c.cpython-310-x86_64-linux-gnu.so[0m
[32.260s] [ 92%] Built target more_interfaces__rosidl_typesupport_fastrtps_c__pyext
[32.337s] [ 94%] [32m[1mLinking C shared library rosidl_generator_py/more_interfaces/more_interfaces_s__rosidl_typesupport_introspection_c.cpython-310-x86_64-linux-gnu.so[0m
[32.511s] [ 94%] Built target more_interfaces__rosidl_typesupport_introspection_c__pyext
[32.533s] [ 97%] [32mBuilding C object CMakeFiles/more_interfaces__rosidl_typesupport_c__pyext.dir/rosidl_generator_py/more_interfaces/_more_interfaces_s.ep.rosidl_typesupport_c.c.o[0m
[32.873s] [100%] [32m[1mLinking C shared library rosidl_generator_py/more_interfaces/more_interfaces_s__rosidl_typesupport_c.cpython-310-x86_64-linux-gnu.so[0m
[33.014s] [100%] Built target more_interfaces__rosidl_typesupport_c__pyext
[33.088s] Invoked command in '/home/mahus/Autonomous-Cleaning-Robot/robot_ws/build/more_interfaces' returned '0': CMAKE_PREFIX_PATH=${CMAKE_PREFIX_PATH}:/home/mahus/Autonomous-Cleaning-Robot/robot_ws/install/roomba_controller:/opt/ros/humble /usr/bin/cmake --build /home/mahus/Autonomous-Cleaning-Robot/robot_ws/build/more_interfaces -- -j2 -l2
[33.758s] Invoking command in '/home/mahus/Autonomous-Cleaning-Robot/robot_ws/build/more_interfaces': CMAKE_PREFIX_PATH=${CMAKE_PREFIX_PATH}:/home/mahus/Autonomous-Cleaning-Robot/robot_ws/install/roomba_controller:/opt/ros/humble /usr/bin/cmake --install /home/mahus/Autonomous-Cleaning-Robot/robot_ws/build/more_interfaces
[33.852s] -- Install configuration: ""
[33.857s] -- Installing: /home/mahus/Autonomous-Cleaning-Robot/robot_ws/install/more_interfaces/share/ament_index/resource_index/rosidl_interfaces/more_interfaces
[33.860s] -- Installing: /home/mahus/Autonomous-Cleaning-Robot/robot_ws/install/more_interfaces/include/more_interfaces/more_interfaces
[33.863s] -- Installing: /home/mahus/Autonomous-Cleaning-Robot/robot_ws/install/more_interfaces/include/more_interfaces/more_interfaces/msg
[33.865s] -- Installing: /home/mahus/Autonomous-Cleaning-Robot/robot_ws/install/more_interfaces/include/more_interfaces/more_interfaces/msg/detail
[33.866s] -- Installing: /home/mahus/Autonomous-Cleaning-Robot/robot_ws/install/more_interfaces/include/more_interfaces/more_interfaces/msg/detail/controls__functions.c
[33.869s] -- Installing: /home/mahus/Autonomous-Cleaning-Robot/robot_ws/install/more_interfaces/include/more_interfaces/more_interfaces/msg/detail/readings__functions.c
[33.872s] -- Installing: /home/mahus/Autonomous-Cleaning-Robot/robot_ws/install/more_interfaces/include/more_interfaces/more_interfaces/msg/detail/readings__struct.h
[33.873s] -- Installing: /home/mahus/Autonomous-Cleaning-Robot/robot_ws/install/more_interfaces/include/more_interfaces/more_interfaces/msg/detail/readings__type_support.h
[33.874s] -- Installing: /home/mahus/Autonomous-Cleaning-Robot/robot_ws/install/more_interfaces/include/more_interfaces/more_interfaces/msg/detail/readings__functions.h
[33.875s] -- Installing: /home/mahus/Autonomous-Cleaning-Robot/robot_ws/install/more_interfaces/include/more_interfaces/more_interfaces/msg/detail/controls__type_support.h
[33.876s] -- Installing: /home/mahus/Autonomous-Cleaning-Robot/robot_ws/install/more_interfaces/include/more_interfaces/more_interfaces/msg/detail/controls__functions.h
[33.877s] -- Installing: /home/mahus/Autonomous-Cleaning-Robot/robot_ws/install/more_interfaces/include/more_interfaces/more_interfaces/msg/detail/controls__struct.h
[33.879s] -- Installing: /home/mahus/Autonomous-Cleaning-Robot/robot_ws/install/more_interfaces/include/more_interfaces/more_interfaces/msg/rosidl_generator_c__visibility_control.h
[33.879s] -- Installing: /home/mahus/Autonomous-Cleaning-Robot/robot_ws/install/more_interfaces/include/more_interfaces/more_interfaces/msg/controls.h
[33.881s] -- Installing: /home/mahus/Autonomous-Cleaning-Robot/robot_ws/install/more_interfaces/include/more_interfaces/more_interfaces/msg/readings.h
[33.883s] -- Installing: /home/mahus/Autonomous-Cleaning-Robot/robot_ws/install/more_interfaces/share/more_interfaces/environment/library_path.sh
[33.885s] -- Installing: /home/mahus/Autonomous-Cleaning-Robot/robot_ws/install/more_interfaces/share/more_interfaces/environment/library_path.dsv
[33.887s] -- Installing: /home/mahus/Autonomous-Cleaning-Robot/robot_ws/install/more_interfaces/lib/libmore_interfaces__rosidl_generator_c.so
[33.888s] -- Set runtime path of "/home/mahus/Autonomous-Cleaning-Robot/robot_ws/install/more_interfaces/lib/libmore_interfaces__rosidl_generator_c.so" to ""
[33.889s] -- Up-to-date: /home/mahus/Autonomous-Cleaning-Robot/robot_ws/install/more_interfaces/include/more_interfaces/more_interfaces
[33.889s] -- Up-to-date: /home/mahus/Autonomous-Cleaning-Robot/robot_ws/install/more_interfaces/include/more_interfaces/more_interfaces/msg
[33.890s] -- Up-to-date: /home/mahus/Autonomous-Cleaning-Robot/robot_ws/install/more_interfaces/include/more_interfaces/more_interfaces/msg/detail
[33.890s] -- Installing: /home/mahus/Autonomous-Cleaning-Robot/robot_ws/install/more_interfaces/include/more_interfaces/more_interfaces/msg/detail/readings__rosidl_typesupport_fastrtps_c.h
[33.891s] -- Installing: /home/mahus/Autonomous-Cleaning-Robot/robot_ws/install/more_interfaces/include/more_interfaces/more_interfaces/msg/detail/controls__rosidl_typesupport_fastrtps_c.h
[33.892s] -- Installing: /home/mahus/Autonomous-Cleaning-Robot/robot_ws/install/more_interfaces/include/more_interfaces/more_interfaces/msg/rosidl_typesupport_fastrtps_c__visibility_control.h
[33.892s] -- Installing: /home/mahus/Autonomous-Cleaning-Robot/robot_ws/install/more_interfaces/lib/libmore_interfaces__rosidl_typesupport_fastrtps_c.so
[33.894s] -- Set runtime path of "/home/mahus/Autonomous-Cleaning-Robot/robot_ws/install/more_interfaces/lib/libmore_interfaces__rosidl_typesupport_fastrtps_c.so" to ""
[33.895s] -- Up-to-date: /home/mahus/Autonomous-Cleaning-Robot/robot_ws/install/more_interfaces/include/more_interfaces/more_interfaces
[33.895s] -- Up-to-date: /home/mahus/Autonomous-Cleaning-Robot/robot_ws/install/more_interfaces/include/more_interfaces/more_interfaces/msg
[33.896s] -- Up-to-date: /home/mahus/Autonomous-Cleaning-Robot/robot_ws/install/more_interfaces/include/more_interfaces/more_interfaces/msg/detail
[33.896s] -- Installing: /home/mahus/Autonomous-Cleaning-Robot/robot_ws/install/more_interfaces/include/more_interfaces/more_interfaces/msg/detail/controls__type_support.c
[33.897s] -- Installing: /home/mahus/Autonomous-Cleaning-Robot/robot_ws/install/more_interfaces/include/more_interfaces/more_interfaces/msg/detail/readings__rosidl_typesupport_introspection_c.h
[33.898s] -- Installing: /home/mahus/Autonomous-Cleaning-Robot/robot_ws/install/more_interfaces/include/more_interfaces/more_interfaces/msg/detail/readings__type_support.c
[33.898s] -- Installing: /home/mahus/Autonomous-Cleaning-Robot/robot_ws/install/more_interfaces/include/more_interfaces/more_interfaces/msg/detail/controls__rosidl_typesupport_introspection_c.h
[33.899s] -- Installing: /home/mahus/Autonomous-Cleaning-Robot/robot_ws/install/more_interfaces/include/more_interfaces/more_interfaces/msg/rosidl_typesupport_introspection_c__visibility_control.h
[33.900s] -- Installing: /home/mahus/Autonomous-Cleaning-Robot/robot_ws/install/more_interfaces/lib/libmore_interfaces__rosidl_typesupport_introspection_c.so
[33.902s] -- Set runtime path of "/home/mahus/Autonomous-Cleaning-Robot/robot_ws/install/more_interfaces/lib/libmore_interfaces__rosidl_typesupport_introspection_c.so" to ""
[33.903s] -- Installing: /home/mahus/Autonomous-Cleaning-Robot/robot_ws/install/more_interfaces/lib/libmore_interfaces__rosidl_typesupport_c.so
[33.904s] -- Set runtime path of "/home/mahus/Autonomous-Cleaning-Robot/robot_ws/install/more_interfaces/lib/libmore_interfaces__rosidl_typesupport_c.so" to ""
[33.905s] -- Up-to-date: /home/mahus/Autonomous-Cleaning-Robot/robot_ws/install/more_interfaces/include/more_interfaces/more_interfaces
[33.905s] -- Up-to-date: /home/mahus/Autonomous-Cleaning-Robot/robot_ws/install/more_interfaces/include/more_interfaces/more_interfaces/msg
[33.905s] -- Installing: /home/mahus/Autonomous-Cleaning-Robot/robot_ws/install/more_interfaces/include/more_interfaces/more_interfaces/msg/readings.hpp
[33.907s] -- Up-to-date: /home/mahus/Autonomous-Cleaning-Robot/robot_ws/install/more_interfaces/include/more_interfaces/more_interfaces/msg/detail
[33.907s] -- Installing: /home/mahus/Autonomous-Cleaning-Robot/robot_ws/install/more_interfaces/include/more_interfaces/more_interfaces/msg/detail/readings__builder.hpp
[33.908s] -- Installing: /home/mahus/Autonomous-Cleaning-Robot/robot_ws/install/more_interfaces/include/more_interfaces/more_interfaces/msg/detail/controls__builder.hpp
[33.910s] -- Installing: /home/mahus/Autonomous-Cleaning-Robot/robot_ws/install/more_interfaces/include/more_interfaces/more_interfaces/msg/detail/readings__struct.hpp
[33.911s] -- Installing: /home/mahus/Autonomous-Cleaning-Robot/robot_ws/install/more_interfaces/include/more_interfaces/more_interfaces/msg/detail/readings__traits.hpp
[33.914s] -- Installing: /home/mahus/Autonomous-Cleaning-Robot/robot_ws/install/more_interfaces/include/more_interfaces/more_interfaces/msg/detail/controls__struct.hpp
[33.915s] -- Installing: /home/mahus/Autonomous-Cleaning-Robot/robot_ws/install/more_interfaces/include/more_interfaces/more_interfaces/msg/detail/controls__traits.hpp
[33.917s] -- Installing: /home/mahus/Autonomous-Cleaning-Robot/robot_ws/install/more_interfaces/include/more_interfaces/more_interfaces/msg/controls.hpp
[33.918s] -- Up-to-date: /home/mahus/Autonomous-Cleaning-Robot/robot_ws/install/more_interfaces/include/more_interfaces/more_interfaces
[33.919s] -- Up-to-date: /home/mahus/Autonomous-Cleaning-Robot/robot_ws/install/more_interfaces/include/more_interfaces/more_interfaces/msg
[33.920s] -- Up-to-date: /home/mahus/Autonomous-Cleaning-Robot/robot_ws/install/more_interfaces/include/more_interfaces/more_interfaces/msg/detail
[33.920s] -- Installing: /home/mahus/Autonomous-Cleaning-Robot/robot_ws/install/more_interfaces/include/more_interfaces/more_interfaces/msg/detail/readings__rosidl_typesupport_fastrtps_cpp.hpp
[33.922s] -- Installing: /home/mahus/Autonomous-Cleaning-Robot/robot_ws/install/more_interfaces/include/more_interfaces/more_interfaces/msg/detail/dds_fastrtps
[33.923s] -- Installing: /home/mahus/Autonomous-Cleaning-Robot/robot_ws/install/more_interfaces/include/more_interfaces/more_interfaces/msg/detail/controls__rosidl_typesupport_fastrtps_cpp.hpp
[33.924s] -- Installing: /home/mahus/Autonomous-Cleaning-Robot/robot_ws/install/more_interfaces/include/more_interfaces/more_interfaces/msg/rosidl_typesupport_fastrtps_cpp__visibility_control.h
[33.925s] -- Installing: /home/mahus/Autonomous-Cleaning-Robot/robot_ws/install/more_interfaces/lib/libmore_interfaces__rosidl_typesupport_fastrtps_cpp.so
[33.927s] -- Set runtime path of "/home/mahus/Autonomous-Cleaning-Robot/robot_ws/install/more_interfaces/lib/libmore_interfaces__rosidl_typesupport_fastrtps_cpp.so" to ""
[33.928s] -- Up-to-date: /home/mahus/Autonomous-Cleaning-Robot/robot_ws/install/more_interfaces/include/more_interfaces/more_interfaces
[33.935s] -- Up-to-date: /home/mahus/Autonomous-Cleaning-Robot/robot_ws/install/more_interfaces/include/more_interfaces/more_interfaces/msg
[33.936s] -- Up-to-date: /home/mahus/Autonomous-Cleaning-Robot/robot_ws/install/more_interfaces/include/more_interfaces/more_interfaces/msg/detail
[33.936s] -- Installing: /home/mahus/Autonomous-Cleaning-Robot/robot_ws/install/more_interfaces/include/more_interfaces/more_interfaces/msg/detail/controls__type_support.cpp
[33.937s] -- Installing: /home/mahus/Autonomous-Cleaning-Robot/robot_ws/install/more_interfaces/include/more_interfaces/more_interfaces/msg/detail/readings__type_support.cpp
[33.938s] -- Installing: /home/mahus/Autonomous-Cleaning-Robot/robot_ws/install/more_interfaces/include/more_interfaces/more_interfaces/msg/detail/controls__rosidl_typesupport_introspection_cpp.hpp
[33.938s] -- Installing: /home/mahus/Autonomous-Cleaning-Robot/robot_ws/install/more_interfaces/include/more_interfaces/more_interfaces/msg/detail/readings__rosidl_typesupport_introspection_cpp.hpp
[33.939s] -- Installing: /home/mahus/Autonomous-Cleaning-Robot/robot_ws/install/more_interfaces/lib/libmore_interfaces__rosidl_typesupport_introspection_cpp.so
[33.941s] -- Set runtime path of "/home/mahus/Autonomous-Cleaning-Robot/robot_ws/install/more_interfaces/lib/libmore_interfaces__rosidl_typesupport_introspection_cpp.so" to ""
[33.941s] -- Installing: /home/mahus/Autonomous-Cleaning-Robot/robot_ws/install/more_interfaces/lib/libmore_interfaces__rosidl_typesupport_cpp.so
[33.943s] -- Set runtime path of "/home/mahus/Autonomous-Cleaning-Robot/robot_ws/install/more_interfaces/lib/libmore_interfaces__rosidl_typesupport_cpp.so" to ""
[33.943s] -- Installing: /home/mahus/Autonomous-Cleaning-Robot/robot_ws/install/more_interfaces/share/more_interfaces/environment/pythonpath.sh
[33.945s] -- Installing: /home/mahus/Autonomous-Cleaning-Robot/robot_ws/install/more_interfaces/share/more_interfaces/environment/pythonpath.dsv
[33.947s] -- Installing: /home/mahus/Autonomous-Cleaning-Robot/robot_ws/install/more_interfaces/local/lib/python3.10/dist-packages/more_interfaces-0.1.0-py3.10.egg-info
[33.947s] -- Installing: /home/mahus/Autonomous-Cleaning-Robot/robot_ws/install/more_interfaces/local/lib/python3.10/dist-packages/more_interfaces-0.1.0-py3.10.egg-info/dependency_links.txt
[33.948s] -- Installing: /home/mahus/Autonomous-Cleaning-Robot/robot_ws/install/more_interfaces/local/lib/python3.10/dist-packages/more_interfaces-0.1.0-py3.10.egg-info/top_level.txt
[33.949s] -- Installing: /home/mahus/Autonomous-Cleaning-Robot/robot_ws/install/more_interfaces/local/lib/python3.10/dist-packages/more_interfaces-0.1.0-py3.10.egg-info/PKG-INFO
[33.950s] -- Installing: /home/mahus/Autonomous-Cleaning-Robot/robot_ws/install/more_interfaces/local/lib/python3.10/dist-packages/more_interfaces-0.1.0-py3.10.egg-info/SOURCES.txt
[33.950s] -- Installing: /home/mahus/Autonomous-Cleaning-Robot/robot_ws/install/more_interfaces/local/lib/python3.10/dist-packages/more_interfaces
[33.951s] -- Installing: /home/mahus/Autonomous-Cleaning-Robot/robot_ws/install/more_interfaces/local/lib/python3.10/dist-packages/more_interfaces/_more_interfaces_s.ep.rosidl_typesupport_c.c
[33.952s] -- Installing: /home/mahus/Autonomous-Cleaning-Robot/robot_ws/install/more_interfaces/local/lib/python3.10/dist-packages/more_interfaces/__init__.py
[33.952s] -- Installing: /home/mahus/Autonomous-Cleaning-Robot/robot_ws/install/more_interfaces/local/lib/python3.10/dist-packages/more_interfaces/_more_interfaces_s.ep.rosidl_typesupport_fastrtps_c.c
[33.953s] -- Installing: /home/mahus/Autonomous-Cleaning-Robot/robot_ws/install/more_interfaces/local/lib/python3.10/dist-packages/more_interfaces/more_interfaces_s__rosidl_typesupport_c.cpython-310-x86_64-linux-gnu.so
[33.954s] -- Installing: /home/mahus/Autonomous-Cleaning-Robot/robot_ws/install/more_interfaces/local/lib/python3.10/dist-packages/more_interfaces/more_interfaces_s__rosidl_typesupport_fastrtps_c.cpython-310-x86_64-linux-gnu.so
[33.955s] -- Installing: /home/mahus/Autonomous-Cleaning-Robot/robot_ws/install/more_interfaces/local/lib/python3.10/dist-packages/more_interfaces/libmore_interfaces__rosidl_generator_py.so
[33.955s] -- Installing: /home/mahus/Autonomous-Cleaning-Robot/robot_ws/install/more_interfaces/local/lib/python3.10/dist-packages/more_interfaces/more_interfaces_s__rosidl_typesupport_introspection_c.cpython-310-x86_64-linux-gnu.so
[33.956s] -- Installing: /home/mahus/Autonomous-Cleaning-Robot/robot_ws/install/more_interfaces/local/lib/python3.10/dist-packages/more_interfaces/_more_interfaces_s.ep.rosidl_typesupport_introspection_c.c
[33.957s] -- Installing: /home/mahus/Autonomous-Cleaning-Robot/robot_ws/install/more_interfaces/local/lib/python3.10/dist-packages/more_interfaces/msg
[33.958s] -- Installing: /home/mahus/Autonomous-Cleaning-Robot/robot_ws/install/more_interfaces/local/lib/python3.10/dist-packages/more_interfaces/msg/_readings_s.c
[33.959s] -- Installing: /home/mahus/Autonomous-Cleaning-Robot/robot_ws/install/more_interfaces/local/lib/python3.10/dist-packages/more_interfaces/msg/__init__.py
[33.961s] -- Installing: /home/mahus/Autonomous-Cleaning-Robot/robot_ws/install/more_interfaces/local/lib/python3.10/dist-packages/more_interfaces/msg/_readings.py
[33.962s] -- Installing: /home/mahus/Autonomous-Cleaning-Robot/robot_ws/install/more_interfaces/local/lib/python3.10/dist-packages/more_interfaces/msg/_controls.py
[33.963s] -- Installing: /home/mahus/Autonomous-Cleaning-Robot/robot_ws/install/more_interfaces/local/lib/python3.10/dist-packages/more_interfaces/msg/_controls_s.c
[34.127s] Listing '/home/mahus/Autonomous-Cleaning-Robot/robot_ws/install/more_interfaces/local/lib/python3.10/dist-packages/more_interfaces'...
[34.127s] Compiling '/home/mahus/Autonomous-Cleaning-Robot/robot_ws/install/more_interfaces/local/lib/python3.10/dist-packages/more_interfaces/__init__.py'...
[34.127s] Listing '/home/mahus/Autonomous-Cleaning-Robot/robot_ws/install/more_interfaces/local/lib/python3.10/dist-packages/more_interfaces/msg'...
[34.127s] Compiling '/home/mahus/Autonomous-Cleaning-Robot/robot_ws/install/more_interfaces/local/lib/python3.10/dist-packages/more_interfaces/msg/__init__.py'...
[34.127s] Compiling '/home/mahus/Autonomous-Cleaning-Robot/robot_ws/install/more_interfaces/local/lib/python3.10/dist-packages/more_interfaces/msg/_controls.py'...
[34.128s] Compiling '/home/mahus/Autonomous-Cleaning-Robot/robot_ws/install/more_interfaces/local/lib/python3.10/dist-packages/more_interfaces/msg/_readings.py'...
[34.153s] -- Installing: /home/mahus/Autonomous-Cleaning-Robot/robot_ws/install/more_interfaces/local/lib/python3.10/dist-packages/more_interfaces/more_interfaces_s__rosidl_typesupport_fastrtps_c.cpython-310-x86_64-linux-gnu.so
[34.155s] -- Set runtime path of "/home/mahus/Autonomous-Cleaning-Robot/robot_ws/install/more_interfaces/local/lib/python3.10/dist-packages/more_interfaces/more_interfaces_s__rosidl_typesupport_fastrtps_c.cpython-310-x86_64-linux-gnu.so" to ""
[34.156s] -- Installing: /home/mahus/Autonomous-Cleaning-Robot/robot_ws/install/more_interfaces/local/lib/python3.10/dist-packages/more_interfaces/more_interfaces_s__rosidl_typesupport_introspection_c.cpython-310-x86_64-linux-gnu.so
[34.160s] -- Set runtime path of "/home/mahus/Autonomous-Cleaning-Robot/robot_ws/install/more_interfaces/local/lib/python3.10/dist-packages/more_interfaces/more_interfaces_s__rosidl_typesupport_introspection_c.cpython-310-x86_64-linux-gnu.so" to ""
[34.162s] -- Installing: /home/mahus/Autonomous-Cleaning-Robot/robot_ws/install/more_interfaces/local/lib/python3.10/dist-packages/more_interfaces/more_interfaces_s__rosidl_typesupport_c.cpython-310-x86_64-linux-gnu.so
[34.164s] -- Set runtime path of "/home/mahus/Autonomous-Cleaning-Robot/robot_ws/install/more_interfaces/local/lib/python3.10/dist-packages/more_interfaces/more_interfaces_s__rosidl_typesupport_c.cpython-310-x86_64-linux-gnu.so" to ""
[34.165s] -- Installing: /home/mahus/Autonomous-Cleaning-Robot/robot_ws/install/more_interfaces/lib/libmore_interfaces__rosidl_generator_py.so
[34.167s] -- Set runtime path of "/home/mahus/Autonomous-Cleaning-Robot/robot_ws/install/more_interfaces/lib/libmore_interfaces__rosidl_generator_py.so" to ""
[34.168s] -- Installing: /home/mahus/Autonomous-Cleaning-Robot/robot_ws/install/more_interfaces/share/more_interfaces/msg/Controls.idl
[34.170s] -- Installing: /home/mahus/Autonomous-Cleaning-Robot/robot_ws/install/more_interfaces/share/more_interfaces/msg/Readings.idl
[34.171s] -- Installing: /home/mahus/Autonomous-Cleaning-Robot/robot_ws/install/more_interfaces/share/more_interfaces/msg/Controls.msg
[34.172s] -- Installing: /home/mahus/Autonomous-Cleaning-Robot/robot_ws/install/more_interfaces/share/more_interfaces/msg/Readings.msg
[34.172s] -- Installing: /home/mahus/Autonomous-Cleaning-Robot/robot_ws/install/more_interfaces/share/ament_index/resource_index/package_run_dependencies/more_interfaces
[34.175s] -- Installing: /home/mahus/Autonomous-Cleaning-Robot/robot_ws/install/more_interfaces/share/ament_index/resource_index/parent_prefix_path/more_interfaces
[34.183s] -- Installing: /home/mahus/Autonomous-Cleaning-Robot/robot_ws/install/more_interfaces/share/more_interfaces/environment/ament_prefix_path.sh
[34.186s] -- Installing: /home/mahus/Autonomous-Cleaning-Robot/robot_ws/install/more_interfaces/share/more_interfaces/environment/ament_prefix_path.dsv
[34.189s] -- Installing: /home/mahus/Autonomous-Cleaning-Robot/robot_ws/install/more_interfaces/share/more_interfaces/environment/path.sh
[34.193s] -- Installing: /home/mahus/Autonomous-Cleaning-Robot/robot_ws/install/more_interfaces/share/more_interfaces/environment/path.dsv
[34.196s] -- Installing: /home/mahus/Autonomous-Cleaning-Robot/robot_ws/install/more_interfaces/share/more_interfaces/local_setup.bash
[34.198s] -- Installing: /home/mahus/Autonomous-Cleaning-Robot/robot_ws/install/more_interfaces/share/more_interfaces/local_setup.sh
[34.200s] -- Installing: /home/mahus/Autonomous-Cleaning-Robot/robot_ws/install/more_interfaces/share/more_interfaces/local_setup.zsh
[34.202s] -- Installing: /home/mahus/Autonomous-Cleaning-Robot/robot_ws/install/more_interfaces/share/more_interfaces/local_setup.dsv
[34.206s] -- Installing: /home/mahus/Autonomous-Cleaning-Robot/robot_ws/install/more_interfaces/share/more_interfaces/package.dsv
[34.208s] -- Installing: /home/mahus/Autonomous-Cleaning-Robot/robot_ws/install/more_interfaces/share/ament_index/resource_index/packages/more_interfaces
[34.209s] -- Installing: /home/mahus/Autonomous-Cleaning-Robot/robot_ws/install/more_interfaces/share/more_interfaces/cmake/export_more_interfaces__rosidl_generator_cExport.cmake
[34.210s] -- Installing: /home/mahus/Autonomous-Cleaning-Robot/robot_ws/install/more_interfaces/share/more_interfaces/cmake/export_more_interfaces__rosidl_generator_cExport-noconfig.cmake
[34.213s] -- Installing: /home/mahus/Autonomous-Cleaning-Robot/robot_ws/install/more_interfaces/share/more_interfaces/cmake/export_more_interfaces__rosidl_typesupport_fastrtps_cExport.cmake
[34.215s] -- Installing: /home/mahus/Autonomous-Cleaning-Robot/robot_ws/install/more_interfaces/share/more_interfaces/cmake/export_more_interfaces__rosidl_typesupport_fastrtps_cExport-noconfig.cmake
[34.220s] -- Installing: /home/mahus/Autonomous-Cleaning-Robot/robot_ws/install/more_interfaces/share/more_interfaces/cmake/more_interfaces__rosidl_typesupport_introspection_cExport.cmake
[34.226s] -- Installing: /home/mahus/Autonomous-Cleaning-Robot/robot_ws/install/more_interfaces/share/more_interfaces/cmake/more_interfaces__rosidl_typesupport_introspection_cExport-noconfig.cmake
[34.227s] -- Installing: /home/mahus/Autonomous-Cleaning-Robot/robot_ws/install/more_interfaces/share/more_interfaces/cmake/more_interfaces__rosidl_typesupport_cExport.cmake
[34.229s] -- Installing: /home/mahus/Autonomous-Cleaning-Robot/robot_ws/install/more_interfaces/share/more_interfaces/cmake/more_interfaces__rosidl_typesupport_cExport-noconfig.cmake
[34.232s] -- Installing: /home/mahus/Autonomous-Cleaning-Robot/robot_ws/install/more_interfaces/share/more_interfaces/cmake/export_more_interfaces__rosidl_generator_cppExport.cmake
[34.233s] -- Installing: /home/mahus/Autonomous-Cleaning-Robot/robot_ws/install/more_interfaces/share/more_interfaces/cmake/export_more_interfaces__rosidl_typesupport_fastrtps_cppExport.cmake
[34.241s] -- Installing: /home/mahus/Autonomous-Cleaning-Robot/robot_ws/install/more_interfaces/share/more_interfaces/cmake/export_more_interfaces__rosidl_typesupport_fastrtps_cppExport-noconfig.cmake
[34.245s] -- Installing: /home/mahus/Autonomous-Cleaning-Robot/robot_ws/install/more_interfaces/share/more_interfaces/cmake/more_interfaces__rosidl_typesupport_introspection_cppExport.cmake
[34.248s] -- Installing: /home/mahus/Autonomous-Cleaning-Robot/robot_ws/install/more_interfaces/share/more_interfaces/cmake/more_interfaces__rosidl_typesupport_introspection_cppExport-noconfig.cmake
[34.250s] -- Installing: /home/mahus/Autonomous-Cleaning-Robot/robot_ws/install/more_interfaces/share/more_interfaces/cmake/more_interfaces__rosidl_typesupport_cppExport.cmake
[34.252s] -- Installing: /home/mahus/Autonomous-Cleaning-Robot/robot_ws/install/more_interfaces/share/more_interfaces/cmake/more_interfaces__rosidl_typesupport_cppExport-noconfig.cmake
[34.253s] -- Installing: /home/mahus/Autonomous-Cleaning-Robot/robot_ws/install/more_interfaces/share/more_interfaces/cmake/export_more_interfaces__rosidl_generator_pyExport.cmake
[34.254s] -- Installing: /home/mahus/Autonomous-Cleaning-Robot/robot_ws/install/more_interfaces/share/more_interfaces/cmake/export_more_interfaces__rosidl_generator_pyExport-noconfig.cmake
[34.257s] -- Installing: /home/mahus/Autonomous-Cleaning-Robot/robot_ws/install/more_interfaces/share/more_interfaces/cmake/rosidl_cmake-extras.cmake
[34.259s] -- Installing: /home/mahus/Autonomous-Cleaning-Robot/robot_ws/install/more_interfaces/share/more_interfaces/cmake/ament_cmake_export_include_directories-extras.cmake
[34.260s] -- Installing: /home/mahus/Autonomous-Cleaning-Robot/robot_ws/install/more_interfaces/share/more_interfaces/cmake/ament_cmake_export_libraries-extras.cmake
[34.263s] -- Installing: /home/mahus/Autonomous-Cleaning-Robot/robot_ws/install/more_interfaces/share/more_interfaces/cmake/ament_cmake_export_targets-extras.cmake
[34.265s] -- Installing: /home/mahus/Autonomous-Cleaning-Robot/robot_ws/install/more_interfaces/share/more_interfaces/cmake/rosidl_cmake_export_typesupport_targets-extras.cmake
[34.267s] -- Installing: /home/mahus/Autonomous-Cleaning-Robot/robot_ws/install/more_interfaces/share/more_interfaces/cmake/ament_cmake_export_dependencies-extras.cmake
[34.268s] -- Installing: /home/mahus/Autonomous-Cleaning-Robot/robot_ws/install/more_interfaces/share/more_interfaces/cmake/rosidl_cmake_export_typesupport_libraries-extras.cmake
[34.273s] -- Installing: /home/mahus/Autonomous-Cleaning-Robot/robot_ws/install/more_interfaces/share/more_interfaces/cmake/more_interfacesConfig.cmake
[34.274s] -- Installing: /home/mahus/Autonomous-Cleaning-Robot/robot_ws/install/more_interfaces/share/more_interfaces/cmake/more_interfacesConfig-version.cmake
[34.276s] -- Installing: /home/mahus/Autonomous-Cleaning-Robot/robot_ws/install/more_interfaces/share/more_interfaces/package.xml
[34.291s] Invoked command in '/home/mahus/Autonomous-Cleaning-Robot/robot_ws/build/more_interfaces' returned '0': CMAKE_PREFIX_PATH=${CMAKE_PREFIX_PATH}:/home/mahus/Autonomous-Cleaning-Robot/robot_ws/install/roomba_controller:/opt/ros/humble /usr/bin/cmake --install /home/mahus/Autonomous-Cleaning-Robot/robot_ws/build/more_interfaces
