[2.325s] Invoking command in '/home/mahus/Autonomous-Cleaning-Robot/robot_ws/roomba_controller': PYTHONPATH=/home/mahus/Autonomous-Cleaning-Robot/robot_ws/build/roomba_controller/prefix_override:/home/mahus/Autonomous-Cleaning-Robot/robot_ws/install/roomba_controller/lib/python3.10/site-packages:${PYTHONPATH} /usr/bin/python3 setup.py egg_info --egg-base ../build/roomba_controller build --build-base /home/mahus/Autonomous-Cleaning-Robot/robot_ws/build/roomba_controller/build install --record /home/mahus/Autonomous-Cleaning-Robot/robot_ws/build/roomba_controller/install.log --single-version-externally-managed
[3.113s] running egg_info
[3.115s] creating ../build/roomba_controller/roomba_controller.egg-info
[3.116s] writing ../build/roomba_controller/roomba_controller.egg-info/PKG-INFO
[3.116s] writing dependency_links to ../build/roomba_controller/roomba_controller.egg-info/dependency_links.txt
[3.116s] writing entry points to ../build/roomba_controller/roomba_controller.egg-info/entry_points.txt
[3.117s] writing requirements to ../build/roomba_controller/roomba_controller.egg-info/requires.txt
[3.118s] writing top-level names to ../build/roomba_controller/roomba_controller.egg-info/top_level.txt
[3.118s] writing manifest file '../build/roomba_controller/roomba_controller.egg-info/SOURCES.txt'
[3.130s] reading manifest file '../build/roomba_controller/roomba_controller.egg-info/SOURCES.txt'
[3.132s] writing manifest file '../build/roomba_controller/roomba_controller.egg-info/SOURCES.txt'
[3.133s] running build
[3.133s] running build_py
[3.134s] creating /home/mahus/Autonomous-Cleaning-Robot/robot_ws/build/roomba_controller/build
[3.134s] creating /home/mahus/Autonomous-Cleaning-Robot/robot_ws/build/roomba_controller/build/lib
[3.134s] creating /home/mahus/Autonomous-Cleaning-Robot/robot_ws/build/roomba_controller/build/lib/roomba_controller
[3.134s] copying roomba_controller/__init__.py -> /home/mahus/Autonomous-Cleaning-Robot/robot_ws/build/roomba_controller/build/lib/roomba_controller
[3.134s] copying roomba_controller/controller_node.py -> /home/mahus/Autonomous-Cleaning-Robot/robot_ws/build/roomba_controller/build/lib/roomba_controller
[3.135s] running install
[3.140s] /usr/lib/python3/dist-packages/setuptools/command/install.py:34: SetuptoolsDeprecationWarning: setup.py install is deprecated. Use build and pip and other standards-based tools.
[3.140s]   warnings.warn(
[3.141s] running install_lib
[3.142s] creating /home/mahus/Autonomous-Cleaning-Robot/robot_ws/install/roomba_controller/lib/python3.10/site-packages/roomba_controller
[3.143s] copying /home/mahus/Autonomous-Cleaning-Robot/robot_ws/build/roomba_controller/build/lib/roomba_controller/__init__.py -> /home/mahus/Autonomous-Cleaning-Robot/robot_ws/install/roomba_controller/lib/python3.10/site-packages/roomba_controller
[3.143s] copying /home/mahus/Autonomous-Cleaning-Robot/robot_ws/build/roomba_controller/build/lib/roomba_controller/controller_node.py -> /home/mahus/Autonomous-Cleaning-Robot/robot_ws/install/roomba_controller/lib/python3.10/site-packages/roomba_controller
[3.144s] byte-compiling /home/mahus/Autonomous-Cleaning-Robot/robot_ws/install/roomba_controller/lib/python3.10/site-packages/roomba_controller/__init__.py to __init__.cpython-310.pyc
[3.144s] byte-compiling /home/mahus/Autonomous-Cleaning-Robot/robot_ws/install/roomba_controller/lib/python3.10/site-packages/roomba_controller/controller_node.py to controller_node.cpython-310.pyc
[3.147s] running install_data
[3.149s] creating /home/mahus/Autonomous-Cleaning-Robot/robot_ws/install/roomba_controller/share/ament_index
[3.149s] creating /home/mahus/Autonomous-Cleaning-Robot/robot_ws/install/roomba_controller/share/ament_index/resource_index
[3.150s] creating /home/mahus/Autonomous-Cleaning-Robot/robot_ws/install/roomba_controller/share/ament_index/resource_index/packages
[3.150s] copying resource/roomba_controller -> /home/mahus/Autonomous-Cleaning-Robot/robot_ws/install/roomba_controller/share/ament_index/resource_index/packages
[3.151s] copying package.xml -> /home/mahus/Autonomous-Cleaning-Robot/robot_ws/install/roomba_controller/share/roomba_controller
[3.151s] running install_egg_info
[3.164s] Copying ../build/roomba_controller/roomba_controller.egg-info to /home/mahus/Autonomous-Cleaning-Robot/robot_ws/install/roomba_controller/lib/python3.10/site-packages/roomba_controller-0.0.0-py3.10.egg-info
[3.167s] running install_scripts
[3.260s] Installing test_node script to /home/mahus/Autonomous-Cleaning-Robot/robot_ws/install/roomba_controller/lib/roomba_controller
[3.261s] writing list of installed files to '/home/mahus/Autonomous-Cleaning-Robot/robot_ws/build/roomba_controller/install.log'
[3.348s] Invoked command in '/home/mahus/Autonomous-Cleaning-Robot/robot_ws/roomba_controller' returned '0': PYTHONPATH=/home/mahus/Autonomous-Cleaning-Robot/robot_ws/build/roomba_controller/prefix_override:/home/mahus/Autonomous-Cleaning-Robot/robot_ws/install/roomba_controller/lib/python3.10/site-packages:${PYTHONPATH} /usr/bin/python3 setup.py egg_info --egg-base ../build/roomba_controller build --build-base /home/mahus/Autonomous-Cleaning-Robot/robot_ws/build/roomba_controller/build install --record /home/mahus/Autonomous-Cleaning-Robot/robot_ws/build/roomba_controller/install.log --single-version-externally-managed
