-- The C compiler identification is GNU 11.4.0
-- The CXX compiler identification is GNU 11.4.0
-- Detecting C compiler ABI info
-- Detecting C compiler ABI info - done
-- Check for working C compiler: /usr/bin/cc - skipped
-- Detecting C compile features
-- Detecting C compile features - done
-- Detecting CXX compiler ABI info
-- Detecting CXX compiler ABI info - done
-- Check for working CXX compiler: /usr/bin/c++ - skipped
-- Detecting CXX compile features
-- Detecting CXX compile features - done
-- Found ament_cmake: 1.3.7 (/opt/ros/humble/share/ament_cmake/cmake)
-- Found Python3: /usr/bin/python3.10 (found version "3.10.12") found components: Interpreter 
-- Found rosidl_default_generators: 1.2.0 (/opt/ros/humble/share/rosidl_default_generators/cmake)
-- Using all available rosidl_typesupport_c: rosidl_typesupport_fastrtps_c;rosidl_typesupport_introspection_c
-- Found rosidl_adapter: 3.1.5 (/opt/ros/humble/share/rosidl_adapter/cmake)
-- Using all available rosidl_typesupport_cpp: rosidl_typesupport_fastrtps_cpp;rosidl_typesupport_introspection_cpp
-- Found ament_lint_auto: 0.12.10 (/opt/ros/humble/share/ament_lint_auto/cmake)
-- Found ament_cmake_ros: 0.10.0 (/opt/ros/humble/share/ament_cmake_ros/cmake)
-- Using all available rosidl_typesupport_c: rosidl_typesupport_fastrtps_c;rosidl_typesupport_introspection_c
-- Using all available rosidl_typesupport_cpp: rosidl_typesupport_fastrtps_cpp;rosidl_typesupport_introspection_cpp
-- Found PythonInterp: /usr/bin/python3 (found suitable version "3.10.12", minimum required is "3.6") 
-- Found python_cmake_module: 0.10.0 (/opt/ros/humble/share/python_cmake_module/cmake)
-- Found PythonLibs: /usr/lib/x86_64-linux-gnu/libpython3.10.so (found suitable version "3.10.12", minimum required is "3.5") 
-- Using PYTHON_EXECUTABLE: /usr/bin/python3
-- Using PYTHON_INCLUDE_DIRS: /usr/include/python3.10
-- Using PYTHON_LIBRARIES: /usr/lib/x86_64-linux-gnu/libpython3.10.so
-- Found PythonExtra: .so  
-- Added test 'lint_cmake' to check CMake code style
-- Added test 'xmllint' to check XML markup files
-- Configuring done
-- Generating done
-- Build files have been written to: /home/mahus/Winter/Autonomous-Cleaning-Robot/robot_ws/build/more_interfaces
[  3%] [34m[1mGenerating C code for ROS interfaces[0m
[  6%] [34m[1mGenerating C++ code for ROS interfaces[0m
[  6%] Built target ament_cmake_python_copy_more_interfaces
running egg_info
creating more_interfaces.egg-info
writing more_interfaces.egg-info/PKG-INFO
writing dependency_links to more_interfaces.egg-info/dependency_links.txt
writing top-level names to more_interfaces.egg-info/top_level.txt
writing manifest file 'more_interfaces.egg-info/SOURCES.txt'
reading manifest file 'more_interfaces.egg-info/SOURCES.txt'
writing manifest file 'more_interfaces.egg-info/SOURCES.txt'
[  6%] Built target more_interfaces__cpp
[  9%] [34m[1mGenerating C++ introspection for ROS interfaces[0m
[ 12%] [34m[1mGenerating C++ type support for eProsima Fast-RTPS[0m
[ 16%] [34m[1mGenerating C++ type support dispatch for ROS interfaces[0m
[ 16%] Built target ament_cmake_python_build_more_interfaces_egg
[ 19%] [32mBuilding C object CMakeFiles/more_interfaces__rosidl_generator_c.dir/rosidl_generator_c/more_interfaces/msg/detail/readings__functions.c.o[0m
[ 22%] [32mBuilding CXX object CMakeFiles/more_interfaces__rosidl_typesupport_introspection_cpp.dir/rosidl_typesupport_introspection_cpp/more_interfaces/msg/detail/readings__type_support.cpp.o[0m
[ 25%] [32mBuilding CXX object CMakeFiles/more_interfaces__rosidl_typesupport_fastrtps_cpp.dir/rosidl_typesupport_fastrtps_cpp/more_interfaces/msg/detail/dds_fastrtps/readings__type_support.cpp.o[0m
[ 29%] [32mBuilding CXX object CMakeFiles/more_interfaces__rosidl_typesupport_cpp.dir/rosidl_typesupport_cpp/more_interfaces/msg/readings__type_support.cpp.o[0m
[ 32%] [32m[1mLinking C shared library libmore_interfaces__rosidl_generator_c.so[0m
[ 32%] Built target more_interfaces__rosidl_generator_c
[ 38%] [34m[1mGenerating C type support for eProsima Fast-RTPS[0m
[ 38%] [34m[1mGenerating C introspection for ROS interfaces[0m
[ 41%] [34m[1mGenerating C type support dispatch for ROS interfaces[0m
[ 45%] [32mBuilding CXX object CMakeFiles/more_interfaces__rosidl_typesupport_fastrtps_c.dir/rosidl_typesupport_fastrtps_c/more_interfaces/msg/detail/readings__type_support_c.cpp.o[0m
[ 48%] [32mBuilding C object CMakeFiles/more_interfaces__rosidl_typesupport_introspection_c.dir/rosidl_typesupport_introspection_c/more_interfaces/msg/detail/readings__type_support.c.o[0m
[ 51%] [32mBuilding CXX object CMakeFiles/more_interfaces__rosidl_typesupport_c.dir/rosidl_typesupport_c/more_interfaces/msg/readings__type_support.cpp.o[0m
[ 54%] [32m[1mLinking C shared library libmore_interfaces__rosidl_typesupport_introspection_c.so[0m
[ 54%] Built target more_interfaces__rosidl_typesupport_introspection_c
[ 58%] [32m[1mLinking CXX shared library libmore_interfaces__rosidl_typesupport_c.so[0m
[ 58%] Built target more_interfaces__rosidl_typesupport_c
[ 61%] [32m[1mLinking CXX shared library libmore_interfaces__rosidl_typesupport_cpp.so[0m
[ 61%] Built target more_interfaces__rosidl_typesupport_cpp
[ 64%] [32m[1mLinking CXX shared library libmore_interfaces__rosidl_typesupport_introspection_cpp.so[0m
[ 64%] Built target more_interfaces__rosidl_typesupport_introspection_cpp
[ 67%] [32m[1mLinking CXX shared library libmore_interfaces__rosidl_typesupport_fastrtps_c.so[0m
[ 70%] [32m[1mLinking CXX shared library libmore_interfaces__rosidl_typesupport_fastrtps_cpp.so[0m
[ 70%] Built target more_interfaces__rosidl_typesupport_fastrtps_cpp
[ 70%] Built target more_interfaces__rosidl_typesupport_fastrtps_c
[ 70%] Built target more_interfaces
[ 74%] [34m[1mGenerating Python code for ROS interfaces[0m
[ 74%] Built target more_interfaces__py
[ 77%] [32mBuilding C object CMakeFiles/more_interfaces__rosidl_generator_py.dir/rosidl_generator_py/more_interfaces/msg/_readings_s.c.o[0m
[ 80%] [32m[1mLinking C shared library rosidl_generator_py/more_interfaces/libmore_interfaces__rosidl_generator_py.so[0m
[ 80%] Built target more_interfaces__rosidl_generator_py
[ 83%] [32mBuilding C object CMakeFiles/more_interfaces__rosidl_typesupport_fastrtps_c__pyext.dir/rosidl_generator_py/more_interfaces/_more_interfaces_s.ep.rosidl_typesupport_fastrtps_c.c.o[0m
[ 87%] [32mBuilding C object CMakeFiles/more_interfaces__rosidl_typesupport_introspection_c__pyext.dir/rosidl_generator_py/more_interfaces/_more_interfaces_s.ep.rosidl_typesupport_introspection_c.c.o[0m
[ 90%] [32mBuilding C object CMakeFiles/more_interfaces__rosidl_typesupport_c__pyext.dir/rosidl_generator_py/more_interfaces/_more_interfaces_s.ep.rosidl_typesupport_c.c.o[0m
[ 93%] [32m[1mLinking C shared library rosidl_generator_py/more_interfaces/more_interfaces_s__rosidl_typesupport_c.cpython-310-x86_64-linux-gnu.so[0m
[ 96%] [32m[1mLinking C shared library rosidl_generator_py/more_interfaces/more_interfaces_s__rosidl_typesupport_introspection_c.cpython-310-x86_64-linux-gnu.so[0m
[100%] [32m[1mLinking C shared library rosidl_generator_py/more_interfaces/more_interfaces_s__rosidl_typesupport_fastrtps_c.cpython-310-x86_64-linux-gnu.so[0m
[100%] Built target more_interfaces__rosidl_typesupport_c__pyext
[100%] Built target more_interfaces__rosidl_typesupport_introspection_c__pyext
[100%] Built target more_interfaces__rosidl_typesupport_fastrtps_c__pyext
-- Install configuration: ""
-- Installing: /home/mahus/Winter/Autonomous-Cleaning-Robot/robot_ws/install/more_interfaces/share/ament_index/resource_index/rosidl_interfaces/more_interfaces
-- Installing: /home/mahus/Winter/Autonomous-Cleaning-Robot/robot_ws/install/more_interfaces/include/more_interfaces/more_interfaces
-- Installing: /home/mahus/Winter/Autonomous-Cleaning-Robot/robot_ws/install/more_interfaces/include/more_interfaces/more_interfaces/msg
-- Installing: /home/mahus/Winter/Autonomous-Cleaning-Robot/robot_ws/install/more_interfaces/include/more_interfaces/more_interfaces/msg/rosidl_generator_c__visibility_control.h
-- Installing: /home/mahus/Winter/Autonomous-Cleaning-Robot/robot_ws/install/more_interfaces/include/more_interfaces/more_interfaces/msg/readings.h
-- Installing: /home/mahus/Winter/Autonomous-Cleaning-Robot/robot_ws/install/more_interfaces/include/more_interfaces/more_interfaces/msg/detail
-- Installing: /home/mahus/Winter/Autonomous-Cleaning-Robot/robot_ws/install/more_interfaces/include/more_interfaces/more_interfaces/msg/detail/readings__type_support.h
-- Installing: /home/mahus/Winter/Autonomous-Cleaning-Robot/robot_ws/install/more_interfaces/include/more_interfaces/more_interfaces/msg/detail/readings__struct.h
-- Installing: /home/mahus/Winter/Autonomous-Cleaning-Robot/robot_ws/install/more_interfaces/include/more_interfaces/more_interfaces/msg/detail/readings__functions.c
-- Installing: /home/mahus/Winter/Autonomous-Cleaning-Robot/robot_ws/install/more_interfaces/include/more_interfaces/more_interfaces/msg/detail/readings__functions.h
-- Installing: /home/mahus/Winter/Autonomous-Cleaning-Robot/robot_ws/install/more_interfaces/share/more_interfaces/environment/library_path.sh
-- Installing: /home/mahus/Winter/Autonomous-Cleaning-Robot/robot_ws/install/more_interfaces/share/more_interfaces/environment/library_path.dsv
-- Installing: /home/mahus/Winter/Autonomous-Cleaning-Robot/robot_ws/install/more_interfaces/lib/libmore_interfaces__rosidl_generator_c.so
-- Set runtime path of "/home/mahus/Winter/Autonomous-Cleaning-Robot/robot_ws/install/more_interfaces/lib/libmore_interfaces__rosidl_generator_c.so" to ""
-- Up-to-date: /home/mahus/Winter/Autonomous-Cleaning-Robot/robot_ws/install/more_interfaces/include/more_interfaces/more_interfaces
-- Up-to-date: /home/mahus/Winter/Autonomous-Cleaning-Robot/robot_ws/install/more_interfaces/include/more_interfaces/more_interfaces/msg
-- Installing: /home/mahus/Winter/Autonomous-Cleaning-Robot/robot_ws/install/more_interfaces/include/more_interfaces/more_interfaces/msg/rosidl_typesupport_fastrtps_c__visibility_control.h
-- Up-to-date: /home/mahus/Winter/Autonomous-Cleaning-Robot/robot_ws/install/more_interfaces/include/more_interfaces/more_interfaces/msg/detail
-- Installing: /home/mahus/Winter/Autonomous-Cleaning-Robot/robot_ws/install/more_interfaces/include/more_interfaces/more_interfaces/msg/detail/readings__rosidl_typesupport_fastrtps_c.h
-- Installing: /home/mahus/Winter/Autonomous-Cleaning-Robot/robot_ws/install/more_interfaces/lib/libmore_interfaces__rosidl_typesupport_fastrtps_c.so
-- Set runtime path of "/home/mahus/Winter/Autonomous-Cleaning-Robot/robot_ws/install/more_interfaces/lib/libmore_interfaces__rosidl_typesupport_fastrtps_c.so" to ""
-- Up-to-date: /home/mahus/Winter/Autonomous-Cleaning-Robot/robot_ws/install/more_interfaces/include/more_interfaces/more_interfaces
-- Up-to-date: /home/mahus/Winter/Autonomous-Cleaning-Robot/robot_ws/install/more_interfaces/include/more_interfaces/more_interfaces/msg
-- Installing: /home/mahus/Winter/Autonomous-Cleaning-Robot/robot_ws/install/more_interfaces/include/more_interfaces/more_interfaces/msg/rosidl_typesupport_introspection_c__visibility_control.h
-- Up-to-date: /home/mahus/Winter/Autonomous-Cleaning-Robot/robot_ws/install/more_interfaces/include/more_interfaces/more_interfaces/msg/detail
-- Installing: /home/mahus/Winter/Autonomous-Cleaning-Robot/robot_ws/install/more_interfaces/include/more_interfaces/more_interfaces/msg/detail/readings__type_support.c
-- Installing: /home/mahus/Winter/Autonomous-Cleaning-Robot/robot_ws/install/more_interfaces/include/more_interfaces/more_interfaces/msg/detail/readings__rosidl_typesupport_introspection_c.h
-- Installing: /home/mahus/Winter/Autonomous-Cleaning-Robot/robot_ws/install/more_interfaces/lib/libmore_interfaces__rosidl_typesupport_introspection_c.so
-- Set runtime path of "/home/mahus/Winter/Autonomous-Cleaning-Robot/robot_ws/install/more_interfaces/lib/libmore_interfaces__rosidl_typesupport_introspection_c.so" to ""
-- Installing: /home/mahus/Winter/Autonomous-Cleaning-Robot/robot_ws/install/more_interfaces/lib/libmore_interfaces__rosidl_typesupport_c.so
-- Set runtime path of "/home/mahus/Winter/Autonomous-Cleaning-Robot/robot_ws/install/more_interfaces/lib/libmore_interfaces__rosidl_typesupport_c.so" to ""
-- Up-to-date: /home/mahus/Winter/Autonomous-Cleaning-Robot/robot_ws/install/more_interfaces/include/more_interfaces/more_interfaces
-- Up-to-date: /home/mahus/Winter/Autonomous-Cleaning-Robot/robot_ws/install/more_interfaces/include/more_interfaces/more_interfaces/msg
-- Up-to-date: /home/mahus/Winter/Autonomous-Cleaning-Robot/robot_ws/install/more_interfaces/include/more_interfaces/more_interfaces/msg/detail
-- Installing: /home/mahus/Winter/Autonomous-Cleaning-Robot/robot_ws/install/more_interfaces/include/more_interfaces/more_interfaces/msg/detail/readings__traits.hpp
-- Installing: /home/mahus/Winter/Autonomous-Cleaning-Robot/robot_ws/install/more_interfaces/include/more_interfaces/more_interfaces/msg/detail/readings__struct.hpp
-- Installing: /home/mahus/Winter/Autonomous-Cleaning-Robot/robot_ws/install/more_interfaces/include/more_interfaces/more_interfaces/msg/detail/readings__builder.hpp
-- Installing: /home/mahus/Winter/Autonomous-Cleaning-Robot/robot_ws/install/more_interfaces/include/more_interfaces/more_interfaces/msg/readings.hpp
-- Up-to-date: /home/mahus/Winter/Autonomous-Cleaning-Robot/robot_ws/install/more_interfaces/include/more_interfaces/more_interfaces
-- Up-to-date: /home/mahus/Winter/Autonomous-Cleaning-Robot/robot_ws/install/more_interfaces/include/more_interfaces/more_interfaces/msg
-- Up-to-date: /home/mahus/Winter/Autonomous-Cleaning-Robot/robot_ws/install/more_interfaces/include/more_interfaces/more_interfaces/msg/detail
-- Installing: /home/mahus/Winter/Autonomous-Cleaning-Robot/robot_ws/install/more_interfaces/include/more_interfaces/more_interfaces/msg/detail/dds_fastrtps
-- Installing: /home/mahus/Winter/Autonomous-Cleaning-Robot/robot_ws/install/more_interfaces/include/more_interfaces/more_interfaces/msg/detail/readings__rosidl_typesupport_fastrtps_cpp.hpp
-- Installing: /home/mahus/Winter/Autonomous-Cleaning-Robot/robot_ws/install/more_interfaces/include/more_interfaces/more_interfaces/msg/rosidl_typesupport_fastrtps_cpp__visibility_control.h
-- Installing: /home/mahus/Winter/Autonomous-Cleaning-Robot/robot_ws/install/more_interfaces/lib/libmore_interfaces__rosidl_typesupport_fastrtps_cpp.so
-- Set runtime path of "/home/mahus/Winter/Autonomous-Cleaning-Robot/robot_ws/install/more_interfaces/lib/libmore_interfaces__rosidl_typesupport_fastrtps_cpp.so" to ""
-- Up-to-date: /home/mahus/Winter/Autonomous-Cleaning-Robot/robot_ws/install/more_interfaces/include/more_interfaces/more_interfaces
-- Up-to-date: /home/mahus/Winter/Autonomous-Cleaning-Robot/robot_ws/install/more_interfaces/include/more_interfaces/more_interfaces/msg
-- Up-to-date: /home/mahus/Winter/Autonomous-Cleaning-Robot/robot_ws/install/more_interfaces/include/more_interfaces/more_interfaces/msg/detail
-- Installing: /home/mahus/Winter/Autonomous-Cleaning-Robot/robot_ws/install/more_interfaces/include/more_interfaces/more_interfaces/msg/detail/readings__type_support.cpp
-- Installing: /home/mahus/Winter/Autonomous-Cleaning-Robot/robot_ws/install/more_interfaces/include/more_interfaces/more_interfaces/msg/detail/readings__rosidl_typesupport_introspection_cpp.hpp
-- Installing: /home/mahus/Winter/Autonomous-Cleaning-Robot/robot_ws/install/more_interfaces/lib/libmore_interfaces__rosidl_typesupport_introspection_cpp.so
-- Set runtime path of "/home/mahus/Winter/Autonomous-Cleaning-Robot/robot_ws/install/more_interfaces/lib/libmore_interfaces__rosidl_typesupport_introspection_cpp.so" to ""
-- Installing: /home/mahus/Winter/Autonomous-Cleaning-Robot/robot_ws/install/more_interfaces/lib/libmore_interfaces__rosidl_typesupport_cpp.so
-- Set runtime path of "/home/mahus/Winter/Autonomous-Cleaning-Robot/robot_ws/install/more_interfaces/lib/libmore_interfaces__rosidl_typesupport_cpp.so" to ""
-- Installing: /home/mahus/Winter/Autonomous-Cleaning-Robot/robot_ws/install/more_interfaces/share/more_interfaces/environment/pythonpath.sh
-- Installing: /home/mahus/Winter/Autonomous-Cleaning-Robot/robot_ws/install/more_interfaces/share/more_interfaces/environment/pythonpath.dsv
-- Installing: /home/mahus/Winter/Autonomous-Cleaning-Robot/robot_ws/install/more_interfaces/local/lib/python3.10/dist-packages/more_interfaces-0.1.0-py3.10.egg-info
-- Installing: /home/mahus/Winter/Autonomous-Cleaning-Robot/robot_ws/install/more_interfaces/local/lib/python3.10/dist-packages/more_interfaces-0.1.0-py3.10.egg-info/SOURCES.txt
-- Installing: /home/mahus/Winter/Autonomous-Cleaning-Robot/robot_ws/install/more_interfaces/local/lib/python3.10/dist-packages/more_interfaces-0.1.0-py3.10.egg-info/PKG-INFO
-- Installing: /home/mahus/Winter/Autonomous-Cleaning-Robot/robot_ws/install/more_interfaces/local/lib/python3.10/dist-packages/more_interfaces-0.1.0-py3.10.egg-info/dependency_links.txt
-- Installing: /home/mahus/Winter/Autonomous-Cleaning-Robot/robot_ws/install/more_interfaces/local/lib/python3.10/dist-packages/more_interfaces-0.1.0-py3.10.egg-info/top_level.txt
-- Installing: /home/mahus/Winter/Autonomous-Cleaning-Robot/robot_ws/install/more_interfaces/local/lib/python3.10/dist-packages/more_interfaces
-- Installing: /home/mahus/Winter/Autonomous-Cleaning-Robot/robot_ws/install/more_interfaces/local/lib/python3.10/dist-packages/more_interfaces/more_interfaces_s__rosidl_typesupport_introspection_c.cpython-310-x86_64-linux-gnu.so
-- Installing: /home/mahus/Winter/Autonomous-Cleaning-Robot/robot_ws/install/more_interfaces/local/lib/python3.10/dist-packages/more_interfaces/_more_interfaces_s.ep.rosidl_typesupport_c.c
-- Installing: /home/mahus/Winter/Autonomous-Cleaning-Robot/robot_ws/install/more_interfaces/local/lib/python3.10/dist-packages/more_interfaces/more_interfaces_s__rosidl_typesupport_fastrtps_c.cpython-310-x86_64-linux-gnu.so
-- Installing: /home/mahus/Winter/Autonomous-Cleaning-Robot/robot_ws/install/more_interfaces/local/lib/python3.10/dist-packages/more_interfaces/libmore_interfaces__rosidl_generator_py.so
-- Installing: /home/mahus/Winter/Autonomous-Cleaning-Robot/robot_ws/install/more_interfaces/local/lib/python3.10/dist-packages/more_interfaces/msg
-- Installing: /home/mahus/Winter/Autonomous-Cleaning-Robot/robot_ws/install/more_interfaces/local/lib/python3.10/dist-packages/more_interfaces/msg/_readings_s.c
-- Installing: /home/mahus/Winter/Autonomous-Cleaning-Robot/robot_ws/install/more_interfaces/local/lib/python3.10/dist-packages/more_interfaces/msg/_readings.py
-- Installing: /home/mahus/Winter/Autonomous-Cleaning-Robot/robot_ws/install/more_interfaces/local/lib/python3.10/dist-packages/more_interfaces/msg/__init__.py
-- Installing: /home/mahus/Winter/Autonomous-Cleaning-Robot/robot_ws/install/more_interfaces/local/lib/python3.10/dist-packages/more_interfaces/_more_interfaces_s.ep.rosidl_typesupport_fastrtps_c.c
-- Installing: /home/mahus/Winter/Autonomous-Cleaning-Robot/robot_ws/install/more_interfaces/local/lib/python3.10/dist-packages/more_interfaces/_more_interfaces_s.ep.rosidl_typesupport_introspection_c.c
-- Installing: /home/mahus/Winter/Autonomous-Cleaning-Robot/robot_ws/install/more_interfaces/local/lib/python3.10/dist-packages/more_interfaces/more_interfaces_s__rosidl_typesupport_c.cpython-310-x86_64-linux-gnu.so
-- Installing: /home/mahus/Winter/Autonomous-Cleaning-Robot/robot_ws/install/more_interfaces/local/lib/python3.10/dist-packages/more_interfaces/__init__.py
Listing '/home/mahus/Winter/Autonomous-Cleaning-Robot/robot_ws/install/more_interfaces/local/lib/python3.10/dist-packages/more_interfaces'...
Compiling '/home/mahus/Winter/Autonomous-Cleaning-Robot/robot_ws/install/more_interfaces/local/lib/python3.10/dist-packages/more_interfaces/__init__.py'...
Listing '/home/mahus/Winter/Autonomous-Cleaning-Robot/robot_ws/install/more_interfaces/local/lib/python3.10/dist-packages/more_interfaces/msg'...
Compiling '/home/mahus/Winter/Autonomous-Cleaning-Robot/robot_ws/install/more_interfaces/local/lib/python3.10/dist-packages/more_interfaces/msg/__init__.py'...
Compiling '/home/mahus/Winter/Autonomous-Cleaning-Robot/robot_ws/install/more_interfaces/local/lib/python3.10/dist-packages/more_interfaces/msg/_readings.py'...
-- Installing: /home/mahus/Winter/Autonomous-Cleaning-Robot/robot_ws/install/more_interfaces/local/lib/python3.10/dist-packages/more_interfaces/more_interfaces_s__rosidl_typesupport_fastrtps_c.cpython-310-x86_64-linux-gnu.so
-- Set runtime path of "/home/mahus/Winter/Autonomous-Cleaning-Robot/robot_ws/install/more_interfaces/local/lib/python3.10/dist-packages/more_interfaces/more_interfaces_s__rosidl_typesupport_fastrtps_c.cpython-310-x86_64-linux-gnu.so" to ""
-- Installing: /home/mahus/Winter/Autonomous-Cleaning-Robot/robot_ws/install/more_interfaces/local/lib/python3.10/dist-packages/more_interfaces/more_interfaces_s__rosidl_typesupport_introspection_c.cpython-310-x86_64-linux-gnu.so
-- Set runtime path of "/home/mahus/Winter/Autonomous-Cleaning-Robot/robot_ws/install/more_interfaces/local/lib/python3.10/dist-packages/more_interfaces/more_interfaces_s__rosidl_typesupport_introspection_c.cpython-310-x86_64-linux-gnu.so" to ""
-- Installing: /home/mahus/Winter/Autonomous-Cleaning-Robot/robot_ws/install/more_interfaces/local/lib/python3.10/dist-packages/more_interfaces/more_interfaces_s__rosidl_typesupport_c.cpython-310-x86_64-linux-gnu.so
-- Set runtime path of "/home/mahus/Winter/Autonomous-Cleaning-Robot/robot_ws/install/more_interfaces/local/lib/python3.10/dist-packages/more_interfaces/more_interfaces_s__rosidl_typesupport_c.cpython-310-x86_64-linux-gnu.so" to ""
-- Installing: /home/mahus/Winter/Autonomous-Cleaning-Robot/robot_ws/install/more_interfaces/lib/libmore_interfaces__rosidl_generator_py.so
-- Set runtime path of "/home/mahus/Winter/Autonomous-Cleaning-Robot/robot_ws/install/more_interfaces/lib/libmore_interfaces__rosidl_generator_py.so" to ""
-- Installing: /home/mahus/Winter/Autonomous-Cleaning-Robot/robot_ws/install/more_interfaces/share/more_interfaces/msg/Readings.idl
-- Installing: /home/mahus/Winter/Autonomous-Cleaning-Robot/robot_ws/install/more_interfaces/share/more_interfaces/msg/Readings.msg
-- Installing: /home/mahus/Winter/Autonomous-Cleaning-Robot/robot_ws/install/more_interfaces/share/ament_index/resource_index/package_run_dependencies/more_interfaces
-- Installing: /home/mahus/Winter/Autonomous-Cleaning-Robot/robot_ws/install/more_interfaces/share/ament_index/resource_index/parent_prefix_path/more_interfaces
-- Installing: /home/mahus/Winter/Autonomous-Cleaning-Robot/robot_ws/install/more_interfaces/share/more_interfaces/environment/ament_prefix_path.sh
-- Installing: /home/mahus/Winter/Autonomous-Cleaning-Robot/robot_ws/install/more_interfaces/share/more_interfaces/environment/ament_prefix_path.dsv
-- Installing: /home/mahus/Winter/Autonomous-Cleaning-Robot/robot_ws/install/more_interfaces/share/more_interfaces/environment/path.sh
-- Installing: /home/mahus/Winter/Autonomous-Cleaning-Robot/robot_ws/install/more_interfaces/share/more_interfaces/environment/path.dsv
-- Installing: /home/mahus/Winter/Autonomous-Cleaning-Robot/robot_ws/install/more_interfaces/share/more_interfaces/local_setup.bash
-- Installing: /home/mahus/Winter/Autonomous-Cleaning-Robot/robot_ws/install/more_interfaces/share/more_interfaces/local_setup.sh
-- Installing: /home/mahus/Winter/Autonomous-Cleaning-Robot/robot_ws/install/more_interfaces/share/more_interfaces/local_setup.zsh
-- Installing: /home/mahus/Winter/Autonomous-Cleaning-Robot/robot_ws/install/more_interfaces/share/more_interfaces/local_setup.dsv
-- Installing: /home/mahus/Winter/Autonomous-Cleaning-Robot/robot_ws/install/more_interfaces/share/more_interfaces/package.dsv
-- Installing: /home/mahus/Winter/Autonomous-Cleaning-Robot/robot_ws/install/more_interfaces/share/ament_index/resource_index/packages/more_interfaces
-- Installing: /home/mahus/Winter/Autonomous-Cleaning-Robot/robot_ws/install/more_interfaces/share/more_interfaces/cmake/export_more_interfaces__rosidl_generator_cExport.cmake
-- Installing: /home/mahus/Winter/Autonomous-Cleaning-Robot/robot_ws/install/more_interfaces/share/more_interfaces/cmake/export_more_interfaces__rosidl_generator_cExport-noconfig.cmake
-- Installing: /home/mahus/Winter/Autonomous-Cleaning-Robot/robot_ws/install/more_interfaces/share/more_interfaces/cmake/export_more_interfaces__rosidl_typesupport_fastrtps_cExport.cmake
-- Installing: /home/mahus/Winter/Autonomous-Cleaning-Robot/robot_ws/install/more_interfaces/share/more_interfaces/cmake/export_more_interfaces__rosidl_typesupport_fastrtps_cExport-noconfig.cmake
-- Installing: /home/mahus/Winter/Autonomous-Cleaning-Robot/robot_ws/install/more_interfaces/share/more_interfaces/cmake/more_interfaces__rosidl_typesupport_introspection_cExport.cmake
-- Installing: /home/mahus/Winter/Autonomous-Cleaning-Robot/robot_ws/install/more_interfaces/share/more_interfaces/cmake/more_interfaces__rosidl_typesupport_introspection_cExport-noconfig.cmake
-- Installing: /home/mahus/Winter/Autonomous-Cleaning-Robot/robot_ws/install/more_interfaces/share/more_interfaces/cmake/more_interfaces__rosidl_typesupport_cExport.cmake
-- Installing: /home/mahus/Winter/Autonomous-Cleaning-Robot/robot_ws/install/more_interfaces/share/more_interfaces/cmake/more_interfaces__rosidl_typesupport_cExport-noconfig.cmake
-- Installing: /home/mahus/Winter/Autonomous-Cleaning-Robot/robot_ws/install/more_interfaces/share/more_interfaces/cmake/export_more_interfaces__rosidl_generator_cppExport.cmake
-- Installing: /home/mahus/Winter/Autonomous-Cleaning-Robot/robot_ws/install/more_interfaces/share/more_interfaces/cmake/export_more_interfaces__rosidl_typesupport_fastrtps_cppExport.cmake
-- Installing: /home/mahus/Winter/Autonomous-Cleaning-Robot/robot_ws/install/more_interfaces/share/more_interfaces/cmake/export_more_interfaces__rosidl_typesupport_fastrtps_cppExport-noconfig.cmake
-- Installing: /home/mahus/Winter/Autonomous-Cleaning-Robot/robot_ws/install/more_interfaces/share/more_interfaces/cmake/more_interfaces__rosidl_typesupport_introspection_cppExport.cmake
-- Installing: /home/mahus/Winter/Autonomous-Cleaning-Robot/robot_ws/install/more_interfaces/share/more_interfaces/cmake/more_interfaces__rosidl_typesupport_introspection_cppExport-noconfig.cmake
-- Installing: /home/mahus/Winter/Autonomous-Cleaning-Robot/robot_ws/install/more_interfaces/share/more_interfaces/cmake/more_interfaces__rosidl_typesupport_cppExport.cmake
-- Installing: /home/mahus/Winter/Autonomous-Cleaning-Robot/robot_ws/install/more_interfaces/share/more_interfaces/cmake/more_interfaces__rosidl_typesupport_cppExport-noconfig.cmake
-- Installing: /home/mahus/Winter/Autonomous-Cleaning-Robot/robot_ws/install/more_interfaces/share/more_interfaces/cmake/export_more_interfaces__rosidl_generator_pyExport.cmake
-- Installing: /home/mahus/Winter/Autonomous-Cleaning-Robot/robot_ws/install/more_interfaces/share/more_interfaces/cmake/export_more_interfaces__rosidl_generator_pyExport-noconfig.cmake
-- Installing: /home/mahus/Winter/Autonomous-Cleaning-Robot/robot_ws/install/more_interfaces/share/more_interfaces/cmake/rosidl_cmake-extras.cmake
-- Installing: /home/mahus/Winter/Autonomous-Cleaning-Robot/robot_ws/install/more_interfaces/share/more_interfaces/cmake/ament_cmake_export_include_directories-extras.cmake
-- Installing: /home/mahus/Winter/Autonomous-Cleaning-Robot/robot_ws/install/more_interfaces/share/more_interfaces/cmake/ament_cmake_export_libraries-extras.cmake
-- Installing: /home/mahus/Winter/Autonomous-Cleaning-Robot/robot_ws/install/more_interfaces/share/more_interfaces/cmake/ament_cmake_export_targets-extras.cmake
-- Installing: /home/mahus/Winter/Autonomous-Cleaning-Robot/robot_ws/install/more_interfaces/share/more_interfaces/cmake/rosidl_cmake_export_typesupport_targets-extras.cmake
-- Installing: /home/mahus/Winter/Autonomous-Cleaning-Robot/robot_ws/install/more_interfaces/share/more_interfaces/cmake/ament_cmake_export_dependencies-extras.cmake
-- Installing: /home/mahus/Winter/Autonomous-Cleaning-Robot/robot_ws/install/more_interfaces/share/more_interfaces/cmake/rosidl_cmake_export_typesupport_libraries-extras.cmake
-- Installing: /home/mahus/Winter/Autonomous-Cleaning-Robot/robot_ws/install/more_interfaces/share/more_interfaces/cmake/more_interfacesConfig.cmake
-- Installing: /home/mahus/Winter/Autonomous-Cleaning-Robot/robot_ws/install/more_interfaces/share/more_interfaces/cmake/more_interfacesConfig-version.cmake
-- Installing: /home/mahus/Winter/Autonomous-Cleaning-Robot/robot_ws/install/more_interfaces/share/more_interfaces/package.xml
