[0.038s] Invoking command in '/home/mahus/Winter/Autonomous-Cleaning-Robot/robot_ws/build/more_interfaces': CMAKE_PREFIX_PATH=/opt/ros/humble /usr/bin/cmake /home/mahus/Winter/Autonomous-Cleaning-Robot/robot_ws/more_interfaces -DCMAKE_INSTALL_PREFIX=/home/mahus/Winter/Autonomous-Cleaning-Robot/robot_ws/install/more_interfaces
[0.893s] -- The C compiler identification is GNU 11.4.0
[1.177s] -- The CXX compiler identification is GNU 11.4.0
[1.198s] -- Detecting C compiler ABI info
[1.334s] -- Detecting C compiler ABI info - done
[1.338s] -- Check for working C compiler: /usr/bin/cc - skipped
[1.339s] -- Detecting C compile features
[1.359s] -- Detecting C compile features - done
[1.361s] -- Detecting CXX compiler ABI info
[1.453s] -- Detecting CXX compiler ABI info - done
[1.458s] -- Check for working CXX compiler: /usr/bin/c++ - skipped
[1.458s] -- Detecting CXX compile features
[1.459s] -- Detecting CXX compile features - done
[1.500s] -- Found ament_cmake: 1.3.7 (/opt/ros/humble/share/ament_cmake/cmake)
[1.744s] -- Found Python3: /usr/bin/python3.10 (found version "3.10.12") found components: Interpreter 
[1.960s] -- Found rosidl_default_generators: 1.2.0 (/opt/ros/humble/share/rosidl_default_generators/cmake)
[2.013s] -- Using all available rosidl_typesupport_c: rosidl_typesupport_fastrtps_c;rosidl_typesupport_introspection_c
[2.108s] -- Found rosidl_adapter: 3.1.5 (/opt/ros/humble/share/rosidl_adapter/cmake)
[2.334s] -- Using all available rosidl_typesupport_cpp: rosidl_typesupport_fastrtps_cpp;rosidl_typesupport_introspection_cpp
[2.453s] -- Found ament_lint_auto: 0.12.10 (/opt/ros/humble/share/ament_lint_auto/cmake)
[2.868s] -- Found ament_cmake_ros: 0.10.0 (/opt/ros/humble/share/ament_cmake_ros/cmake)
[3.059s] -- Using all available rosidl_typesupport_c: rosidl_typesupport_fastrtps_c;rosidl_typesupport_introspection_c
[3.252s] -- Using all available rosidl_typesupport_cpp: rosidl_typesupport_fastrtps_cpp;rosidl_typesupport_introspection_cpp
[3.267s] -- Found PythonInterp: /usr/bin/python3 (found suitable version "3.10.12", minimum required is "3.6") 
[3.285s] -- Found python_cmake_module: 0.10.0 (/opt/ros/humble/share/python_cmake_module/cmake)
[3.336s] -- Found PythonLibs: /usr/lib/x86_64-linux-gnu/libpython3.10.so (found suitable version "3.10.12", minimum required is "3.5") 
[3.336s] -- Using PYTHON_EXECUTABLE: /usr/bin/python3
[3.336s] -- Using PYTHON_INCLUDE_DIRS: /usr/include/python3.10
[3.336s] -- Using PYTHON_LIBRARIES: /usr/lib/x86_64-linux-gnu/libpython3.10.so
[3.351s] -- Found PythonExtra: .so  
[3.400s] -- Added test 'lint_cmake' to check CMake code style
[3.408s] -- Added test 'xmllint' to check XML markup files
[3.464s] -- Configuring done
[3.524s] -- Generating done
[3.526s] -- Build files have been written to: /home/mahus/Winter/Autonomous-Cleaning-Robot/robot_ws/build/more_interfaces
[3.532s] Invoked command in '/home/mahus/Winter/Autonomous-Cleaning-Robot/robot_ws/build/more_interfaces' returned '0': CMAKE_PREFIX_PATH=/opt/ros/humble /usr/bin/cmake /home/mahus/Winter/Autonomous-Cleaning-Robot/robot_ws/more_interfaces -DCMAKE_INSTALL_PREFIX=/home/mahus/Winter/Autonomous-Cleaning-Robot/robot_ws/install/more_interfaces
[3.534s] Invoking command in '/home/mahus/Winter/Autonomous-Cleaning-Robot/robot_ws/build/more_interfaces': CMAKE_PREFIX_PATH=/opt/ros/humble /usr/bin/cmake --build /home/mahus/Winter/Autonomous-Cleaning-Robot/robot_ws/build/more_interfaces -- -j12 -l12
[3.564s] [  3%] [34m[1mGenerating C code for ROS interfaces[0m
[3.571s] [  6%] [34m[1mGenerating C++ code for ROS interfaces[0m
[3.577s] [  6%] Built target ament_cmake_python_copy_more_interfaces
[3.790s] running egg_info
[3.790s] creating more_interfaces.egg-info
[3.791s] writing more_interfaces.egg-info/PKG-INFO
[3.791s] writing dependency_links to more_interfaces.egg-info/dependency_links.txt
[3.791s] writing top-level names to more_interfaces.egg-info/top_level.txt
[3.791s] writing manifest file 'more_interfaces.egg-info/SOURCES.txt'
[3.793s] reading manifest file 'more_interfaces.egg-info/SOURCES.txt'
[3.793s] writing manifest file 'more_interfaces.egg-info/SOURCES.txt'
[3.796s] [  6%] Built target more_interfaces__cpp
[3.805s] [  9%] [34m[1mGenerating C++ introspection for ROS interfaces[0m
[3.805s] [ 12%] [34m[1mGenerating C++ type support for eProsima Fast-RTPS[0m
[3.805s] [ 16%] [34m[1mGenerating C++ type support dispatch for ROS interfaces[0m
[3.811s] [ 16%] Built target ament_cmake_python_build_more_interfaces_egg
[3.814s] [ 19%] [32mBuilding C object CMakeFiles/more_interfaces__rosidl_generator_c.dir/rosidl_generator_c/more_interfaces/msg/detail/readings__functions.c.o[0m
[3.976s] [ 22%] [32mBuilding CXX object CMakeFiles/more_interfaces__rosidl_typesupport_introspection_cpp.dir/rosidl_typesupport_introspection_cpp/more_interfaces/msg/detail/readings__type_support.cpp.o[0m
[3.987s] [ 25%] [32mBuilding CXX object CMakeFiles/more_interfaces__rosidl_typesupport_fastrtps_cpp.dir/rosidl_typesupport_fastrtps_cpp/more_interfaces/msg/detail/dds_fastrtps/readings__type_support.cpp.o[0m
[4.004s] [ 29%] [32mBuilding CXX object CMakeFiles/more_interfaces__rosidl_typesupport_cpp.dir/rosidl_typesupport_cpp/more_interfaces/msg/readings__type_support.cpp.o[0m
[4.468s] [ 32%] [32m[1mLinking C shared library libmore_interfaces__rosidl_generator_c.so[0m
[4.517s] [ 32%] Built target more_interfaces__rosidl_generator_c
[4.525s] [ 38%] [34m[1mGenerating C type support for eProsima Fast-RTPS[0m
[4.525s] [ 38%] [34m[1mGenerating C introspection for ROS interfaces[0m
[4.525s] [ 41%] [34m[1mGenerating C type support dispatch for ROS interfaces[0m
[4.704s] [ 45%] [32mBuilding CXX object CMakeFiles/more_interfaces__rosidl_typesupport_fastrtps_c.dir/rosidl_typesupport_fastrtps_c/more_interfaces/msg/detail/readings__type_support_c.cpp.o[0m
[4.718s] [ 48%] [32mBuilding C object CMakeFiles/more_interfaces__rosidl_typesupport_introspection_c.dir/rosidl_typesupport_introspection_c/more_interfaces/msg/detail/readings__type_support.c.o[0m
[4.727s] [ 51%] [32mBuilding CXX object CMakeFiles/more_interfaces__rosidl_typesupport_c.dir/rosidl_typesupport_c/more_interfaces/msg/readings__type_support.cpp.o[0m
[4.796s] [ 54%] [32m[1mLinking C shared library libmore_interfaces__rosidl_typesupport_introspection_c.so[0m
[4.834s] [ 54%] Built target more_interfaces__rosidl_typesupport_introspection_c
[4.921s] [ 58%] [32m[1mLinking CXX shared library libmore_interfaces__rosidl_typesupport_c.so[0m
[4.974s] [ 58%] Built target more_interfaces__rosidl_typesupport_c
[5.012s] [ 61%] [32m[1mLinking CXX shared library libmore_interfaces__rosidl_typesupport_cpp.so[0m
[5.045s] [ 61%] Built target more_interfaces__rosidl_typesupport_cpp
[5.140s] [ 64%] [32m[1mLinking CXX shared library libmore_interfaces__rosidl_typesupport_introspection_cpp.so[0m
[5.187s] [ 64%] Built target more_interfaces__rosidl_typesupport_introspection_cpp
[5.194s] [ 67%] [32m[1mLinking CXX shared library libmore_interfaces__rosidl_typesupport_fastrtps_c.so[0m
[5.199s] [ 70%] [32m[1mLinking CXX shared library libmore_interfaces__rosidl_typesupport_fastrtps_cpp.so[0m
[5.270s] [ 70%] Built target more_interfaces__rosidl_typesupport_fastrtps_cpp
[5.270s] [ 70%] Built target more_interfaces__rosidl_typesupport_fastrtps_c
[5.285s] [ 70%] Built target more_interfaces
[5.301s] [ 74%] [34m[1mGenerating Python code for ROS interfaces[0m
[5.511s] [ 74%] Built target more_interfaces__py
[5.526s] [ 77%] [32mBuilding C object CMakeFiles/more_interfaces__rosidl_generator_py.dir/rosidl_generator_py/more_interfaces/msg/_readings_s.c.o[0m
[5.829s] [ 80%] [32m[1mLinking C shared library rosidl_generator_py/more_interfaces/libmore_interfaces__rosidl_generator_py.so[0m
[5.873s] [ 80%] Built target more_interfaces__rosidl_generator_py
[5.888s] [ 83%] [32mBuilding C object CMakeFiles/more_interfaces__rosidl_typesupport_fastrtps_c__pyext.dir/rosidl_generator_py/more_interfaces/_more_interfaces_s.ep.rosidl_typesupport_fastrtps_c.c.o[0m
[5.888s] [ 87%] [32mBuilding C object CMakeFiles/more_interfaces__rosidl_typesupport_introspection_c__pyext.dir/rosidl_generator_py/more_interfaces/_more_interfaces_s.ep.rosidl_typesupport_introspection_c.c.o[0m
[5.888s] [ 90%] [32mBuilding C object CMakeFiles/more_interfaces__rosidl_typesupport_c__pyext.dir/rosidl_generator_py/more_interfaces/_more_interfaces_s.ep.rosidl_typesupport_c.c.o[0m
[5.950s] [ 93%] [32m[1mLinking C shared library rosidl_generator_py/more_interfaces/more_interfaces_s__rosidl_typesupport_c.cpython-310-x86_64-linux-gnu.so[0m
[5.950s] [ 96%] [32m[1mLinking C shared library rosidl_generator_py/more_interfaces/more_interfaces_s__rosidl_typesupport_introspection_c.cpython-310-x86_64-linux-gnu.so[0m
[5.953s] [100%] [32m[1mLinking C shared library rosidl_generator_py/more_interfaces/more_interfaces_s__rosidl_typesupport_fastrtps_c.cpython-310-x86_64-linux-gnu.so[0m
[5.974s] [100%] Built target more_interfaces__rosidl_typesupport_c__pyext
[5.974s] [100%] Built target more_interfaces__rosidl_typesupport_introspection_c__pyext
[5.977s] [100%] Built target more_interfaces__rosidl_typesupport_fastrtps_c__pyext
[5.986s] Invoked command in '/home/mahus/Winter/Autonomous-Cleaning-Robot/robot_ws/build/more_interfaces' returned '0': CMAKE_PREFIX_PATH=/opt/ros/humble /usr/bin/cmake --build /home/mahus/Winter/Autonomous-Cleaning-Robot/robot_ws/build/more_interfaces -- -j12 -l12
[6.039s] Invoking command in '/home/mahus/Winter/Autonomous-Cleaning-Robot/robot_ws/build/more_interfaces': CMAKE_PREFIX_PATH=/opt/ros/humble /usr/bin/cmake --install /home/mahus/Winter/Autonomous-Cleaning-Robot/robot_ws/build/more_interfaces
[6.045s] -- Install configuration: ""
[6.045s] -- Installing: /home/mahus/Winter/Autonomous-Cleaning-Robot/robot_ws/install/more_interfaces/share/ament_index/resource_index/rosidl_interfaces/more_interfaces
[6.045s] -- Installing: /home/mahus/Winter/Autonomous-Cleaning-Robot/robot_ws/install/more_interfaces/include/more_interfaces/more_interfaces
[6.045s] -- Installing: /home/mahus/Winter/Autonomous-Cleaning-Robot/robot_ws/install/more_interfaces/include/more_interfaces/more_interfaces/msg
[6.045s] -- Installing: /home/mahus/Winter/Autonomous-Cleaning-Robot/robot_ws/install/more_interfaces/include/more_interfaces/more_interfaces/msg/rosidl_generator_c__visibility_control.h
[6.045s] -- Installing: /home/mahus/Winter/Autonomous-Cleaning-Robot/robot_ws/install/more_interfaces/include/more_interfaces/more_interfaces/msg/readings.h
[6.046s] -- Installing: /home/mahus/Winter/Autonomous-Cleaning-Robot/robot_ws/install/more_interfaces/include/more_interfaces/more_interfaces/msg/detail
[6.046s] -- Installing: /home/mahus/Winter/Autonomous-Cleaning-Robot/robot_ws/install/more_interfaces/include/more_interfaces/more_interfaces/msg/detail/readings__type_support.h
[6.046s] -- Installing: /home/mahus/Winter/Autonomous-Cleaning-Robot/robot_ws/install/more_interfaces/include/more_interfaces/more_interfaces/msg/detail/readings__struct.h
[6.046s] -- Installing: /home/mahus/Winter/Autonomous-Cleaning-Robot/robot_ws/install/more_interfaces/include/more_interfaces/more_interfaces/msg/detail/readings__functions.c
[6.046s] -- Installing: /home/mahus/Winter/Autonomous-Cleaning-Robot/robot_ws/install/more_interfaces/include/more_interfaces/more_interfaces/msg/detail/readings__functions.h
[6.046s] -- Installing: /home/mahus/Winter/Autonomous-Cleaning-Robot/robot_ws/install/more_interfaces/share/more_interfaces/environment/library_path.sh
[6.046s] -- Installing: /home/mahus/Winter/Autonomous-Cleaning-Robot/robot_ws/install/more_interfaces/share/more_interfaces/environment/library_path.dsv
[6.046s] -- Installing: /home/mahus/Winter/Autonomous-Cleaning-Robot/robot_ws/install/more_interfaces/lib/libmore_interfaces__rosidl_generator_c.so
[6.047s] -- Set runtime path of "/home/mahus/Winter/Autonomous-Cleaning-Robot/robot_ws/install/more_interfaces/lib/libmore_interfaces__rosidl_generator_c.so" to ""
[6.047s] -- Up-to-date: /home/mahus/Winter/Autonomous-Cleaning-Robot/robot_ws/install/more_interfaces/include/more_interfaces/more_interfaces
[6.047s] -- Up-to-date: /home/mahus/Winter/Autonomous-Cleaning-Robot/robot_ws/install/more_interfaces/include/more_interfaces/more_interfaces/msg
[6.047s] -- Installing: /home/mahus/Winter/Autonomous-Cleaning-Robot/robot_ws/install/more_interfaces/include/more_interfaces/more_interfaces/msg/rosidl_typesupport_fastrtps_c__visibility_control.h
[6.047s] -- Up-to-date: /home/mahus/Winter/Autonomous-Cleaning-Robot/robot_ws/install/more_interfaces/include/more_interfaces/more_interfaces/msg/detail
[6.047s] -- Installing: /home/mahus/Winter/Autonomous-Cleaning-Robot/robot_ws/install/more_interfaces/include/more_interfaces/more_interfaces/msg/detail/readings__rosidl_typesupport_fastrtps_c.h
[6.047s] -- Installing: /home/mahus/Winter/Autonomous-Cleaning-Robot/robot_ws/install/more_interfaces/lib/libmore_interfaces__rosidl_typesupport_fastrtps_c.so
[6.048s] -- Set runtime path of "/home/mahus/Winter/Autonomous-Cleaning-Robot/robot_ws/install/more_interfaces/lib/libmore_interfaces__rosidl_typesupport_fastrtps_c.so" to ""
[6.048s] -- Up-to-date: /home/mahus/Winter/Autonomous-Cleaning-Robot/robot_ws/install/more_interfaces/include/more_interfaces/more_interfaces
[6.048s] -- Up-to-date: /home/mahus/Winter/Autonomous-Cleaning-Robot/robot_ws/install/more_interfaces/include/more_interfaces/more_interfaces/msg
[6.048s] -- Installing: /home/mahus/Winter/Autonomous-Cleaning-Robot/robot_ws/install/more_interfaces/include/more_interfaces/more_interfaces/msg/rosidl_typesupport_introspection_c__visibility_control.h
[6.048s] -- Up-to-date: /home/mahus/Winter/Autonomous-Cleaning-Robot/robot_ws/install/more_interfaces/include/more_interfaces/more_interfaces/msg/detail
[6.048s] -- Installing: /home/mahus/Winter/Autonomous-Cleaning-Robot/robot_ws/install/more_interfaces/include/more_interfaces/more_interfaces/msg/detail/readings__type_support.c
[6.048s] -- Installing: /home/mahus/Winter/Autonomous-Cleaning-Robot/robot_ws/install/more_interfaces/include/more_interfaces/more_interfaces/msg/detail/readings__rosidl_typesupport_introspection_c.h
[6.048s] -- Installing: /home/mahus/Winter/Autonomous-Cleaning-Robot/robot_ws/install/more_interfaces/lib/libmore_interfaces__rosidl_typesupport_introspection_c.so
[6.048s] -- Set runtime path of "/home/mahus/Winter/Autonomous-Cleaning-Robot/robot_ws/install/more_interfaces/lib/libmore_interfaces__rosidl_typesupport_introspection_c.so" to ""
[6.048s] -- Installing: /home/mahus/Winter/Autonomous-Cleaning-Robot/robot_ws/install/more_interfaces/lib/libmore_interfaces__rosidl_typesupport_c.so
[6.049s] -- Set runtime path of "/home/mahus/Winter/Autonomous-Cleaning-Robot/robot_ws/install/more_interfaces/lib/libmore_interfaces__rosidl_typesupport_c.so" to ""
[6.049s] -- Up-to-date: /home/mahus/Winter/Autonomous-Cleaning-Robot/robot_ws/install/more_interfaces/include/more_interfaces/more_interfaces
[6.049s] -- Up-to-date: /home/mahus/Winter/Autonomous-Cleaning-Robot/robot_ws/install/more_interfaces/include/more_interfaces/more_interfaces/msg
[6.049s] -- Up-to-date: /home/mahus/Winter/Autonomous-Cleaning-Robot/robot_ws/install/more_interfaces/include/more_interfaces/more_interfaces/msg/detail
[6.049s] -- Installing: /home/mahus/Winter/Autonomous-Cleaning-Robot/robot_ws/install/more_interfaces/include/more_interfaces/more_interfaces/msg/detail/readings__traits.hpp
[6.049s] -- Installing: /home/mahus/Winter/Autonomous-Cleaning-Robot/robot_ws/install/more_interfaces/include/more_interfaces/more_interfaces/msg/detail/readings__struct.hpp
[6.049s] -- Installing: /home/mahus/Winter/Autonomous-Cleaning-Robot/robot_ws/install/more_interfaces/include/more_interfaces/more_interfaces/msg/detail/readings__builder.hpp
[6.049s] -- Installing: /home/mahus/Winter/Autonomous-Cleaning-Robot/robot_ws/install/more_interfaces/include/more_interfaces/more_interfaces/msg/readings.hpp
[6.049s] -- Up-to-date: /home/mahus/Winter/Autonomous-Cleaning-Robot/robot_ws/install/more_interfaces/include/more_interfaces/more_interfaces
[6.049s] -- Up-to-date: /home/mahus/Winter/Autonomous-Cleaning-Robot/robot_ws/install/more_interfaces/include/more_interfaces/more_interfaces/msg
[6.049s] -- Up-to-date: /home/mahus/Winter/Autonomous-Cleaning-Robot/robot_ws/install/more_interfaces/include/more_interfaces/more_interfaces/msg/detail
[6.049s] -- Installing: /home/mahus/Winter/Autonomous-Cleaning-Robot/robot_ws/install/more_interfaces/include/more_interfaces/more_interfaces/msg/detail/dds_fastrtps
[6.049s] -- Installing: /home/mahus/Winter/Autonomous-Cleaning-Robot/robot_ws/install/more_interfaces/include/more_interfaces/more_interfaces/msg/detail/readings__rosidl_typesupport_fastrtps_cpp.hpp
[6.050s] -- Installing: /home/mahus/Winter/Autonomous-Cleaning-Robot/robot_ws/install/more_interfaces/include/more_interfaces/more_interfaces/msg/rosidl_typesupport_fastrtps_cpp__visibility_control.h
[6.050s] -- Installing: /home/mahus/Winter/Autonomous-Cleaning-Robot/robot_ws/install/more_interfaces/lib/libmore_interfaces__rosidl_typesupport_fastrtps_cpp.so
[6.050s] -- Set runtime path of "/home/mahus/Winter/Autonomous-Cleaning-Robot/robot_ws/install/more_interfaces/lib/libmore_interfaces__rosidl_typesupport_fastrtps_cpp.so" to ""
[6.050s] -- Up-to-date: /home/mahus/Winter/Autonomous-Cleaning-Robot/robot_ws/install/more_interfaces/include/more_interfaces/more_interfaces
[6.050s] -- Up-to-date: /home/mahus/Winter/Autonomous-Cleaning-Robot/robot_ws/install/more_interfaces/include/more_interfaces/more_interfaces/msg
[6.050s] -- Up-to-date: /home/mahus/Winter/Autonomous-Cleaning-Robot/robot_ws/install/more_interfaces/include/more_interfaces/more_interfaces/msg/detail
[6.050s] -- Installing: /home/mahus/Winter/Autonomous-Cleaning-Robot/robot_ws/install/more_interfaces/include/more_interfaces/more_interfaces/msg/detail/readings__type_support.cpp
[6.050s] -- Installing: /home/mahus/Winter/Autonomous-Cleaning-Robot/robot_ws/install/more_interfaces/include/more_interfaces/more_interfaces/msg/detail/readings__rosidl_typesupport_introspection_cpp.hpp
[6.050s] -- Installing: /home/mahus/Winter/Autonomous-Cleaning-Robot/robot_ws/install/more_interfaces/lib/libmore_interfaces__rosidl_typesupport_introspection_cpp.so
[6.051s] -- Set runtime path of "/home/mahus/Winter/Autonomous-Cleaning-Robot/robot_ws/install/more_interfaces/lib/libmore_interfaces__rosidl_typesupport_introspection_cpp.so" to ""
[6.051s] -- Installing: /home/mahus/Winter/Autonomous-Cleaning-Robot/robot_ws/install/more_interfaces/lib/libmore_interfaces__rosidl_typesupport_cpp.so
[6.051s] -- Set runtime path of "/home/mahus/Winter/Autonomous-Cleaning-Robot/robot_ws/install/more_interfaces/lib/libmore_interfaces__rosidl_typesupport_cpp.so" to ""
[6.051s] -- Installing: /home/mahus/Winter/Autonomous-Cleaning-Robot/robot_ws/install/more_interfaces/share/more_interfaces/environment/pythonpath.sh
[6.051s] -- Installing: /home/mahus/Winter/Autonomous-Cleaning-Robot/robot_ws/install/more_interfaces/share/more_interfaces/environment/pythonpath.dsv
[6.051s] -- Installing: /home/mahus/Winter/Autonomous-Cleaning-Robot/robot_ws/install/more_interfaces/local/lib/python3.10/dist-packages/more_interfaces-0.1.0-py3.10.egg-info
[6.051s] -- Installing: /home/mahus/Winter/Autonomous-Cleaning-Robot/robot_ws/install/more_interfaces/local/lib/python3.10/dist-packages/more_interfaces-0.1.0-py3.10.egg-info/SOURCES.txt
[6.052s] -- Installing: /home/mahus/Winter/Autonomous-Cleaning-Robot/robot_ws/install/more_interfaces/local/lib/python3.10/dist-packages/more_interfaces-0.1.0-py3.10.egg-info/PKG-INFO
[6.052s] -- Installing: /home/mahus/Winter/Autonomous-Cleaning-Robot/robot_ws/install/more_interfaces/local/lib/python3.10/dist-packages/more_interfaces-0.1.0-py3.10.egg-info/dependency_links.txt
[6.052s] -- Installing: /home/mahus/Winter/Autonomous-Cleaning-Robot/robot_ws/install/more_interfaces/local/lib/python3.10/dist-packages/more_interfaces-0.1.0-py3.10.egg-info/top_level.txt
[6.052s] -- Installing: /home/mahus/Winter/Autonomous-Cleaning-Robot/robot_ws/install/more_interfaces/local/lib/python3.10/dist-packages/more_interfaces
[6.052s] -- Installing: /home/mahus/Winter/Autonomous-Cleaning-Robot/robot_ws/install/more_interfaces/local/lib/python3.10/dist-packages/more_interfaces/more_interfaces_s__rosidl_typesupport_introspection_c.cpython-310-x86_64-linux-gnu.so
[6.052s] -- Installing: /home/mahus/Winter/Autonomous-Cleaning-Robot/robot_ws/install/more_interfaces/local/lib/python3.10/dist-packages/more_interfaces/_more_interfaces_s.ep.rosidl_typesupport_c.c
[6.052s] -- Installing: /home/mahus/Winter/Autonomous-Cleaning-Robot/robot_ws/install/more_interfaces/local/lib/python3.10/dist-packages/more_interfaces/more_interfaces_s__rosidl_typesupport_fastrtps_c.cpython-310-x86_64-linux-gnu.so
[6.052s] -- Installing: /home/mahus/Winter/Autonomous-Cleaning-Robot/robot_ws/install/more_interfaces/local/lib/python3.10/dist-packages/more_interfaces/libmore_interfaces__rosidl_generator_py.so
[6.052s] -- Installing: /home/mahus/Winter/Autonomous-Cleaning-Robot/robot_ws/install/more_interfaces/local/lib/python3.10/dist-packages/more_interfaces/msg
[6.052s] -- Installing: /home/mahus/Winter/Autonomous-Cleaning-Robot/robot_ws/install/more_interfaces/local/lib/python3.10/dist-packages/more_interfaces/msg/_readings_s.c
[6.053s] -- Installing: /home/mahus/Winter/Autonomous-Cleaning-Robot/robot_ws/install/more_interfaces/local/lib/python3.10/dist-packages/more_interfaces/msg/_readings.py
[6.053s] -- Installing: /home/mahus/Winter/Autonomous-Cleaning-Robot/robot_ws/install/more_interfaces/local/lib/python3.10/dist-packages/more_interfaces/msg/__init__.py
[6.053s] -- Installing: /home/mahus/Winter/Autonomous-Cleaning-Robot/robot_ws/install/more_interfaces/local/lib/python3.10/dist-packages/more_interfaces/_more_interfaces_s.ep.rosidl_typesupport_fastrtps_c.c
[6.053s] -- Installing: /home/mahus/Winter/Autonomous-Cleaning-Robot/robot_ws/install/more_interfaces/local/lib/python3.10/dist-packages/more_interfaces/_more_interfaces_s.ep.rosidl_typesupport_introspection_c.c
[6.053s] -- Installing: /home/mahus/Winter/Autonomous-Cleaning-Robot/robot_ws/install/more_interfaces/local/lib/python3.10/dist-packages/more_interfaces/more_interfaces_s__rosidl_typesupport_c.cpython-310-x86_64-linux-gnu.so
[6.053s] -- Installing: /home/mahus/Winter/Autonomous-Cleaning-Robot/robot_ws/install/more_interfaces/local/lib/python3.10/dist-packages/more_interfaces/__init__.py
[6.094s] Listing '/home/mahus/Winter/Autonomous-Cleaning-Robot/robot_ws/install/more_interfaces/local/lib/python3.10/dist-packages/more_interfaces'...
[6.094s] Compiling '/home/mahus/Winter/Autonomous-Cleaning-Robot/robot_ws/install/more_interfaces/local/lib/python3.10/dist-packages/more_interfaces/__init__.py'...
[6.094s] Listing '/home/mahus/Winter/Autonomous-Cleaning-Robot/robot_ws/install/more_interfaces/local/lib/python3.10/dist-packages/more_interfaces/msg'...
[6.095s] Compiling '/home/mahus/Winter/Autonomous-Cleaning-Robot/robot_ws/install/more_interfaces/local/lib/python3.10/dist-packages/more_interfaces/msg/__init__.py'...
[6.095s] Compiling '/home/mahus/Winter/Autonomous-Cleaning-Robot/robot_ws/install/more_interfaces/local/lib/python3.10/dist-packages/more_interfaces/msg/_readings.py'...
[6.097s] -- Installing: /home/mahus/Winter/Autonomous-Cleaning-Robot/robot_ws/install/more_interfaces/local/lib/python3.10/dist-packages/more_interfaces/more_interfaces_s__rosidl_typesupport_fastrtps_c.cpython-310-x86_64-linux-gnu.so
[6.097s] -- Set runtime path of "/home/mahus/Winter/Autonomous-Cleaning-Robot/robot_ws/install/more_interfaces/local/lib/python3.10/dist-packages/more_interfaces/more_interfaces_s__rosidl_typesupport_fastrtps_c.cpython-310-x86_64-linux-gnu.so" to ""
[6.098s] -- Installing: /home/mahus/Winter/Autonomous-Cleaning-Robot/robot_ws/install/more_interfaces/local/lib/python3.10/dist-packages/more_interfaces/more_interfaces_s__rosidl_typesupport_introspection_c.cpython-310-x86_64-linux-gnu.so
[6.098s] -- Set runtime path of "/home/mahus/Winter/Autonomous-Cleaning-Robot/robot_ws/install/more_interfaces/local/lib/python3.10/dist-packages/more_interfaces/more_interfaces_s__rosidl_typesupport_introspection_c.cpython-310-x86_64-linux-gnu.so" to ""
[6.098s] -- Installing: /home/mahus/Winter/Autonomous-Cleaning-Robot/robot_ws/install/more_interfaces/local/lib/python3.10/dist-packages/more_interfaces/more_interfaces_s__rosidl_typesupport_c.cpython-310-x86_64-linux-gnu.so
[6.098s] -- Set runtime path of "/home/mahus/Winter/Autonomous-Cleaning-Robot/robot_ws/install/more_interfaces/local/lib/python3.10/dist-packages/more_interfaces/more_interfaces_s__rosidl_typesupport_c.cpython-310-x86_64-linux-gnu.so" to ""
[6.098s] -- Installing: /home/mahus/Winter/Autonomous-Cleaning-Robot/robot_ws/install/more_interfaces/lib/libmore_interfaces__rosidl_generator_py.so
[6.099s] -- Set runtime path of "/home/mahus/Winter/Autonomous-Cleaning-Robot/robot_ws/install/more_interfaces/lib/libmore_interfaces__rosidl_generator_py.so" to ""
[6.099s] -- Installing: /home/mahus/Winter/Autonomous-Cleaning-Robot/robot_ws/install/more_interfaces/share/more_interfaces/msg/Readings.idl
[6.099s] -- Installing: /home/mahus/Winter/Autonomous-Cleaning-Robot/robot_ws/install/more_interfaces/share/more_interfaces/msg/Readings.msg
[6.099s] -- Installing: /home/mahus/Winter/Autonomous-Cleaning-Robot/robot_ws/install/more_interfaces/share/ament_index/resource_index/package_run_dependencies/more_interfaces
[6.099s] -- Installing: /home/mahus/Winter/Autonomous-Cleaning-Robot/robot_ws/install/more_interfaces/share/ament_index/resource_index/parent_prefix_path/more_interfaces
[6.099s] -- Installing: /home/mahus/Winter/Autonomous-Cleaning-Robot/robot_ws/install/more_interfaces/share/more_interfaces/environment/ament_prefix_path.sh
[6.099s] -- Installing: /home/mahus/Winter/Autonomous-Cleaning-Robot/robot_ws/install/more_interfaces/share/more_interfaces/environment/ament_prefix_path.dsv
[6.099s] -- Installing: /home/mahus/Winter/Autonomous-Cleaning-Robot/robot_ws/install/more_interfaces/share/more_interfaces/environment/path.sh
[6.100s] -- Installing: /home/mahus/Winter/Autonomous-Cleaning-Robot/robot_ws/install/more_interfaces/share/more_interfaces/environment/path.dsv
[6.100s] -- Installing: /home/mahus/Winter/Autonomous-Cleaning-Robot/robot_ws/install/more_interfaces/share/more_interfaces/local_setup.bash
[6.100s] -- Installing: /home/mahus/Winter/Autonomous-Cleaning-Robot/robot_ws/install/more_interfaces/share/more_interfaces/local_setup.sh
[6.100s] -- Installing: /home/mahus/Winter/Autonomous-Cleaning-Robot/robot_ws/install/more_interfaces/share/more_interfaces/local_setup.zsh
[6.100s] -- Installing: /home/mahus/Winter/Autonomous-Cleaning-Robot/robot_ws/install/more_interfaces/share/more_interfaces/local_setup.dsv
[6.100s] -- Installing: /home/mahus/Winter/Autonomous-Cleaning-Robot/robot_ws/install/more_interfaces/share/more_interfaces/package.dsv
[6.100s] -- Installing: /home/mahus/Winter/Autonomous-Cleaning-Robot/robot_ws/install/more_interfaces/share/ament_index/resource_index/packages/more_interfaces
[6.101s] -- Installing: /home/mahus/Winter/Autonomous-Cleaning-Robot/robot_ws/install/more_interfaces/share/more_interfaces/cmake/export_more_interfaces__rosidl_generator_cExport.cmake
[6.101s] -- Installing: /home/mahus/Winter/Autonomous-Cleaning-Robot/robot_ws/install/more_interfaces/share/more_interfaces/cmake/export_more_interfaces__rosidl_generator_cExport-noconfig.cmake
[6.101s] -- Installing: /home/mahus/Winter/Autonomous-Cleaning-Robot/robot_ws/install/more_interfaces/share/more_interfaces/cmake/export_more_interfaces__rosidl_typesupport_fastrtps_cExport.cmake
[6.101s] -- Installing: /home/mahus/Winter/Autonomous-Cleaning-Robot/robot_ws/install/more_interfaces/share/more_interfaces/cmake/export_more_interfaces__rosidl_typesupport_fastrtps_cExport-noconfig.cmake
[6.101s] -- Installing: /home/mahus/Winter/Autonomous-Cleaning-Robot/robot_ws/install/more_interfaces/share/more_interfaces/cmake/more_interfaces__rosidl_typesupport_introspection_cExport.cmake
[6.101s] -- Installing: /home/mahus/Winter/Autonomous-Cleaning-Robot/robot_ws/install/more_interfaces/share/more_interfaces/cmake/more_interfaces__rosidl_typesupport_introspection_cExport-noconfig.cmake
[6.101s] -- Installing: /home/mahus/Winter/Autonomous-Cleaning-Robot/robot_ws/install/more_interfaces/share/more_interfaces/cmake/more_interfaces__rosidl_typesupport_cExport.cmake
[6.101s] -- Installing: /home/mahus/Winter/Autonomous-Cleaning-Robot/robot_ws/install/more_interfaces/share/more_interfaces/cmake/more_interfaces__rosidl_typesupport_cExport-noconfig.cmake
[6.102s] -- Installing: /home/mahus/Winter/Autonomous-Cleaning-Robot/robot_ws/install/more_interfaces/share/more_interfaces/cmake/export_more_interfaces__rosidl_generator_cppExport.cmake
[6.102s] -- Installing: /home/mahus/Winter/Autonomous-Cleaning-Robot/robot_ws/install/more_interfaces/share/more_interfaces/cmake/export_more_interfaces__rosidl_typesupport_fastrtps_cppExport.cmake
[6.102s] -- Installing: /home/mahus/Winter/Autonomous-Cleaning-Robot/robot_ws/install/more_interfaces/share/more_interfaces/cmake/export_more_interfaces__rosidl_typesupport_fastrtps_cppExport-noconfig.cmake
[6.102s] -- Installing: /home/mahus/Winter/Autonomous-Cleaning-Robot/robot_ws/install/more_interfaces/share/more_interfaces/cmake/more_interfaces__rosidl_typesupport_introspection_cppExport.cmake
[6.102s] -- Installing: /home/mahus/Winter/Autonomous-Cleaning-Robot/robot_ws/install/more_interfaces/share/more_interfaces/cmake/more_interfaces__rosidl_typesupport_introspection_cppExport-noconfig.cmake
[6.102s] -- Installing: /home/mahus/Winter/Autonomous-Cleaning-Robot/robot_ws/install/more_interfaces/share/more_interfaces/cmake/more_interfaces__rosidl_typesupport_cppExport.cmake
[6.102s] -- Installing: /home/mahus/Winter/Autonomous-Cleaning-Robot/robot_ws/install/more_interfaces/share/more_interfaces/cmake/more_interfaces__rosidl_typesupport_cppExport-noconfig.cmake
[6.103s] -- Installing: /home/mahus/Winter/Autonomous-Cleaning-Robot/robot_ws/install/more_interfaces/share/more_interfaces/cmake/export_more_interfaces__rosidl_generator_pyExport.cmake
[6.103s] -- Installing: /home/mahus/Winter/Autonomous-Cleaning-Robot/robot_ws/install/more_interfaces/share/more_interfaces/cmake/export_more_interfaces__rosidl_generator_pyExport-noconfig.cmake
[6.103s] -- Installing: /home/mahus/Winter/Autonomous-Cleaning-Robot/robot_ws/install/more_interfaces/share/more_interfaces/cmake/rosidl_cmake-extras.cmake
[6.103s] -- Installing: /home/mahus/Winter/Autonomous-Cleaning-Robot/robot_ws/install/more_interfaces/share/more_interfaces/cmake/ament_cmake_export_include_directories-extras.cmake
[6.103s] -- Installing: /home/mahus/Winter/Autonomous-Cleaning-Robot/robot_ws/install/more_interfaces/share/more_interfaces/cmake/ament_cmake_export_libraries-extras.cmake
[6.103s] -- Installing: /home/mahus/Winter/Autonomous-Cleaning-Robot/robot_ws/install/more_interfaces/share/more_interfaces/cmake/ament_cmake_export_targets-extras.cmake
[6.103s] -- Installing: /home/mahus/Winter/Autonomous-Cleaning-Robot/robot_ws/install/more_interfaces/share/more_interfaces/cmake/rosidl_cmake_export_typesupport_targets-extras.cmake
[6.103s] -- Installing: /home/mahus/Winter/Autonomous-Cleaning-Robot/robot_ws/install/more_interfaces/share/more_interfaces/cmake/ament_cmake_export_dependencies-extras.cmake
[6.104s] -- Installing: /home/mahus/Winter/Autonomous-Cleaning-Robot/robot_ws/install/more_interfaces/share/more_interfaces/cmake/rosidl_cmake_export_typesupport_libraries-extras.cmake
[6.104s] -- Installing: /home/mahus/Winter/Autonomous-Cleaning-Robot/robot_ws/install/more_interfaces/share/more_interfaces/cmake/more_interfacesConfig.cmake
[6.104s] -- Installing: /home/mahus/Winter/Autonomous-Cleaning-Robot/robot_ws/install/more_interfaces/share/more_interfaces/cmake/more_interfacesConfig-version.cmake
[6.104s] -- Installing: /home/mahus/Winter/Autonomous-Cleaning-Robot/robot_ws/install/more_interfaces/share/more_interfaces/package.xml
[6.106s] Invoked command in '/home/mahus/Winter/Autonomous-Cleaning-Robot/robot_ws/build/more_interfaces' returned '0': CMAKE_PREFIX_PATH=/opt/ros/humble /usr/bin/cmake --install /home/mahus/Winter/Autonomous-Cleaning-Robot/robot_ws/build/more_interfaces
