running develop
running egg_info
creating roomba_controller.egg-info
writing roomba_controller.egg-info/PKG-INFO
writing dependency_links to roomba_controller.egg-info/dependency_links.txt
writing entry points to roomba_controller.egg-info/entry_points.txt
writing requirements to roomba_controller.egg-info/requires.txt
writing top-level names to roomba_controller.egg-info/top_level.txt
writing manifest file 'roomba_controller.egg-info/SOURCES.txt'
reading manifest file 'roomba_controller.egg-info/SOURCES.txt'
writing manifest file 'roomba_controller.egg-info/SOURCES.txt'
running build_ext
Creating /home/mahus/Autonomous-Cleaning-Robot/robot_ws/install/roomba_controller/lib/python3.10/site-packages/roomba-controller.egg-link (link to .)
Installing roomba_controller script to /home/mahus/Autonomous-Cleaning-Robot/robot_ws/install/roomba_controller/lib/roomba_controller

Installed /home/mahus/Autonomous-Cleaning-Robot/robot_ws/build/roomba_controller
running install_data
creating /home/mahus/Autonomous-Cleaning-Robot/robot_ws/install/roomba_controller/share/ament_index
creating /home/mahus/Autonomous-Cleaning-Robot/robot_ws/install/roomba_controller/share/ament_index/resource_index
creating /home/mahus/Autonomous-Cleaning-Robot/robot_ws/install/roomba_controller/share/ament_index/resource_index/packages
copying resource/roomba_controller -> /home/mahus/Autonomous-Cleaning-Robot/robot_ws/install/roomba_controller/share/ament_index/resource_index/packages
copying package.xml -> /home/mahus/Autonomous-Cleaning-Robot/robot_ws/install/roomba_controller/share/roomba_controller
