[0.454s] Invoking command in '/home/mahus/Autonomous-Cleaning-Robot/robot_ws/build/roomba_controller': AMENT_PREFIX_PATH=/home/mahus/Autonomous-Cleaning-Robot/robot_ws/install/more_interfaces:${AMENT_PREFIX_PATH} CMAKE_PREFIX_PATH=/home/mahus/Autonomous-Cleaning-Robot/robot_ws/install/more_interfaces LD_LIBRARY_PATH=/home/mahus/Autonomous-Cleaning-Robot/robot_ws/install/more_interfaces/lib:${LD_LIBRARY_PATH} PYTHONPATH=/home/mahus/Autonomous-Cleaning-Robot/robot_ws/build/roomba_controller/prefix_override:/home/mahus/Autonomous-Cleaning-Robot/robot_ws/install/roomba_controller/lib/python3.10/site-packages:/home/mahus/Autonomous-Cleaning-Robot/robot_ws/install/more_interfaces/local/lib/python3.10/dist-packages:${PYTHONPATH} /usr/bin/python3 setup.py develop --editable --build-directory /home/mahus/Autonomous-Cleaning-Robot/robot_ws/build/roomba_controller/build --no-deps install_data
[0.634s] running develop
[0.636s] /usr/lib/python3/dist-packages/setuptools/command/easy_install.py:158: EasyInstallDeprecationWarning: easy_install command is deprecated. Use build and pip and other standards-based tools.
[0.637s]   warnings.warn(
[0.638s] /usr/lib/python3/dist-packages/setuptools/command/install.py:34: SetuptoolsDeprecationWarning: setup.py install is deprecated. Use build and pip and other standards-based tools.
[0.639s]   warnings.warn(
[0.746s] running egg_info
[0.746s] creating roomba_controller.egg-info
[0.747s] writing roomba_controller.egg-info/PKG-INFO
[0.747s] writing dependency_links to roomba_controller.egg-info/dependency_links.txt
[0.748s] writing entry points to roomba_controller.egg-info/entry_points.txt
[0.748s] writing requirements to roomba_controller.egg-info/requires.txt
[0.749s] writing top-level names to roomba_controller.egg-info/top_level.txt
[0.749s] writing manifest file 'roomba_controller.egg-info/SOURCES.txt'
[0.751s] reading manifest file 'roomba_controller.egg-info/SOURCES.txt'
[0.752s] writing manifest file 'roomba_controller.egg-info/SOURCES.txt'
[0.753s] running build_ext
[0.754s] Creating /home/mahus/Autonomous-Cleaning-Robot/robot_ws/install/roomba_controller/lib/python3.10/site-packages/roomba-controller.egg-link (link to .)
[0.755s] Installing roomba_controller script to /home/mahus/Autonomous-Cleaning-Robot/robot_ws/install/roomba_controller/lib/roomba_controller
[0.756s] 
[0.756s] Installed /home/mahus/Autonomous-Cleaning-Robot/robot_ws/build/roomba_controller
[0.756s] running install_data
[0.756s] creating /home/mahus/Autonomous-Cleaning-Robot/robot_ws/install/roomba_controller/share/ament_index
[0.757s] creating /home/mahus/Autonomous-Cleaning-Robot/robot_ws/install/roomba_controller/share/ament_index/resource_index
[0.757s] creating /home/mahus/Autonomous-Cleaning-Robot/robot_ws/install/roomba_controller/share/ament_index/resource_index/packages
[0.757s] copying resource/roomba_controller -> /home/mahus/Autonomous-Cleaning-Robot/robot_ws/install/roomba_controller/share/ament_index/resource_index/packages
[0.758s] copying package.xml -> /home/mahus/Autonomous-Cleaning-Robot/robot_ws/install/roomba_controller/share/roomba_controller
[0.781s] Invoked command in '/home/mahus/Autonomous-Cleaning-Robot/robot_ws/build/roomba_controller' returned '0': AMENT_PREFIX_PATH=/home/mahus/Autonomous-Cleaning-Robot/robot_ws/install/more_interfaces:${AMENT_PREFIX_PATH} CMAKE_PREFIX_PATH=/home/mahus/Autonomous-Cleaning-Robot/robot_ws/install/more_interfaces LD_LIBRARY_PATH=/home/mahus/Autonomous-Cleaning-Robot/robot_ws/install/more_interfaces/lib:${LD_LIBRARY_PATH} PYTHONPATH=/home/mahus/Autonomous-Cleaning-Robot/robot_ws/build/roomba_controller/prefix_override:/home/mahus/Autonomous-Cleaning-Robot/robot_ws/install/roomba_controller/lib/python3.10/site-packages:/home/mahus/Autonomous-Cleaning-Robot/robot_ws/install/more_interfaces/local/lib/python3.10/dist-packages:${PYTHONPATH} /usr/bin/python3 setup.py develop --editable --build-directory /home/mahus/Autonomous-Cleaning-Robot/robot_ws/build/roomba_controller/build --no-deps install_data
