[0.218s] DEBUG:colcon:Command line arguments: ['/usr/bin/colcon', 'build', '--symlink-install']
[0.218s] DEBUG:colcon:Parsed command line arguments: Namespace(log_base=None, log_level=None, verb_name='build', build_base='build', install_base='install', merge_install=False, symlink_install=True, test_result_base=None, continue_on_error=False, executor='parallel', parallel_workers=2, event_handlers=None, ignore_user_meta=False, metas=['./colcon.meta'], base_paths=['.'], packages_ignore=None, packages_ignore_regex=None, paths=None, packages_up_to=None, packages_up_to_regex=None, packages_above=None, packages_above_and_dependencies=None, packages_above_depth=None, packages_select_by_dep=None, packages_skip_by_dep=None, packages_skip_up_to=None, packages_select_build_failed=False, packages_skip_build_finished=False, packages_select_test_failures=False, packages_skip_test_passed=False, packages_select=None, packages_skip=None, packages_select_regex=None, packages_skip_regex=None, packages_start=None, packages_end=None, allow_overriding=[], cmake_args=None, cmake_target=None, cmake_target_skip_unavailable=False, cmake_clean_cache=False, cmake_clean_first=False, cmake_force_configure=False, ament_cmake_args=None, catkin_cmake_args=None, catkin_skip_building_tests=False, verb_parser=<colcon_defaults.argument_parser.defaults.DefaultArgumentsDecorator object at 0x7fd66c9b5870>, verb_extension=<colcon_core.verb.build.BuildVerb object at 0x7fd66d3c6fb0>, main=<bound method BuildVerb.main of <colcon_core.verb.build.BuildVerb object at 0x7fd66d3c6fb0>>)
[0.244s] Level 1:colcon.colcon_core.package_discovery:discover_packages(colcon_meta) check parameters
[0.244s] Level 1:colcon.colcon_core.package_discovery:discover_packages(recursive) check parameters
[0.244s] Level 1:colcon.colcon_core.package_discovery:discover_packages(ignore) check parameters
[0.244s] Level 1:colcon.colcon_core.package_discovery:discover_packages(path) check parameters
[0.244s] Level 1:colcon.colcon_core.package_discovery:discover_packages(colcon_meta) discover
[0.244s] Level 1:colcon.colcon_core.package_discovery:discover_packages(recursive) discover
[0.244s] INFO:colcon.colcon_core.package_discovery:Crawling recursively for packages in '/home/mahus/Autonomous-Cleaning-Robot/robot_ws'
[0.244s] Level 1:colcon.colcon_core.package_identification:_identify(.) by extensions ['ignore', 'ignore_ament_install']
[0.244s] Level 1:colcon.colcon_core.package_identification:_identify(.) by extension 'ignore'
[0.244s] Level 1:colcon.colcon_core.package_identification:_identify(.) by extension 'ignore_ament_install'
[0.244s] Level 1:colcon.colcon_core.package_identification:_identify(.) by extensions ['colcon_pkg']
[0.244s] Level 1:colcon.colcon_core.package_identification:_identify(.) by extension 'colcon_pkg'
[0.244s] Level 1:colcon.colcon_core.package_identification:_identify(.) by extensions ['colcon_meta']
[0.244s] Level 1:colcon.colcon_core.package_identification:_identify(.) by extension 'colcon_meta'
[0.244s] Level 1:colcon.colcon_core.package_identification:_identify(.) by extensions ['ros']
[0.244s] Level 1:colcon.colcon_core.package_identification:_identify(.) by extension 'ros'
[0.253s] Level 1:colcon.colcon_core.package_identification:_identify(.) by extensions ['cmake', 'python']
[0.253s] Level 1:colcon.colcon_core.package_identification:_identify(.) by extension 'cmake'
[0.253s] Level 1:colcon.colcon_core.package_identification:_identify(.) by extension 'python'
[0.254s] Level 1:colcon.colcon_core.package_identification:_identify(.) by extensions ['python_setup_py']
[0.254s] Level 1:colcon.colcon_core.package_identification:_identify(.) by extension 'python_setup_py'
[0.254s] Level 1:colcon.colcon_core.package_identification:_identify(build) by extensions ['ignore', 'ignore_ament_install']
[0.254s] Level 1:colcon.colcon_core.package_identification:_identify(build) by extension 'ignore'
[0.254s] Level 1:colcon.colcon_core.package_identification:_identify(build) ignored
[0.254s] Level 1:colcon.colcon_core.package_identification:_identify(install) by extensions ['ignore', 'ignore_ament_install']
[0.254s] Level 1:colcon.colcon_core.package_identification:_identify(install) by extension 'ignore'
[0.254s] Level 1:colcon.colcon_core.package_identification:_identify(install) ignored
[0.254s] Level 1:colcon.colcon_core.package_identification:_identify(log) by extensions ['ignore', 'ignore_ament_install']
[0.254s] Level 1:colcon.colcon_core.package_identification:_identify(log) by extension 'ignore'
[0.254s] Level 1:colcon.colcon_core.package_identification:_identify(log) ignored
[0.254s] Level 1:colcon.colcon_core.package_identification:_identify(more_interfaces) by extensions ['ignore', 'ignore_ament_install']
[0.255s] Level 1:colcon.colcon_core.package_identification:_identify(more_interfaces) by extension 'ignore'
[0.255s] Level 1:colcon.colcon_core.package_identification:_identify(more_interfaces) by extension 'ignore_ament_install'
[0.255s] Level 1:colcon.colcon_core.package_identification:_identify(more_interfaces) by extensions ['colcon_pkg']
[0.255s] Level 1:colcon.colcon_core.package_identification:_identify(more_interfaces) by extension 'colcon_pkg'
[0.255s] Level 1:colcon.colcon_core.package_identification:_identify(more_interfaces) by extensions ['colcon_meta']
[0.255s] Level 1:colcon.colcon_core.package_identification:_identify(more_interfaces) by extension 'colcon_meta'
[0.255s] Level 1:colcon.colcon_core.package_identification:_identify(more_interfaces) by extensions ['ros']
[0.255s] Level 1:colcon.colcon_core.package_identification:_identify(more_interfaces) by extension 'ros'
[0.256s] DEBUG:colcon.colcon_core.package_identification:Package 'more_interfaces' with type 'ros.ament_cmake' and name 'more_interfaces'
[0.257s] Level 1:colcon.colcon_core.package_identification:_identify(roomba_controller) by extensions ['ignore', 'ignore_ament_install']
[0.257s] Level 1:colcon.colcon_core.package_identification:_identify(roomba_controller) by extension 'ignore'
[0.257s] Level 1:colcon.colcon_core.package_identification:_identify(roomba_controller) by extension 'ignore_ament_install'
[0.257s] Level 1:colcon.colcon_core.package_identification:_identify(roomba_controller) by extensions ['colcon_pkg']
[0.257s] Level 1:colcon.colcon_core.package_identification:_identify(roomba_controller) by extension 'colcon_pkg'
[0.257s] Level 1:colcon.colcon_core.package_identification:_identify(roomba_controller) by extensions ['colcon_meta']
[0.257s] Level 1:colcon.colcon_core.package_identification:_identify(roomba_controller) by extension 'colcon_meta'
[0.257s] Level 1:colcon.colcon_core.package_identification:_identify(roomba_controller) by extensions ['ros']
[0.257s] Level 1:colcon.colcon_core.package_identification:_identify(roomba_controller) by extension 'ros'
[0.257s] DEBUG:colcon.colcon_core.package_identification:Package 'roomba_controller' with type 'ros.ament_python' and name 'roomba_controller'
[0.258s] Level 1:colcon.colcon_core.package_discovery:discover_packages(recursive) using defaults
[0.258s] Level 1:colcon.colcon_core.package_discovery:discover_packages(ignore) discover
[0.258s] Level 1:colcon.colcon_core.package_discovery:discover_packages(ignore) using defaults
[0.258s] Level 1:colcon.colcon_core.package_discovery:discover_packages(path) discover
[0.258s] Level 1:colcon.colcon_core.package_discovery:discover_packages(path) using defaults
[0.275s] Level 1:colcon.colcon_core.package_discovery:discover_packages(prefix_path) check parameters
[0.275s] Level 1:colcon.colcon_core.package_discovery:discover_packages(prefix_path) discover
[0.277s] DEBUG:colcon.colcon_installed_package_information.package_discovery:Found 277 installed packages in /opt/ros/humble
[0.279s] Level 1:colcon.colcon_core.package_discovery:discover_packages(prefix_path) using defaults
[0.319s] Level 5:colcon.colcon_core.verb:set package 'more_interfaces' build argument 'cmake_args' from command line to 'None'
[0.319s] Level 5:colcon.colcon_core.verb:set package 'more_interfaces' build argument 'cmake_target' from command line to 'None'
[0.319s] Level 5:colcon.colcon_core.verb:set package 'more_interfaces' build argument 'cmake_target_skip_unavailable' from command line to 'False'
[0.319s] Level 5:colcon.colcon_core.verb:set package 'more_interfaces' build argument 'cmake_clean_cache' from command line to 'False'
[0.319s] Level 5:colcon.colcon_core.verb:set package 'more_interfaces' build argument 'cmake_clean_first' from command line to 'False'
[0.319s] Level 5:colcon.colcon_core.verb:set package 'more_interfaces' build argument 'cmake_force_configure' from command line to 'False'
[0.319s] Level 5:colcon.colcon_core.verb:set package 'more_interfaces' build argument 'ament_cmake_args' from command line to 'None'
[0.319s] Level 5:colcon.colcon_core.verb:set package 'more_interfaces' build argument 'catkin_cmake_args' from command line to 'None'
[0.319s] Level 5:colcon.colcon_core.verb:set package 'more_interfaces' build argument 'catkin_skip_building_tests' from command line to 'False'
[0.319s] DEBUG:colcon.colcon_core.verb:Building package 'more_interfaces' with the following arguments: {'ament_cmake_args': None, 'build_base': '/home/mahus/Autonomous-Cleaning-Robot/robot_ws/build/more_interfaces', 'catkin_cmake_args': None, 'catkin_skip_building_tests': False, 'cmake_args': None, 'cmake_clean_cache': False, 'cmake_clean_first': False, 'cmake_force_configure': False, 'cmake_target': None, 'cmake_target_skip_unavailable': False, 'install_base': '/home/mahus/Autonomous-Cleaning-Robot/robot_ws/install/more_interfaces', 'merge_install': False, 'path': '/home/mahus/Autonomous-Cleaning-Robot/robot_ws/more_interfaces', 'symlink_install': True, 'test_result_base': None}
[0.320s] Level 5:colcon.colcon_core.verb:set package 'roomba_controller' build argument 'cmake_args' from command line to 'None'
[0.320s] Level 5:colcon.colcon_core.verb:set package 'roomba_controller' build argument 'cmake_target' from command line to 'None'
[0.320s] Level 5:colcon.colcon_core.verb:set package 'roomba_controller' build argument 'cmake_target_skip_unavailable' from command line to 'False'
[0.320s] Level 5:colcon.colcon_core.verb:set package 'roomba_controller' build argument 'cmake_clean_cache' from command line to 'False'
[0.320s] Level 5:colcon.colcon_core.verb:set package 'roomba_controller' build argument 'cmake_clean_first' from command line to 'False'
[0.320s] Level 5:colcon.colcon_core.verb:set package 'roomba_controller' build argument 'cmake_force_configure' from command line to 'False'
[0.320s] Level 5:colcon.colcon_core.verb:set package 'roomba_controller' build argument 'ament_cmake_args' from command line to 'None'
[0.320s] Level 5:colcon.colcon_core.verb:set package 'roomba_controller' build argument 'catkin_cmake_args' from command line to 'None'
[0.320s] Level 5:colcon.colcon_core.verb:set package 'roomba_controller' build argument 'catkin_skip_building_tests' from command line to 'False'
[0.320s] DEBUG:colcon.colcon_core.verb:Building package 'roomba_controller' with the following arguments: {'ament_cmake_args': None, 'build_base': '/home/mahus/Autonomous-Cleaning-Robot/robot_ws/build/roomba_controller', 'catkin_cmake_args': None, 'catkin_skip_building_tests': False, 'cmake_args': None, 'cmake_clean_cache': False, 'cmake_clean_first': False, 'cmake_force_configure': False, 'cmake_target': None, 'cmake_target_skip_unavailable': False, 'install_base': '/home/mahus/Autonomous-Cleaning-Robot/robot_ws/install/roomba_controller', 'merge_install': False, 'path': '/home/mahus/Autonomous-Cleaning-Robot/robot_ws/roomba_controller', 'symlink_install': True, 'test_result_base': None}
[0.320s] INFO:colcon.colcon_core.executor:Executing jobs using 'parallel' executor
[0.323s] DEBUG:colcon.colcon_parallel_executor.executor.parallel:run_until_complete
[0.323s] INFO:colcon.colcon_ros.task.ament_cmake.build:Building ROS package in '/home/mahus/Autonomous-Cleaning-Robot/robot_ws/more_interfaces' with build type 'ament_cmake'
[0.323s] INFO:colcon.colcon_cmake.task.cmake.build:Building CMake package in '/home/mahus/Autonomous-Cleaning-Robot/robot_ws/more_interfaces'
[0.327s] INFO:colcon.colcon_core.plugin_system:Skipping extension 'colcon_core.shell.bat': Not used on non-Windows systems
[0.327s] INFO:colcon.colcon_core.shell:Skip shell extension 'powershell' for command environment: Not usable outside of PowerShell
[0.327s] DEBUG:colcon.colcon_core.shell:Skip shell extension 'dsv' for command environment
[0.338s] DEBUG:colcon.colcon_core.event_handler.log_command:Invoking command in '/home/mahus/Autonomous-Cleaning-Robot/robot_ws/build/more_interfaces': CMAKE_PREFIX_PATH=/opt/ros/humble /usr/bin/cmake --build /home/mahus/Autonomous-Cleaning-Robot/robot_ws/build/more_interfaces -- -j2 -l2
[0.912s] DEBUG:colcon.colcon_core.event_handler.log_command:Invoked command in '/home/mahus/Autonomous-Cleaning-Robot/robot_ws/build/more_interfaces' returned '0': CMAKE_PREFIX_PATH=/opt/ros/humble /usr/bin/cmake --build /home/mahus/Autonomous-Cleaning-Robot/robot_ws/build/more_interfaces -- -j2 -l2
[1.091s] DEBUG:colcon.colcon_core.event_handler.log_command:Invoking command in '/home/mahus/Autonomous-Cleaning-Robot/robot_ws/build/more_interfaces': CMAKE_PREFIX_PATH=/opt/ros/humble /usr/bin/cmake --install /home/mahus/Autonomous-Cleaning-Robot/robot_ws/build/more_interfaces
[1.197s] Level 1:colcon.colcon_core.environment:create_environment_scripts_only(more_interfaces)
[1.199s] DEBUG:colcon.colcon_core.event_handler.log_command:Invoked command in '/home/mahus/Autonomous-Cleaning-Robot/robot_ws/build/more_interfaces' returned '0': CMAKE_PREFIX_PATH=/opt/ros/humble /usr/bin/cmake --install /home/mahus/Autonomous-Cleaning-Robot/robot_ws/build/more_interfaces
[1.201s] Level 1:colcon.colcon_core.environment:checking '/home/mahus/Autonomous-Cleaning-Robot/robot_ws/install/more_interfaces' for CMake module files
[1.202s] Level 1:colcon.colcon_core.environment:checking '/home/mahus/Autonomous-Cleaning-Robot/robot_ws/install/more_interfaces' for CMake config files
[1.202s] Level 1:colcon.colcon_core.shell:create_environment_hook('more_interfaces', 'cmake_prefix_path')
[1.203s] INFO:colcon.colcon_core.shell:Creating environment hook '/home/mahus/Autonomous-Cleaning-Robot/robot_ws/install/more_interfaces/share/more_interfaces/hook/cmake_prefix_path.ps1'
[1.204s] INFO:colcon.colcon_core.shell:Creating environment descriptor '/home/mahus/Autonomous-Cleaning-Robot/robot_ws/install/more_interfaces/share/more_interfaces/hook/cmake_prefix_path.dsv'
[1.204s] INFO:colcon.colcon_core.shell:Creating environment hook '/home/mahus/Autonomous-Cleaning-Robot/robot_ws/install/more_interfaces/share/more_interfaces/hook/cmake_prefix_path.sh'
[1.205s] Level 1:colcon.colcon_core.environment:checking '/home/mahus/Autonomous-Cleaning-Robot/robot_ws/install/more_interfaces/lib'
[1.205s] Level 1:colcon.colcon_core.shell:create_environment_hook('more_interfaces', 'ld_library_path_lib')
[1.206s] INFO:colcon.colcon_core.shell:Creating environment hook '/home/mahus/Autonomous-Cleaning-Robot/robot_ws/install/more_interfaces/share/more_interfaces/hook/ld_library_path_lib.ps1'
[1.206s] INFO:colcon.colcon_core.shell:Creating environment descriptor '/home/mahus/Autonomous-Cleaning-Robot/robot_ws/install/more_interfaces/share/more_interfaces/hook/ld_library_path_lib.dsv'
[1.206s] INFO:colcon.colcon_core.shell:Creating environment hook '/home/mahus/Autonomous-Cleaning-Robot/robot_ws/install/more_interfaces/share/more_interfaces/hook/ld_library_path_lib.sh'
[1.207s] Level 1:colcon.colcon_core.environment:checking '/home/mahus/Autonomous-Cleaning-Robot/robot_ws/install/more_interfaces/bin'
[1.207s] Level 1:colcon.colcon_core.environment:checking '/home/mahus/Autonomous-Cleaning-Robot/robot_ws/install/more_interfaces/lib/pkgconfig/more_interfaces.pc'
[1.207s] Level 1:colcon.colcon_core.environment:checking '/home/mahus/Autonomous-Cleaning-Robot/robot_ws/install/more_interfaces/lib/python3.10/site-packages'
[1.208s] Level 1:colcon.colcon_core.environment:checking '/home/mahus/Autonomous-Cleaning-Robot/robot_ws/install/more_interfaces/bin'
[1.208s] INFO:colcon.colcon_core.shell:Creating package script '/home/mahus/Autonomous-Cleaning-Robot/robot_ws/install/more_interfaces/share/more_interfaces/package.ps1'
[1.209s] INFO:colcon.colcon_core.shell:Creating package descriptor '/home/mahus/Autonomous-Cleaning-Robot/robot_ws/install/more_interfaces/share/more_interfaces/package.dsv'
[1.210s] INFO:colcon.colcon_core.shell:Creating package script '/home/mahus/Autonomous-Cleaning-Robot/robot_ws/install/more_interfaces/share/more_interfaces/package.sh'
[1.210s] INFO:colcon.colcon_core.shell:Creating package script '/home/mahus/Autonomous-Cleaning-Robot/robot_ws/install/more_interfaces/share/more_interfaces/package.bash'
[1.211s] INFO:colcon.colcon_core.shell:Creating package script '/home/mahus/Autonomous-Cleaning-Robot/robot_ws/install/more_interfaces/share/more_interfaces/package.zsh'
[1.211s] Level 1:colcon.colcon_core.environment:create_file_with_runtime_dependencies(/home/mahus/Autonomous-Cleaning-Robot/robot_ws/install/more_interfaces/share/colcon-core/packages/more_interfaces)
[1.372s] Level 1:colcon.colcon_core.environment:create_environment_scripts_only(more_interfaces)
[1.373s] Level 1:colcon.colcon_core.environment:checking '/home/mahus/Autonomous-Cleaning-Robot/robot_ws/install/more_interfaces' for CMake module files
[1.374s] Level 1:colcon.colcon_core.environment:checking '/home/mahus/Autonomous-Cleaning-Robot/robot_ws/install/more_interfaces' for CMake config files
[1.374s] Level 1:colcon.colcon_core.shell:create_environment_hook('more_interfaces', 'cmake_prefix_path')
[1.375s] INFO:colcon.colcon_core.shell:Creating environment hook '/home/mahus/Autonomous-Cleaning-Robot/robot_ws/install/more_interfaces/share/more_interfaces/hook/cmake_prefix_path.ps1'
[1.375s] INFO:colcon.colcon_core.shell:Creating environment descriptor '/home/mahus/Autonomous-Cleaning-Robot/robot_ws/install/more_interfaces/share/more_interfaces/hook/cmake_prefix_path.dsv'
[1.375s] INFO:colcon.colcon_core.shell:Creating environment hook '/home/mahus/Autonomous-Cleaning-Robot/robot_ws/install/more_interfaces/share/more_interfaces/hook/cmake_prefix_path.sh'
[1.376s] Level 1:colcon.colcon_core.environment:checking '/home/mahus/Autonomous-Cleaning-Robot/robot_ws/install/more_interfaces/lib'
[1.376s] Level 1:colcon.colcon_core.shell:create_environment_hook('more_interfaces', 'ld_library_path_lib')
[1.377s] INFO:colcon.colcon_core.shell:Creating environment hook '/home/mahus/Autonomous-Cleaning-Robot/robot_ws/install/more_interfaces/share/more_interfaces/hook/ld_library_path_lib.ps1'
[1.377s] INFO:colcon.colcon_core.shell:Creating environment descriptor '/home/mahus/Autonomous-Cleaning-Robot/robot_ws/install/more_interfaces/share/more_interfaces/hook/ld_library_path_lib.dsv'
[1.377s] INFO:colcon.colcon_core.shell:Creating environment hook '/home/mahus/Autonomous-Cleaning-Robot/robot_ws/install/more_interfaces/share/more_interfaces/hook/ld_library_path_lib.sh'
[1.378s] Level 1:colcon.colcon_core.environment:checking '/home/mahus/Autonomous-Cleaning-Robot/robot_ws/install/more_interfaces/bin'
[1.378s] Level 1:colcon.colcon_core.environment:checking '/home/mahus/Autonomous-Cleaning-Robot/robot_ws/install/more_interfaces/lib/pkgconfig/more_interfaces.pc'
[1.378s] Level 1:colcon.colcon_core.environment:checking '/home/mahus/Autonomous-Cleaning-Robot/robot_ws/install/more_interfaces/lib/python3.10/site-packages'
[1.378s] Level 1:colcon.colcon_core.environment:checking '/home/mahus/Autonomous-Cleaning-Robot/robot_ws/install/more_interfaces/bin'
[1.379s] INFO:colcon.colcon_core.shell:Creating package script '/home/mahus/Autonomous-Cleaning-Robot/robot_ws/install/more_interfaces/share/more_interfaces/package.ps1'
[1.380s] INFO:colcon.colcon_core.shell:Creating package descriptor '/home/mahus/Autonomous-Cleaning-Robot/robot_ws/install/more_interfaces/share/more_interfaces/package.dsv'
[1.380s] INFO:colcon.colcon_core.shell:Creating package script '/home/mahus/Autonomous-Cleaning-Robot/robot_ws/install/more_interfaces/share/more_interfaces/package.sh'
[1.381s] INFO:colcon.colcon_core.shell:Creating package script '/home/mahus/Autonomous-Cleaning-Robot/robot_ws/install/more_interfaces/share/more_interfaces/package.bash'
[1.381s] INFO:colcon.colcon_core.shell:Creating package script '/home/mahus/Autonomous-Cleaning-Robot/robot_ws/install/more_interfaces/share/more_interfaces/package.zsh'
[1.382s] Level 1:colcon.colcon_core.environment:create_file_with_runtime_dependencies(/home/mahus/Autonomous-Cleaning-Robot/robot_ws/install/more_interfaces/share/colcon-core/packages/more_interfaces)
[1.382s] INFO:colcon.colcon_ros.task.ament_python.build:Building ROS package in '/home/mahus/Autonomous-Cleaning-Robot/robot_ws/roomba_controller' with build type 'ament_python'
[1.382s] Level 1:colcon.colcon_core.shell:create_environment_hook('roomba_controller', 'ament_prefix_path')
[1.383s] INFO:colcon.colcon_core.shell:Creating environment hook '/home/mahus/Autonomous-Cleaning-Robot/robot_ws/install/roomba_controller/share/roomba_controller/hook/ament_prefix_path.ps1'
[1.384s] INFO:colcon.colcon_core.shell:Creating environment descriptor '/home/mahus/Autonomous-Cleaning-Robot/robot_ws/install/roomba_controller/share/roomba_controller/hook/ament_prefix_path.dsv'
[1.385s] INFO:colcon.colcon_core.shell:Creating environment hook '/home/mahus/Autonomous-Cleaning-Robot/robot_ws/install/roomba_controller/share/roomba_controller/hook/ament_prefix_path.sh'
[1.386s] INFO:colcon.colcon_core.shell:Skip shell extension 'powershell' for command environment: Not usable outside of PowerShell
[1.386s] DEBUG:colcon.colcon_core.shell:Skip shell extension 'dsv' for command environment
[1.586s] INFO:colcon.colcon_core.task.python.build:Building Python package in '/home/mahus/Autonomous-Cleaning-Robot/robot_ws/roomba_controller'
[1.587s] INFO:colcon.colcon_core.shell:Skip shell extension 'powershell' for command environment: Not usable outside of PowerShell
[1.587s] DEBUG:colcon.colcon_core.shell:Skip shell extension 'dsv' for command environment
[1.840s] DEBUG:colcon.colcon_core.event_handler.log_command:Invoking command in '/home/mahus/Autonomous-Cleaning-Robot/robot_ws/build/roomba_controller': AMENT_PREFIX_PATH=/home/mahus/Autonomous-Cleaning-Robot/robot_ws/install/more_interfaces:${AMENT_PREFIX_PATH} CMAKE_PREFIX_PATH=/home/mahus/Autonomous-Cleaning-Robot/robot_ws/install/more_interfaces LD_LIBRARY_PATH=/home/mahus/Autonomous-Cleaning-Robot/robot_ws/install/more_interfaces/lib:${LD_LIBRARY_PATH} PYTHONPATH=/home/mahus/Autonomous-Cleaning-Robot/robot_ws/build/roomba_controller/prefix_override:/home/mahus/Autonomous-Cleaning-Robot/robot_ws/install/roomba_controller/lib/python3.10/site-packages:/home/mahus/Autonomous-Cleaning-Robot/robot_ws/install/more_interfaces/local/lib/python3.10/dist-packages:${PYTHONPATH} /usr/bin/python3 setup.py develop --editable --build-directory /home/mahus/Autonomous-Cleaning-Robot/robot_ws/build/roomba_controller/build --no-deps install_data
[2.192s] Level 1:colcon.colcon_core.shell:create_environment_hook('roomba_controller', 'pythonpath_develop')
[2.193s] INFO:colcon.colcon_core.shell:Creating environment hook '/home/mahus/Autonomous-Cleaning-Robot/robot_ws/build/roomba_controller/share/roomba_controller/hook/pythonpath_develop.ps1'
[2.194s] INFO:colcon.colcon_core.shell:Creating environment descriptor '/home/mahus/Autonomous-Cleaning-Robot/robot_ws/build/roomba_controller/share/roomba_controller/hook/pythonpath_develop.dsv'
[2.194s] DEBUG:colcon.colcon_core.event_handler.log_command:Invoked command in '/home/mahus/Autonomous-Cleaning-Robot/robot_ws/build/roomba_controller' returned '0': AMENT_PREFIX_PATH=/home/mahus/Autonomous-Cleaning-Robot/robot_ws/install/more_interfaces:${AMENT_PREFIX_PATH} CMAKE_PREFIX_PATH=/home/mahus/Autonomous-Cleaning-Robot/robot_ws/install/more_interfaces LD_LIBRARY_PATH=/home/mahus/Autonomous-Cleaning-Robot/robot_ws/install/more_interfaces/lib:${LD_LIBRARY_PATH} PYTHONPATH=/home/mahus/Autonomous-Cleaning-Robot/robot_ws/build/roomba_controller/prefix_override:/home/mahus/Autonomous-Cleaning-Robot/robot_ws/install/roomba_controller/lib/python3.10/site-packages:/home/mahus/Autonomous-Cleaning-Robot/robot_ws/install/more_interfaces/local/lib/python3.10/dist-packages:${PYTHONPATH} /usr/bin/python3 setup.py develop --editable --build-directory /home/mahus/Autonomous-Cleaning-Robot/robot_ws/build/roomba_controller/build --no-deps install_data
[2.195s] INFO:colcon.colcon_core.shell:Creating environment hook '/home/mahus/Autonomous-Cleaning-Robot/robot_ws/build/roomba_controller/share/roomba_controller/hook/pythonpath_develop.sh'
[2.196s] Level 1:colcon.colcon_core.environment:checking '/home/mahus/Autonomous-Cleaning-Robot/robot_ws/install/roomba_controller' for CMake module files
[2.196s] Level 1:colcon.colcon_core.environment:checking '/home/mahus/Autonomous-Cleaning-Robot/robot_ws/install/roomba_controller' for CMake config files
[2.197s] Level 1:colcon.colcon_core.environment:checking '/home/mahus/Autonomous-Cleaning-Robot/robot_ws/install/roomba_controller/lib'
[2.197s] Level 1:colcon.colcon_core.environment:checking '/home/mahus/Autonomous-Cleaning-Robot/robot_ws/install/roomba_controller/bin'
[2.197s] Level 1:colcon.colcon_core.environment:checking '/home/mahus/Autonomous-Cleaning-Robot/robot_ws/install/roomba_controller/lib/pkgconfig/roomba_controller.pc'
[2.197s] Level 1:colcon.colcon_core.environment:checking '/home/mahus/Autonomous-Cleaning-Robot/robot_ws/install/roomba_controller/lib/python3.10/site-packages'
[2.197s] Level 1:colcon.colcon_core.shell:create_environment_hook('roomba_controller', 'pythonpath')
[2.198s] INFO:colcon.colcon_core.shell:Creating environment hook '/home/mahus/Autonomous-Cleaning-Robot/robot_ws/install/roomba_controller/share/roomba_controller/hook/pythonpath.ps1'
[2.198s] INFO:colcon.colcon_core.shell:Creating environment descriptor '/home/mahus/Autonomous-Cleaning-Robot/robot_ws/install/roomba_controller/share/roomba_controller/hook/pythonpath.dsv'
[2.199s] INFO:colcon.colcon_core.shell:Creating environment hook '/home/mahus/Autonomous-Cleaning-Robot/robot_ws/install/roomba_controller/share/roomba_controller/hook/pythonpath.sh'
[2.199s] Level 1:colcon.colcon_core.environment:checking '/home/mahus/Autonomous-Cleaning-Robot/robot_ws/install/roomba_controller/bin'
[2.199s] Level 1:colcon.colcon_core.environment:create_environment_scripts_only(roomba_controller)
[2.200s] INFO:colcon.colcon_core.shell:Creating package script '/home/mahus/Autonomous-Cleaning-Robot/robot_ws/install/roomba_controller/share/roomba_controller/package.ps1'
[2.201s] INFO:colcon.colcon_core.shell:Creating package descriptor '/home/mahus/Autonomous-Cleaning-Robot/robot_ws/install/roomba_controller/share/roomba_controller/package.dsv'
[2.201s] INFO:colcon.colcon_core.shell:Creating package script '/home/mahus/Autonomous-Cleaning-Robot/robot_ws/install/roomba_controller/share/roomba_controller/package.sh'
[2.202s] INFO:colcon.colcon_core.shell:Creating package script '/home/mahus/Autonomous-Cleaning-Robot/robot_ws/install/roomba_controller/share/roomba_controller/package.bash'
[2.202s] INFO:colcon.colcon_core.shell:Creating package script '/home/mahus/Autonomous-Cleaning-Robot/robot_ws/install/roomba_controller/share/roomba_controller/package.zsh'
[2.203s] Level 1:colcon.colcon_core.environment:create_file_with_runtime_dependencies(/home/mahus/Autonomous-Cleaning-Robot/robot_ws/install/roomba_controller/share/colcon-core/packages/roomba_controller)
[2.203s] DEBUG:colcon.colcon_parallel_executor.executor.parallel:closing loop
[2.203s] DEBUG:colcon.colcon_parallel_executor.executor.parallel:loop closed
[2.204s] DEBUG:colcon.colcon_parallel_executor.executor.parallel:run_until_complete finished with '0'
[2.204s] DEBUG:colcon.colcon_core.event_reactor:joining thread
[2.208s] INFO:colcon.colcon_core.plugin_system:Skipping extension 'colcon_notification.desktop_notification.terminal_notifier': Not used on non-Darwin systems
[2.208s] INFO:colcon.colcon_core.plugin_system:Skipping extension 'colcon_notification.desktop_notification.win32': Not used on non-Windows systems
[2.209s] INFO:colcon.colcon_notification.desktop_notification:Sending desktop notification using 'notify2'
[2.219s] DEBUG:colcon.colcon_core.event_reactor:joined thread
[2.220s] INFO:colcon.colcon_core.shell:Creating prefix script '/home/mahus/Autonomous-Cleaning-Robot/robot_ws/install/local_setup.ps1'
[2.221s] INFO:colcon.colcon_core.shell:Creating prefix util module '/home/mahus/Autonomous-Cleaning-Robot/robot_ws/install/_local_setup_util_ps1.py'
[2.223s] INFO:colcon.colcon_core.shell:Creating prefix chain script '/home/mahus/Autonomous-Cleaning-Robot/robot_ws/install/setup.ps1'
[2.225s] INFO:colcon.colcon_core.shell:Creating prefix script '/home/mahus/Autonomous-Cleaning-Robot/robot_ws/install/local_setup.sh'
[2.225s] INFO:colcon.colcon_core.shell:Creating prefix util module '/home/mahus/Autonomous-Cleaning-Robot/robot_ws/install/_local_setup_util_sh.py'
[2.226s] INFO:colcon.colcon_core.shell:Creating prefix chain script '/home/mahus/Autonomous-Cleaning-Robot/robot_ws/install/setup.sh'
[2.227s] INFO:colcon.colcon_core.shell:Creating prefix script '/home/mahus/Autonomous-Cleaning-Robot/robot_ws/install/local_setup.bash'
[2.228s] INFO:colcon.colcon_core.shell:Creating prefix chain script '/home/mahus/Autonomous-Cleaning-Robot/robot_ws/install/setup.bash'
[2.229s] INFO:colcon.colcon_core.shell:Creating prefix script '/home/mahus/Autonomous-Cleaning-Robot/robot_ws/install/local_setup.zsh'
[2.229s] INFO:colcon.colcon_core.shell:Creating prefix chain script '/home/mahus/Autonomous-Cleaning-Robot/robot_ws/install/setup.zsh'
