[1.507s] DEBUG:colcon:Command line arguments: ['/usr/bin/colcon', 'build']
[1.508s] DEBUG:colcon:Parsed command line arguments: Namespace(log_base=None, log_level=None, verb_name='build', build_base='build', install_base='install', merge_install=False, symlink_install=False, test_result_base=None, continue_on_error=False, executor='parallel', parallel_workers=2, event_handlers=None, ignore_user_meta=False, metas=['./colcon.meta'], base_paths=['.'], packages_ignore=None, packages_ignore_regex=None, paths=None, packages_up_to=None, packages_up_to_regex=None, packages_above=None, packages_above_and_dependencies=None, packages_above_depth=None, packages_select_by_dep=None, packages_skip_by_dep=None, packages_skip_up_to=None, packages_select_build_failed=False, packages_skip_build_finished=False, packages_select_test_failures=False, packages_skip_test_passed=False, packages_select=None, packages_skip=None, packages_select_regex=None, packages_skip_regex=None, packages_start=None, packages_end=None, allow_overriding=[], cmake_args=None, cmake_target=None, cmake_target_skip_unavailable=False, cmake_clean_cache=False, cmake_clean_first=False, cmake_force_configure=False, ament_cmake_args=None, catkin_cmake_args=None, catkin_skip_building_tests=False, verb_parser=<colcon_defaults.argument_parser.defaults.DefaultArgumentsDecorator object at 0x7fd0afab2b30>, verb_extension=<colcon_core.verb.build.BuildVerb object at 0x7fd0b0279e40>, main=<bound method BuildVerb.main of <colcon_core.verb.build.BuildVerb object at 0x7fd0b0279e40>>)
[1.690s] Level 1:colcon.colcon_core.package_discovery:discover_packages(colcon_meta) check parameters
[1.690s] Level 1:colcon.colcon_core.package_discovery:discover_packages(recursive) check parameters
[1.691s] Level 1:colcon.colcon_core.package_discovery:discover_packages(ignore) check parameters
[1.691s] Level 1:colcon.colcon_core.package_discovery:discover_packages(path) check parameters
[1.691s] Level 1:colcon.colcon_core.package_discovery:discover_packages(colcon_meta) discover
[1.692s] Level 1:colcon.colcon_core.package_discovery:discover_packages(recursive) discover
[1.692s] INFO:colcon.colcon_core.package_discovery:Crawling recursively for packages in '/home/mahus/Autonomous-Cleaning-Robot/robot_ws'
[1.693s] Level 1:colcon.colcon_core.package_identification:_identify(.) by extensions ['ignore', 'ignore_ament_install']
[1.693s] Level 1:colcon.colcon_core.package_identification:_identify(.) by extension 'ignore'
[1.693s] Level 1:colcon.colcon_core.package_identification:_identify(.) by extension 'ignore_ament_install'
[1.693s] Level 1:colcon.colcon_core.package_identification:_identify(.) by extensions ['colcon_pkg']
[1.693s] Level 1:colcon.colcon_core.package_identification:_identify(.) by extension 'colcon_pkg'
[1.694s] Level 1:colcon.colcon_core.package_identification:_identify(.) by extensions ['colcon_meta']
[1.694s] Level 1:colcon.colcon_core.package_identification:_identify(.) by extension 'colcon_meta'
[1.694s] Level 1:colcon.colcon_core.package_identification:_identify(.) by extensions ['ros']
[1.694s] Level 1:colcon.colcon_core.package_identification:_identify(.) by extension 'ros'
[1.733s] Level 1:colcon.colcon_core.package_identification:_identify(.) by extensions ['cmake', 'python']
[1.733s] Level 1:colcon.colcon_core.package_identification:_identify(.) by extension 'cmake'
[1.733s] Level 1:colcon.colcon_core.package_identification:_identify(.) by extension 'python'
[1.733s] Level 1:colcon.colcon_core.package_identification:_identify(.) by extensions ['python_setup_py']
[1.733s] Level 1:colcon.colcon_core.package_identification:_identify(.) by extension 'python_setup_py'
[1.734s] Level 1:colcon.colcon_core.package_identification:_identify(build) by extensions ['ignore', 'ignore_ament_install']
[1.734s] Level 1:colcon.colcon_core.package_identification:_identify(build) by extension 'ignore'
[1.734s] Level 1:colcon.colcon_core.package_identification:_identify(build) ignored
[1.735s] Level 1:colcon.colcon_core.package_identification:_identify(install) by extensions ['ignore', 'ignore_ament_install']
[1.735s] Level 1:colcon.colcon_core.package_identification:_identify(install) by extension 'ignore'
[1.735s] Level 1:colcon.colcon_core.package_identification:_identify(install) ignored
[1.735s] Level 1:colcon.colcon_core.package_identification:_identify(log) by extensions ['ignore', 'ignore_ament_install']
[1.736s] Level 1:colcon.colcon_core.package_identification:_identify(log) by extension 'ignore'
[1.736s] Level 1:colcon.colcon_core.package_identification:_identify(log) ignored
[1.736s] Level 1:colcon.colcon_core.package_identification:_identify(more_interfaces) by extensions ['ignore', 'ignore_ament_install']
[1.737s] Level 1:colcon.colcon_core.package_identification:_identify(more_interfaces) by extension 'ignore'
[1.737s] Level 1:colcon.colcon_core.package_identification:_identify(more_interfaces) by extension 'ignore_ament_install'
[1.737s] Level 1:colcon.colcon_core.package_identification:_identify(more_interfaces) by extensions ['colcon_pkg']
[1.737s] Level 1:colcon.colcon_core.package_identification:_identify(more_interfaces) by extension 'colcon_pkg'
[1.737s] Level 1:colcon.colcon_core.package_identification:_identify(more_interfaces) by extensions ['colcon_meta']
[1.737s] Level 1:colcon.colcon_core.package_identification:_identify(more_interfaces) by extension 'colcon_meta'
[1.737s] Level 1:colcon.colcon_core.package_identification:_identify(more_interfaces) by extensions ['ros']
[1.737s] Level 1:colcon.colcon_core.package_identification:_identify(more_interfaces) by extension 'ros'
[1.750s] DEBUG:colcon.colcon_core.package_identification:Package 'more_interfaces' with type 'ros.ament_cmake' and name 'more_interfaces'
[1.751s] Level 1:colcon.colcon_core.package_identification:_identify(roomba_controller) by extensions ['ignore', 'ignore_ament_install']
[1.751s] Level 1:colcon.colcon_core.package_identification:_identify(roomba_controller) by extension 'ignore'
[1.751s] Level 1:colcon.colcon_core.package_identification:_identify(roomba_controller) by extension 'ignore_ament_install'
[1.751s] Level 1:colcon.colcon_core.package_identification:_identify(roomba_controller) by extensions ['colcon_pkg']
[1.752s] Level 1:colcon.colcon_core.package_identification:_identify(roomba_controller) by extension 'colcon_pkg'
[1.752s] Level 1:colcon.colcon_core.package_identification:_identify(roomba_controller) by extensions ['colcon_meta']
[1.752s] Level 1:colcon.colcon_core.package_identification:_identify(roomba_controller) by extension 'colcon_meta'
[1.752s] Level 1:colcon.colcon_core.package_identification:_identify(roomba_controller) by extensions ['ros']
[1.752s] Level 1:colcon.colcon_core.package_identification:_identify(roomba_controller) by extension 'ros'
[1.755s] DEBUG:colcon.colcon_core.package_identification:Package 'roomba_controller' with type 'ros.ament_python' and name 'roomba_controller'
[1.756s] Level 1:colcon.colcon_core.package_discovery:discover_packages(recursive) using defaults
[1.756s] Level 1:colcon.colcon_core.package_discovery:discover_packages(ignore) discover
[1.756s] Level 1:colcon.colcon_core.package_discovery:discover_packages(ignore) using defaults
[1.756s] Level 1:colcon.colcon_core.package_discovery:discover_packages(path) discover
[1.756s] Level 1:colcon.colcon_core.package_discovery:discover_packages(path) using defaults
[1.854s] Level 1:colcon.colcon_core.package_discovery:discover_packages(prefix_path) check parameters
[1.855s] Level 1:colcon.colcon_core.package_discovery:discover_packages(prefix_path) discover
[1.865s] WARNING:colcon.colcon_ros.prefix_path.ament:The path '/home/mahus/Autonomous-Cleaning-Robot/robot_ws/install/roomba_controller' in the environment variable AMENT_PREFIX_PATH doesn't exist
[1.866s] WARNING:colcon.colcon_ros.prefix_path.ament:The path '/home/mahus/Autonomous-Cleaning-Robot/robot_ws/install/more_interfaces' in the environment variable AMENT_PREFIX_PATH doesn't exist
[1.867s] WARNING:colcon.colcon_ros.prefix_path.catkin:The path '/home/mahus/Autonomous-Cleaning-Robot/robot_ws/install/more_interfaces' in the environment variable CMAKE_PREFIX_PATH doesn't exist
[1.872s] DEBUG:colcon.colcon_installed_package_information.package_discovery:Found 0 installed packages in /home/mahus/Autonomous-Cleaning-Robot/robot_ws/install
[1.892s] DEBUG:colcon.colcon_installed_package_information.package_discovery:Found 277 installed packages in /opt/ros/humble
[1.897s] Level 1:colcon.colcon_core.package_discovery:discover_packages(prefix_path) using defaults
[2.284s] Level 5:colcon.colcon_core.verb:set package 'more_interfaces' build argument 'cmake_args' from command line to 'None'
[2.285s] Level 5:colcon.colcon_core.verb:set package 'more_interfaces' build argument 'cmake_target' from command line to 'None'
[2.285s] Level 5:colcon.colcon_core.verb:set package 'more_interfaces' build argument 'cmake_target_skip_unavailable' from command line to 'False'
[2.285s] Level 5:colcon.colcon_core.verb:set package 'more_interfaces' build argument 'cmake_clean_cache' from command line to 'False'
[2.286s] Level 5:colcon.colcon_core.verb:set package 'more_interfaces' build argument 'cmake_clean_first' from command line to 'False'
[2.286s] Level 5:colcon.colcon_core.verb:set package 'more_interfaces' build argument 'cmake_force_configure' from command line to 'False'
[2.286s] Level 5:colcon.colcon_core.verb:set package 'more_interfaces' build argument 'ament_cmake_args' from command line to 'None'
[2.286s] Level 5:colcon.colcon_core.verb:set package 'more_interfaces' build argument 'catkin_cmake_args' from command line to 'None'
[2.286s] Level 5:colcon.colcon_core.verb:set package 'more_interfaces' build argument 'catkin_skip_building_tests' from command line to 'False'
[2.287s] DEBUG:colcon.colcon_core.verb:Building package 'more_interfaces' with the following arguments: {'ament_cmake_args': None, 'build_base': '/home/mahus/Autonomous-Cleaning-Robot/robot_ws/build/more_interfaces', 'catkin_cmake_args': None, 'catkin_skip_building_tests': False, 'cmake_args': None, 'cmake_clean_cache': False, 'cmake_clean_first': False, 'cmake_force_configure': False, 'cmake_target': None, 'cmake_target_skip_unavailable': False, 'install_base': '/home/mahus/Autonomous-Cleaning-Robot/robot_ws/install/more_interfaces', 'merge_install': False, 'path': '/home/mahus/Autonomous-Cleaning-Robot/robot_ws/more_interfaces', 'symlink_install': False, 'test_result_base': None}
[2.291s] Level 5:colcon.colcon_core.verb:set package 'roomba_controller' build argument 'cmake_args' from command line to 'None'
[2.291s] Level 5:colcon.colcon_core.verb:set package 'roomba_controller' build argument 'cmake_target' from command line to 'None'
[2.291s] Level 5:colcon.colcon_core.verb:set package 'roomba_controller' build argument 'cmake_target_skip_unavailable' from command line to 'False'
[2.292s] Level 5:colcon.colcon_core.verb:set package 'roomba_controller' build argument 'cmake_clean_cache' from command line to 'False'
[2.292s] Level 5:colcon.colcon_core.verb:set package 'roomba_controller' build argument 'cmake_clean_first' from command line to 'False'
[2.292s] Level 5:colcon.colcon_core.verb:set package 'roomba_controller' build argument 'cmake_force_configure' from command line to 'False'
[2.293s] Level 5:colcon.colcon_core.verb:set package 'roomba_controller' build argument 'ament_cmake_args' from command line to 'None'
[2.293s] Level 5:colcon.colcon_core.verb:set package 'roomba_controller' build argument 'catkin_cmake_args' from command line to 'None'
[2.293s] Level 5:colcon.colcon_core.verb:set package 'roomba_controller' build argument 'catkin_skip_building_tests' from command line to 'False'
[2.293s] DEBUG:colcon.colcon_core.verb:Building package 'roomba_controller' with the following arguments: {'ament_cmake_args': None, 'build_base': '/home/mahus/Autonomous-Cleaning-Robot/robot_ws/build/roomba_controller', 'catkin_cmake_args': None, 'catkin_skip_building_tests': False, 'cmake_args': None, 'cmake_clean_cache': False, 'cmake_clean_first': False, 'cmake_force_configure': False, 'cmake_target': None, 'cmake_target_skip_unavailable': False, 'install_base': '/home/mahus/Autonomous-Cleaning-Robot/robot_ws/install/roomba_controller', 'merge_install': False, 'path': '/home/mahus/Autonomous-Cleaning-Robot/robot_ws/roomba_controller', 'symlink_install': False, 'test_result_base': None}
[2.295s] INFO:colcon.colcon_core.executor:Executing jobs using 'parallel' executor
[2.306s] DEBUG:colcon.colcon_parallel_executor.executor.parallel:run_until_complete
[2.307s] INFO:colcon.colcon_ros.task.ament_cmake.build:Building ROS package in '/home/mahus/Autonomous-Cleaning-Robot/robot_ws/more_interfaces' with build type 'ament_cmake'
[2.308s] INFO:colcon.colcon_cmake.task.cmake.build:Building CMake package in '/home/mahus/Autonomous-Cleaning-Robot/robot_ws/more_interfaces'
[2.338s] INFO:colcon.colcon_core.plugin_system:Skipping extension 'colcon_core.shell.bat': Not used on non-Windows systems
[2.339s] INFO:colcon.colcon_core.shell:Skip shell extension 'powershell' for command environment: Not usable outside of PowerShell
[2.339s] DEBUG:colcon.colcon_core.shell:Skip shell extension 'dsv' for command environment
[2.364s] DEBUG:colcon.colcon_core.event_handler.log_command:Invoking command in '/home/mahus/Autonomous-Cleaning-Robot/robot_ws/build/more_interfaces': CMAKE_PREFIX_PATH=${CMAKE_PREFIX_PATH}:/home/mahus/Autonomous-Cleaning-Robot/robot_ws/install/roomba_controller:/opt/ros/humble /usr/bin/cmake /home/mahus/Autonomous-Cleaning-Robot/robot_ws/more_interfaces -DCMAKE_INSTALL_PREFIX=/home/mahus/Autonomous-Cleaning-Robot/robot_ws/install/more_interfaces
[8.750s] DEBUG:colcon.colcon_core.event_handler.log_command:Invoked command in '/home/mahus/Autonomous-Cleaning-Robot/robot_ws/build/more_interfaces' returned '0': CMAKE_PREFIX_PATH=${CMAKE_PREFIX_PATH}:/home/mahus/Autonomous-Cleaning-Robot/robot_ws/install/roomba_controller:/opt/ros/humble /usr/bin/cmake /home/mahus/Autonomous-Cleaning-Robot/robot_ws/more_interfaces -DCMAKE_INSTALL_PREFIX=/home/mahus/Autonomous-Cleaning-Robot/robot_ws/install/more_interfaces
[8.751s] DEBUG:colcon.colcon_core.event_handler.log_command:Invoking command in '/home/mahus/Autonomous-Cleaning-Robot/robot_ws/build/more_interfaces': CMAKE_PREFIX_PATH=${CMAKE_PREFIX_PATH}:/home/mahus/Autonomous-Cleaning-Robot/robot_ws/install/roomba_controller:/opt/ros/humble /usr/bin/cmake --build /home/mahus/Autonomous-Cleaning-Robot/robot_ws/build/more_interfaces -- -j2 -l2
[35.397s] DEBUG:colcon.colcon_core.event_handler.log_command:Invoked command in '/home/mahus/Autonomous-Cleaning-Robot/robot_ws/build/more_interfaces' returned '0': CMAKE_PREFIX_PATH=${CMAKE_PREFIX_PATH}:/home/mahus/Autonomous-Cleaning-Robot/robot_ws/install/roomba_controller:/opt/ros/humble /usr/bin/cmake --build /home/mahus/Autonomous-Cleaning-Robot/robot_ws/build/more_interfaces -- -j2 -l2
[36.066s] DEBUG:colcon.colcon_core.event_handler.log_command:Invoking command in '/home/mahus/Autonomous-Cleaning-Robot/robot_ws/build/more_interfaces': CMAKE_PREFIX_PATH=${CMAKE_PREFIX_PATH}:/home/mahus/Autonomous-Cleaning-Robot/robot_ws/install/roomba_controller:/opt/ros/humble /usr/bin/cmake --install /home/mahus/Autonomous-Cleaning-Robot/robot_ws/build/more_interfaces
[36.596s] Level 1:colcon.colcon_core.environment:create_environment_scripts_only(more_interfaces)
[36.599s] DEBUG:colcon.colcon_core.event_handler.log_command:Invoked command in '/home/mahus/Autonomous-Cleaning-Robot/robot_ws/build/more_interfaces' returned '0': CMAKE_PREFIX_PATH=${CMAKE_PREFIX_PATH}:/home/mahus/Autonomous-Cleaning-Robot/robot_ws/install/roomba_controller:/opt/ros/humble /usr/bin/cmake --install /home/mahus/Autonomous-Cleaning-Robot/robot_ws/build/more_interfaces
[36.634s] Level 1:colcon.colcon_core.environment:checking '/home/mahus/Autonomous-Cleaning-Robot/robot_ws/install/more_interfaces' for CMake module files
[36.636s] Level 1:colcon.colcon_core.environment:checking '/home/mahus/Autonomous-Cleaning-Robot/robot_ws/install/more_interfaces' for CMake config files
[36.636s] Level 1:colcon.colcon_core.shell:create_environment_hook('more_interfaces', 'cmake_prefix_path')
[36.639s] INFO:colcon.colcon_core.shell:Creating environment hook '/home/mahus/Autonomous-Cleaning-Robot/robot_ws/install/more_interfaces/share/more_interfaces/hook/cmake_prefix_path.ps1'
[36.653s] INFO:colcon.colcon_core.shell:Creating environment descriptor '/home/mahus/Autonomous-Cleaning-Robot/robot_ws/install/more_interfaces/share/more_interfaces/hook/cmake_prefix_path.dsv'
[36.656s] INFO:colcon.colcon_core.shell:Creating environment hook '/home/mahus/Autonomous-Cleaning-Robot/robot_ws/install/more_interfaces/share/more_interfaces/hook/cmake_prefix_path.sh'
[36.661s] Level 1:colcon.colcon_core.environment:checking '/home/mahus/Autonomous-Cleaning-Robot/robot_ws/install/more_interfaces/lib'
[36.662s] Level 1:colcon.colcon_core.shell:create_environment_hook('more_interfaces', 'ld_library_path_lib')
[36.664s] INFO:colcon.colcon_core.shell:Creating environment hook '/home/mahus/Autonomous-Cleaning-Robot/robot_ws/install/more_interfaces/share/more_interfaces/hook/ld_library_path_lib.ps1'
[36.666s] INFO:colcon.colcon_core.shell:Creating environment descriptor '/home/mahus/Autonomous-Cleaning-Robot/robot_ws/install/more_interfaces/share/more_interfaces/hook/ld_library_path_lib.dsv'
[36.667s] INFO:colcon.colcon_core.shell:Creating environment hook '/home/mahus/Autonomous-Cleaning-Robot/robot_ws/install/more_interfaces/share/more_interfaces/hook/ld_library_path_lib.sh'
[36.667s] Level 1:colcon.colcon_core.environment:checking '/home/mahus/Autonomous-Cleaning-Robot/robot_ws/install/more_interfaces/bin'
[36.668s] Level 1:colcon.colcon_core.environment:checking '/home/mahus/Autonomous-Cleaning-Robot/robot_ws/install/more_interfaces/lib/pkgconfig/more_interfaces.pc'
[36.668s] Level 1:colcon.colcon_core.environment:checking '/home/mahus/Autonomous-Cleaning-Robot/robot_ws/install/more_interfaces/lib/python3.10/site-packages'
[36.669s] Level 1:colcon.colcon_core.environment:checking '/home/mahus/Autonomous-Cleaning-Robot/robot_ws/install/more_interfaces/bin'
[36.680s] INFO:colcon.colcon_core.shell:Creating package script '/home/mahus/Autonomous-Cleaning-Robot/robot_ws/install/more_interfaces/share/more_interfaces/package.ps1'
[36.686s] INFO:colcon.colcon_core.shell:Creating package descriptor '/home/mahus/Autonomous-Cleaning-Robot/robot_ws/install/more_interfaces/share/more_interfaces/package.dsv'
[36.689s] INFO:colcon.colcon_core.shell:Creating package script '/home/mahus/Autonomous-Cleaning-Robot/robot_ws/install/more_interfaces/share/more_interfaces/package.sh'
[36.692s] INFO:colcon.colcon_core.shell:Creating package script '/home/mahus/Autonomous-Cleaning-Robot/robot_ws/install/more_interfaces/share/more_interfaces/package.bash'
[36.695s] INFO:colcon.colcon_core.shell:Creating package script '/home/mahus/Autonomous-Cleaning-Robot/robot_ws/install/more_interfaces/share/more_interfaces/package.zsh'
[36.699s] Level 1:colcon.colcon_core.environment:create_file_with_runtime_dependencies(/home/mahus/Autonomous-Cleaning-Robot/robot_ws/install/more_interfaces/share/colcon-core/packages/more_interfaces)
[37.477s] Level 1:colcon.colcon_core.environment:create_environment_scripts_only(more_interfaces)
[37.483s] Level 1:colcon.colcon_core.environment:checking '/home/mahus/Autonomous-Cleaning-Robot/robot_ws/install/more_interfaces' for CMake module files
[37.485s] Level 1:colcon.colcon_core.environment:checking '/home/mahus/Autonomous-Cleaning-Robot/robot_ws/install/more_interfaces' for CMake config files
[37.487s] Level 1:colcon.colcon_core.shell:create_environment_hook('more_interfaces', 'cmake_prefix_path')
[37.492s] INFO:colcon.colcon_core.shell:Creating environment hook '/home/mahus/Autonomous-Cleaning-Robot/robot_ws/install/more_interfaces/share/more_interfaces/hook/cmake_prefix_path.ps1'
[37.494s] INFO:colcon.colcon_core.shell:Creating environment descriptor '/home/mahus/Autonomous-Cleaning-Robot/robot_ws/install/more_interfaces/share/more_interfaces/hook/cmake_prefix_path.dsv'
[37.495s] INFO:colcon.colcon_core.shell:Creating environment hook '/home/mahus/Autonomous-Cleaning-Robot/robot_ws/install/more_interfaces/share/more_interfaces/hook/cmake_prefix_path.sh'
[37.498s] Level 1:colcon.colcon_core.environment:checking '/home/mahus/Autonomous-Cleaning-Robot/robot_ws/install/more_interfaces/lib'
[37.498s] Level 1:colcon.colcon_core.shell:create_environment_hook('more_interfaces', 'ld_library_path_lib')
[37.502s] INFO:colcon.colcon_core.shell:Creating environment hook '/home/mahus/Autonomous-Cleaning-Robot/robot_ws/install/more_interfaces/share/more_interfaces/hook/ld_library_path_lib.ps1'
[37.503s] INFO:colcon.colcon_core.shell:Creating environment descriptor '/home/mahus/Autonomous-Cleaning-Robot/robot_ws/install/more_interfaces/share/more_interfaces/hook/ld_library_path_lib.dsv'
[37.504s] INFO:colcon.colcon_core.shell:Creating environment hook '/home/mahus/Autonomous-Cleaning-Robot/robot_ws/install/more_interfaces/share/more_interfaces/hook/ld_library_path_lib.sh'
[37.505s] Level 1:colcon.colcon_core.environment:checking '/home/mahus/Autonomous-Cleaning-Robot/robot_ws/install/more_interfaces/bin'
[37.505s] Level 1:colcon.colcon_core.environment:checking '/home/mahus/Autonomous-Cleaning-Robot/robot_ws/install/more_interfaces/lib/pkgconfig/more_interfaces.pc'
[37.506s] Level 1:colcon.colcon_core.environment:checking '/home/mahus/Autonomous-Cleaning-Robot/robot_ws/install/more_interfaces/lib/python3.10/site-packages'
[37.506s] Level 1:colcon.colcon_core.environment:checking '/home/mahus/Autonomous-Cleaning-Robot/robot_ws/install/more_interfaces/bin'
[37.511s] INFO:colcon.colcon_core.shell:Creating package script '/home/mahus/Autonomous-Cleaning-Robot/robot_ws/install/more_interfaces/share/more_interfaces/package.ps1'
[37.512s] INFO:colcon.colcon_core.shell:Creating package descriptor '/home/mahus/Autonomous-Cleaning-Robot/robot_ws/install/more_interfaces/share/more_interfaces/package.dsv'
[37.513s] INFO:colcon.colcon_core.shell:Creating package script '/home/mahus/Autonomous-Cleaning-Robot/robot_ws/install/more_interfaces/share/more_interfaces/package.sh'
[37.515s] INFO:colcon.colcon_core.shell:Creating package script '/home/mahus/Autonomous-Cleaning-Robot/robot_ws/install/more_interfaces/share/more_interfaces/package.bash'
[37.516s] INFO:colcon.colcon_core.shell:Creating package script '/home/mahus/Autonomous-Cleaning-Robot/robot_ws/install/more_interfaces/share/more_interfaces/package.zsh'
[37.517s] Level 1:colcon.colcon_core.environment:create_file_with_runtime_dependencies(/home/mahus/Autonomous-Cleaning-Robot/robot_ws/install/more_interfaces/share/colcon-core/packages/more_interfaces)
[37.521s] INFO:colcon.colcon_ros.task.ament_python.build:Building ROS package in '/home/mahus/Autonomous-Cleaning-Robot/robot_ws/roomba_controller' with build type 'ament_python'
[37.521s] Level 1:colcon.colcon_core.shell:create_environment_hook('roomba_controller', 'ament_prefix_path')
[37.525s] INFO:colcon.colcon_core.shell:Creating environment hook '/home/mahus/Autonomous-Cleaning-Robot/robot_ws/install/roomba_controller/share/roomba_controller/hook/ament_prefix_path.ps1'
[37.526s] INFO:colcon.colcon_core.shell:Creating environment descriptor '/home/mahus/Autonomous-Cleaning-Robot/robot_ws/install/roomba_controller/share/roomba_controller/hook/ament_prefix_path.dsv'
[37.527s] INFO:colcon.colcon_core.shell:Creating environment hook '/home/mahus/Autonomous-Cleaning-Robot/robot_ws/install/roomba_controller/share/roomba_controller/hook/ament_prefix_path.sh'
[37.538s] INFO:colcon.colcon_core.shell:Skip shell extension 'powershell' for command environment: Not usable outside of PowerShell
[37.544s] DEBUG:colcon.colcon_core.shell:Skip shell extension 'dsv' for command environment
[38.489s] INFO:colcon.colcon_core.task.python.build:Building Python package in '/home/mahus/Autonomous-Cleaning-Robot/robot_ws/roomba_controller'
[38.493s] INFO:colcon.colcon_core.shell:Skip shell extension 'powershell' for command environment: Not usable outside of PowerShell
[38.493s] DEBUG:colcon.colcon_core.shell:Skip shell extension 'dsv' for command environment
[39.846s] DEBUG:colcon.colcon_core.event_handler.log_command:Invoking command in '/home/mahus/Autonomous-Cleaning-Robot/robot_ws/roomba_controller': PYTHONPATH=/home/mahus/Autonomous-Cleaning-Robot/robot_ws/build/roomba_controller/prefix_override:/home/mahus/Autonomous-Cleaning-Robot/robot_ws/install/roomba_controller/lib/python3.10/site-packages:${PYTHONPATH} /usr/bin/python3 setup.py egg_info --egg-base ../build/roomba_controller build --build-base /home/mahus/Autonomous-Cleaning-Robot/robot_ws/build/roomba_controller/build install --record /home/mahus/Autonomous-Cleaning-Robot/robot_ws/build/roomba_controller/install.log --single-version-externally-managed
[40.859s] Level 1:colcon.colcon_core.environment:checking '/home/mahus/Autonomous-Cleaning-Robot/robot_ws/install/roomba_controller' for CMake module files
[40.860s] Level 1:colcon.colcon_core.environment:checking '/home/mahus/Autonomous-Cleaning-Robot/robot_ws/install/roomba_controller' for CMake config files
[40.862s] Level 1:colcon.colcon_core.environment:checking '/home/mahus/Autonomous-Cleaning-Robot/robot_ws/install/roomba_controller/lib'
[40.862s] Level 1:colcon.colcon_core.environment:checking '/home/mahus/Autonomous-Cleaning-Robot/robot_ws/install/roomba_controller/bin'
[40.863s] Level 1:colcon.colcon_core.environment:checking '/home/mahus/Autonomous-Cleaning-Robot/robot_ws/install/roomba_controller/lib/pkgconfig/roomba_controller.pc'
[40.863s] Level 1:colcon.colcon_core.environment:checking '/home/mahus/Autonomous-Cleaning-Robot/robot_ws/install/roomba_controller/lib/python3.10/site-packages'
[40.863s] Level 1:colcon.colcon_core.shell:create_environment_hook('roomba_controller', 'pythonpath')
[40.866s] INFO:colcon.colcon_core.shell:Creating environment hook '/home/mahus/Autonomous-Cleaning-Robot/robot_ws/install/roomba_controller/share/roomba_controller/hook/pythonpath.ps1'
[40.867s] INFO:colcon.colcon_core.shell:Creating environment descriptor '/home/mahus/Autonomous-Cleaning-Robot/robot_ws/install/roomba_controller/share/roomba_controller/hook/pythonpath.dsv'
[40.868s] INFO:colcon.colcon_core.shell:Creating environment hook '/home/mahus/Autonomous-Cleaning-Robot/robot_ws/install/roomba_controller/share/roomba_controller/hook/pythonpath.sh'
[40.870s] DEBUG:colcon.colcon_core.event_handler.log_command:Invoked command in '/home/mahus/Autonomous-Cleaning-Robot/robot_ws/roomba_controller' returned '0': PYTHONPATH=/home/mahus/Autonomous-Cleaning-Robot/robot_ws/build/roomba_controller/prefix_override:/home/mahus/Autonomous-Cleaning-Robot/robot_ws/install/roomba_controller/lib/python3.10/site-packages:${PYTHONPATH} /usr/bin/python3 setup.py egg_info --egg-base ../build/roomba_controller build --build-base /home/mahus/Autonomous-Cleaning-Robot/robot_ws/build/roomba_controller/build install --record /home/mahus/Autonomous-Cleaning-Robot/robot_ws/build/roomba_controller/install.log --single-version-externally-managed
[40.872s] Level 1:colcon.colcon_core.environment:checking '/home/mahus/Autonomous-Cleaning-Robot/robot_ws/install/roomba_controller/bin'
[40.873s] Level 1:colcon.colcon_core.environment:create_environment_scripts_only(roomba_controller)
[40.878s] INFO:colcon.colcon_core.shell:Creating package script '/home/mahus/Autonomous-Cleaning-Robot/robot_ws/install/roomba_controller/share/roomba_controller/package.ps1'
[40.880s] INFO:colcon.colcon_core.shell:Creating package descriptor '/home/mahus/Autonomous-Cleaning-Robot/robot_ws/install/roomba_controller/share/roomba_controller/package.dsv'
[40.885s] INFO:colcon.colcon_core.shell:Creating package script '/home/mahus/Autonomous-Cleaning-Robot/robot_ws/install/roomba_controller/share/roomba_controller/package.sh'
[40.886s] INFO:colcon.colcon_core.shell:Creating package script '/home/mahus/Autonomous-Cleaning-Robot/robot_ws/install/roomba_controller/share/roomba_controller/package.bash'
[40.887s] INFO:colcon.colcon_core.shell:Creating package script '/home/mahus/Autonomous-Cleaning-Robot/robot_ws/install/roomba_controller/share/roomba_controller/package.zsh'
[40.888s] Level 1:colcon.colcon_core.environment:create_file_with_runtime_dependencies(/home/mahus/Autonomous-Cleaning-Robot/robot_ws/install/roomba_controller/share/colcon-core/packages/roomba_controller)
[40.891s] DEBUG:colcon.colcon_parallel_executor.executor.parallel:closing loop
[40.892s] DEBUG:colcon.colcon_parallel_executor.executor.parallel:loop closed
[40.892s] DEBUG:colcon.colcon_parallel_executor.executor.parallel:run_until_complete finished with '0'
[40.893s] DEBUG:colcon.colcon_core.event_reactor:joining thread
[40.951s] INFO:colcon.colcon_core.plugin_system:Skipping extension 'colcon_notification.desktop_notification.terminal_notifier': Not used on non-Darwin systems
[40.951s] INFO:colcon.colcon_core.plugin_system:Skipping extension 'colcon_notification.desktop_notification.win32': Not used on non-Windows systems
[40.951s] INFO:colcon.colcon_notification.desktop_notification:Sending desktop notification using 'notify2'
[41.049s] DEBUG:colcon.colcon_core.event_reactor:joined thread
[41.053s] INFO:colcon.colcon_core.shell:Creating prefix script '/home/mahus/Autonomous-Cleaning-Robot/robot_ws/install/local_setup.ps1'
[41.063s] INFO:colcon.colcon_core.shell:Creating prefix util module '/home/mahus/Autonomous-Cleaning-Robot/robot_ws/install/_local_setup_util_ps1.py'
[41.070s] INFO:colcon.colcon_core.shell:Creating prefix chain script '/home/mahus/Autonomous-Cleaning-Robot/robot_ws/install/setup.ps1'
[41.084s] INFO:colcon.colcon_core.shell:Creating prefix script '/home/mahus/Autonomous-Cleaning-Robot/robot_ws/install/local_setup.sh'
[41.090s] INFO:colcon.colcon_core.shell:Creating prefix util module '/home/mahus/Autonomous-Cleaning-Robot/robot_ws/install/_local_setup_util_sh.py'
[41.091s] INFO:colcon.colcon_core.shell:Creating prefix chain script '/home/mahus/Autonomous-Cleaning-Robot/robot_ws/install/setup.sh'
[41.097s] INFO:colcon.colcon_core.shell:Creating prefix script '/home/mahus/Autonomous-Cleaning-Robot/robot_ws/install/local_setup.bash'
[41.099s] INFO:colcon.colcon_core.shell:Creating prefix chain script '/home/mahus/Autonomous-Cleaning-Robot/robot_ws/install/setup.bash'
[41.114s] INFO:colcon.colcon_core.shell:Creating prefix script '/home/mahus/Autonomous-Cleaning-Robot/robot_ws/install/local_setup.zsh'
[41.126s] INFO:colcon.colcon_core.shell:Creating prefix chain script '/home/mahus/Autonomous-Cleaning-Robot/robot_ws/install/setup.zsh'
