21:54:48 **** Incremental Build of configuration Debug for project V8_Roomba ****
make -j8 all 
arm-none-eabi-g++ "../Core/Src/freertos.cpp" -mcpu=cortex-m4 -std=gnu++14 -g3 -DDEBUG -DUSE_HAL_DRIVER -DSTM32F411xE -c -I../Core/Inc -I../Drivers/STM32F4xx_HAL_Driver/Inc -I../Drivers/STM32F4xx_HAL_Driver/Inc/Legacy -I../Drivers/CMSIS/Device/ST/STM32F4xx/Include -I../Drivers/CMSIS/Include -I../Middlewares/Third_Party/FreeRTOS/Source/include -I../Middlewares/Third_Party/FreeRTOS/Source/CMSIS_RTOS_V2 -I../Middlewares/Third_Party/FreeRTOS/Source/portable/GCC/ARM_CM4F -O0 -ffunction-sections -fdata-sections -fno-exceptions -fno-rtti -fno-use-cxa-atexit -Wall -fstack-usage -MMD -MP -MF"Core/Src/freertos.d" -MT"Core/Src/freertos.o" --specs=nano.specs -mfpu=fpv4-sp-d16 -mfloat-abi=hard -mthumb -o "Core/Src/freertos.o"
arm-none-eabi-g++ -o "V8_Roomba.elf" @"objects.list"   -mcpu=cortex-m4 -T"C:\Users\mahus\Desktop\projects\V8-Roomba\V8_Roomba\STM32F411CEUX_FLASH.ld" --specs=nosys.specs -Wl,-Map="V8_Roomba.map" -Wl,--gc-sections -static --specs=nano.specs -mfpu=fpv4-sp-d16 -mfloat-abi=hard -mthumb -Wl,--start-group -lc -lm -lstdc++ -lsupc++ -Wl,--end-group
Finished building target: V8_Roomba.elf
 
arm-none-eabi-size   V8_Roomba.elf 
arm-none-eabi-objdump -h -S  V8_Roomba.elf  > "V8_Roomba.list"
   text	   data	    bss	    dec	    hex	filename
  44932	    132	  21152	  66216	  102a8	V8_Roomba.elf
Finished building: default.size.stdout
 
Finished building: V8_Roomba.list
 
21:54:57 **** Incremental Build of configuration Debug for project V8_Roomba ****
make -j8 all 
arm-none-eabi-size   V8_Roomba.elf 
   text	   data	    bss	    dec	    hex	filename
  44932	    132	  21152	  66216	  102a8	V8_Roomba.elf
Finished building: default.size.stdout
 
21:55:20 **** Incremental Build of configuration Debug for project V8_Roomba ****
make -j8 all 
arm-none-eabi-size   V8_Roomba.elf 
   text	   data	    bss	    dec	    hex	filename
  44932	    132	  21152	  66216	  102a8	V8_Roomba.elf
Finished building: default.size.stdout
 
21:56:02 **** Incremental Build of configuration Debug for project V8_Roomba ****
make -j8 all 
arm-none-eabi-size   V8_Roomba.elf 
   text	   data	    bss	    dec	    hex	filename
  44932	    132	  21152	  66216	  102a8	V8_Roomba.elf
Finished building: default.size.stdout
 
21:58:58 **** Incremental Build of configuration Debug for project V8_Roomba ****
make -j8 all 
arm-none-eabi-g++ "../Core/Src/Controller.cpp" -mcpu=cortex-m4 -std=gnu++14 -g3 -DDEBUG -DUSE_HAL_DRIVER -DSTM32F411xE -c -I../Core/Inc -I../Drivers/STM32F4xx_HAL_Driver/Inc -I../Drivers/STM32F4xx_HAL_Driver/Inc/Legacy -I../Drivers/CMSIS/Device/ST/STM32F4xx/Include -I../Drivers/CMSIS/Include -I../Middlewares/Third_Party/FreeRTOS/Source/include -I../Middlewares/Third_Party/FreeRTOS/Source/CMSIS_RTOS_V2 -I../Middlewares/Third_Party/FreeRTOS/Source/portable/GCC/ARM_CM4F -O0 -ffunction-sections -fdata-sections -fno-exceptions -fno-rtti -fno-use-cxa-atexit -Wall -fstack-usage -MMD -MP -MF"Core/Src/Controller.d" -MT"Core/Src/Controller.o" --specs=nano.specs -mfpu=fpv4-sp-d16 -mfloat-abi=hard -mthumb -o "Core/Src/Controller.o"
arm-none-eabi-g++ "../Core/Src/freertos.cpp" -mcpu=cortex-m4 -std=gnu++14 -g3 -DDEBUG -DUSE_HAL_DRIVER -DSTM32F411xE -c -I../Core/Inc -I../Drivers/STM32F4xx_HAL_Driver/Inc -I../Drivers/STM32F4xx_HAL_Driver/Inc/Legacy -I../Drivers/CMSIS/Device/ST/STM32F4xx/Include -I../Drivers/CMSIS/Include -I../Middlewares/Third_Party/FreeRTOS/Source/include -I../Middlewares/Third_Party/FreeRTOS/Source/CMSIS_RTOS_V2 -I../Middlewares/Third_Party/FreeRTOS/Source/portable/GCC/ARM_CM4F -O0 -ffunction-sections -fdata-sections -fno-exceptions -fno-rtti -fno-use-cxa-atexit -Wall -fstack-usage -MMD -MP -MF"Core/Src/freertos.d" -MT"Core/Src/freertos.o" --specs=nano.specs -mfpu=fpv4-sp-d16 -mfloat-abi=hard -mthumb -o "Core/Src/freertos.o"
arm-none-eabi-g++ -o "V8_Roomba.elf" @"objects.list"   -mcpu=cortex-m4 -T"C:\Users\mahus\Desktop\projects\V8-Roomba\V8_Roomba\STM32F411CEUX_FLASH.ld" --specs=nosys.specs -Wl,-Map="V8_Roomba.map" -Wl,--gc-sections -static --specs=nano.specs -mfpu=fpv4-sp-d16 -mfloat-abi=hard -mthumb -Wl,--start-group -lc -lm -lstdc++ -lsupc++ -Wl,--end-group
Finished building target: V8_Roomba.elf
 
arm-none-eabi-size   V8_Roomba.elf 
arm-none-eabi-objdump -h -S  V8_Roomba.elf  > "V8_Roomba.list"
   text	   data	    bss	    dec	    hex	filename
  44932	    132	  21152	  66216	  102a8	V8_Roomba.elf
Finished building: default.size.stdout
 
Finished building: V8_Roomba.list
 
22:07:58 **** Incremental Build of configuration Debug for project V8_Roomba ****
make -j8 all 
arm-none-eabi-g++ "../Core/Src/Controller.cpp" -mcpu=cortex-m4 -std=gnu++14 -g3 -DDEBUG -DUSE_HAL_DRIVER -DSTM32F411xE -c -I../Core/Inc -I../Drivers/STM32F4xx_HAL_Driver/Inc -I../Drivers/STM32F4xx_HAL_Driver/Inc/Legacy -I../Drivers/CMSIS/Device/ST/STM32F4xx/Include -I../Drivers/CMSIS/Include -I../Middlewares/Third_Party/FreeRTOS/Source/include -I../Middlewares/Third_Party/FreeRTOS/Source/CMSIS_RTOS_V2 -I../Middlewares/Third_Party/FreeRTOS/Source/portable/GCC/ARM_CM4F -O0 -ffunction-sections -fdata-sections -fno-exceptions -fno-rtti -fno-use-cxa-atexit -Wall -fstack-usage -MMD -MP -MF"Core/Src/Controller.d" -MT"Core/Src/Controller.o" --specs=nano.specs -mfpu=fpv4-sp-d16 -mfloat-abi=hard -mthumb -o "Core/Src/Controller.o"
arm-none-eabi-g++ -o "V8_Roomba.elf" @"objects.list"   -mcpu=cortex-m4 -T"C:\Users\mahus\Desktop\projects\V8-Roomba\V8_Roomba\STM32F411CEUX_FLASH.ld" --specs=nosys.specs -Wl,-Map="V8_Roomba.map" -Wl,--gc-sections -static --specs=nano.specs -mfpu=fpv4-sp-d16 -mfloat-abi=hard -mthumb -Wl,--start-group -lc -lm -lstdc++ -lsupc++ -Wl,--end-group
Finished building target: V8_Roomba.elf
 
arm-none-eabi-size   V8_Roomba.elf 
arm-none-eabi-objdump -h -S  V8_Roomba.elf  > "V8_Roomba.list"
   text	   data	    bss	    dec	    hex	filename
  44772	    132	  21152	  66056	  10208	V8_Roomba.elf
Finished building: default.size.stdout
 
Finished building: V8_Roomba.list
 
22:13:00 **** Incremental Build of configuration Debug for project V8_Roomba ****
make -j8 all 
arm-none-eabi-g++ "../Core/Src/Controller.cpp" -mcpu=cortex-m4 -std=gnu++14 -g3 -DDEBUG -DUSE_HAL_DRIVER -DSTM32F411xE -c -I../Core/Inc -I../Drivers/STM32F4xx_HAL_Driver/Inc -I../Drivers/STM32F4xx_HAL_Driver/Inc/Legacy -I../Drivers/CMSIS/Device/ST/STM32F4xx/Include -I../Drivers/CMSIS/Include -I../Middlewares/Third_Party/FreeRTOS/Source/include -I../Middlewares/Third_Party/FreeRTOS/Source/CMSIS_RTOS_V2 -I../Middlewares/Third_Party/FreeRTOS/Source/portable/GCC/ARM_CM4F -O0 -ffunction-sections -fdata-sections -fno-exceptions -fno-rtti -fno-use-cxa-atexit -Wall -fstack-usage -MMD -MP -MF"Core/Src/Controller.d" -MT"Core/Src/Controller.o" --specs=nano.specs -mfpu=fpv4-sp-d16 -mfloat-abi=hard -mthumb -o "Core/Src/Controller.o"
arm-none-eabi-g++ -o "V8_Roomba.elf" @"objects.list"   -mcpu=cortex-m4 -T"C:\Users\mahus\Desktop\projects\V8-Roomba\V8_Roomba\STM32F411CEUX_FLASH.ld" --specs=nosys.specs -Wl,-Map="V8_Roomba.map" -Wl,--gc-sections -static --specs=nano.specs -mfpu=fpv4-sp-d16 -mfloat-abi=hard -mthumb -Wl,--start-group -lc -lm -lstdc++ -lsupc++ -Wl,--end-group
Finished building target: V8_Roomba.elf
 
arm-none-eabi-size   V8_Roomba.elf 
arm-none-eabi-objdump -h -S  V8_Roomba.elf  > "V8_Roomba.list"
   text	   data	    bss	    dec	    hex	filename
  45252	    132	  21152	  66536	  103e8	V8_Roomba.elf
Finished building: default.size.stdout
 
Finished building: V8_Roomba.list
 
22:16:49 **** Incremental Build of configuration Debug for project V8_Roomba ****
make -j8 all 
arm-none-eabi-g++ "../Core/Src/Controller.cpp" -mcpu=cortex-m4 -std=gnu++14 -g3 -DDEBUG -DUSE_HAL_DRIVER -DSTM32F411xE -c -I../Core/Inc -I../Drivers/STM32F4xx_HAL_Driver/Inc -I../Drivers/STM32F4xx_HAL_Driver/Inc/Legacy -I../Drivers/CMSIS/Device/ST/STM32F4xx/Include -I../Drivers/CMSIS/Include -I../Middlewares/Third_Party/FreeRTOS/Source/include -I../Middlewares/Third_Party/FreeRTOS/Source/CMSIS_RTOS_V2 -I../Middlewares/Third_Party/FreeRTOS/Source/portable/GCC/ARM_CM4F -O0 -ffunction-sections -fdata-sections -fno-exceptions -fno-rtti -fno-use-cxa-atexit -Wall -fstack-usage -MMD -MP -MF"Core/Src/Controller.d" -MT"Core/Src/Controller.o" --specs=nano.specs -mfpu=fpv4-sp-d16 -mfloat-abi=hard -mthumb -o "Core/Src/Controller.o"
arm-none-eabi-g++ -o "V8_Roomba.elf" @"objects.list"   -mcpu=cortex-m4 -T"C:\Users\mahus\Desktop\projects\V8-Roomba\V8_Roomba\STM32F411CEUX_FLASH.ld" --specs=nosys.specs -Wl,-Map="V8_Roomba.map" -Wl,--gc-sections -static --specs=nano.specs -mfpu=fpv4-sp-d16 -mfloat-abi=hard -mthumb -Wl,--start-group -lc -lm -lstdc++ -lsupc++ -Wl,--end-group
Finished building target: V8_Roomba.elf
 
arm-none-eabi-size   V8_Roomba.elf 
arm-none-eabi-objdump -h -S  V8_Roomba.elf  > "V8_Roomba.list"
   text	   data	    bss	    dec	    hex	filename
  44932	    132	  21152	  66216	  102a8	V8_Roomba.elf
Finished building: default.size.stdout
 
Finished building: V8_Roomba.list
 
22:20:34 **** Incremental Build of configuration Debug for project V8_Roomba ****
make -j8 all 
arm-none-eabi-g++ "../Core/Src/Controller.cpp" -mcpu=cortex-m4 -std=gnu++14 -g3 -DDEBUG -DUSE_HAL_DRIVER -DSTM32F411xE -c -I../Core/Inc -I../Drivers/STM32F4xx_HAL_Driver/Inc -I../Drivers/STM32F4xx_HAL_Driver/Inc/Legacy -I../Drivers/CMSIS/Device/ST/STM32F4xx/Include -I../Drivers/CMSIS/Include -I../Middlewares/Third_Party/FreeRTOS/Source/include -I../Middlewares/Third_Party/FreeRTOS/Source/CMSIS_RTOS_V2 -I../Middlewares/Third_Party/FreeRTOS/Source/portable/GCC/ARM_CM4F -O0 -ffunction-sections -fdata-sections -fno-exceptions -fno-rtti -fno-use-cxa-atexit -Wall -fstack-usage -MMD -MP -MF"Core/Src/Controller.d" -MT"Core/Src/Controller.o" --specs=nano.specs -mfpu=fpv4-sp-d16 -mfloat-abi=hard -mthumb -o "Core/Src/Controller.o"
arm-none-eabi-g++ "../Core/Src/freertos.cpp" -mcpu=cortex-m4 -std=gnu++14 -g3 -DDEBUG -DUSE_HAL_DRIVER -DSTM32F411xE -c -I../Core/Inc -I../Drivers/STM32F4xx_HAL_Driver/Inc -I../Drivers/STM32F4xx_HAL_Driver/Inc/Legacy -I../Drivers/CMSIS/Device/ST/STM32F4xx/Include -I../Drivers/CMSIS/Include -I../Middlewares/Third_Party/FreeRTOS/Source/include -I../Middlewares/Third_Party/FreeRTOS/Source/CMSIS_RTOS_V2 -I../Middlewares/Third_Party/FreeRTOS/Source/portable/GCC/ARM_CM4F -O0 -ffunction-sections -fdata-sections -fno-exceptions -fno-rtti -fno-use-cxa-atexit -Wall -fstack-usage -MMD -MP -MF"Core/Src/freertos.d" -MT"Core/Src/freertos.o" --specs=nano.specs -mfpu=fpv4-sp-d16 -mfloat-abi=hard -mthumb -o "Core/Src/freertos.o"
arm-none-eabi-g++ -o "V8_Roomba.elf" @"objects.list"   -mcpu=cortex-m4 -T"C:\Users\mahus\Desktop\projects\V8-Roomba\V8_Roomba\STM32F411CEUX_FLASH.ld" --specs=nosys.specs -Wl,-Map="V8_Roomba.map" -Wl,--gc-sections -static --specs=nano.specs -mfpu=fpv4-sp-d16 -mfloat-abi=hard -mthumb -Wl,--start-group -lc -lm -lstdc++ -lsupc++ -Wl,--end-group
Finished building target: V8_Roomba.elf
 
arm-none-eabi-size   V8_Roomba.elf 
arm-none-eabi-objdump -h -S  V8_Roomba.elf  > "V8_Roomba.list"
   text	   data	    bss	    dec	    hex	filename
  45268	    132	  21152	  66552	  103f8	V8_Roomba.elf
Finished building: default.size.stdout
 
Finished building: V8_Roomba.list
 
22:25:51 **** Incremental Build of configuration Debug for project V8_Roomba ****
make -j8 all 
arm-none-eabi-g++ "../Core/Src/Controller.cpp" -mcpu=cortex-m4 -std=gnu++14 -g3 -DDEBUG -DUSE_HAL_DRIVER -DSTM32F411xE -c -I../Core/Inc -I../Drivers/STM32F4xx_HAL_Driver/Inc -I../Drivers/STM32F4xx_HAL_Driver/Inc/Legacy -I../Drivers/CMSIS/Device/ST/STM32F4xx/Include -I../Drivers/CMSIS/Include -I../Middlewares/Third_Party/FreeRTOS/Source/include -I../Middlewares/Third_Party/FreeRTOS/Source/CMSIS_RTOS_V2 -I../Middlewares/Third_Party/FreeRTOS/Source/portable/GCC/ARM_CM4F -O0 -ffunction-sections -fdata-sections -fno-exceptions -fno-rtti -fno-use-cxa-atexit -Wall -fstack-usage -MMD -MP -MF"Core/Src/Controller.d" -MT"Core/Src/Controller.o" --specs=nano.specs -mfpu=fpv4-sp-d16 -mfloat-abi=hard -mthumb -o "Core/Src/Controller.o"
arm-none-eabi-g++ -o "V8_Roomba.elf" @"objects.list"   -mcpu=cortex-m4 -T"C:\Users\mahus\Desktop\projects\V8-Roomba\V8_Roomba\STM32F411CEUX_FLASH.ld" --specs=nosys.specs -Wl,-Map="V8_Roomba.map" -Wl,--gc-sections -static --specs=nano.specs -mfpu=fpv4-sp-d16 -mfloat-abi=hard -mthumb -Wl,--start-group -lc -lm -lstdc++ -lsupc++ -Wl,--end-group
Finished building target: V8_Roomba.elf
 
arm-none-eabi-size   V8_Roomba.elf 
arm-none-eabi-objdump -h -S  V8_Roomba.elf  > "V8_Roomba.list"
   text	   data	    bss	    dec	    hex	filename
  45268	    132	  21152	  66552	  103f8	V8_Roomba.elf
Finished building: default.size.stdout
 
Finished building: V8_Roomba.list
 
22:28:11 **** Incremental Build of configuration Debug for project V8_Roomba ****
make -j8 all 
arm-none-eabi-g++ "../Core/Src/freertos.cpp" -mcpu=cortex-m4 -std=gnu++14 -g3 -DDEBUG -DUSE_HAL_DRIVER -DSTM32F411xE -c -I../Core/Inc -I../Drivers/STM32F4xx_HAL_Driver/Inc -I../Drivers/STM32F4xx_HAL_Driver/Inc/Legacy -I../Drivers/CMSIS/Device/ST/STM32F4xx/Include -I../Drivers/CMSIS/Include -I../Middlewares/Third_Party/FreeRTOS/Source/include -I../Middlewares/Third_Party/FreeRTOS/Source/CMSIS_RTOS_V2 -I../Middlewares/Third_Party/FreeRTOS/Source/portable/GCC/ARM_CM4F -O0 -ffunction-sections -fdata-sections -fno-exceptions -fno-rtti -fno-use-cxa-atexit -Wall -fstack-usage -MMD -MP -MF"Core/Src/freertos.d" -MT"Core/Src/freertos.o" --specs=nano.specs -mfpu=fpv4-sp-d16 -mfloat-abi=hard -mthumb -o "Core/Src/freertos.o"
arm-none-eabi-g++ -o "V8_Roomba.elf" @"objects.list"   -mcpu=cortex-m4 -T"C:\Users\mahus\Desktop\projects\V8-Roomba\V8_Roomba\STM32F411CEUX_FLASH.ld" --specs=nosys.specs -Wl,-Map="V8_Roomba.map" -Wl,--gc-sections -static --specs=nano.specs -mfpu=fpv4-sp-d16 -mfloat-abi=hard -mthumb -Wl,--start-group -lc -lm -lstdc++ -lsupc++ -Wl,--end-group
Finished building target: V8_Roomba.elf
 
arm-none-eabi-size   V8_Roomba.elf 
arm-none-eabi-objdump -h -S  V8_Roomba.elf  > "V8_Roomba.list"
   text	   data	    bss	    dec	    hex	filename
  45252	    132	  21152	  66536	  103e8	V8_Roomba.elf
Finished building: default.size.stdout
 
Finished building: V8_Roomba.list
 
22:34:29 **** Incremental Build of configuration Debug for project V8_Roomba ****
make -j8 all 
arm-none-eabi-g++ "../Core/Src/Controller.cpp" -mcpu=cortex-m4 -std=gnu++14 -g3 -DDEBUG -DUSE_HAL_DRIVER -DSTM32F411xE -c -I../Core/Inc -I../Drivers/STM32F4xx_HAL_Driver/Inc -I../Drivers/STM32F4xx_HAL_Driver/Inc/Legacy -I../Drivers/CMSIS/Device/ST/STM32F4xx/Include -I../Drivers/CMSIS/Include -I../Middlewares/Third_Party/FreeRTOS/Source/include -I../Middlewares/Third_Party/FreeRTOS/Source/CMSIS_RTOS_V2 -I../Middlewares/Third_Party/FreeRTOS/Source/portable/GCC/ARM_CM4F -O0 -ffunction-sections -fdata-sections -fno-exceptions -fno-rtti -fno-use-cxa-atexit -Wall -fstack-usage -MMD -MP -MF"Core/Src/Controller.d" -MT"Core/Src/Controller.o" --specs=nano.specs -mfpu=fpv4-sp-d16 -mfloat-abi=hard -mthumb -o "Core/Src/Controller.o"
arm-none-eabi-g++ -o "V8_Roomba.elf" @"objects.list"   -mcpu=cortex-m4 -T"C:\Users\mahus\Desktop\projects\V8-Roomba\V8_Roomba\STM32F411CEUX_FLASH.ld" --specs=nosys.specs -Wl,-Map="V8_Roomba.map" -Wl,--gc-sections -static --specs=nano.specs -mfpu=fpv4-sp-d16 -mfloat-abi=hard -mthumb -Wl,--start-group -lc -lm -lstdc++ -lsupc++ -Wl,--end-group
Finished building target: V8_Roomba.elf
 
arm-none-eabi-size   V8_Roomba.elf 
arm-none-eabi-objdump -h -S  V8_Roomba.elf  > "V8_Roomba.list"
   text	   data	    bss	    dec	    hex	filename
  45268	    132	  21152	  66552	  103f8	V8_Roomba.elf
Finished building: default.size.stdout
 
Finished building: V8_Roomba.list
 
14:56:40 **** Incremental Build of configuration Debug for project V8_Roomba ****
make -j8 all 
arm-none-eabi-g++ "../Core/Src/Controller.cpp" -mcpu=cortex-m4 -std=gnu++14 -g3 -DDEBUG -DUSE_HAL_DRIVER -DSTM32F411xE -c -I../Core/Inc -I../Drivers/STM32F4xx_HAL_Driver/Inc -I../Drivers/STM32F4xx_HAL_Driver/Inc/Legacy -I../Drivers/CMSIS/Device/ST/STM32F4xx/Include -I../Drivers/CMSIS/Include -I../Middlewares/Third_Party/FreeRTOS/Source/include -I../Middlewares/Third_Party/FreeRTOS/Source/CMSIS_RTOS_V2 -I../Middlewares/Third_Party/FreeRTOS/Source/portable/GCC/ARM_CM4F -O0 -ffunction-sections -fdata-sections -fno-exceptions -fno-rtti -fno-use-cxa-atexit -Wall -fstack-usage -MMD -MP -MF"Core/Src/Controller.d" -MT"Core/Src/Controller.o" --specs=nano.specs -mfpu=fpv4-sp-d16 -mfloat-abi=hard -mthumb -o "Core/Src/Controller.o"
arm-none-eabi-g++ "../Core/Src/freertos.cpp" -mcpu=cortex-m4 -std=gnu++14 -g3 -DDEBUG -DUSE_HAL_DRIVER -DSTM32F411xE -c -I../Core/Inc -I../Drivers/STM32F4xx_HAL_Driver/Inc -I../Drivers/STM32F4xx_HAL_Driver/Inc/Legacy -I../Drivers/CMSIS/Device/ST/STM32F4xx/Include -I../Drivers/CMSIS/Include -I../Middlewares/Third_Party/FreeRTOS/Source/include -I../Middlewares/Third_Party/FreeRTOS/Source/CMSIS_RTOS_V2 -I../Middlewares/Third_Party/FreeRTOS/Source/portable/GCC/ARM_CM4F -O0 -ffunction-sections -fdata-sections -fno-exceptions -fno-rtti -fno-use-cxa-atexit -Wall -fstack-usage -MMD -MP -MF"Core/Src/freertos.d" -MT"Core/Src/freertos.o" --specs=nano.specs -mfpu=fpv4-sp-d16 -mfloat-abi=hard -mthumb -o "Core/Src/freertos.o"
arm-none-eabi-g++ -o "V8_Roomba.elf" @"objects.list"   -mcpu=cortex-m4 -T"C:\Users\mahus\Desktop\projects\V8-Roomba\V8_Roomba\STM32F411CEUX_FLASH.ld" --specs=nosys.specs -Wl,-Map="V8_Roomba.map" -Wl,--gc-sections -static --specs=nano.specs -mfpu=fpv4-sp-d16 -mfloat-abi=hard -mthumb -Wl,--start-group -lc -lm -lstdc++ -lsupc++ -Wl,--end-group
Finished building target: V8_Roomba.elf
 
arm-none-eabi-size   V8_Roomba.elf 
arm-none-eabi-objdump -h -S  V8_Roomba.elf  > "V8_Roomba.list"
   text	   data	    bss	    dec	    hex	filename
  44100	    132	  21152	  65384	   ff68	V8_Roomba.elf
Finished building: default.size.stdout
 
Finished building: V8_Roomba.list
 
15:04:55 **** Incremental Build of configuration Debug for project V8_Roomba ****
make -j8 all 
arm-none-eabi-g++ "../Core/Src/main.cpp" -mcpu=cortex-m4 -std=gnu++14 -g3 -DDEBUG -DUSE_HAL_DRIVER -DSTM32F411xE -c -I../Core/Inc -I../Drivers/STM32F4xx_HAL_Driver/Inc -I../Drivers/STM32F4xx_HAL_Driver/Inc/Legacy -I../Drivers/CMSIS/Device/ST/STM32F4xx/Include -I../Drivers/CMSIS/Include -I../Middlewares/Third_Party/FreeRTOS/Source/include -I../Middlewares/Third_Party/FreeRTOS/Source/CMSIS_RTOS_V2 -I../Middlewares/Third_Party/FreeRTOS/Source/portable/GCC/ARM_CM4F -O0 -ffunction-sections -fdata-sections -fno-exceptions -fno-rtti -fno-use-cxa-atexit -Wall -fstack-usage -MMD -MP -MF"Core/Src/main.d" -MT"Core/Src/main.o" --specs=nano.specs -mfpu=fpv4-sp-d16 -mfloat-abi=hard -mthumb -o "Core/Src/main.o"
../Core/Src/main.cpp: In function 'int main()':
../Core/Src/main.cpp:103:3: error: expected ';' before 'osKernelInitialize'
  103 |   osKernelInitialize();  /* Call init function for freertos objects (in freertos.c) */
      |   ^~~~~~~~~~~~~~~~~~
make: *** [Core/Src/subdir.mk:66: Core/Src/main.o] Error 1
"make -j8 all" terminated with exit code 2. Build might be incomplete.
15:05:05 **** Incremental Build of configuration Debug for project V8_Roomba ****
make -j8 all 
arm-none-eabi-g++ "../Core/Src/main.cpp" -mcpu=cortex-m4 -std=gnu++14 -g3 -DDEBUG -DUSE_HAL_DRIVER -DSTM32F411xE -c -I../Core/Inc -I../Drivers/STM32F4xx_HAL_Driver/Inc -I../Drivers/STM32F4xx_HAL_Driver/Inc/Legacy -I../Drivers/CMSIS/Device/ST/STM32F4xx/Include -I../Drivers/CMSIS/Include -I../Middlewares/Third_Party/FreeRTOS/Source/include -I../Middlewares/Third_Party/FreeRTOS/Source/CMSIS_RTOS_V2 -I../Middlewares/Third_Party/FreeRTOS/Source/portable/GCC/ARM_CM4F -O0 -ffunction-sections -fdata-sections -fno-exceptions -fno-rtti -fno-use-cxa-atexit -Wall -fstack-usage -MMD -MP -MF"Core/Src/main.d" -MT"Core/Src/main.o" --specs=nano.specs -mfpu=fpv4-sp-d16 -mfloat-abi=hard -mthumb -o "Core/Src/main.o"
arm-none-eabi-g++ -o "V8_Roomba.elf" @"objects.list"   -mcpu=cortex-m4 -T"C:\Users\mahus\Desktop\projects\V8-Roomba\V8_Roomba\STM32F411CEUX_FLASH.ld" --specs=nosys.specs -Wl,-Map="V8_Roomba.map" -Wl,--gc-sections -static --specs=nano.specs -mfpu=fpv4-sp-d16 -mfloat-abi=hard -mthumb -Wl,--start-group -lc -lm -lstdc++ -lsupc++ -Wl,--end-group
Finished building target: V8_Roomba.elf
 
arm-none-eabi-size   V8_Roomba.elf 
arm-none-eabi-objdump -h -S  V8_Roomba.elf  > "V8_Roomba.list"
   text	   data	    bss	    dec	    hex	filename
  44116	    132	  21152	  65400	   ff78	V8_Roomba.elf
Finished building: default.size.stdout
 
Finished building: V8_Roomba.list
 
15:05:11 **** Incremental Build of configuration Debug for project V8_Roomba ****
make -j8 all 
arm-none-eabi-size   V8_Roomba.elf 
   text	   data	    bss	    dec	    hex	filename
  44116	    132	  21152	  65400	   ff78	V8_Roomba.elf
Finished building: default.size.stdout
 
15:12:46 **** Incremental Build of configuration Debug for project V8_Roomba ****
make -j8 all 
arm-none-eabi-g++ "../Core/Src/Controller.cpp" -mcpu=cortex-m4 -std=gnu++14 -g3 -DDEBUG -DUSE_HAL_DRIVER -DSTM32F411xE -c -I../Core/Inc -I../Drivers/STM32F4xx_HAL_Driver/Inc -I../Drivers/STM32F4xx_HAL_Driver/Inc/Legacy -I../Drivers/CMSIS/Device/ST/STM32F4xx/Include -I../Drivers/CMSIS/Include -I../Middlewares/Third_Party/FreeRTOS/Source/include -I../Middlewares/Third_Party/FreeRTOS/Source/CMSIS_RTOS_V2 -I../Middlewares/Third_Party/FreeRTOS/Source/portable/GCC/ARM_CM4F -O0 -ffunction-sections -fdata-sections -fno-exceptions -fno-rtti -fno-use-cxa-atexit -Wall -fstack-usage -MMD -MP -MF"Core/Src/Controller.d" -MT"Core/Src/Controller.o" --specs=nano.specs -mfpu=fpv4-sp-d16 -mfloat-abi=hard -mthumb -o "Core/Src/Controller.o"
arm-none-eabi-g++ "../Core/Src/freertos.cpp" -mcpu=cortex-m4 -std=gnu++14 -g3 -DDEBUG -DUSE_HAL_DRIVER -DSTM32F411xE -c -I../Core/Inc -I../Drivers/STM32F4xx_HAL_Driver/Inc -I../Drivers/STM32F4xx_HAL_Driver/Inc/Legacy -I../Drivers/CMSIS/Device/ST/STM32F4xx/Include -I../Drivers/CMSIS/Include -I../Middlewares/Third_Party/FreeRTOS/Source/include -I../Middlewares/Third_Party/FreeRTOS/Source/CMSIS_RTOS_V2 -I../Middlewares/Third_Party/FreeRTOS/Source/portable/GCC/ARM_CM4F -O0 -ffunction-sections -fdata-sections -fno-exceptions -fno-rtti -fno-use-cxa-atexit -Wall -fstack-usage -MMD -MP -MF"Core/Src/freertos.d" -MT"Core/Src/freertos.o" --specs=nano.specs -mfpu=fpv4-sp-d16 -mfloat-abi=hard -mthumb -o "Core/Src/freertos.o"
../Core/Src/Controller.cpp: In member function 'void Controller::receiveCommands()':
../Core/Src/Controller.cpp:115:21: warning: unused variable 'test' [-Wunused-variable]
  115 |   HAL_StatusTypeDef test = HAL_UART_Receive_IT(&huart1, receiveBuffer, sizeof(receiveBuffer));
      |                     ^~~~
arm-none-eabi-g++ -o "V8_Roomba.elf" @"objects.list"   -mcpu=cortex-m4 -T"C:\Users\mahus\Desktop\projects\V8-Roomba\V8_Roomba\STM32F411CEUX_FLASH.ld" --specs=nosys.specs -Wl,-Map="V8_Roomba.map" -Wl,--gc-sections -static --specs=nano.specs -mfpu=fpv4-sp-d16 -mfloat-abi=hard -mthumb -Wl,--start-group -lc -lm -lstdc++ -lsupc++ -Wl,--end-group
Finished building target: V8_Roomba.elf
 
arm-none-eabi-size   V8_Roomba.elf 
arm-none-eabi-objdump -h -S  V8_Roomba.elf  > "V8_Roomba.list"
   text	   data	    bss	    dec	    hex	filename
  44132	    132	  21152	  65416	   ff88	V8_Roomba.elf
Finished building: default.size.stdout
 
Finished building: V8_Roomba.list
 
15:19:15 **** Incremental Build of configuration Debug for project V8_Roomba ****
make -j8 all 
arm-none-eabi-g++ "../Core/Src/Controller.cpp" -mcpu=cortex-m4 -std=gnu++14 -g3 -DDEBUG -DUSE_HAL_DRIVER -DSTM32F411xE -c -I../Core/Inc -I../Drivers/STM32F4xx_HAL_Driver/Inc -I../Drivers/STM32F4xx_HAL_Driver/Inc/Legacy -I../Drivers/CMSIS/Device/ST/STM32F4xx/Include -I../Drivers/CMSIS/Include -I../Middlewares/Third_Party/FreeRTOS/Source/include -I../Middlewares/Third_Party/FreeRTOS/Source/CMSIS_RTOS_V2 -I../Middlewares/Third_Party/FreeRTOS/Source/portable/GCC/ARM_CM4F -O0 -ffunction-sections -fdata-sections -fno-exceptions -fno-rtti -fno-use-cxa-atexit -Wall -fstack-usage -MMD -MP -MF"Core/Src/Controller.d" -MT"Core/Src/Controller.o" --specs=nano.specs -mfpu=fpv4-sp-d16 -mfloat-abi=hard -mthumb -o "Core/Src/Controller.o"
arm-none-eabi-g++ "../Core/Src/freertos.cpp" -mcpu=cortex-m4 -std=gnu++14 -g3 -DDEBUG -DUSE_HAL_DRIVER -DSTM32F411xE -c -I../Core/Inc -I../Drivers/STM32F4xx_HAL_Driver/Inc -I../Drivers/STM32F4xx_HAL_Driver/Inc/Legacy -I../Drivers/CMSIS/Device/ST/STM32F4xx/Include -I../Drivers/CMSIS/Include -I../Middlewares/Third_Party/FreeRTOS/Source/include -I../Middlewares/Third_Party/FreeRTOS/Source/CMSIS_RTOS_V2 -I../Middlewares/Third_Party/FreeRTOS/Source/portable/GCC/ARM_CM4F -O0 -ffunction-sections -fdata-sections -fno-exceptions -fno-rtti -fno-use-cxa-atexit -Wall -fstack-usage -MMD -MP -MF"Core/Src/freertos.d" -MT"Core/Src/freertos.o" --specs=nano.specs -mfpu=fpv4-sp-d16 -mfloat-abi=hard -mthumb -o "Core/Src/freertos.o"
../Core/Src/Controller.cpp: In member function 'void Controller::receiveCommands()':
../Core/Src/Controller.cpp:114:21: warning: unused variable 'test' [-Wunused-variable]
  114 |   HAL_StatusTypeDef test = HAL_UART_Receive_IT(&huart1, receiveBuffer, sizeof(receiveBuffer));
      |                     ^~~~
arm-none-eabi-g++ -o "V8_Roomba.elf" @"objects.list"   -mcpu=cortex-m4 -T"C:\Users\mahus\Desktop\projects\V8-Roomba\V8_Roomba\STM32F411CEUX_FLASH.ld" --specs=nosys.specs -Wl,-Map="V8_Roomba.map" -Wl,--gc-sections -static --specs=nano.specs -mfpu=fpv4-sp-d16 -mfloat-abi=hard -mthumb -Wl,--start-group -lc -lm -lstdc++ -lsupc++ -Wl,--end-group
Finished building target: V8_Roomba.elf
 
arm-none-eabi-size   V8_Roomba.elf 
arm-none-eabi-objdump -h -S  V8_Roomba.elf  > "V8_Roomba.list"
   text	   data	    bss	    dec	    hex	filename
  44116	    132	  21152	  65400	   ff78	V8_Roomba.elf
Finished building: default.size.stdout
 
Finished building: V8_Roomba.list
 
15:23:55 **** Incremental Build of configuration Debug for project V8_Roomba ****
make -j8 all 
arm-none-eabi-g++ "../Core/Src/Controller.cpp" -mcpu=cortex-m4 -std=gnu++14 -g3 -DDEBUG -DUSE_HAL_DRIVER -DSTM32F411xE -c -I../Core/Inc -I../Drivers/STM32F4xx_HAL_Driver/Inc -I../Drivers/STM32F4xx_HAL_Driver/Inc/Legacy -I../Drivers/CMSIS/Device/ST/STM32F4xx/Include -I../Drivers/CMSIS/Include -I../Middlewares/Third_Party/FreeRTOS/Source/include -I../Middlewares/Third_Party/FreeRTOS/Source/CMSIS_RTOS_V2 -I../Middlewares/Third_Party/FreeRTOS/Source/portable/GCC/ARM_CM4F -O0 -ffunction-sections -fdata-sections -fno-exceptions -fno-rtti -fno-use-cxa-atexit -Wall -fstack-usage -MMD -MP -MF"Core/Src/Controller.d" -MT"Core/Src/Controller.o" --specs=nano.specs -mfpu=fpv4-sp-d16 -mfloat-abi=hard -mthumb -o "Core/Src/Controller.o"
arm-none-eabi-g++ "../Core/Src/freertos.cpp" -mcpu=cortex-m4 -std=gnu++14 -g3 -DDEBUG -DUSE_HAL_DRIVER -DSTM32F411xE -c -I../Core/Inc -I../Drivers/STM32F4xx_HAL_Driver/Inc -I../Drivers/STM32F4xx_HAL_Driver/Inc/Legacy -I../Drivers/CMSIS/Device/ST/STM32F4xx/Include -I../Drivers/CMSIS/Include -I../Middlewares/Third_Party/FreeRTOS/Source/include -I../Middlewares/Third_Party/FreeRTOS/Source/CMSIS_RTOS_V2 -I../Middlewares/Third_Party/FreeRTOS/Source/portable/GCC/ARM_CM4F -O0 -ffunction-sections -fdata-sections -fno-exceptions -fno-rtti -fno-use-cxa-atexit -Wall -fstack-usage -MMD -MP -MF"Core/Src/freertos.d" -MT"Core/Src/freertos.o" --specs=nano.specs -mfpu=fpv4-sp-d16 -mfloat-abi=hard -mthumb -o "Core/Src/freertos.o"
../Core/Src/Controller.cpp: In member function 'void Controller::receiveCommands()':
../Core/Src/Controller.cpp:114:21: warning: unused variable 'test' [-Wunused-variable]
  114 |   HAL_StatusTypeDef test = HAL_UART_Receive_IT(&huart1, receiveBuffer, 1);
      |                     ^~~~
arm-none-eabi-g++ -o "V8_Roomba.elf" @"objects.list"   -mcpu=cortex-m4 -T"C:\Users\mahus\Desktop\projects\V8-Roomba\V8_Roomba\STM32F411CEUX_FLASH.ld" --specs=nosys.specs -Wl,-Map="V8_Roomba.map" -Wl,--gc-sections -static --specs=nano.specs -mfpu=fpv4-sp-d16 -mfloat-abi=hard -mthumb -Wl,--start-group -lc -lm -lstdc++ -lsupc++ -Wl,--end-group
Finished building target: V8_Roomba.elf
 
arm-none-eabi-size   V8_Roomba.elf 
arm-none-eabi-objdump -h -S  V8_Roomba.elf  > "V8_Roomba.list"
   text	   data	    bss	    dec	    hex	filename
  44132	    132	  21160	  65424	   ff90	V8_Roomba.elf
Finished building: default.size.stdout
 
Finished building: V8_Roomba.list
 
15:24:59 **** Incremental Build of configuration Debug for project V8_Roomba ****
make -j8 all 
arm-none-eabi-g++ "../Core/Src/Controller.cpp" -mcpu=cortex-m4 -std=gnu++14 -g3 -DDEBUG -DUSE_HAL_DRIVER -DSTM32F411xE -c -I../Core/Inc -I../Drivers/STM32F4xx_HAL_Driver/Inc -I../Drivers/STM32F4xx_HAL_Driver/Inc/Legacy -I../Drivers/CMSIS/Device/ST/STM32F4xx/Include -I../Drivers/CMSIS/Include -I../Middlewares/Third_Party/FreeRTOS/Source/include -I../Middlewares/Third_Party/FreeRTOS/Source/CMSIS_RTOS_V2 -I../Middlewares/Third_Party/FreeRTOS/Source/portable/GCC/ARM_CM4F -O0 -ffunction-sections -fdata-sections -fno-exceptions -fno-rtti -fno-use-cxa-atexit -Wall -fstack-usage -MMD -MP -MF"Core/Src/Controller.d" -MT"Core/Src/Controller.o" --specs=nano.specs -mfpu=fpv4-sp-d16 -mfloat-abi=hard -mthumb -o "Core/Src/Controller.o"
../Core/Src/Controller.cpp: In member function 'void Controller::receiveCommands()':
../Core/Src/Controller.cpp:114:21: warning: unused variable 'test' [-Wunused-variable]
  114 |   HAL_StatusTypeDef test = HAL_UART_Receive_IT(&huart1, receiveBuffer, 5);
      |                     ^~~~
arm-none-eabi-g++ -o "V8_Roomba.elf" @"objects.list"   -mcpu=cortex-m4 -T"C:\Users\mahus\Desktop\projects\V8-Roomba\V8_Roomba\STM32F411CEUX_FLASH.ld" --specs=nosys.specs -Wl,-Map="V8_Roomba.map" -Wl,--gc-sections -static --specs=nano.specs -mfpu=fpv4-sp-d16 -mfloat-abi=hard -mthumb -Wl,--start-group -lc -lm -lstdc++ -lsupc++ -Wl,--end-group
Finished building target: V8_Roomba.elf
 
arm-none-eabi-size   V8_Roomba.elf 
arm-none-eabi-objdump -h -S  V8_Roomba.elf  > "V8_Roomba.list"
   text	   data	    bss	    dec	    hex	filename
  44132	    132	  21160	  65424	   ff90	V8_Roomba.elf
Finished building: default.size.stdout
 
Finished building: V8_Roomba.list
 
15:33:25 **** Incremental Build of configuration Debug for project V8_Roomba ****
make -j8 all 
arm-none-eabi-size   V8_Roomba.elf 
   text	   data	    bss	    dec	    hex	filename
  44132	    132	  21160	  65424	   ff90	V8_Roomba.elf
Finished building: default.size.stdout
 
15:37:00 **** Incremental Build of configuration Debug for project V8_Roomba ****
make -j8 all 
arm-none-eabi-g++ "../Core/Src/Controller.cpp" -mcpu=cortex-m4 -std=gnu++14 -g3 -DDEBUG -DUSE_HAL_DRIVER -DSTM32F411xE -c -I../Core/Inc -I../Drivers/STM32F4xx_HAL_Driver/Inc -I../Drivers/STM32F4xx_HAL_Driver/Inc/Legacy -I../Drivers/CMSIS/Device/ST/STM32F4xx/Include -I../Drivers/CMSIS/Include -I../Middlewares/Third_Party/FreeRTOS/Source/include -I../Middlewares/Third_Party/FreeRTOS/Source/CMSIS_RTOS_V2 -I../Middlewares/Third_Party/FreeRTOS/Source/portable/GCC/ARM_CM4F -O0 -ffunction-sections -fdata-sections -fno-exceptions -fno-rtti -fno-use-cxa-atexit -Wall -fstack-usage -MMD -MP -MF"Core/Src/Controller.d" -MT"Core/Src/Controller.o" --specs=nano.specs -mfpu=fpv4-sp-d16 -mfloat-abi=hard -mthumb -o "Core/Src/Controller.o"
../Core/Src/Controller.cpp: In member function 'void Controller::receiveCommands()':
../Core/Src/Controller.cpp:115:23: error: initializer fails to determine size of 'sendAck'
  115 |   uint8_t sendAck[] = 'A';
      |                       ^~~
../Core/Src/Controller.cpp:115:23: error: array must be initialized with a brace-enclosed initializer
../Core/Src/Controller.cpp:114:21: warning: unused variable 'test' [-Wunused-variable]
  114 |   HAL_StatusTypeDef test = HAL_UART_Receive_IT(&huart1, receiveBuffer, 5);
      |                     ^~~~
make: *** [Core/Src/subdir.mk:66: Core/Src/Controller.o] Error 1
"make -j8 all" terminated with exit code 2. Build might be incomplete.
15:37:30 **** Incremental Build of configuration Debug for project V8_Roomba ****
make -j8 all 
arm-none-eabi-g++ "../Core/Src/Controller.cpp" -mcpu=cortex-m4 -std=gnu++14 -g3 -DDEBUG -DUSE_HAL_DRIVER -DSTM32F411xE -c -I../Core/Inc -I../Drivers/STM32F4xx_HAL_Driver/Inc -I../Drivers/STM32F4xx_HAL_Driver/Inc/Legacy -I../Drivers/CMSIS/Device/ST/STM32F4xx/Include -I../Drivers/CMSIS/Include -I../Middlewares/Third_Party/FreeRTOS/Source/include -I../Middlewares/Third_Party/FreeRTOS/Source/CMSIS_RTOS_V2 -I../Middlewares/Third_Party/FreeRTOS/Source/portable/GCC/ARM_CM4F -O0 -ffunction-sections -fdata-sections -fno-exceptions -fno-rtti -fno-use-cxa-atexit -Wall -fstack-usage -MMD -MP -MF"Core/Src/Controller.d" -MT"Core/Src/Controller.o" --specs=nano.specs -mfpu=fpv4-sp-d16 -mfloat-abi=hard -mthumb -o "Core/Src/Controller.o"
../Core/Src/Controller.cpp: In member function 'void Controller::receiveCommands()':
../Core/Src/Controller.cpp:114:21: warning: unused variable 'test' [-Wunused-variable]
  114 |   HAL_StatusTypeDef test = HAL_UART_Receive_IT(&huart1, receiveBuffer, 5);
      |                     ^~~~
arm-none-eabi-g++ -o "V8_Roomba.elf" @"objects.list"   -mcpu=cortex-m4 -T"C:\Users\mahus\Desktop\projects\V8-Roomba\V8_Roomba\STM32F411CEUX_FLASH.ld" --specs=nosys.specs -Wl,-Map="V8_Roomba.map" -Wl,--gc-sections -static --specs=nano.specs -mfpu=fpv4-sp-d16 -mfloat-abi=hard -mthumb -Wl,--start-group -lc -lm -lstdc++ -lsupc++ -Wl,--end-group
Finished building target: V8_Roomba.elf
 
arm-none-eabi-size   V8_Roomba.elf 
arm-none-eabi-objdump -h -S  V8_Roomba.elf  > "V8_Roomba.list"
   text	   data	    bss	    dec	    hex	filename
  44660	    132	  21160	  65952	  101a0	V8_Roomba.elf
Finished building: default.size.stdout
 
Finished building: V8_Roomba.list
 
15:38:41 **** Incremental Build of configuration Debug for project V8_Roomba ****
make -j8 all 
arm-none-eabi-g++ "../Core/Src/Controller.cpp" -mcpu=cortex-m4 -std=gnu++14 -g3 -DDEBUG -DUSE_HAL_DRIVER -DSTM32F411xE -c -I../Core/Inc -I../Drivers/STM32F4xx_HAL_Driver/Inc -I../Drivers/STM32F4xx_HAL_Driver/Inc/Legacy -I../Drivers/CMSIS/Device/ST/STM32F4xx/Include -I../Drivers/CMSIS/Include -I../Middlewares/Third_Party/FreeRTOS/Source/include -I../Middlewares/Third_Party/FreeRTOS/Source/CMSIS_RTOS_V2 -I../Middlewares/Third_Party/FreeRTOS/Source/portable/GCC/ARM_CM4F -O0 -ffunction-sections -fdata-sections -fno-exceptions -fno-rtti -fno-use-cxa-atexit -Wall -fstack-usage -MMD -MP -MF"Core/Src/Controller.d" -MT"Core/Src/Controller.o" --specs=nano.specs -mfpu=fpv4-sp-d16 -mfloat-abi=hard -mthumb -o "Core/Src/Controller.o"
../Core/Src/Controller.cpp: In member function 'void Controller::receiveCommands()':
../Core/Src/Controller.cpp:114:21: warning: unused variable 'test' [-Wunused-variable]
  114 |   HAL_StatusTypeDef test = HAL_UART_Receive_IT(&huart1, receiveBuffer, 5);
      |                     ^~~~
arm-none-eabi-g++ -o "V8_Roomba.elf" @"objects.list"   -mcpu=cortex-m4 -T"C:\Users\mahus\Desktop\projects\V8-Roomba\V8_Roomba\STM32F411CEUX_FLASH.ld" --specs=nosys.specs -Wl,-Map="V8_Roomba.map" -Wl,--gc-sections -static --specs=nano.specs -mfpu=fpv4-sp-d16 -mfloat-abi=hard -mthumb -Wl,--start-group -lc -lm -lstdc++ -lsupc++ -Wl,--end-group
Finished building target: V8_Roomba.elf
 
arm-none-eabi-size   V8_Roomba.elf 
arm-none-eabi-objdump -h -S  V8_Roomba.elf  > "V8_Roomba.list"
   text	   data	    bss	    dec	    hex	filename
  44740	    132	  21160	  66032	  101f0	V8_Roomba.elf
Finished building: default.size.stdout
 
Finished building: V8_Roomba.list
 
15:39:43 **** Incremental Build of configuration Debug for project V8_Roomba ****
make -j8 all 
arm-none-eabi-g++ "../Core/Src/Controller.cpp" -mcpu=cortex-m4 -std=gnu++14 -g3 -DDEBUG -DUSE_HAL_DRIVER -DSTM32F411xE -c -I../Core/Inc -I../Drivers/STM32F4xx_HAL_Driver/Inc -I../Drivers/STM32F4xx_HAL_Driver/Inc/Legacy -I../Drivers/CMSIS/Device/ST/STM32F4xx/Include -I../Drivers/CMSIS/Include -I../Middlewares/Third_Party/FreeRTOS/Source/include -I../Middlewares/Third_Party/FreeRTOS/Source/CMSIS_RTOS_V2 -I../Middlewares/Third_Party/FreeRTOS/Source/portable/GCC/ARM_CM4F -O0 -ffunction-sections -fdata-sections -fno-exceptions -fno-rtti -fno-use-cxa-atexit -Wall -fstack-usage -MMD -MP -MF"Core/Src/Controller.d" -MT"Core/Src/Controller.o" --specs=nano.specs -mfpu=fpv4-sp-d16 -mfloat-abi=hard -mthumb -o "Core/Src/Controller.o"
../Core/Src/Controller.cpp: In member function 'void Controller::receiveCommands()':
../Core/Src/Controller.cpp:114:21: warning: unused variable 'test' [-Wunused-variable]
  114 |   HAL_StatusTypeDef test = HAL_UART_Receive_IT(&huart1, receiveBuffer, 5);
      |                     ^~~~
arm-none-eabi-g++ -o "V8_Roomba.elf" @"objects.list"   -mcpu=cortex-m4 -T"C:\Users\mahus\Desktop\projects\V8-Roomba\V8_Roomba\STM32F411CEUX_FLASH.ld" --specs=nosys.specs -Wl,-Map="V8_Roomba.map" -Wl,--gc-sections -static --specs=nano.specs -mfpu=fpv4-sp-d16 -mfloat-abi=hard -mthumb -Wl,--start-group -lc -lm -lstdc++ -lsupc++ -Wl,--end-group
Finished building target: V8_Roomba.elf
 
arm-none-eabi-size   V8_Roomba.elf 
arm-none-eabi-objdump -h -S  V8_Roomba.elf  > "V8_Roomba.list"
   text	   data	    bss	    dec	    hex	filename
  44660	    132	  21160	  65952	  101a0	V8_Roomba.elf
Finished building: default.size.stdout
 
Finished building: V8_Roomba.list
 
15:41:39 **** Incremental Build of configuration Debug for project V8_Roomba ****
make -j8 all 
arm-none-eabi-g++ "../Core/Src/Controller.cpp" -mcpu=cortex-m4 -std=gnu++14 -g3 -DDEBUG -DUSE_HAL_DRIVER -DSTM32F411xE -c -I../Core/Inc -I../Drivers/STM32F4xx_HAL_Driver/Inc -I../Drivers/STM32F4xx_HAL_Driver/Inc/Legacy -I../Drivers/CMSIS/Device/ST/STM32F4xx/Include -I../Drivers/CMSIS/Include -I../Middlewares/Third_Party/FreeRTOS/Source/include -I../Middlewares/Third_Party/FreeRTOS/Source/CMSIS_RTOS_V2 -I../Middlewares/Third_Party/FreeRTOS/Source/portable/GCC/ARM_CM4F -O0 -ffunction-sections -fdata-sections -fno-exceptions -fno-rtti -fno-use-cxa-atexit -Wall -fstack-usage -MMD -MP -MF"Core/Src/Controller.d" -MT"Core/Src/Controller.o" --specs=nano.specs -mfpu=fpv4-sp-d16 -mfloat-abi=hard -mthumb -o "Core/Src/Controller.o"
../Core/Src/Controller.cpp: In member function 'void Controller::receiveCommands()':
../Core/Src/Controller.cpp:114:21: warning: unused variable 'test' [-Wunused-variable]
  114 |   HAL_StatusTypeDef test = HAL_UART_Receive_IT(&huart1, receiveBuffer, 5);
      |                     ^~~~
arm-none-eabi-g++ -o "V8_Roomba.elf" @"objects.list"   -mcpu=cortex-m4 -T"C:\Users\mahus\Desktop\projects\V8-Roomba\V8_Roomba\STM32F411CEUX_FLASH.ld" --specs=nosys.specs -Wl,-Map="V8_Roomba.map" -Wl,--gc-sections -static --specs=nano.specs -mfpu=fpv4-sp-d16 -mfloat-abi=hard -mthumb -Wl,--start-group -lc -lm -lstdc++ -lsupc++ -Wl,--end-group
Finished building target: V8_Roomba.elf
 
arm-none-eabi-size   V8_Roomba.elf 
arm-none-eabi-objdump -h -S  V8_Roomba.elf  > "V8_Roomba.list"
   text	   data	    bss	    dec	    hex	filename
  45348	    132	  21160	  66640	  10450	V8_Roomba.elf
Finished building: default.size.stdout
 
Finished building: V8_Roomba.list
 
15:42:51 **** Incremental Build of configuration Debug for project V8_Roomba ****
make -j8 all 
arm-none-eabi-g++ "../Core/Src/Controller.cpp" -mcpu=cortex-m4 -std=gnu++14 -g3 -DDEBUG -DUSE_HAL_DRIVER -DSTM32F411xE -c -I../Core/Inc -I../Drivers/STM32F4xx_HAL_Driver/Inc -I../Drivers/STM32F4xx_HAL_Driver/Inc/Legacy -I../Drivers/CMSIS/Device/ST/STM32F4xx/Include -I../Drivers/CMSIS/Include -I../Middlewares/Third_Party/FreeRTOS/Source/include -I../Middlewares/Third_Party/FreeRTOS/Source/CMSIS_RTOS_V2 -I../Middlewares/Third_Party/FreeRTOS/Source/portable/GCC/ARM_CM4F -O0 -ffunction-sections -fdata-sections -fno-exceptions -fno-rtti -fno-use-cxa-atexit -Wall -fstack-usage -MMD -MP -MF"Core/Src/Controller.d" -MT"Core/Src/Controller.o" --specs=nano.specs -mfpu=fpv4-sp-d16 -mfloat-abi=hard -mthumb -o "Core/Src/Controller.o"
arm-none-eabi-g++ "../Core/Src/freertos.cpp" -mcpu=cortex-m4 -std=gnu++14 -g3 -DDEBUG -DUSE_HAL_DRIVER -DSTM32F411xE -c -I../Core/Inc -I../Drivers/STM32F4xx_HAL_Driver/Inc -I../Drivers/STM32F4xx_HAL_Driver/Inc/Legacy -I../Drivers/CMSIS/Device/ST/STM32F4xx/Include -I../Drivers/CMSIS/Include -I../Middlewares/Third_Party/FreeRTOS/Source/include -I../Middlewares/Third_Party/FreeRTOS/Source/CMSIS_RTOS_V2 -I../Middlewares/Third_Party/FreeRTOS/Source/portable/GCC/ARM_CM4F -O0 -ffunction-sections -fdata-sections -fno-exceptions -fno-rtti -fno-use-cxa-atexit -Wall -fstack-usage -MMD -MP -MF"Core/Src/freertos.d" -MT"Core/Src/freertos.o" --specs=nano.specs -mfpu=fpv4-sp-d16 -mfloat-abi=hard -mthumb -o "Core/Src/freertos.o"
../Core/Src/Controller.cpp: In member function 'void Controller::calibrationState()':
../Core/Src/Controller.cpp:26:3: error: 'carController' was not declared in this scope; did you mean 'Controller'?
   26 |   carController.receiveCommands();
      |   ^~~~~~~~~~~~~
      |   Controller
../Core/Src/Controller.cpp: In member function 'void Controller::receiveCommands()':
../Core/Src/Controller.cpp:116:21: warning: unused variable 'test' [-Wunused-variable]
  116 |   HAL_StatusTypeDef test = HAL_UART_Receive_IT(&huart1, receiveBuffer, 5);
      |                     ^~~~
make: *** [Core/Src/subdir.mk:66: Core/Src/Controller.o] Error 1
make: *** Waiting for unfinished jobs....
"make -j8 all" terminated with exit code 2. Build might be incomplete.
15:43:01 **** Incremental Build of configuration Debug for project V8_Roomba ****
make -j8 all 
arm-none-eabi-g++ "../Core/Src/Controller.cpp" -mcpu=cortex-m4 -std=gnu++14 -g3 -DDEBUG -DUSE_HAL_DRIVER -DSTM32F411xE -c -I../Core/Inc -I../Drivers/STM32F4xx_HAL_Driver/Inc -I../Drivers/STM32F4xx_HAL_Driver/Inc/Legacy -I../Drivers/CMSIS/Device/ST/STM32F4xx/Include -I../Drivers/CMSIS/Include -I../Middlewares/Third_Party/FreeRTOS/Source/include -I../Middlewares/Third_Party/FreeRTOS/Source/CMSIS_RTOS_V2 -I../Middlewares/Third_Party/FreeRTOS/Source/portable/GCC/ARM_CM4F -O0 -ffunction-sections -fdata-sections -fno-exceptions -fno-rtti -fno-use-cxa-atexit -Wall -fstack-usage -MMD -MP -MF"Core/Src/Controller.d" -MT"Core/Src/Controller.o" --specs=nano.specs -mfpu=fpv4-sp-d16 -mfloat-abi=hard -mthumb -o "Core/Src/Controller.o"
../Core/Src/Controller.cpp: In member function 'void Controller::receiveCommands()':
../Core/Src/Controller.cpp:116:21: warning: unused variable 'test' [-Wunused-variable]
  116 |   HAL_StatusTypeDef test = HAL_UART_Receive_IT(&huart1, receiveBuffer, 5);
      |                     ^~~~
arm-none-eabi-g++ -o "V8_Roomba.elf" @"objects.list"   -mcpu=cortex-m4 -T"C:\Users\mahus\Desktop\projects\V8-Roomba\V8_Roomba\STM32F411CEUX_FLASH.ld" --specs=nosys.specs -Wl,-Map="V8_Roomba.map" -Wl,--gc-sections -static --specs=nano.specs -mfpu=fpv4-sp-d16 -mfloat-abi=hard -mthumb -Wl,--start-group -lc -lm -lstdc++ -lsupc++ -Wl,--end-group
Finished building target: V8_Roomba.elf
 
arm-none-eabi-size   V8_Roomba.elf 
arm-none-eabi-objdump -h -S  V8_Roomba.elf  > "V8_Roomba.list"
   text	   data	    bss	    dec	    hex	filename
  45348	    132	  21160	  66640	  10450	V8_Roomba.elf
Finished building: default.size.stdout
 
Finished building: V8_Roomba.list
 
15:50:51 **** Incremental Build of configuration Debug for project V8_Roomba ****
make -j8 all 
arm-none-eabi-g++ "../Core/Src/Controller.cpp" -mcpu=cortex-m4 -std=gnu++14 -g3 -DDEBUG -DUSE_HAL_DRIVER -DSTM32F411xE -c -I../Core/Inc -I../Drivers/STM32F4xx_HAL_Driver/Inc -I../Drivers/STM32F4xx_HAL_Driver/Inc/Legacy -I../Drivers/CMSIS/Device/ST/STM32F4xx/Include -I../Drivers/CMSIS/Include -I../Middlewares/Third_Party/FreeRTOS/Source/include -I../Middlewares/Third_Party/FreeRTOS/Source/CMSIS_RTOS_V2 -I../Middlewares/Third_Party/FreeRTOS/Source/portable/GCC/ARM_CM4F -O0 -ffunction-sections -fdata-sections -fno-exceptions -fno-rtti -fno-use-cxa-atexit -Wall -fstack-usage -MMD -MP -MF"Core/Src/Controller.d" -MT"Core/Src/Controller.o" --specs=nano.specs -mfpu=fpv4-sp-d16 -mfloat-abi=hard -mthumb -o "Core/Src/Controller.o"
../Core/Src/Controller.cpp: In member function 'void Controller::receiveCommands()':
../Core/Src/Controller.cpp:113:21: warning: unused variable 'test' [-Wunused-variable]
  113 |   HAL_StatusTypeDef test = HAL_UART_Receive_IT(&huart1, receiveBuffer, 5);
      |                     ^~~~
arm-none-eabi-g++ -o "V8_Roomba.elf" @"objects.list"   -mcpu=cortex-m4 -T"C:\Users\mahus\Desktop\projects\V8-Roomba\V8_Roomba\STM32F411CEUX_FLASH.ld" --specs=nosys.specs -Wl,-Map="V8_Roomba.map" -Wl,--gc-sections -static --specs=nano.specs -mfpu=fpv4-sp-d16 -mfloat-abi=hard -mthumb -Wl,--start-group -lc -lm -lstdc++ -lsupc++ -Wl,--end-group
Finished building target: V8_Roomba.elf
 
arm-none-eabi-size   V8_Roomba.elf 
arm-none-eabi-objdump -h -S  V8_Roomba.elf  > "V8_Roomba.list"
   text	   data	    bss	    dec	    hex	filename
  45348	    132	  21160	  66640	  10450	V8_Roomba.elf
Finished building: default.size.stdout
 
Finished building: V8_Roomba.list
 
16:03:30 **** Incremental Build of configuration Debug for project V8_Roomba ****
make -j8 all 
arm-none-eabi-g++ "../Core/Src/Controller.cpp" -mcpu=cortex-m4 -std=gnu++14 -g3 -DDEBUG -DUSE_HAL_DRIVER -DSTM32F411xE -c -I../Core/Inc -I../Drivers/STM32F4xx_HAL_Driver/Inc -I../Drivers/STM32F4xx_HAL_Driver/Inc/Legacy -I../Drivers/CMSIS/Device/ST/STM32F4xx/Include -I../Drivers/CMSIS/Include -I../Middlewares/Third_Party/FreeRTOS/Source/include -I../Middlewares/Third_Party/FreeRTOS/Source/CMSIS_RTOS_V2 -I../Middlewares/Third_Party/FreeRTOS/Source/portable/GCC/ARM_CM4F -O0 -ffunction-sections -fdata-sections -fno-exceptions -fno-rtti -fno-use-cxa-atexit -Wall -fstack-usage -MMD -MP -MF"Core/Src/Controller.d" -MT"Core/Src/Controller.o" --specs=nano.specs -mfpu=fpv4-sp-d16 -mfloat-abi=hard -mthumb -o "Core/Src/Controller.o"
../Core/Src/Controller.cpp: In member function 'void Controller::receiveCommands()':
../Core/Src/Controller.cpp:116:21: warning: unused variable 'test' [-Wunused-variable]
  116 |   HAL_StatusTypeDef test = HAL_UART_Receive_IT(&huart1, receiveBuffer, 5);
      |                     ^~~~
arm-none-eabi-g++ -o "V8_Roomba.elf" @"objects.list"   -mcpu=cortex-m4 -T"C:\Users\mahus\Desktop\projects\V8-Roomba\V8_Roomba\STM32F411CEUX_FLASH.ld" --specs=nosys.specs -Wl,-Map="V8_Roomba.map" -Wl,--gc-sections -static --specs=nano.specs -mfpu=fpv4-sp-d16 -mfloat-abi=hard -mthumb -Wl,--start-group -lc -lm -lstdc++ -lsupc++ -Wl,--end-group
Finished building target: V8_Roomba.elf
 
arm-none-eabi-size   V8_Roomba.elf 
arm-none-eabi-objdump -h -S  V8_Roomba.elf  > "V8_Roomba.list"
   text	   data	    bss	    dec	    hex	filename
  45348	    132	  21160	  66640	  10450	V8_Roomba.elf
Finished building: default.size.stdout
 
Finished building: V8_Roomba.list
 
18:09:11 **** Incremental Build of configuration Debug for project V8_Roomba ****
make -j8 all 
arm-none-eabi-size   V8_Roomba.elf 
   text	   data	    bss	    dec	    hex	filename
  45348	    132	  21160	  66640	  10450	V8_Roomba.elf
Finished building: default.size.stdout
 
18:29:17 **** Incremental Build of configuration Debug for project V8_Roomba ****
make -j8 all 
arm-none-eabi-size   V8_Roomba.elf 
   text	   data	    bss	    dec	    hex	filename
  45348	    132	  21160	  66640	  10450	V8_Roomba.elf
Finished building: default.size.stdout
 
18:42:33 **** Incremental Build of configuration Debug for project V8_Roomba ****
make -j8 all 
arm-none-eabi-g++ "../Core/Src/Controller.cpp" -mcpu=cortex-m4 -std=gnu++14 -g3 -DDEBUG -DUSE_HAL_DRIVER -DSTM32F411xE -c -I../Core/Inc -I../Drivers/STM32F4xx_HAL_Driver/Inc -I../Drivers/STM32F4xx_HAL_Driver/Inc/Legacy -I../Drivers/CMSIS/Device/ST/STM32F4xx/Include -I../Drivers/CMSIS/Include -I../Middlewares/Third_Party/FreeRTOS/Source/include -I../Middlewares/Third_Party/FreeRTOS/Source/CMSIS_RTOS_V2 -I../Middlewares/Third_Party/FreeRTOS/Source/portable/GCC/ARM_CM4F -O0 -ffunction-sections -fdata-sections -fno-exceptions -fno-rtti -fno-use-cxa-atexit -Wall -fstack-usage -MMD -MP -MF"Core/Src/Controller.d" -MT"Core/Src/Controller.o" --specs=nano.specs -mfpu=fpv4-sp-d16 -mfloat-abi=hard -mthumb -o "Core/Src/Controller.o"
../Core/Src/Controller.cpp: In member function 'void Controller::receiveCommands()':
../Core/Src/Controller.cpp:119:21: warning: unused variable 'test' [-Wunused-variable]
  119 |   HAL_StatusTypeDef test = HAL_UART_Receive_IT(&huart1, receiveBuffer, 5);
      |                     ^~~~
arm-none-eabi-g++ -o "V8_Roomba.elf" @"objects.list"   -mcpu=cortex-m4 -T"C:\Users\mahus\Desktop\projects\V8-Roomba\V8_Roomba\STM32F411CEUX_FLASH.ld" --specs=nosys.specs -Wl,-Map="V8_Roomba.map" -Wl,--gc-sections -static --specs=nano.specs -mfpu=fpv4-sp-d16 -mfloat-abi=hard -mthumb -Wl,--start-group -lc -lm -lstdc++ -lsupc++ -Wl,--end-group
Finished building target: V8_Roomba.elf
 
arm-none-eabi-size   V8_Roomba.elf 
arm-none-eabi-objdump -h -S  V8_Roomba.elf  > "V8_Roomba.list"
   text	   data	    bss	    dec	    hex	filename
  45348	    132	  21160	  66640	  10450	V8_Roomba.elf
Finished building: default.size.stdout
 
Finished building: V8_Roomba.list
 
18:45:33 **** Incremental Build of configuration Debug for project V8_Roomba ****
make -j8 all 
arm-none-eabi-g++ "../Core/Src/Controller.cpp" -mcpu=cortex-m4 -std=gnu++14 -g3 -DDEBUG -DUSE_HAL_DRIVER -DSTM32F411xE -c -I../Core/Inc -I../Drivers/STM32F4xx_HAL_Driver/Inc -I../Drivers/STM32F4xx_HAL_Driver/Inc/Legacy -I../Drivers/CMSIS/Device/ST/STM32F4xx/Include -I../Drivers/CMSIS/Include -I../Middlewares/Third_Party/FreeRTOS/Source/include -I../Middlewares/Third_Party/FreeRTOS/Source/CMSIS_RTOS_V2 -I../Middlewares/Third_Party/FreeRTOS/Source/portable/GCC/ARM_CM4F -O0 -ffunction-sections -fdata-sections -fno-exceptions -fno-rtti -fno-use-cxa-atexit -Wall -fstack-usage -MMD -MP -MF"Core/Src/Controller.d" -MT"Core/Src/Controller.o" --specs=nano.specs -mfpu=fpv4-sp-d16 -mfloat-abi=hard -mthumb -o "Core/Src/Controller.o"
../Core/Src/Controller.cpp: In member function 'void Controller::receiveCommands()':
../Core/Src/Controller.cpp:119:21: warning: unused variable 'test' [-Wunused-variable]
  119 |   HAL_StatusTypeDef test = HAL_UART_Receive_IT(&huart1, receiveBuffer, 5);
      |                     ^~~~
arm-none-eabi-g++ -o "V8_Roomba.elf" @"objects.list"   -mcpu=cortex-m4 -T"C:\Users\mahus\Desktop\projects\V8-Roomba\V8_Roomba\STM32F411CEUX_FLASH.ld" --specs=nosys.specs -Wl,-Map="V8_Roomba.map" -Wl,--gc-sections -static --specs=nano.specs -mfpu=fpv4-sp-d16 -mfloat-abi=hard -mthumb -Wl,--start-group -lc -lm -lstdc++ -lsupc++ -Wl,--end-group
Finished building target: V8_Roomba.elf
 
arm-none-eabi-size   V8_Roomba.elf 
arm-none-eabi-objdump -h -S  V8_Roomba.elf  > "V8_Roomba.list"
   text	   data	    bss	    dec	    hex	filename
  45332	    132	  21160	  66624	  10440	V8_Roomba.elf
Finished building: default.size.stdout
 
Finished building: V8_Roomba.list
 
18:57:55 **** Incremental Build of configuration Debug for project V8_Roomba ****
make -j8 all 
arm-none-eabi-g++ "../Core/Src/Controller.cpp" -mcpu=cortex-m4 -std=gnu++14 -g3 -DDEBUG -DUSE_HAL_DRIVER -DSTM32F411xE -c -I../Core/Inc -I../Drivers/STM32F4xx_HAL_Driver/Inc -I../Drivers/STM32F4xx_HAL_Driver/Inc/Legacy -I../Drivers/CMSIS/Device/ST/STM32F4xx/Include -I../Drivers/CMSIS/Include -I../Middlewares/Third_Party/FreeRTOS/Source/include -I../Middlewares/Third_Party/FreeRTOS/Source/CMSIS_RTOS_V2 -I../Middlewares/Third_Party/FreeRTOS/Source/portable/GCC/ARM_CM4F -O0 -ffunction-sections -fdata-sections -fno-exceptions -fno-rtti -fno-use-cxa-atexit -Wall -fstack-usage -MMD -MP -MF"Core/Src/Controller.d" -MT"Core/Src/Controller.o" --specs=nano.specs -mfpu=fpv4-sp-d16 -mfloat-abi=hard -mthumb -o "Core/Src/Controller.o"
arm-none-eabi-g++ "../Core/Src/freertos.cpp" -mcpu=cortex-m4 -std=gnu++14 -g3 -DDEBUG -DUSE_HAL_DRIVER -DSTM32F411xE -c -I../Core/Inc -I../Drivers/STM32F4xx_HAL_Driver/Inc -I../Drivers/STM32F4xx_HAL_Driver/Inc/Legacy -I../Drivers/CMSIS/Device/ST/STM32F4xx/Include -I../Drivers/CMSIS/Include -I../Middlewares/Third_Party/FreeRTOS/Source/include -I../Middlewares/Third_Party/FreeRTOS/Source/CMSIS_RTOS_V2 -I../Middlewares/Third_Party/FreeRTOS/Source/portable/GCC/ARM_CM4F -O0 -ffunction-sections -fdata-sections -fno-exceptions -fno-rtti -fno-use-cxa-atexit -Wall -fstack-usage -MMD -MP -MF"Core/Src/freertos.d" -MT"Core/Src/freertos.o" --specs=nano.specs -mfpu=fpv4-sp-d16 -mfloat-abi=hard -mthumb -o "Core/Src/freertos.o"
../Core/Src/Controller.cpp: In member function 'void Controller::receiveCommands()':
../Core/Src/Controller.cpp:119:21: warning: unused variable 'test' [-Wunused-variable]
  119 |   HAL_StatusTypeDef test = HAL_UART_Receive_IT(&huart1, receiveBuffer, 5);
      |                     ^~~~
arm-none-eabi-g++ -o "V8_Roomba.elf" @"objects.list"   -mcpu=cortex-m4 -T"C:\Users\mahus\Desktop\projects\V8-Roomba\V8_Roomba\STM32F411CEUX_FLASH.ld" --specs=nosys.specs -Wl,-Map="V8_Roomba.map" -Wl,--gc-sections -static --specs=nano.specs -mfpu=fpv4-sp-d16 -mfloat-abi=hard -mthumb -Wl,--start-group -lc -lm -lstdc++ -lsupc++ -Wl,--end-group
Finished building target: V8_Roomba.elf
 
arm-none-eabi-size   V8_Roomba.elf 
arm-none-eabi-objdump -h -S  V8_Roomba.elf  > "V8_Roomba.list"
   text	   data	    bss	    dec	    hex	filename
  45396	    132	  21176	  66704	  10490	V8_Roomba.elf
Finished building: default.size.stdout
 
Finished building: V8_Roomba.list
 
18:58:39 **** Incremental Build of configuration Debug for project V8_Roomba ****
make -j8 all 
arm-none-eabi-g++ "../Core/Src/Controller.cpp" -mcpu=cortex-m4 -std=gnu++14 -g3 -DDEBUG -DUSE_HAL_DRIVER -DSTM32F411xE -c -I../Core/Inc -I../Drivers/STM32F4xx_HAL_Driver/Inc -I../Drivers/STM32F4xx_HAL_Driver/Inc/Legacy -I../Drivers/CMSIS/Device/ST/STM32F4xx/Include -I../Drivers/CMSIS/Include -I../Middlewares/Third_Party/FreeRTOS/Source/include -I../Middlewares/Third_Party/FreeRTOS/Source/CMSIS_RTOS_V2 -I../Middlewares/Third_Party/FreeRTOS/Source/portable/GCC/ARM_CM4F -O0 -ffunction-sections -fdata-sections -fno-exceptions -fno-rtti -fno-use-cxa-atexit -Wall -fstack-usage -MMD -MP -MF"Core/Src/Controller.d" -MT"Core/Src/Controller.o" --specs=nano.specs -mfpu=fpv4-sp-d16 -mfloat-abi=hard -mthumb -o "Core/Src/Controller.o"
arm-none-eabi-g++ "../Core/Src/freertos.cpp" -mcpu=cortex-m4 -std=gnu++14 -g3 -DDEBUG -DUSE_HAL_DRIVER -DSTM32F411xE -c -I../Core/Inc -I../Drivers/STM32F4xx_HAL_Driver/Inc -I../Drivers/STM32F4xx_HAL_Driver/Inc/Legacy -I../Drivers/CMSIS/Device/ST/STM32F4xx/Include -I../Drivers/CMSIS/Include -I../Middlewares/Third_Party/FreeRTOS/Source/include -I../Middlewares/Third_Party/FreeRTOS/Source/CMSIS_RTOS_V2 -I../Middlewares/Third_Party/FreeRTOS/Source/portable/GCC/ARM_CM4F -O0 -ffunction-sections -fdata-sections -fno-exceptions -fno-rtti -fno-use-cxa-atexit -Wall -fstack-usage -MMD -MP -MF"Core/Src/freertos.d" -MT"Core/Src/freertos.o" --specs=nano.specs -mfpu=fpv4-sp-d16 -mfloat-abi=hard -mthumb -o "Core/Src/freertos.o"
../Core/Src/Controller.cpp: In member function 'void Controller::receiveCommands()':
../Core/Src/Controller.cpp:119:21: warning: unused variable 'test' [-Wunused-variable]
  119 |   HAL_StatusTypeDef test = HAL_UART_Receive_IT(&huart1, receiveBuffer, 5);
      |                     ^~~~
arm-none-eabi-g++ -o "V8_Roomba.elf" @"objects.list"   -mcpu=cortex-m4 -T"C:\Users\mahus\Desktop\projects\V8-Roomba\V8_Roomba\STM32F411CEUX_FLASH.ld" --specs=nosys.specs -Wl,-Map="V8_Roomba.map" -Wl,--gc-sections -static --specs=nano.specs -mfpu=fpv4-sp-d16 -mfloat-abi=hard -mthumb -Wl,--start-group -lc -lm -lstdc++ -lsupc++ -Wl,--end-group
Finished building target: V8_Roomba.elf
 
arm-none-eabi-size   V8_Roomba.elf 
arm-none-eabi-objdump -h -S  V8_Roomba.elf  > "V8_Roomba.list"
   text	   data	    bss	    dec	    hex	filename
  45332	    132	  21160	  66624	  10440	V8_Roomba.elf
Finished building: default.size.stdout
 
Finished building: V8_Roomba.list
 
18:59:48 **** Incremental Build of configuration Debug for project V8_Roomba ****
make -j8 all 
arm-none-eabi-size   V8_Roomba.elf 
   text	   data	    bss	    dec	    hex	filename
  45332	    132	  21160	  66624	  10440	V8_Roomba.elf
Finished building: default.size.stdout
 
19:01:11 **** Incremental Build of configuration Debug for project V8_Roomba ****
make -j8 all 
arm-none-eabi-g++ "../Core/Src/Controller.cpp" -mcpu=cortex-m4 -std=gnu++14 -g3 -DDEBUG -DUSE_HAL_DRIVER -DSTM32F411xE -c -I../Core/Inc -I../Drivers/STM32F4xx_HAL_Driver/Inc -I../Drivers/STM32F4xx_HAL_Driver/Inc/Legacy -I../Drivers/CMSIS/Device/ST/STM32F4xx/Include -I../Drivers/CMSIS/Include -I../Middlewares/Third_Party/FreeRTOS/Source/include -I../Middlewares/Third_Party/FreeRTOS/Source/CMSIS_RTOS_V2 -I../Middlewares/Third_Party/FreeRTOS/Source/portable/GCC/ARM_CM4F -O0 -ffunction-sections -fdata-sections -fno-exceptions -fno-rtti -fno-use-cxa-atexit -Wall -fstack-usage -MMD -MP -MF"Core/Src/Controller.d" -MT"Core/Src/Controller.o" --specs=nano.specs -mfpu=fpv4-sp-d16 -mfloat-abi=hard -mthumb -o "Core/Src/Controller.o"
arm-none-eabi-g++ "../Core/Src/freertos.cpp" -mcpu=cortex-m4 -std=gnu++14 -g3 -DDEBUG -DUSE_HAL_DRIVER -DSTM32F411xE -c -I../Core/Inc -I../Drivers/STM32F4xx_HAL_Driver/Inc -I../Drivers/STM32F4xx_HAL_Driver/Inc/Legacy -I../Drivers/CMSIS/Device/ST/STM32F4xx/Include -I../Drivers/CMSIS/Include -I../Middlewares/Third_Party/FreeRTOS/Source/include -I../Middlewares/Third_Party/FreeRTOS/Source/CMSIS_RTOS_V2 -I../Middlewares/Third_Party/FreeRTOS/Source/portable/GCC/ARM_CM4F -O0 -ffunction-sections -fdata-sections -fno-exceptions -fno-rtti -fno-use-cxa-atexit -Wall -fstack-usage -MMD -MP -MF"Core/Src/freertos.d" -MT"Core/Src/freertos.o" --specs=nano.specs -mfpu=fpv4-sp-d16 -mfloat-abi=hard -mthumb -o "Core/Src/freertos.o"
../Core/Src/Controller.cpp: In member function 'void Controller::receiveCommands()':
../Core/Src/Controller.cpp:122:21: warning: unused variable 'test' [-Wunused-variable]
  122 |   HAL_StatusTypeDef test = HAL_UART_Receive_IT(&huart1, receiveBuffer, 5);
      |                     ^~~~
arm-none-eabi-g++ -o "V8_Roomba.elf" @"objects.list"   -mcpu=cortex-m4 -T"C:\Users\mahus\Desktop\projects\V8-Roomba\V8_Roomba\STM32F411CEUX_FLASH.ld" --specs=nosys.specs -Wl,-Map="V8_Roomba.map" -Wl,--gc-sections -static --specs=nano.specs -mfpu=fpv4-sp-d16 -mfloat-abi=hard -mthumb -Wl,--start-group -lc -lm -lstdc++ -lsupc++ -Wl,--end-group
Finished building target: V8_Roomba.elf
 
arm-none-eabi-size   V8_Roomba.elf 
arm-none-eabi-objdump -h -S  V8_Roomba.elf  > "V8_Roomba.list"
   text	   data	    bss	    dec	    hex	filename
  45332	    132	  21168	  66632	  10448	V8_Roomba.elf
Finished building: default.size.stdout
 
Finished building: V8_Roomba.list
 
19:04:40 **** Incremental Build of configuration Debug for project V8_Roomba ****
make -j8 all 
arm-none-eabi-g++ "../Core/Src/Controller.cpp" -mcpu=cortex-m4 -std=gnu++14 -g3 -DDEBUG -DUSE_HAL_DRIVER -DSTM32F411xE -c -I../Core/Inc -I../Drivers/STM32F4xx_HAL_Driver/Inc -I../Drivers/STM32F4xx_HAL_Driver/Inc/Legacy -I../Drivers/CMSIS/Device/ST/STM32F4xx/Include -I../Drivers/CMSIS/Include -I../Middlewares/Third_Party/FreeRTOS/Source/include -I../Middlewares/Third_Party/FreeRTOS/Source/CMSIS_RTOS_V2 -I../Middlewares/Third_Party/FreeRTOS/Source/portable/GCC/ARM_CM4F -O0 -ffunction-sections -fdata-sections -fno-exceptions -fno-rtti -fno-use-cxa-atexit -Wall -fstack-usage -MMD -MP -MF"Core/Src/Controller.d" -MT"Core/Src/Controller.o" --specs=nano.specs -mfpu=fpv4-sp-d16 -mfloat-abi=hard -mthumb -o "Core/Src/Controller.o"
../Core/Src/Controller.cpp: In member function 'void Controller::receiveCommands()':
../Core/Src/Controller.cpp:122:21: warning: unused variable 'test' [-Wunused-variable]
  122 |   HAL_StatusTypeDef test = HAL_UART_Receive_IT(&huart1, receiveBuffer, 5);
      |                     ^~~~
arm-none-eabi-g++ -o "V8_Roomba.elf" @"objects.list"   -mcpu=cortex-m4 -T"C:\Users\mahus\Desktop\projects\V8-Roomba\V8_Roomba\STM32F411CEUX_FLASH.ld" --specs=nosys.specs -Wl,-Map="V8_Roomba.map" -Wl,--gc-sections -static --specs=nano.specs -mfpu=fpv4-sp-d16 -mfloat-abi=hard -mthumb -Wl,--start-group -lc -lm -lstdc++ -lsupc++ -Wl,--end-group
Finished building target: V8_Roomba.elf
 
arm-none-eabi-size   V8_Roomba.elf 
arm-none-eabi-objdump -h -S  V8_Roomba.elf  > "V8_Roomba.list"
   text	   data	    bss	    dec	    hex	filename
  45348	    132	  21168	  66648	  10458	V8_Roomba.elf
Finished building: default.size.stdout
 
Finished building: V8_Roomba.list
 
19:04:56 **** Incremental Build of configuration Debug for project V8_Roomba ****
make -j8 all 
arm-none-eabi-g++ "../Core/Src/Controller.cpp" -mcpu=cortex-m4 -std=gnu++14 -g3 -DDEBUG -DUSE_HAL_DRIVER -DSTM32F411xE -c -I../Core/Inc -I../Drivers/STM32F4xx_HAL_Driver/Inc -I../Drivers/STM32F4xx_HAL_Driver/Inc/Legacy -I../Drivers/CMSIS/Device/ST/STM32F4xx/Include -I../Drivers/CMSIS/Include -I../Middlewares/Third_Party/FreeRTOS/Source/include -I../Middlewares/Third_Party/FreeRTOS/Source/CMSIS_RTOS_V2 -I../Middlewares/Third_Party/FreeRTOS/Source/portable/GCC/ARM_CM4F -O0 -ffunction-sections -fdata-sections -fno-exceptions -fno-rtti -fno-use-cxa-atexit -Wall -fstack-usage -MMD -MP -MF"Core/Src/Controller.d" -MT"Core/Src/Controller.o" --specs=nano.specs -mfpu=fpv4-sp-d16 -mfloat-abi=hard -mthumb -o "Core/Src/Controller.o"
arm-none-eabi-g++ "../Core/Src/freertos.cpp" -mcpu=cortex-m4 -std=gnu++14 -g3 -DDEBUG -DUSE_HAL_DRIVER -DSTM32F411xE -c -I../Core/Inc -I../Drivers/STM32F4xx_HAL_Driver/Inc -I../Drivers/STM32F4xx_HAL_Driver/Inc/Legacy -I../Drivers/CMSIS/Device/ST/STM32F4xx/Include -I../Drivers/CMSIS/Include -I../Middlewares/Third_Party/FreeRTOS/Source/include -I../Middlewares/Third_Party/FreeRTOS/Source/CMSIS_RTOS_V2 -I../Middlewares/Third_Party/FreeRTOS/Source/portable/GCC/ARM_CM4F -O0 -ffunction-sections -fdata-sections -fno-exceptions -fno-rtti -fno-use-cxa-atexit -Wall -fstack-usage -MMD -MP -MF"Core/Src/freertos.d" -MT"Core/Src/freertos.o" --specs=nano.specs -mfpu=fpv4-sp-d16 -mfloat-abi=hard -mthumb -o "Core/Src/freertos.o"
../Core/Src/Controller.cpp: In member function 'void Controller::receiveCommands()':
../Core/Src/Controller.cpp:122:21: warning: unused variable 'test' [-Wunused-variable]
  122 |   HAL_StatusTypeDef test = HAL_UART_Receive_IT(&huart1, receiveBuffer, 5);
      |                     ^~~~
arm-none-eabi-g++ -o "V8_Roomba.elf" @"objects.list"   -mcpu=cortex-m4 -T"C:\Users\mahus\Desktop\projects\V8-Roomba\V8_Roomba\STM32F411CEUX_FLASH.ld" --specs=nosys.specs -Wl,-Map="V8_Roomba.map" -Wl,--gc-sections -static --specs=nano.specs -mfpu=fpv4-sp-d16 -mfloat-abi=hard -mthumb -Wl,--start-group -lc -lm -lstdc++ -lsupc++ -Wl,--end-group
Finished building target: V8_Roomba.elf
 
arm-none-eabi-size   V8_Roomba.elf 
arm-none-eabi-objdump -h -S  V8_Roomba.elf  > "V8_Roomba.list"
   text	   data	    bss	    dec	    hex	filename
  45348	    132	  21168	  66648	  10458	V8_Roomba.elf
Finished building: default.size.stdout
 
Finished building: V8_Roomba.list
 
19:07:31 **** Incremental Build of configuration Debug for project V8_Roomba ****
make -j8 all 
arm-none-eabi-g++ "../Core/Src/Controller.cpp" -mcpu=cortex-m4 -std=gnu++14 -g3 -DDEBUG -DUSE_HAL_DRIVER -DSTM32F411xE -c -I../Core/Inc -I../Drivers/STM32F4xx_HAL_Driver/Inc -I../Drivers/STM32F4xx_HAL_Driver/Inc/Legacy -I../Drivers/CMSIS/Device/ST/STM32F4xx/Include -I../Drivers/CMSIS/Include -I../Middlewares/Third_Party/FreeRTOS/Source/include -I../Middlewares/Third_Party/FreeRTOS/Source/CMSIS_RTOS_V2 -I../Middlewares/Third_Party/FreeRTOS/Source/portable/GCC/ARM_CM4F -O0 -ffunction-sections -fdata-sections -fno-exceptions -fno-rtti -fno-use-cxa-atexit -Wall -fstack-usage -MMD -MP -MF"Core/Src/Controller.d" -MT"Core/Src/Controller.o" --specs=nano.specs -mfpu=fpv4-sp-d16 -mfloat-abi=hard -mthumb -o "Core/Src/Controller.o"
../Core/Src/Controller.cpp: In member function 'void Controller::loop()':
../Core/Src/Controller.cpp:87:26: warning: suggest parentheses around '&&' within '||' [-Wparentheses]
   87 |   if (time_ms > checkVal && controllerState != SHUTDOWN || controllerState != FAILURE)
      |       ~~~~~~~~~~~~~~~~~~~^~~~~~~~~~~~~~~~~~~~~~~~~~~~~~
../Core/Src/Controller.cpp: In member function 'void Controller::receiveCommands()':
../Core/Src/Controller.cpp:122:21: warning: unused variable 'test' [-Wunused-variable]
  122 |   HAL_StatusTypeDef test = HAL_UART_Receive_IT(&huart1, receiveBuffer, 5);
      |                     ^~~~
arm-none-eabi-g++ -o "V8_Roomba.elf" @"objects.list"   -mcpu=cortex-m4 -T"C:\Users\mahus\Desktop\projects\V8-Roomba\V8_Roomba\STM32F411CEUX_FLASH.ld" --specs=nosys.specs -Wl,-Map="V8_Roomba.map" -Wl,--gc-sections -static --specs=nano.specs -mfpu=fpv4-sp-d16 -mfloat-abi=hard -mthumb -Wl,--start-group -lc -lm -lstdc++ -lsupc++ -Wl,--end-group
Finished building target: V8_Roomba.elf
 
arm-none-eabi-size   V8_Roomba.elf 
arm-none-eabi-objdump -h -S  V8_Roomba.elf  > "V8_Roomba.list"
   text	   data	    bss	    dec	    hex	filename
  45348	    132	  21168	  66648	  10458	V8_Roomba.elf
Finished building: default.size.stdout
 
Finished building: V8_Roomba.list
 
19:10:38 **** Incremental Build of configuration Debug for project V8_Roomba ****
make -j8 all 
arm-none-eabi-g++ "../Core/Src/Controller.cpp" -mcpu=cortex-m4 -std=gnu++14 -g3 -DDEBUG -DUSE_HAL_DRIVER -DSTM32F411xE -c -I../Core/Inc -I../Drivers/STM32F4xx_HAL_Driver/Inc -I../Drivers/STM32F4xx_HAL_Driver/Inc/Legacy -I../Drivers/CMSIS/Device/ST/STM32F4xx/Include -I../Drivers/CMSIS/Include -I../Middlewares/Third_Party/FreeRTOS/Source/include -I../Middlewares/Third_Party/FreeRTOS/Source/CMSIS_RTOS_V2 -I../Middlewares/Third_Party/FreeRTOS/Source/portable/GCC/ARM_CM4F -O0 -ffunction-sections -fdata-sections -fno-exceptions -fno-rtti -fno-use-cxa-atexit -Wall -fstack-usage -MMD -MP -MF"Core/Src/Controller.d" -MT"Core/Src/Controller.o" --specs=nano.specs -mfpu=fpv4-sp-d16 -mfloat-abi=hard -mthumb -o "Core/Src/Controller.o"
../Core/Src/Controller.cpp: In member function 'void Controller::receiveCommands()':
../Core/Src/Controller.cpp:122:21: warning: unused variable 'test' [-Wunused-variable]
  122 |   HAL_StatusTypeDef test = HAL_UART_Receive_IT(&huart1, receiveBuffer, 5);
      |                     ^~~~
arm-none-eabi-g++ -o "V8_Roomba.elf" @"objects.list"   -mcpu=cortex-m4 -T"C:\Users\mahus\Desktop\projects\V8-Roomba\V8_Roomba\STM32F411CEUX_FLASH.ld" --specs=nosys.specs -Wl,-Map="V8_Roomba.map" -Wl,--gc-sections -static --specs=nano.specs -mfpu=fpv4-sp-d16 -mfloat-abi=hard -mthumb -Wl,--start-group -lc -lm -lstdc++ -lsupc++ -Wl,--end-group
Finished building target: V8_Roomba.elf
 
arm-none-eabi-size   V8_Roomba.elf 
arm-none-eabi-objdump -h -S  V8_Roomba.elf  > "V8_Roomba.list"
   text	   data	    bss	    dec	    hex	filename
  45348	    132	  21168	  66648	  10458	V8_Roomba.elf
Finished building: default.size.stdout
 
Finished building: V8_Roomba.list
 
