[0.014s] Invoking command in '/home/mahus/Autonomous-Cleaning-Robot/robot_ws/build/more_interfaces': CMAKE_PREFIX_PATH=/opt/ros/humble /usr/bin/cmake --build /home/mahus/Autonomous-Cleaning-Robot/robot_ws/build/more_interfaces -- -j2 -l2
[0.078s] [35m[1mConsolidate compiler generated dependencies of target more_interfaces__rosidl_generator_c[0m
[0.095s] [  2%] Built target more_interfaces__cpp
[0.097s] [ 12%] Built target more_interfaces__rosidl_generator_c
[0.115s] [35m[1mConsolidate compiler generated dependencies of target more_interfaces__rosidl_typesupport_cpp[0m
[0.145s] [ 23%] Built target more_interfaces__rosidl_typesupport_cpp
[0.152s] [ 23%] Built target ament_cmake_python_symlink_more_interfaces
[0.160s] [35m[1mConsolidate compiler generated dependencies of target more_interfaces__rosidl_typesupport_fastrtps_c[0m
[0.171s] [35m[1mConsolidate compiler generated dependencies of target more_interfaces__rosidl_typesupport_introspection_c[0m
[0.173s] [ 33%] Built target more_interfaces__rosidl_typesupport_fastrtps_c
[0.190s] [ 43%] Built target more_interfaces__rosidl_typesupport_introspection_c
[0.191s] [35m[1mConsolidate compiler generated dependencies of target more_interfaces__rosidl_typesupport_c[0m
[0.208s] [35m[1mConsolidate compiler generated dependencies of target more_interfaces__rosidl_typesupport_fastrtps_cpp[0m
[0.209s] [ 53%] Built target more_interfaces__rosidl_typesupport_c
[0.225s] [35m[1mConsolidate compiler generated dependencies of target more_interfaces__rosidl_typesupport_introspection_cpp[0m
[0.230s] [ 64%] Built target more_interfaces__rosidl_typesupport_fastrtps_cpp
[0.249s] [ 74%] Built target more_interfaces__rosidl_typesupport_introspection_cpp
[0.283s] [ 74%] Built target more_interfaces
[0.319s] [ 76%] Built target more_interfaces__py
[0.341s] [35m[1mConsolidate compiler generated dependencies of target more_interfaces__rosidl_generator_py[0m
[0.356s] [ 84%] Built target more_interfaces__rosidl_generator_py
[0.375s] [35m[1mConsolidate compiler generated dependencies of target more_interfaces__rosidl_typesupport_fastrtps_c__pyext[0m
[0.392s] [ 89%] Built target more_interfaces__rosidl_typesupport_fastrtps_c__pyext
[0.410s] [35m[1mConsolidate compiler generated dependencies of target more_interfaces__rosidl_typesupport_introspection_c__pyext[0m
[0.429s] [ 94%] Built target more_interfaces__rosidl_typesupport_introspection_c__pyext
[0.451s] [35m[1mConsolidate compiler generated dependencies of target more_interfaces__rosidl_typesupport_c__pyext[0m
[0.464s] [100%] Built target more_interfaces__rosidl_typesupport_c__pyext
[0.501s] running egg_info
[0.502s] writing more_interfaces.egg-info/PKG-INFO
[0.503s] writing dependency_links to more_interfaces.egg-info/dependency_links.txt
[0.503s] writing top-level names to more_interfaces.egg-info/top_level.txt
[0.505s] reading manifest file 'more_interfaces.egg-info/SOURCES.txt'
[0.506s] writing manifest file 'more_interfaces.egg-info/SOURCES.txt'
[0.557s] [100%] Built target ament_cmake_python_build_more_interfaces_egg
[0.587s] Invoked command in '/home/mahus/Autonomous-Cleaning-Robot/robot_ws/build/more_interfaces' returned '0': CMAKE_PREFIX_PATH=/opt/ros/humble /usr/bin/cmake --build /home/mahus/Autonomous-Cleaning-Robot/robot_ws/build/more_interfaces -- -j2 -l2
[0.767s] Invoking command in '/home/mahus/Autonomous-Cleaning-Robot/robot_ws/build/more_interfaces': CMAKE_PREFIX_PATH=/opt/ros/humble /usr/bin/cmake --install /home/mahus/Autonomous-Cleaning-Robot/robot_ws/build/more_interfaces
[0.776s] -- Install configuration: ""
[0.778s] -- Execute custom install script
[0.779s] -- Up-to-date symlink: /home/mahus/Autonomous-Cleaning-Robot/robot_ws/install/more_interfaces/share/ament_index/resource_index/rosidl_interfaces/more_interfaces
[0.780s] -- Up-to-date symlink: /home/mahus/Autonomous-Cleaning-Robot/robot_ws/install/more_interfaces/include/more_interfaces/more_interfaces/msg/controls.h
[0.780s] -- Up-to-date symlink: /home/mahus/Autonomous-Cleaning-Robot/robot_ws/install/more_interfaces/include/more_interfaces/more_interfaces/msg/detail/controls__functions.h
[0.782s] -- Up-to-date symlink: /home/mahus/Autonomous-Cleaning-Robot/robot_ws/install/more_interfaces/include/more_interfaces/more_interfaces/msg/detail/controls__struct.h
[0.782s] -- Up-to-date symlink: /home/mahus/Autonomous-Cleaning-Robot/robot_ws/install/more_interfaces/include/more_interfaces/more_interfaces/msg/detail/controls__type_support.h
[0.783s] -- Up-to-date symlink: /home/mahus/Autonomous-Cleaning-Robot/robot_ws/install/more_interfaces/include/more_interfaces/more_interfaces/msg/detail/readings__functions.h
[0.783s] -- Up-to-date symlink: /home/mahus/Autonomous-Cleaning-Robot/robot_ws/install/more_interfaces/include/more_interfaces/more_interfaces/msg/detail/readings__struct.h
[0.784s] -- Up-to-date symlink: /home/mahus/Autonomous-Cleaning-Robot/robot_ws/install/more_interfaces/include/more_interfaces/more_interfaces/msg/detail/readings__type_support.h
[0.784s] -- Up-to-date symlink: /home/mahus/Autonomous-Cleaning-Robot/robot_ws/install/more_interfaces/include/more_interfaces/more_interfaces/msg/readings.h
[0.785s] -- Up-to-date symlink: /home/mahus/Autonomous-Cleaning-Robot/robot_ws/install/more_interfaces/include/more_interfaces/more_interfaces/msg/rosidl_generator_c__visibility_control.h
[0.785s] -- Up-to-date symlink: /home/mahus/Autonomous-Cleaning-Robot/robot_ws/install/more_interfaces/share/more_interfaces/environment/library_path.sh
[0.786s] -- Up-to-date symlink: /home/mahus/Autonomous-Cleaning-Robot/robot_ws/install/more_interfaces/share/more_interfaces/environment/library_path.dsv
[0.786s] -- Up-to-date symlink: /home/mahus/Autonomous-Cleaning-Robot/robot_ws/install/more_interfaces/include/more_interfaces/more_interfaces/msg/detail/controls__rosidl_typesupport_fastrtps_c.h
[0.787s] -- Up-to-date symlink: /home/mahus/Autonomous-Cleaning-Robot/robot_ws/install/more_interfaces/include/more_interfaces/more_interfaces/msg/detail/readings__rosidl_typesupport_fastrtps_c.h
[0.787s] -- Up-to-date symlink: /home/mahus/Autonomous-Cleaning-Robot/robot_ws/install/more_interfaces/include/more_interfaces/more_interfaces/msg/rosidl_typesupport_fastrtps_c__visibility_control.h
[0.788s] -- Up-to-date symlink: /home/mahus/Autonomous-Cleaning-Robot/robot_ws/install/more_interfaces/include/more_interfaces/more_interfaces/msg/detail/controls__rosidl_typesupport_introspection_c.h
[0.788s] -- Up-to-date symlink: /home/mahus/Autonomous-Cleaning-Robot/robot_ws/install/more_interfaces/include/more_interfaces/more_interfaces/msg/detail/readings__rosidl_typesupport_introspection_c.h
[0.789s] -- Up-to-date symlink: /home/mahus/Autonomous-Cleaning-Robot/robot_ws/install/more_interfaces/include/more_interfaces/more_interfaces/msg/rosidl_typesupport_introspection_c__visibility_control.h
[0.789s] -- Up-to-date symlink: /home/mahus/Autonomous-Cleaning-Robot/robot_ws/install/more_interfaces/include/more_interfaces/more_interfaces/msg/controls.hpp
[0.790s] -- Up-to-date symlink: /home/mahus/Autonomous-Cleaning-Robot/robot_ws/install/more_interfaces/include/more_interfaces/more_interfaces/msg/detail/controls__builder.hpp
[0.790s] -- Up-to-date symlink: /home/mahus/Autonomous-Cleaning-Robot/robot_ws/install/more_interfaces/include/more_interfaces/more_interfaces/msg/detail/controls__struct.hpp
[0.790s] -- Up-to-date symlink: /home/mahus/Autonomous-Cleaning-Robot/robot_ws/install/more_interfaces/include/more_interfaces/more_interfaces/msg/detail/controls__traits.hpp
[0.791s] -- Up-to-date symlink: /home/mahus/Autonomous-Cleaning-Robot/robot_ws/install/more_interfaces/include/more_interfaces/more_interfaces/msg/detail/readings__builder.hpp
[0.791s] -- Up-to-date symlink: /home/mahus/Autonomous-Cleaning-Robot/robot_ws/install/more_interfaces/include/more_interfaces/more_interfaces/msg/detail/readings__struct.hpp
[0.791s] -- Up-to-date symlink: /home/mahus/Autonomous-Cleaning-Robot/robot_ws/install/more_interfaces/include/more_interfaces/more_interfaces/msg/detail/readings__traits.hpp
[0.792s] -- Up-to-date symlink: /home/mahus/Autonomous-Cleaning-Robot/robot_ws/install/more_interfaces/include/more_interfaces/more_interfaces/msg/readings.hpp
[0.792s] -- Up-to-date symlink: /home/mahus/Autonomous-Cleaning-Robot/robot_ws/install/more_interfaces/include/more_interfaces/more_interfaces/msg/detail/controls__rosidl_typesupport_fastrtps_cpp.hpp
[0.793s] -- Up-to-date symlink: /home/mahus/Autonomous-Cleaning-Robot/robot_ws/install/more_interfaces/include/more_interfaces/more_interfaces/msg/detail/readings__rosidl_typesupport_fastrtps_cpp.hpp
[0.793s] -- Up-to-date symlink: /home/mahus/Autonomous-Cleaning-Robot/robot_ws/install/more_interfaces/include/more_interfaces/more_interfaces/msg/rosidl_typesupport_fastrtps_cpp__visibility_control.h
[0.793s] -- Up-to-date symlink: /home/mahus/Autonomous-Cleaning-Robot/robot_ws/install/more_interfaces/include/more_interfaces/more_interfaces/msg/detail/controls__rosidl_typesupport_introspection_cpp.hpp
[0.794s] -- Up-to-date symlink: /home/mahus/Autonomous-Cleaning-Robot/robot_ws/install/more_interfaces/include/more_interfaces/more_interfaces/msg/detail/readings__rosidl_typesupport_introspection_cpp.hpp
[0.794s] -- Up-to-date symlink: /home/mahus/Autonomous-Cleaning-Robot/robot_ws/install/more_interfaces/share/more_interfaces/environment/pythonpath.sh
[0.794s] -- Up-to-date symlink: /home/mahus/Autonomous-Cleaning-Robot/robot_ws/install/more_interfaces/share/more_interfaces/environment/pythonpath.dsv
[0.795s] -- Up-to-date symlink: /home/mahus/Autonomous-Cleaning-Robot/robot_ws/install/more_interfaces/local/lib/python3.10/dist-packages/more_interfaces-0.1.0-py3.10.egg-info/PKG-INFO
[0.795s] -- Up-to-date symlink: /home/mahus/Autonomous-Cleaning-Robot/robot_ws/install/more_interfaces/local/lib/python3.10/dist-packages/more_interfaces-0.1.0-py3.10.egg-info/SOURCES.txt
[0.796s] -- Up-to-date symlink: /home/mahus/Autonomous-Cleaning-Robot/robot_ws/install/more_interfaces/local/lib/python3.10/dist-packages/more_interfaces-0.1.0-py3.10.egg-info/dependency_links.txt
[0.796s] -- Up-to-date symlink: /home/mahus/Autonomous-Cleaning-Robot/robot_ws/install/more_interfaces/local/lib/python3.10/dist-packages/more_interfaces-0.1.0-py3.10.egg-info/top_level.txt
[0.797s] -- Up-to-date symlink: /home/mahus/Autonomous-Cleaning-Robot/robot_ws/install/more_interfaces/local/lib/python3.10/dist-packages/more_interfaces/__init__.py
[0.797s] -- Up-to-date symlink: /home/mahus/Autonomous-Cleaning-Robot/robot_ws/install/more_interfaces/local/lib/python3.10/dist-packages/more_interfaces/_more_interfaces_s.ep.rosidl_typesupport_c.c
[0.797s] -- Up-to-date symlink: /home/mahus/Autonomous-Cleaning-Robot/robot_ws/install/more_interfaces/local/lib/python3.10/dist-packages/more_interfaces/_more_interfaces_s.ep.rosidl_typesupport_fastrtps_c.c
[0.798s] -- Up-to-date symlink: /home/mahus/Autonomous-Cleaning-Robot/robot_ws/install/more_interfaces/local/lib/python3.10/dist-packages/more_interfaces/_more_interfaces_s.ep.rosidl_typesupport_introspection_c.c
[0.798s] -- Up-to-date symlink: /home/mahus/Autonomous-Cleaning-Robot/robot_ws/install/more_interfaces/local/lib/python3.10/dist-packages/more_interfaces/libmore_interfaces__rosidl_generator_py.so
[0.798s] -- Up-to-date symlink: /home/mahus/Autonomous-Cleaning-Robot/robot_ws/install/more_interfaces/local/lib/python3.10/dist-packages/more_interfaces/more_interfaces_s__rosidl_typesupport_c.cpython-310-x86_64-linux-gnu.so
[0.799s] -- Up-to-date symlink: /home/mahus/Autonomous-Cleaning-Robot/robot_ws/install/more_interfaces/local/lib/python3.10/dist-packages/more_interfaces/more_interfaces_s__rosidl_typesupport_fastrtps_c.cpython-310-x86_64-linux-gnu.so
[0.799s] -- Up-to-date symlink: /home/mahus/Autonomous-Cleaning-Robot/robot_ws/install/more_interfaces/local/lib/python3.10/dist-packages/more_interfaces/more_interfaces_s__rosidl_typesupport_introspection_c.cpython-310-x86_64-linux-gnu.so
[0.799s] -- Up-to-date symlink: /home/mahus/Autonomous-Cleaning-Robot/robot_ws/install/more_interfaces/local/lib/python3.10/dist-packages/more_interfaces/msg/__init__.py
[0.800s] -- Up-to-date symlink: /home/mahus/Autonomous-Cleaning-Robot/robot_ws/install/more_interfaces/local/lib/python3.10/dist-packages/more_interfaces/msg/_controls.py
[0.800s] -- Up-to-date symlink: /home/mahus/Autonomous-Cleaning-Robot/robot_ws/install/more_interfaces/local/lib/python3.10/dist-packages/more_interfaces/msg/_controls_s.c
[0.800s] -- Up-to-date symlink: /home/mahus/Autonomous-Cleaning-Robot/robot_ws/install/more_interfaces/local/lib/python3.10/dist-packages/more_interfaces/msg/_readings.py
[0.801s] -- Up-to-date symlink: /home/mahus/Autonomous-Cleaning-Robot/robot_ws/install/more_interfaces/local/lib/python3.10/dist-packages/more_interfaces/msg/_readings_s.c
[0.801s] -- Up-to-date symlink: /home/mahus/Autonomous-Cleaning-Robot/robot_ws/install/more_interfaces/local/lib/python3.10/dist-packages/more_interfaces/more_interfaces_s__rosidl_typesupport_fastrtps_c.cpython-310-x86_64-linux-gnu.so
[0.801s] -- Up-to-date symlink: /home/mahus/Autonomous-Cleaning-Robot/robot_ws/install/more_interfaces/local/lib/python3.10/dist-packages/more_interfaces/more_interfaces_s__rosidl_typesupport_introspection_c.cpython-310-x86_64-linux-gnu.so
[0.802s] -- Up-to-date symlink: /home/mahus/Autonomous-Cleaning-Robot/robot_ws/install/more_interfaces/local/lib/python3.10/dist-packages/more_interfaces/more_interfaces_s__rosidl_typesupport_c.cpython-310-x86_64-linux-gnu.so
[0.802s] -- Up-to-date symlink: /home/mahus/Autonomous-Cleaning-Robot/robot_ws/install/more_interfaces/share/more_interfaces/msg/Controls.idl
[0.803s] -- Up-to-date symlink: /home/mahus/Autonomous-Cleaning-Robot/robot_ws/install/more_interfaces/share/more_interfaces/msg/Readings.idl
[0.803s] -- Up-to-date symlink: /home/mahus/Autonomous-Cleaning-Robot/robot_ws/install/more_interfaces/share/more_interfaces/msg/Controls.msg
[0.803s] -- Up-to-date symlink: /home/mahus/Autonomous-Cleaning-Robot/robot_ws/install/more_interfaces/share/more_interfaces/msg/Readings.msg
[0.804s] -- Up-to-date symlink: /home/mahus/Autonomous-Cleaning-Robot/robot_ws/install/more_interfaces/share/ament_index/resource_index/package_run_dependencies/more_interfaces
[0.804s] -- Up-to-date symlink: /home/mahus/Autonomous-Cleaning-Robot/robot_ws/install/more_interfaces/share/ament_index/resource_index/parent_prefix_path/more_interfaces
[0.804s] -- Up-to-date symlink: /home/mahus/Autonomous-Cleaning-Robot/robot_ws/install/more_interfaces/share/more_interfaces/environment/ament_prefix_path.sh
[0.805s] -- Up-to-date symlink: /home/mahus/Autonomous-Cleaning-Robot/robot_ws/install/more_interfaces/share/more_interfaces/environment/ament_prefix_path.dsv
[0.805s] -- Up-to-date symlink: /home/mahus/Autonomous-Cleaning-Robot/robot_ws/install/more_interfaces/share/more_interfaces/environment/path.sh
[0.805s] -- Up-to-date symlink: /home/mahus/Autonomous-Cleaning-Robot/robot_ws/install/more_interfaces/share/more_interfaces/environment/path.dsv
[0.806s] -- Up-to-date symlink: /home/mahus/Autonomous-Cleaning-Robot/robot_ws/install/more_interfaces/share/more_interfaces/local_setup.bash
[0.806s] -- Up-to-date symlink: /home/mahus/Autonomous-Cleaning-Robot/robot_ws/install/more_interfaces/share/more_interfaces/local_setup.sh
[0.806s] -- Up-to-date symlink: /home/mahus/Autonomous-Cleaning-Robot/robot_ws/install/more_interfaces/share/more_interfaces/local_setup.zsh
[0.807s] -- Up-to-date symlink: /home/mahus/Autonomous-Cleaning-Robot/robot_ws/install/more_interfaces/share/more_interfaces/local_setup.dsv
[0.807s] -- Symlinking: /home/mahus/Autonomous-Cleaning-Robot/robot_ws/install/more_interfaces/share/more_interfaces/package.dsv
[0.817s] -- Up-to-date symlink: /home/mahus/Autonomous-Cleaning-Robot/robot_ws/install/more_interfaces/share/ament_index/resource_index/packages/more_interfaces
[0.818s] -- Up-to-date symlink: /home/mahus/Autonomous-Cleaning-Robot/robot_ws/install/more_interfaces/share/more_interfaces/cmake/rosidl_cmake-extras.cmake
[0.818s] -- Up-to-date symlink: /home/mahus/Autonomous-Cleaning-Robot/robot_ws/install/more_interfaces/share/more_interfaces/cmake/ament_cmake_export_include_directories-extras.cmake
[0.818s] -- Up-to-date symlink: /home/mahus/Autonomous-Cleaning-Robot/robot_ws/install/more_interfaces/share/more_interfaces/cmake/ament_cmake_export_libraries-extras.cmake
[0.819s] -- Up-to-date symlink: /home/mahus/Autonomous-Cleaning-Robot/robot_ws/install/more_interfaces/share/more_interfaces/cmake/ament_cmake_export_targets-extras.cmake
[0.819s] -- Up-to-date symlink: /home/mahus/Autonomous-Cleaning-Robot/robot_ws/install/more_interfaces/share/more_interfaces/cmake/rosidl_cmake_export_typesupport_targets-extras.cmake
[0.820s] -- Up-to-date symlink: /home/mahus/Autonomous-Cleaning-Robot/robot_ws/install/more_interfaces/share/more_interfaces/cmake/ament_cmake_export_dependencies-extras.cmake
[0.820s] -- Up-to-date symlink: /home/mahus/Autonomous-Cleaning-Robot/robot_ws/install/more_interfaces/share/more_interfaces/cmake/rosidl_cmake_export_typesupport_libraries-extras.cmake
[0.821s] -- Up-to-date symlink: /home/mahus/Autonomous-Cleaning-Robot/robot_ws/install/more_interfaces/share/more_interfaces/cmake/more_interfacesConfig.cmake
[0.821s] -- Up-to-date symlink: /home/mahus/Autonomous-Cleaning-Robot/robot_ws/install/more_interfaces/share/more_interfaces/cmake/more_interfacesConfig-version.cmake
[0.822s] -- Up-to-date symlink: /home/mahus/Autonomous-Cleaning-Robot/robot_ws/install/more_interfaces/share/more_interfaces/package.xml
[0.822s] -- Up-to-date: /home/mahus/Autonomous-Cleaning-Robot/robot_ws/install/more_interfaces/lib/libmore_interfaces__rosidl_generator_c.so
[0.823s] -- Up-to-date: /home/mahus/Autonomous-Cleaning-Robot/robot_ws/install/more_interfaces/lib/libmore_interfaces__rosidl_typesupport_fastrtps_c.so
[0.824s] -- Up-to-date: /home/mahus/Autonomous-Cleaning-Robot/robot_ws/install/more_interfaces/lib/libmore_interfaces__rosidl_typesupport_introspection_c.so
[0.826s] -- Up-to-date: /home/mahus/Autonomous-Cleaning-Robot/robot_ws/install/more_interfaces/lib/libmore_interfaces__rosidl_typesupport_c.so
[0.827s] -- Up-to-date: /home/mahus/Autonomous-Cleaning-Robot/robot_ws/install/more_interfaces/lib/libmore_interfaces__rosidl_typesupport_fastrtps_cpp.so
[0.827s] -- Up-to-date: /home/mahus/Autonomous-Cleaning-Robot/robot_ws/install/more_interfaces/lib/libmore_interfaces__rosidl_typesupport_introspection_cpp.so
[0.828s] -- Up-to-date: /home/mahus/Autonomous-Cleaning-Robot/robot_ws/install/more_interfaces/lib/libmore_interfaces__rosidl_typesupport_cpp.so
[0.857s] Listing '/home/mahus/Autonomous-Cleaning-Robot/robot_ws/install/more_interfaces/local/lib/python3.10/dist-packages/more_interfaces'...
[0.857s] Listing '/home/mahus/Autonomous-Cleaning-Robot/robot_ws/install/more_interfaces/local/lib/python3.10/dist-packages/more_interfaces/msg'...
[0.865s] -- Up-to-date: /home/mahus/Autonomous-Cleaning-Robot/robot_ws/install/more_interfaces/lib/libmore_interfaces__rosidl_generator_py.so
[0.866s] -- Up-to-date: /home/mahus/Autonomous-Cleaning-Robot/robot_ws/install/more_interfaces/share/more_interfaces/cmake/export_more_interfaces__rosidl_generator_cExport.cmake
[0.866s] -- Up-to-date: /home/mahus/Autonomous-Cleaning-Robot/robot_ws/install/more_interfaces/share/more_interfaces/cmake/export_more_interfaces__rosidl_generator_cExport-noconfig.cmake
[0.866s] -- Up-to-date: /home/mahus/Autonomous-Cleaning-Robot/robot_ws/install/more_interfaces/share/more_interfaces/cmake/export_more_interfaces__rosidl_typesupport_fastrtps_cExport.cmake
[0.866s] -- Up-to-date: /home/mahus/Autonomous-Cleaning-Robot/robot_ws/install/more_interfaces/share/more_interfaces/cmake/export_more_interfaces__rosidl_typesupport_fastrtps_cExport-noconfig.cmake
[0.867s] -- Up-to-date: /home/mahus/Autonomous-Cleaning-Robot/robot_ws/install/more_interfaces/share/more_interfaces/cmake/more_interfaces__rosidl_typesupport_introspection_cExport.cmake
[0.867s] -- Up-to-date: /home/mahus/Autonomous-Cleaning-Robot/robot_ws/install/more_interfaces/share/more_interfaces/cmake/more_interfaces__rosidl_typesupport_introspection_cExport-noconfig.cmake
[0.868s] -- Up-to-date: /home/mahus/Autonomous-Cleaning-Robot/robot_ws/install/more_interfaces/share/more_interfaces/cmake/more_interfaces__rosidl_typesupport_cExport.cmake
[0.868s] -- Up-to-date: /home/mahus/Autonomous-Cleaning-Robot/robot_ws/install/more_interfaces/share/more_interfaces/cmake/more_interfaces__rosidl_typesupport_cExport-noconfig.cmake
[0.868s] -- Up-to-date: /home/mahus/Autonomous-Cleaning-Robot/robot_ws/install/more_interfaces/share/more_interfaces/cmake/export_more_interfaces__rosidl_generator_cppExport.cmake
[0.868s] -- Up-to-date: /home/mahus/Autonomous-Cleaning-Robot/robot_ws/install/more_interfaces/share/more_interfaces/cmake/export_more_interfaces__rosidl_typesupport_fastrtps_cppExport.cmake
[0.868s] -- Up-to-date: /home/mahus/Autonomous-Cleaning-Robot/robot_ws/install/more_interfaces/share/more_interfaces/cmake/export_more_interfaces__rosidl_typesupport_fastrtps_cppExport-noconfig.cmake
[0.869s] -- Up-to-date: /home/mahus/Autonomous-Cleaning-Robot/robot_ws/install/more_interfaces/share/more_interfaces/cmake/more_interfaces__rosidl_typesupport_introspection_cppExport.cmake
[0.870s] -- Up-to-date: /home/mahus/Autonomous-Cleaning-Robot/robot_ws/install/more_interfaces/share/more_interfaces/cmake/more_interfaces__rosidl_typesupport_introspection_cppExport-noconfig.cmake
[0.870s] -- Up-to-date: /home/mahus/Autonomous-Cleaning-Robot/robot_ws/install/more_interfaces/share/more_interfaces/cmake/more_interfaces__rosidl_typesupport_cppExport.cmake
[0.870s] -- Up-to-date: /home/mahus/Autonomous-Cleaning-Robot/robot_ws/install/more_interfaces/share/more_interfaces/cmake/more_interfaces__rosidl_typesupport_cppExport-noconfig.cmake
[0.870s] -- Up-to-date: /home/mahus/Autonomous-Cleaning-Robot/robot_ws/install/more_interfaces/share/more_interfaces/cmake/export_more_interfaces__rosidl_generator_pyExport.cmake
[0.870s] -- Up-to-date: /home/mahus/Autonomous-Cleaning-Robot/robot_ws/install/more_interfaces/share/more_interfaces/cmake/export_more_interfaces__rosidl_generator_pyExport-noconfig.cmake
[0.874s] Invoked command in '/home/mahus/Autonomous-Cleaning-Robot/robot_ws/build/more_interfaces' returned '0': CMAKE_PREFIX_PATH=/opt/ros/humble /usr/bin/cmake --install /home/mahus/Autonomous-Cleaning-Robot/robot_ws/build/more_interfaces
