-- The C compiler identification is GNU 11.4.0
-- The CXX compiler identification is GNU 11.4.0
-- Detecting C compiler ABI info
-- Detecting C compiler ABI info - done
-- Check for working C compiler: /usr/bin/cc - skipped
-- Detecting C compile features
-- Detecting C compile features - done
-- Detecting CXX compiler ABI info
-- Detecting CXX compiler ABI info - done
-- Check for working CXX compiler: /usr/bin/c++ - skipped
-- Detecting CXX compile features
-- Detecting CXX compile features - done
-- Found ament_cmake: 1.3.5 (/opt/ros/humble/share/ament_cmake/cmake)
-- Found Python3: /usr/bin/python3.10 (found version "3.10.12") found components: Interpreter 
-- Override CMake install command with custom implementation using symlinks instead of copying resources
-- Found rosidl_default_generators: 1.2.0 (/opt/ros/humble/share/rosidl_default_generators/cmake)
-- Using all available rosidl_typesupport_c: rosidl_typesupport_fastrtps_c;rosidl_typesupport_introspection_c
-- Found rosidl_adapter: 3.1.5 (/opt/ros/humble/share/rosidl_adapter/cmake)
-- Using all available rosidl_typesupport_cpp: rosidl_typesupport_fastrtps_cpp;rosidl_typesupport_introspection_cpp
-- Found ament_lint_auto: 0.12.7 (/opt/ros/humble/share/ament_lint_auto/cmake)
-- Found ament_cmake_ros: 0.10.0 (/opt/ros/humble/share/ament_cmake_ros/cmake)
-- Using all available rosidl_typesupport_c: rosidl_typesupport_fastrtps_c;rosidl_typesupport_introspection_c
-- Using all available rosidl_typesupport_cpp: rosidl_typesupport_fastrtps_cpp;rosidl_typesupport_introspection_cpp
-- Found PythonInterp: /usr/bin/python3 (found suitable version "3.10.12", minimum required is "3.6") 
-- Found python_cmake_module: 0.10.0 (/opt/ros/humble/share/python_cmake_module/cmake)
-- Found PythonLibs: /usr/lib/x86_64-linux-gnu/libpython3.10.so (found suitable version "3.10.12", minimum required is "3.5") 
-- Using PYTHON_EXECUTABLE: /usr/bin/python3
-- Using PYTHON_INCLUDE_DIRS: /usr/include/python3.10
-- Using PYTHON_LIBRARIES: /usr/lib/x86_64-linux-gnu/libpython3.10.so
-- Found PythonExtra: .so  
-- Added test 'lint_cmake' to check CMake code style
-- Added test 'xmllint' to check XML markup files
-- Configuring done
-- Generating done
-- Build files have been written to: /home/mahus/Autonomous-Cleaning-Robot/robot_ws/build/more_interfaces
[  2%] [34m[1mGenerating C code for ROS interfaces[0m
[  5%] [34m[1mGenerating C++ code for ROS interfaces[0m
[  5%] Built target more_interfaces__cpp
[  7%] [32mBuilding C object CMakeFiles/more_interfaces__rosidl_generator_c.dir/rosidl_generator_c/more_interfaces/msg/detail/controls__functions.c.o[0m
[  7%] Built target ament_cmake_python_symlink_more_interfaces
[ 10%] [32mBuilding C object CMakeFiles/more_interfaces__rosidl_generator_c.dir/rosidl_generator_c/more_interfaces/msg/detail/readings__functions.c.o[0m
[ 12%] [34m[1mGenerating C++ type support dispatch for ROS interfaces[0m
[ 15%] [32m[1mLinking C shared library libmore_interfaces__rosidl_generator_c.so[0m
[ 15%] Built target more_interfaces__rosidl_generator_c
[ 17%] [34m[1mGenerating C++ type support for eProsima Fast-RTPS[0m
[ 20%] [32mBuilding CXX object CMakeFiles/more_interfaces__rosidl_typesupport_cpp.dir/rosidl_typesupport_cpp/more_interfaces/msg/controls__type_support.cpp.o[0m
[ 23%] [32mBuilding CXX object CMakeFiles/more_interfaces__rosidl_typesupport_fastrtps_cpp.dir/rosidl_typesupport_fastrtps_cpp/more_interfaces/msg/detail/dds_fastrtps/controls__type_support.cpp.o[0m
[ 25%] [32mBuilding CXX object CMakeFiles/more_interfaces__rosidl_typesupport_cpp.dir/rosidl_typesupport_cpp/more_interfaces/msg/readings__type_support.cpp.o[0m
[ 28%] [32m[1mLinking CXX shared library libmore_interfaces__rosidl_typesupport_cpp.so[0m
[ 30%] [32mBuilding CXX object CMakeFiles/more_interfaces__rosidl_typesupport_fastrtps_cpp.dir/rosidl_typesupport_fastrtps_cpp/more_interfaces/msg/detail/dds_fastrtps/readings__type_support.cpp.o[0m
[ 30%] Built target more_interfaces__rosidl_typesupport_cpp
[ 33%] [34m[1mGenerating C++ introspection for ROS interfaces[0m
[ 35%] [32mBuilding CXX object CMakeFiles/more_interfaces__rosidl_typesupport_introspection_cpp.dir/rosidl_typesupport_introspection_cpp/more_interfaces/msg/detail/controls__type_support.cpp.o[0m
[ 38%] [32m[1mLinking CXX shared library libmore_interfaces__rosidl_typesupport_fastrtps_cpp.so[0m
[ 38%] Built target more_interfaces__rosidl_typesupport_fastrtps_cpp
[ 41%] [32mBuilding CXX object CMakeFiles/more_interfaces__rosidl_typesupport_introspection_cpp.dir/rosidl_typesupport_introspection_cpp/more_interfaces/msg/detail/readings__type_support.cpp.o[0m
running egg_info
creating more_interfaces.egg-info
writing more_interfaces.egg-info/PKG-INFO
writing dependency_links to more_interfaces.egg-info/dependency_links.txt
writing top-level names to more_interfaces.egg-info/top_level.txt
writing manifest file 'more_interfaces.egg-info/SOURCES.txt'
reading manifest file 'more_interfaces.egg-info/SOURCES.txt'
writing manifest file 'more_interfaces.egg-info/SOURCES.txt'
[ 41%] Built target ament_cmake_python_build_more_interfaces_egg
[ 43%] [34m[1mGenerating C type support for eProsima Fast-RTPS[0m
[ 46%] [32m[1mLinking CXX shared library libmore_interfaces__rosidl_typesupport_introspection_cpp.so[0m
[ 46%] Built target more_interfaces__rosidl_typesupport_introspection_cpp
[ 48%] [34m[1mGenerating C introspection for ROS interfaces[0m
[ 51%] [32mBuilding CXX object CMakeFiles/more_interfaces__rosidl_typesupport_fastrtps_c.dir/rosidl_typesupport_fastrtps_c/more_interfaces/msg/detail/controls__type_support_c.cpp.o[0m
[ 53%] [32mBuilding C object CMakeFiles/more_interfaces__rosidl_typesupport_introspection_c.dir/rosidl_typesupport_introspection_c/more_interfaces/msg/detail/controls__type_support.c.o[0m
[ 56%] [32mBuilding C object CMakeFiles/more_interfaces__rosidl_typesupport_introspection_c.dir/rosidl_typesupport_introspection_c/more_interfaces/msg/detail/readings__type_support.c.o[0m
[ 58%] [32mBuilding CXX object CMakeFiles/more_interfaces__rosidl_typesupport_fastrtps_c.dir/rosidl_typesupport_fastrtps_c/more_interfaces/msg/detail/readings__type_support_c.cpp.o[0m
[ 61%] [32m[1mLinking C shared library libmore_interfaces__rosidl_typesupport_introspection_c.so[0m
[ 61%] Built target more_interfaces__rosidl_typesupport_introspection_c
[ 64%] [34m[1mGenerating C type support dispatch for ROS interfaces[0m
[ 66%] [32m[1mLinking CXX shared library libmore_interfaces__rosidl_typesupport_fastrtps_c.so[0m
[ 69%] [32mBuilding CXX object CMakeFiles/more_interfaces__rosidl_typesupport_c.dir/rosidl_typesupport_c/more_interfaces/msg/controls__type_support.cpp.o[0m
[ 71%] [32mBuilding CXX object CMakeFiles/more_interfaces__rosidl_typesupport_c.dir/rosidl_typesupport_c/more_interfaces/msg/readings__type_support.cpp.o[0m
[ 71%] Built target more_interfaces__rosidl_typesupport_fastrtps_c
[ 74%] [32m[1mLinking CXX shared library libmore_interfaces__rosidl_typesupport_c.so[0m
[ 74%] Built target more_interfaces__rosidl_typesupport_c
[ 74%] Built target more_interfaces
[ 76%] [34m[1mGenerating Python code for ROS interfaces[0m
[ 76%] Built target more_interfaces__py
[ 79%] [32mBuilding C object CMakeFiles/more_interfaces__rosidl_generator_py.dir/rosidl_generator_py/more_interfaces/msg/_readings_s.c.o[0m
[ 82%] [32mBuilding C object CMakeFiles/more_interfaces__rosidl_generator_py.dir/rosidl_generator_py/more_interfaces/msg/_controls_s.c.o[0m
[ 84%] [32m[1mLinking C shared library rosidl_generator_py/more_interfaces/libmore_interfaces__rosidl_generator_py.so[0m
[ 84%] Built target more_interfaces__rosidl_generator_py
[ 89%] [32mBuilding C object CMakeFiles/more_interfaces__rosidl_typesupport_fastrtps_c__pyext.dir/rosidl_generator_py/more_interfaces/_more_interfaces_s.ep.rosidl_typesupport_fastrtps_c.c.o[0m
[ 89%] [32mBuilding C object CMakeFiles/more_interfaces__rosidl_typesupport_introspection_c__pyext.dir/rosidl_generator_py/more_interfaces/_more_interfaces_s.ep.rosidl_typesupport_introspection_c.c.o[0m
[ 92%] [32m[1mLinking C shared library rosidl_generator_py/more_interfaces/more_interfaces_s__rosidl_typesupport_introspection_c.cpython-310-x86_64-linux-gnu.so[0m
[ 94%] [32m[1mLinking C shared library rosidl_generator_py/more_interfaces/more_interfaces_s__rosidl_typesupport_fastrtps_c.cpython-310-x86_64-linux-gnu.so[0m
[ 94%] Built target more_interfaces__rosidl_typesupport_fastrtps_c__pyext
[ 94%] Built target more_interfaces__rosidl_typesupport_introspection_c__pyext
[ 97%] [32mBuilding C object CMakeFiles/more_interfaces__rosidl_typesupport_c__pyext.dir/rosidl_generator_py/more_interfaces/_more_interfaces_s.ep.rosidl_typesupport_c.c.o[0m
[100%] [32m[1mLinking C shared library rosidl_generator_py/more_interfaces/more_interfaces_s__rosidl_typesupport_c.cpython-310-x86_64-linux-gnu.so[0m
[100%] Built target more_interfaces__rosidl_typesupport_c__pyext
-- Install configuration: ""
-- Execute custom install script
-- Symlinking: /home/mahus/Autonomous-Cleaning-Robot/robot_ws/install/more_interfaces/share/ament_index/resource_index/rosidl_interfaces/more_interfaces
-- Symlinking: /home/mahus/Autonomous-Cleaning-Robot/robot_ws/install/more_interfaces/include/more_interfaces/more_interfaces/msg/controls.h
-- Symlinking: /home/mahus/Autonomous-Cleaning-Robot/robot_ws/install/more_interfaces/include/more_interfaces/more_interfaces/msg/detail/controls__functions.h
-- Symlinking: /home/mahus/Autonomous-Cleaning-Robot/robot_ws/install/more_interfaces/include/more_interfaces/more_interfaces/msg/detail/controls__struct.h
-- Symlinking: /home/mahus/Autonomous-Cleaning-Robot/robot_ws/install/more_interfaces/include/more_interfaces/more_interfaces/msg/detail/controls__type_support.h
-- Symlinking: /home/mahus/Autonomous-Cleaning-Robot/robot_ws/install/more_interfaces/include/more_interfaces/more_interfaces/msg/detail/readings__functions.h
-- Symlinking: /home/mahus/Autonomous-Cleaning-Robot/robot_ws/install/more_interfaces/include/more_interfaces/more_interfaces/msg/detail/readings__struct.h
-- Symlinking: /home/mahus/Autonomous-Cleaning-Robot/robot_ws/install/more_interfaces/include/more_interfaces/more_interfaces/msg/detail/readings__type_support.h
-- Symlinking: /home/mahus/Autonomous-Cleaning-Robot/robot_ws/install/more_interfaces/include/more_interfaces/more_interfaces/msg/readings.h
-- Symlinking: /home/mahus/Autonomous-Cleaning-Robot/robot_ws/install/more_interfaces/include/more_interfaces/more_interfaces/msg/rosidl_generator_c__visibility_control.h
-- Symlinking: /home/mahus/Autonomous-Cleaning-Robot/robot_ws/install/more_interfaces/share/more_interfaces/environment/library_path.sh
-- Symlinking: /home/mahus/Autonomous-Cleaning-Robot/robot_ws/install/more_interfaces/share/more_interfaces/environment/library_path.dsv
-- Symlinking: /home/mahus/Autonomous-Cleaning-Robot/robot_ws/install/more_interfaces/include/more_interfaces/more_interfaces/msg/detail/controls__rosidl_typesupport_fastrtps_c.h
-- Symlinking: /home/mahus/Autonomous-Cleaning-Robot/robot_ws/install/more_interfaces/include/more_interfaces/more_interfaces/msg/detail/readings__rosidl_typesupport_fastrtps_c.h
-- Symlinking: /home/mahus/Autonomous-Cleaning-Robot/robot_ws/install/more_interfaces/include/more_interfaces/more_interfaces/msg/rosidl_typesupport_fastrtps_c__visibility_control.h
-- Symlinking: /home/mahus/Autonomous-Cleaning-Robot/robot_ws/install/more_interfaces/include/more_interfaces/more_interfaces/msg/detail/controls__rosidl_typesupport_introspection_c.h
-- Symlinking: /home/mahus/Autonomous-Cleaning-Robot/robot_ws/install/more_interfaces/include/more_interfaces/more_interfaces/msg/detail/readings__rosidl_typesupport_introspection_c.h
-- Symlinking: /home/mahus/Autonomous-Cleaning-Robot/robot_ws/install/more_interfaces/include/more_interfaces/more_interfaces/msg/rosidl_typesupport_introspection_c__visibility_control.h
-- Symlinking: /home/mahus/Autonomous-Cleaning-Robot/robot_ws/install/more_interfaces/include/more_interfaces/more_interfaces/msg/controls.hpp
-- Symlinking: /home/mahus/Autonomous-Cleaning-Robot/robot_ws/install/more_interfaces/include/more_interfaces/more_interfaces/msg/detail/controls__builder.hpp
-- Symlinking: /home/mahus/Autonomous-Cleaning-Robot/robot_ws/install/more_interfaces/include/more_interfaces/more_interfaces/msg/detail/controls__struct.hpp
-- Symlinking: /home/mahus/Autonomous-Cleaning-Robot/robot_ws/install/more_interfaces/include/more_interfaces/more_interfaces/msg/detail/controls__traits.hpp
-- Symlinking: /home/mahus/Autonomous-Cleaning-Robot/robot_ws/install/more_interfaces/include/more_interfaces/more_interfaces/msg/detail/readings__builder.hpp
-- Symlinking: /home/mahus/Autonomous-Cleaning-Robot/robot_ws/install/more_interfaces/include/more_interfaces/more_interfaces/msg/detail/readings__struct.hpp
-- Symlinking: /home/mahus/Autonomous-Cleaning-Robot/robot_ws/install/more_interfaces/include/more_interfaces/more_interfaces/msg/detail/readings__traits.hpp
-- Symlinking: /home/mahus/Autonomous-Cleaning-Robot/robot_ws/install/more_interfaces/include/more_interfaces/more_interfaces/msg/readings.hpp
-- Symlinking: /home/mahus/Autonomous-Cleaning-Robot/robot_ws/install/more_interfaces/include/more_interfaces/more_interfaces/msg/detail/controls__rosidl_typesupport_fastrtps_cpp.hpp
-- Symlinking: /home/mahus/Autonomous-Cleaning-Robot/robot_ws/install/more_interfaces/include/more_interfaces/more_interfaces/msg/detail/readings__rosidl_typesupport_fastrtps_cpp.hpp
-- Symlinking: /home/mahus/Autonomous-Cleaning-Robot/robot_ws/install/more_interfaces/include/more_interfaces/more_interfaces/msg/rosidl_typesupport_fastrtps_cpp__visibility_control.h
-- Symlinking: /home/mahus/Autonomous-Cleaning-Robot/robot_ws/install/more_interfaces/include/more_interfaces/more_interfaces/msg/detail/controls__rosidl_typesupport_introspection_cpp.hpp
-- Symlinking: /home/mahus/Autonomous-Cleaning-Robot/robot_ws/install/more_interfaces/include/more_interfaces/more_interfaces/msg/detail/readings__rosidl_typesupport_introspection_cpp.hpp
-- Symlinking: /home/mahus/Autonomous-Cleaning-Robot/robot_ws/install/more_interfaces/share/more_interfaces/environment/pythonpath.sh
-- Symlinking: /home/mahus/Autonomous-Cleaning-Robot/robot_ws/install/more_interfaces/share/more_interfaces/environment/pythonpath.dsv
-- Symlinking: /home/mahus/Autonomous-Cleaning-Robot/robot_ws/install/more_interfaces/local/lib/python3.10/dist-packages/more_interfaces-0.1.0-py3.10.egg-info/PKG-INFO
-- Symlinking: /home/mahus/Autonomous-Cleaning-Robot/robot_ws/install/more_interfaces/local/lib/python3.10/dist-packages/more_interfaces-0.1.0-py3.10.egg-info/SOURCES.txt
-- Symlinking: /home/mahus/Autonomous-Cleaning-Robot/robot_ws/install/more_interfaces/local/lib/python3.10/dist-packages/more_interfaces-0.1.0-py3.10.egg-info/dependency_links.txt
-- Symlinking: /home/mahus/Autonomous-Cleaning-Robot/robot_ws/install/more_interfaces/local/lib/python3.10/dist-packages/more_interfaces-0.1.0-py3.10.egg-info/top_level.txt
-- Symlinking: /home/mahus/Autonomous-Cleaning-Robot/robot_ws/install/more_interfaces/local/lib/python3.10/dist-packages/more_interfaces/__init__.py
-- Symlinking: /home/mahus/Autonomous-Cleaning-Robot/robot_ws/install/more_interfaces/local/lib/python3.10/dist-packages/more_interfaces/_more_interfaces_s.ep.rosidl_typesupport_c.c
-- Symlinking: /home/mahus/Autonomous-Cleaning-Robot/robot_ws/install/more_interfaces/local/lib/python3.10/dist-packages/more_interfaces/_more_interfaces_s.ep.rosidl_typesupport_fastrtps_c.c
-- Symlinking: /home/mahus/Autonomous-Cleaning-Robot/robot_ws/install/more_interfaces/local/lib/python3.10/dist-packages/more_interfaces/_more_interfaces_s.ep.rosidl_typesupport_introspection_c.c
-- Symlinking: /home/mahus/Autonomous-Cleaning-Robot/robot_ws/install/more_interfaces/local/lib/python3.10/dist-packages/more_interfaces/libmore_interfaces__rosidl_generator_py.so
-- Symlinking: /home/mahus/Autonomous-Cleaning-Robot/robot_ws/install/more_interfaces/local/lib/python3.10/dist-packages/more_interfaces/more_interfaces_s__rosidl_typesupport_c.cpython-310-x86_64-linux-gnu.so
-- Symlinking: /home/mahus/Autonomous-Cleaning-Robot/robot_ws/install/more_interfaces/local/lib/python3.10/dist-packages/more_interfaces/more_interfaces_s__rosidl_typesupport_fastrtps_c.cpython-310-x86_64-linux-gnu.so
-- Symlinking: /home/mahus/Autonomous-Cleaning-Robot/robot_ws/install/more_interfaces/local/lib/python3.10/dist-packages/more_interfaces/more_interfaces_s__rosidl_typesupport_introspection_c.cpython-310-x86_64-linux-gnu.so
-- Symlinking: /home/mahus/Autonomous-Cleaning-Robot/robot_ws/install/more_interfaces/local/lib/python3.10/dist-packages/more_interfaces/msg/__init__.py
-- Symlinking: /home/mahus/Autonomous-Cleaning-Robot/robot_ws/install/more_interfaces/local/lib/python3.10/dist-packages/more_interfaces/msg/_controls.py
-- Symlinking: /home/mahus/Autonomous-Cleaning-Robot/robot_ws/install/more_interfaces/local/lib/python3.10/dist-packages/more_interfaces/msg/_controls_s.c
-- Symlinking: /home/mahus/Autonomous-Cleaning-Robot/robot_ws/install/more_interfaces/local/lib/python3.10/dist-packages/more_interfaces/msg/_readings.py
-- Symlinking: /home/mahus/Autonomous-Cleaning-Robot/robot_ws/install/more_interfaces/local/lib/python3.10/dist-packages/more_interfaces/msg/_readings_s.c
-- Up-to-date symlink: /home/mahus/Autonomous-Cleaning-Robot/robot_ws/install/more_interfaces/local/lib/python3.10/dist-packages/more_interfaces/more_interfaces_s__rosidl_typesupport_fastrtps_c.cpython-310-x86_64-linux-gnu.so
-- Up-to-date symlink: /home/mahus/Autonomous-Cleaning-Robot/robot_ws/install/more_interfaces/local/lib/python3.10/dist-packages/more_interfaces/more_interfaces_s__rosidl_typesupport_introspection_c.cpython-310-x86_64-linux-gnu.so
-- Up-to-date symlink: /home/mahus/Autonomous-Cleaning-Robot/robot_ws/install/more_interfaces/local/lib/python3.10/dist-packages/more_interfaces/more_interfaces_s__rosidl_typesupport_c.cpython-310-x86_64-linux-gnu.so
-- Symlinking: /home/mahus/Autonomous-Cleaning-Robot/robot_ws/install/more_interfaces/share/more_interfaces/msg/Controls.idl
-- Symlinking: /home/mahus/Autonomous-Cleaning-Robot/robot_ws/install/more_interfaces/share/more_interfaces/msg/Readings.idl
-- Symlinking: /home/mahus/Autonomous-Cleaning-Robot/robot_ws/install/more_interfaces/share/more_interfaces/msg/Controls.msg
-- Symlinking: /home/mahus/Autonomous-Cleaning-Robot/robot_ws/install/more_interfaces/share/more_interfaces/msg/Readings.msg
-- Symlinking: /home/mahus/Autonomous-Cleaning-Robot/robot_ws/install/more_interfaces/share/ament_index/resource_index/package_run_dependencies/more_interfaces
-- Symlinking: /home/mahus/Autonomous-Cleaning-Robot/robot_ws/install/more_interfaces/share/ament_index/resource_index/parent_prefix_path/more_interfaces
-- Symlinking: /home/mahus/Autonomous-Cleaning-Robot/robot_ws/install/more_interfaces/share/more_interfaces/environment/ament_prefix_path.sh
-- Symlinking: /home/mahus/Autonomous-Cleaning-Robot/robot_ws/install/more_interfaces/share/more_interfaces/environment/ament_prefix_path.dsv
-- Symlinking: /home/mahus/Autonomous-Cleaning-Robot/robot_ws/install/more_interfaces/share/more_interfaces/environment/path.sh
-- Symlinking: /home/mahus/Autonomous-Cleaning-Robot/robot_ws/install/more_interfaces/share/more_interfaces/environment/path.dsv
-- Symlinking: /home/mahus/Autonomous-Cleaning-Robot/robot_ws/install/more_interfaces/share/more_interfaces/local_setup.bash
-- Symlinking: /home/mahus/Autonomous-Cleaning-Robot/robot_ws/install/more_interfaces/share/more_interfaces/local_setup.sh
-- Symlinking: /home/mahus/Autonomous-Cleaning-Robot/robot_ws/install/more_interfaces/share/more_interfaces/local_setup.zsh
-- Symlinking: /home/mahus/Autonomous-Cleaning-Robot/robot_ws/install/more_interfaces/share/more_interfaces/local_setup.dsv
-- Symlinking: /home/mahus/Autonomous-Cleaning-Robot/robot_ws/install/more_interfaces/share/more_interfaces/package.dsv
-- Symlinking: /home/mahus/Autonomous-Cleaning-Robot/robot_ws/install/more_interfaces/share/ament_index/resource_index/packages/more_interfaces
-- Symlinking: /home/mahus/Autonomous-Cleaning-Robot/robot_ws/install/more_interfaces/share/more_interfaces/cmake/rosidl_cmake-extras.cmake
-- Symlinking: /home/mahus/Autonomous-Cleaning-Robot/robot_ws/install/more_interfaces/share/more_interfaces/cmake/ament_cmake_export_include_directories-extras.cmake
-- Symlinking: /home/mahus/Autonomous-Cleaning-Robot/robot_ws/install/more_interfaces/share/more_interfaces/cmake/ament_cmake_export_libraries-extras.cmake
-- Symlinking: /home/mahus/Autonomous-Cleaning-Robot/robot_ws/install/more_interfaces/share/more_interfaces/cmake/ament_cmake_export_targets-extras.cmake
-- Symlinking: /home/mahus/Autonomous-Cleaning-Robot/robot_ws/install/more_interfaces/share/more_interfaces/cmake/rosidl_cmake_export_typesupport_targets-extras.cmake
-- Symlinking: /home/mahus/Autonomous-Cleaning-Robot/robot_ws/install/more_interfaces/share/more_interfaces/cmake/ament_cmake_export_dependencies-extras.cmake
-- Symlinking: /home/mahus/Autonomous-Cleaning-Robot/robot_ws/install/more_interfaces/share/more_interfaces/cmake/rosidl_cmake_export_typesupport_libraries-extras.cmake
-- Symlinking: /home/mahus/Autonomous-Cleaning-Robot/robot_ws/install/more_interfaces/share/more_interfaces/cmake/more_interfacesConfig.cmake
-- Symlinking: /home/mahus/Autonomous-Cleaning-Robot/robot_ws/install/more_interfaces/share/more_interfaces/cmake/more_interfacesConfig-version.cmake
-- Symlinking: /home/mahus/Autonomous-Cleaning-Robot/robot_ws/install/more_interfaces/share/more_interfaces/package.xml
-- Installing: /home/mahus/Autonomous-Cleaning-Robot/robot_ws/install/more_interfaces/lib/libmore_interfaces__rosidl_generator_c.so
-- Set runtime path of "/home/mahus/Autonomous-Cleaning-Robot/robot_ws/install/more_interfaces/lib/libmore_interfaces__rosidl_generator_c.so" to ""
-- Installing: /home/mahus/Autonomous-Cleaning-Robot/robot_ws/install/more_interfaces/lib/libmore_interfaces__rosidl_typesupport_fastrtps_c.so
-- Set runtime path of "/home/mahus/Autonomous-Cleaning-Robot/robot_ws/install/more_interfaces/lib/libmore_interfaces__rosidl_typesupport_fastrtps_c.so" to ""
-- Installing: /home/mahus/Autonomous-Cleaning-Robot/robot_ws/install/more_interfaces/lib/libmore_interfaces__rosidl_typesupport_introspection_c.so
-- Set runtime path of "/home/mahus/Autonomous-Cleaning-Robot/robot_ws/install/more_interfaces/lib/libmore_interfaces__rosidl_typesupport_introspection_c.so" to ""
-- Installing: /home/mahus/Autonomous-Cleaning-Robot/robot_ws/install/more_interfaces/lib/libmore_interfaces__rosidl_typesupport_c.so
-- Set runtime path of "/home/mahus/Autonomous-Cleaning-Robot/robot_ws/install/more_interfaces/lib/libmore_interfaces__rosidl_typesupport_c.so" to ""
-- Installing: /home/mahus/Autonomous-Cleaning-Robot/robot_ws/install/more_interfaces/lib/libmore_interfaces__rosidl_typesupport_fastrtps_cpp.so
-- Set runtime path of "/home/mahus/Autonomous-Cleaning-Robot/robot_ws/install/more_interfaces/lib/libmore_interfaces__rosidl_typesupport_fastrtps_cpp.so" to ""
-- Installing: /home/mahus/Autonomous-Cleaning-Robot/robot_ws/install/more_interfaces/lib/libmore_interfaces__rosidl_typesupport_introspection_cpp.so
-- Set runtime path of "/home/mahus/Autonomous-Cleaning-Robot/robot_ws/install/more_interfaces/lib/libmore_interfaces__rosidl_typesupport_introspection_cpp.so" to ""
-- Installing: /home/mahus/Autonomous-Cleaning-Robot/robot_ws/install/more_interfaces/lib/libmore_interfaces__rosidl_typesupport_cpp.so
-- Set runtime path of "/home/mahus/Autonomous-Cleaning-Robot/robot_ws/install/more_interfaces/lib/libmore_interfaces__rosidl_typesupport_cpp.so" to ""
Listing '/home/mahus/Autonomous-Cleaning-Robot/robot_ws/install/more_interfaces/local/lib/python3.10/dist-packages/more_interfaces'...
Compiling '/home/mahus/Autonomous-Cleaning-Robot/robot_ws/install/more_interfaces/local/lib/python3.10/dist-packages/more_interfaces/__init__.py'...
Listing '/home/mahus/Autonomous-Cleaning-Robot/robot_ws/install/more_interfaces/local/lib/python3.10/dist-packages/more_interfaces/msg'...
Compiling '/home/mahus/Autonomous-Cleaning-Robot/robot_ws/install/more_interfaces/local/lib/python3.10/dist-packages/more_interfaces/msg/__init__.py'...
Compiling '/home/mahus/Autonomous-Cleaning-Robot/robot_ws/install/more_interfaces/local/lib/python3.10/dist-packages/more_interfaces/msg/_controls.py'...
Compiling '/home/mahus/Autonomous-Cleaning-Robot/robot_ws/install/more_interfaces/local/lib/python3.10/dist-packages/more_interfaces/msg/_readings.py'...
-- Installing: /home/mahus/Autonomous-Cleaning-Robot/robot_ws/install/more_interfaces/lib/libmore_interfaces__rosidl_generator_py.so
-- Set runtime path of "/home/mahus/Autonomous-Cleaning-Robot/robot_ws/install/more_interfaces/lib/libmore_interfaces__rosidl_generator_py.so" to ""
-- Installing: /home/mahus/Autonomous-Cleaning-Robot/robot_ws/install/more_interfaces/share/more_interfaces/cmake/export_more_interfaces__rosidl_generator_cExport.cmake
-- Installing: /home/mahus/Autonomous-Cleaning-Robot/robot_ws/install/more_interfaces/share/more_interfaces/cmake/export_more_interfaces__rosidl_generator_cExport-noconfig.cmake
-- Installing: /home/mahus/Autonomous-Cleaning-Robot/robot_ws/install/more_interfaces/share/more_interfaces/cmake/export_more_interfaces__rosidl_typesupport_fastrtps_cExport.cmake
-- Installing: /home/mahus/Autonomous-Cleaning-Robot/robot_ws/install/more_interfaces/share/more_interfaces/cmake/export_more_interfaces__rosidl_typesupport_fastrtps_cExport-noconfig.cmake
-- Installing: /home/mahus/Autonomous-Cleaning-Robot/robot_ws/install/more_interfaces/share/more_interfaces/cmake/more_interfaces__rosidl_typesupport_introspection_cExport.cmake
-- Installing: /home/mahus/Autonomous-Cleaning-Robot/robot_ws/install/more_interfaces/share/more_interfaces/cmake/more_interfaces__rosidl_typesupport_introspection_cExport-noconfig.cmake
-- Installing: /home/mahus/Autonomous-Cleaning-Robot/robot_ws/install/more_interfaces/share/more_interfaces/cmake/more_interfaces__rosidl_typesupport_cExport.cmake
-- Installing: /home/mahus/Autonomous-Cleaning-Robot/robot_ws/install/more_interfaces/share/more_interfaces/cmake/more_interfaces__rosidl_typesupport_cExport-noconfig.cmake
-- Installing: /home/mahus/Autonomous-Cleaning-Robot/robot_ws/install/more_interfaces/share/more_interfaces/cmake/export_more_interfaces__rosidl_generator_cppExport.cmake
-- Installing: /home/mahus/Autonomous-Cleaning-Robot/robot_ws/install/more_interfaces/share/more_interfaces/cmake/export_more_interfaces__rosidl_typesupport_fastrtps_cppExport.cmake
-- Installing: /home/mahus/Autonomous-Cleaning-Robot/robot_ws/install/more_interfaces/share/more_interfaces/cmake/export_more_interfaces__rosidl_typesupport_fastrtps_cppExport-noconfig.cmake
-- Installing: /home/mahus/Autonomous-Cleaning-Robot/robot_ws/install/more_interfaces/share/more_interfaces/cmake/more_interfaces__rosidl_typesupport_introspection_cppExport.cmake
-- Installing: /home/mahus/Autonomous-Cleaning-Robot/robot_ws/install/more_interfaces/share/more_interfaces/cmake/more_interfaces__rosidl_typesupport_introspection_cppExport-noconfig.cmake
-- Installing: /home/mahus/Autonomous-Cleaning-Robot/robot_ws/install/more_interfaces/share/more_interfaces/cmake/more_interfaces__rosidl_typesupport_cppExport.cmake
-- Installing: /home/mahus/Autonomous-Cleaning-Robot/robot_ws/install/more_interfaces/share/more_interfaces/cmake/more_interfaces__rosidl_typesupport_cppExport-noconfig.cmake
-- Installing: /home/mahus/Autonomous-Cleaning-Robot/robot_ws/install/more_interfaces/share/more_interfaces/cmake/export_more_interfaces__rosidl_generator_pyExport.cmake
-- Installing: /home/mahus/Autonomous-Cleaning-Robot/robot_ws/install/more_interfaces/share/more_interfaces/cmake/export_more_interfaces__rosidl_generator_pyExport-noconfig.cmake
