[0.011s] Invoking command in '/home/mahus/Autonomous-Cleaning-Robot/robot_ws/build/more_interfaces': CMAKE_PREFIX_PATH=/opt/ros/humble /usr/bin/cmake /home/mahus/Autonomous-Cleaning-Robot/robot_ws/more_interfaces -DAMENT_CMAKE_SYMLINK_INSTALL=1 -DCMAKE_INSTALL_PREFIX=/home/mahus/Autonomous-Cleaning-Robot/robot_ws/install/more_interfaces
[0.073s] -- The C compiler identification is GNU 11.4.0
[0.127s] -- The CXX compiler identification is GNU 11.4.0
[0.137s] -- Detecting C compiler ABI info
[0.215s] -- Detecting C compiler ABI info - done
[0.219s] -- Check for working C compiler: /usr/bin/cc - skipped
[0.220s] -- Detecting C compile features
[0.221s] -- Detecting C compile features - done
[0.222s] -- Detecting CXX compiler ABI info
[0.319s] -- Detecting CXX compiler ABI info - done
[0.324s] -- Check for working CXX compiler: /usr/bin/c++ - skipped
[0.327s] -- Detecting CXX compile features
[0.327s] -- Detecting CXX compile features - done
[0.329s] -- Found ament_cmake: 1.3.5 (/opt/ros/humble/share/ament_cmake/cmake)
[0.469s] -- Found Python3: /usr/bin/python3.10 (found version "3.10.12") found components: Interpreter 
[0.540s] -- Override CMake install command with custom implementation using symlinks instead of copying resources
[0.556s] -- Found rosidl_default_generators: 1.2.0 (/opt/ros/humble/share/rosidl_default_generators/cmake)
[0.559s] -- Using all available rosidl_typesupport_c: rosidl_typesupport_fastrtps_c;rosidl_typesupport_introspection_c
[0.563s] -- Found rosidl_adapter: 3.1.5 (/opt/ros/humble/share/rosidl_adapter/cmake)
[0.589s] -- Using all available rosidl_typesupport_cpp: rosidl_typesupport_fastrtps_cpp;rosidl_typesupport_introspection_cpp
[0.612s] -- Found ament_lint_auto: 0.12.7 (/opt/ros/humble/share/ament_lint_auto/cmake)
[0.819s] -- Found ament_cmake_ros: 0.10.0 (/opt/ros/humble/share/ament_cmake_ros/cmake)
[0.982s] -- Using all available rosidl_typesupport_c: rosidl_typesupport_fastrtps_c;rosidl_typesupport_introspection_c
[1.179s] -- Using all available rosidl_typesupport_cpp: rosidl_typesupport_fastrtps_cpp;rosidl_typesupport_introspection_cpp
[1.198s] -- Found PythonInterp: /usr/bin/python3 (found suitable version "3.10.12", minimum required is "3.6") 
[1.199s] -- Found python_cmake_module: 0.10.0 (/opt/ros/humble/share/python_cmake_module/cmake)
[1.220s] -- Found PythonLibs: /usr/lib/x86_64-linux-gnu/libpython3.10.so (found suitable version "3.10.12", minimum required is "3.5") 
[1.220s] -- Using PYTHON_EXECUTABLE: /usr/bin/python3
[1.221s] -- Using PYTHON_INCLUDE_DIRS: /usr/include/python3.10
[1.221s] -- Using PYTHON_LIBRARIES: /usr/lib/x86_64-linux-gnu/libpython3.10.so
[1.243s] -- Found PythonExtra: .so  
[1.277s] -- Added test 'lint_cmake' to check CMake code style
[1.279s] -- Added test 'xmllint' to check XML markup files
[1.285s] -- Configuring done
[1.312s] -- Generating done
[1.316s] -- Build files have been written to: /home/mahus/Autonomous-Cleaning-Robot/robot_ws/build/more_interfaces
[1.323s] Invoked command in '/home/mahus/Autonomous-Cleaning-Robot/robot_ws/build/more_interfaces' returned '0': CMAKE_PREFIX_PATH=/opt/ros/humble /usr/bin/cmake /home/mahus/Autonomous-Cleaning-Robot/robot_ws/more_interfaces -DAMENT_CMAKE_SYMLINK_INSTALL=1 -DCMAKE_INSTALL_PREFIX=/home/mahus/Autonomous-Cleaning-Robot/robot_ws/install/more_interfaces
[1.325s] Invoking command in '/home/mahus/Autonomous-Cleaning-Robot/robot_ws/build/more_interfaces': CMAKE_PREFIX_PATH=/opt/ros/humble /usr/bin/cmake --build /home/mahus/Autonomous-Cleaning-Robot/robot_ws/build/more_interfaces -- -j2 -l2
[1.376s] [  2%] [34m[1mGenerating C code for ROS interfaces[0m
[1.393s] [  5%] [34m[1mGenerating C++ code for ROS interfaces[0m
[1.765s] [  5%] Built target more_interfaces__cpp
[1.795s] [  7%] [32mBuilding C object CMakeFiles/more_interfaces__rosidl_generator_c.dir/rosidl_generator_c/more_interfaces/msg/detail/controls__functions.c.o[0m
[1.803s] [  7%] Built target ament_cmake_python_symlink_more_interfaces
[1.816s] [ 10%] [32mBuilding C object CMakeFiles/more_interfaces__rosidl_generator_c.dir/rosidl_generator_c/more_interfaces/msg/detail/readings__functions.c.o[0m
[1.856s] [ 12%] [34m[1mGenerating C++ type support dispatch for ROS interfaces[0m
[1.873s] [ 15%] [32m[1mLinking C shared library libmore_interfaces__rosidl_generator_c.so[0m
[1.924s] [ 15%] Built target more_interfaces__rosidl_generator_c
[1.941s] [ 17%] [34m[1mGenerating C++ type support for eProsima Fast-RTPS[0m
[2.091s] [ 20%] [32mBuilding CXX object CMakeFiles/more_interfaces__rosidl_typesupport_cpp.dir/rosidl_typesupport_cpp/more_interfaces/msg/controls__type_support.cpp.o[0m
[2.203s] [ 23%] [32mBuilding CXX object CMakeFiles/more_interfaces__rosidl_typesupport_fastrtps_cpp.dir/rosidl_typesupport_fastrtps_cpp/more_interfaces/msg/detail/dds_fastrtps/controls__type_support.cpp.o[0m
[2.308s] [ 25%] [32mBuilding CXX object CMakeFiles/more_interfaces__rosidl_typesupport_cpp.dir/rosidl_typesupport_cpp/more_interfaces/msg/readings__type_support.cpp.o[0m
[2.789s] [ 28%] [32m[1mLinking CXX shared library libmore_interfaces__rosidl_typesupport_cpp.so[0m
[2.801s] [ 30%] [32mBuilding CXX object CMakeFiles/more_interfaces__rosidl_typesupport_fastrtps_cpp.dir/rosidl_typesupport_fastrtps_cpp/more_interfaces/msg/detail/dds_fastrtps/readings__type_support.cpp.o[0m
[2.830s] [ 30%] Built target more_interfaces__rosidl_typesupport_cpp
[2.848s] [ 33%] [34m[1mGenerating C++ introspection for ROS interfaces[0m
[3.393s] [ 35%] [32mBuilding CXX object CMakeFiles/more_interfaces__rosidl_typesupport_introspection_cpp.dir/rosidl_typesupport_introspection_cpp/more_interfaces/msg/detail/controls__type_support.cpp.o[0m
[3.525s] [ 38%] [32m[1mLinking CXX shared library libmore_interfaces__rosidl_typesupport_fastrtps_cpp.so[0m
[3.724s] [ 38%] Built target more_interfaces__rosidl_typesupport_fastrtps_cpp
[4.013s] [ 41%] [32mBuilding CXX object CMakeFiles/more_interfaces__rosidl_typesupport_introspection_cpp.dir/rosidl_typesupport_introspection_cpp/more_interfaces/msg/detail/readings__type_support.cpp.o[0m
[4.193s] running egg_info
[4.200s] creating more_interfaces.egg-info
[4.200s] writing more_interfaces.egg-info/PKG-INFO
[4.203s] writing dependency_links to more_interfaces.egg-info/dependency_links.txt
[4.203s] writing top-level names to more_interfaces.egg-info/top_level.txt
[4.203s] writing manifest file 'more_interfaces.egg-info/SOURCES.txt'
[4.203s] reading manifest file 'more_interfaces.egg-info/SOURCES.txt'
[4.209s] writing manifest file 'more_interfaces.egg-info/SOURCES.txt'
[4.285s] [ 41%] Built target ament_cmake_python_build_more_interfaces_egg
[4.325s] [ 43%] [34m[1mGenerating C type support for eProsima Fast-RTPS[0m
[4.665s] [ 46%] [32m[1mLinking CXX shared library libmore_interfaces__rosidl_typesupport_introspection_cpp.so[0m
[4.769s] [ 46%] Built target more_interfaces__rosidl_typesupport_introspection_cpp
[4.809s] [ 48%] [34m[1mGenerating C introspection for ROS interfaces[0m
[4.837s] [ 51%] [32mBuilding CXX object CMakeFiles/more_interfaces__rosidl_typesupport_fastrtps_c.dir/rosidl_typesupport_fastrtps_c/more_interfaces/msg/detail/controls__type_support_c.cpp.o[0m
[5.295s] [ 53%] [32mBuilding C object CMakeFiles/more_interfaces__rosidl_typesupport_introspection_c.dir/rosidl_typesupport_introspection_c/more_interfaces/msg/detail/controls__type_support.c.o[0m
[5.373s] [ 56%] [32mBuilding C object CMakeFiles/more_interfaces__rosidl_typesupport_introspection_c.dir/rosidl_typesupport_introspection_c/more_interfaces/msg/detail/readings__type_support.c.o[0m
[5.432s] [ 58%] [32mBuilding CXX object CMakeFiles/more_interfaces__rosidl_typesupport_fastrtps_c.dir/rosidl_typesupport_fastrtps_c/more_interfaces/msg/detail/readings__type_support_c.cpp.o[0m
[5.453s] [ 61%] [32m[1mLinking C shared library libmore_interfaces__rosidl_typesupport_introspection_c.so[0m
[5.519s] [ 61%] Built target more_interfaces__rosidl_typesupport_introspection_c
[5.562s] [ 64%] [34m[1mGenerating C type support dispatch for ROS interfaces[0m
[5.988s] [ 66%] [32m[1mLinking CXX shared library libmore_interfaces__rosidl_typesupport_fastrtps_c.so[0m
[6.009s] [ 69%] [32mBuilding CXX object CMakeFiles/more_interfaces__rosidl_typesupport_c.dir/rosidl_typesupport_c/more_interfaces/msg/controls__type_support.cpp.o[0m
[6.090s] [ 71%] [32mBuilding CXX object CMakeFiles/more_interfaces__rosidl_typesupport_c.dir/rosidl_typesupport_c/more_interfaces/msg/readings__type_support.cpp.o[0m
[6.140s] [ 71%] Built target more_interfaces__rosidl_typesupport_fastrtps_c
[6.154s] [ 74%] [32m[1mLinking CXX shared library libmore_interfaces__rosidl_typesupport_c.so[0m
[6.200s] [ 74%] Built target more_interfaces__rosidl_typesupport_c
[6.226s] [ 74%] Built target more_interfaces
[6.262s] [ 76%] [34m[1mGenerating Python code for ROS interfaces[0m
[6.654s] [ 76%] Built target more_interfaces__py
[6.684s] [ 79%] [32mBuilding C object CMakeFiles/more_interfaces__rosidl_generator_py.dir/rosidl_generator_py/more_interfaces/msg/_readings_s.c.o[0m
[6.693s] [ 82%] [32mBuilding C object CMakeFiles/more_interfaces__rosidl_generator_py.dir/rosidl_generator_py/more_interfaces/msg/_controls_s.c.o[0m
[6.872s] [ 84%] [32m[1mLinking C shared library rosidl_generator_py/more_interfaces/libmore_interfaces__rosidl_generator_py.so[0m
[6.925s] [ 84%] Built target more_interfaces__rosidl_generator_py
[6.955s] [ 89%] [32mBuilding C object CMakeFiles/more_interfaces__rosidl_typesupport_fastrtps_c__pyext.dir/rosidl_generator_py/more_interfaces/_more_interfaces_s.ep.rosidl_typesupport_fastrtps_c.c.o[0m
[6.955s] [ 89%] [32mBuilding C object CMakeFiles/more_interfaces__rosidl_typesupport_introspection_c__pyext.dir/rosidl_generator_py/more_interfaces/_more_interfaces_s.ep.rosidl_typesupport_introspection_c.c.o[0m
[7.048s] [ 92%] [32m[1mLinking C shared library rosidl_generator_py/more_interfaces/more_interfaces_s__rosidl_typesupport_introspection_c.cpython-310-x86_64-linux-gnu.so[0m
[7.050s] [ 94%] [32m[1mLinking C shared library rosidl_generator_py/more_interfaces/more_interfaces_s__rosidl_typesupport_fastrtps_c.cpython-310-x86_64-linux-gnu.so[0m
[7.089s] [ 94%] Built target more_interfaces__rosidl_typesupport_fastrtps_c__pyext
[7.089s] [ 94%] Built target more_interfaces__rosidl_typesupport_introspection_c__pyext
[7.118s] [ 97%] [32mBuilding C object CMakeFiles/more_interfaces__rosidl_typesupport_c__pyext.dir/rosidl_generator_py/more_interfaces/_more_interfaces_s.ep.rosidl_typesupport_c.c.o[0m
[7.200s] [100%] [32m[1mLinking C shared library rosidl_generator_py/more_interfaces/more_interfaces_s__rosidl_typesupport_c.cpython-310-x86_64-linux-gnu.so[0m
[7.241s] [100%] Built target more_interfaces__rosidl_typesupport_c__pyext
[7.259s] Invoked command in '/home/mahus/Autonomous-Cleaning-Robot/robot_ws/build/more_interfaces' returned '0': CMAKE_PREFIX_PATH=/opt/ros/humble /usr/bin/cmake --build /home/mahus/Autonomous-Cleaning-Robot/robot_ws/build/more_interfaces -- -j2 -l2
[7.420s] Invoking command in '/home/mahus/Autonomous-Cleaning-Robot/robot_ws/build/more_interfaces': CMAKE_PREFIX_PATH=/opt/ros/humble /usr/bin/cmake --install /home/mahus/Autonomous-Cleaning-Robot/robot_ws/build/more_interfaces
[7.432s] -- Install configuration: ""
[7.432s] -- Execute custom install script
[7.433s] -- Symlinking: /home/mahus/Autonomous-Cleaning-Robot/robot_ws/install/more_interfaces/share/ament_index/resource_index/rosidl_interfaces/more_interfaces
[7.443s] -- Symlinking: /home/mahus/Autonomous-Cleaning-Robot/robot_ws/install/more_interfaces/include/more_interfaces/more_interfaces/msg/controls.h
[7.457s] -- Symlinking: /home/mahus/Autonomous-Cleaning-Robot/robot_ws/install/more_interfaces/include/more_interfaces/more_interfaces/msg/detail/controls__functions.h
[7.467s] -- Symlinking: /home/mahus/Autonomous-Cleaning-Robot/robot_ws/install/more_interfaces/include/more_interfaces/more_interfaces/msg/detail/controls__struct.h
[7.476s] -- Symlinking: /home/mahus/Autonomous-Cleaning-Robot/robot_ws/install/more_interfaces/include/more_interfaces/more_interfaces/msg/detail/controls__type_support.h
[7.486s] -- Symlinking: /home/mahus/Autonomous-Cleaning-Robot/robot_ws/install/more_interfaces/include/more_interfaces/more_interfaces/msg/detail/readings__functions.h
[7.495s] -- Symlinking: /home/mahus/Autonomous-Cleaning-Robot/robot_ws/install/more_interfaces/include/more_interfaces/more_interfaces/msg/detail/readings__struct.h
[7.504s] -- Symlinking: /home/mahus/Autonomous-Cleaning-Robot/robot_ws/install/more_interfaces/include/more_interfaces/more_interfaces/msg/detail/readings__type_support.h
[7.513s] -- Symlinking: /home/mahus/Autonomous-Cleaning-Robot/robot_ws/install/more_interfaces/include/more_interfaces/more_interfaces/msg/readings.h
[7.527s] -- Symlinking: /home/mahus/Autonomous-Cleaning-Robot/robot_ws/install/more_interfaces/include/more_interfaces/more_interfaces/msg/rosidl_generator_c__visibility_control.h
[7.537s] -- Symlinking: /home/mahus/Autonomous-Cleaning-Robot/robot_ws/install/more_interfaces/share/more_interfaces/environment/library_path.sh
[7.547s] -- Symlinking: /home/mahus/Autonomous-Cleaning-Robot/robot_ws/install/more_interfaces/share/more_interfaces/environment/library_path.dsv
[7.556s] -- Symlinking: /home/mahus/Autonomous-Cleaning-Robot/robot_ws/install/more_interfaces/include/more_interfaces/more_interfaces/msg/detail/controls__rosidl_typesupport_fastrtps_c.h
[7.565s] -- Symlinking: /home/mahus/Autonomous-Cleaning-Robot/robot_ws/install/more_interfaces/include/more_interfaces/more_interfaces/msg/detail/readings__rosidl_typesupport_fastrtps_c.h
[7.574s] -- Symlinking: /home/mahus/Autonomous-Cleaning-Robot/robot_ws/install/more_interfaces/include/more_interfaces/more_interfaces/msg/rosidl_typesupport_fastrtps_c__visibility_control.h
[7.583s] -- Symlinking: /home/mahus/Autonomous-Cleaning-Robot/robot_ws/install/more_interfaces/include/more_interfaces/more_interfaces/msg/detail/controls__rosidl_typesupport_introspection_c.h
[7.591s] -- Symlinking: /home/mahus/Autonomous-Cleaning-Robot/robot_ws/install/more_interfaces/include/more_interfaces/more_interfaces/msg/detail/readings__rosidl_typesupport_introspection_c.h
[7.603s] -- Symlinking: /home/mahus/Autonomous-Cleaning-Robot/robot_ws/install/more_interfaces/include/more_interfaces/more_interfaces/msg/rosidl_typesupport_introspection_c__visibility_control.h
[7.612s] -- Symlinking: /home/mahus/Autonomous-Cleaning-Robot/robot_ws/install/more_interfaces/include/more_interfaces/more_interfaces/msg/controls.hpp
[7.622s] -- Symlinking: /home/mahus/Autonomous-Cleaning-Robot/robot_ws/install/more_interfaces/include/more_interfaces/more_interfaces/msg/detail/controls__builder.hpp
[7.637s] -- Symlinking: /home/mahus/Autonomous-Cleaning-Robot/robot_ws/install/more_interfaces/include/more_interfaces/more_interfaces/msg/detail/controls__struct.hpp
[7.647s] -- Symlinking: /home/mahus/Autonomous-Cleaning-Robot/robot_ws/install/more_interfaces/include/more_interfaces/more_interfaces/msg/detail/controls__traits.hpp
[7.657s] -- Symlinking: /home/mahus/Autonomous-Cleaning-Robot/robot_ws/install/more_interfaces/include/more_interfaces/more_interfaces/msg/detail/readings__builder.hpp
[7.665s] -- Symlinking: /home/mahus/Autonomous-Cleaning-Robot/robot_ws/install/more_interfaces/include/more_interfaces/more_interfaces/msg/detail/readings__struct.hpp
[7.677s] -- Symlinking: /home/mahus/Autonomous-Cleaning-Robot/robot_ws/install/more_interfaces/include/more_interfaces/more_interfaces/msg/detail/readings__traits.hpp
[7.687s] -- Symlinking: /home/mahus/Autonomous-Cleaning-Robot/robot_ws/install/more_interfaces/include/more_interfaces/more_interfaces/msg/readings.hpp
[7.696s] -- Symlinking: /home/mahus/Autonomous-Cleaning-Robot/robot_ws/install/more_interfaces/include/more_interfaces/more_interfaces/msg/detail/controls__rosidl_typesupport_fastrtps_cpp.hpp
[7.706s] -- Symlinking: /home/mahus/Autonomous-Cleaning-Robot/robot_ws/install/more_interfaces/include/more_interfaces/more_interfaces/msg/detail/readings__rosidl_typesupport_fastrtps_cpp.hpp
[7.724s] -- Symlinking: /home/mahus/Autonomous-Cleaning-Robot/robot_ws/install/more_interfaces/include/more_interfaces/more_interfaces/msg/rosidl_typesupport_fastrtps_cpp__visibility_control.h
[7.731s] -- Symlinking: /home/mahus/Autonomous-Cleaning-Robot/robot_ws/install/more_interfaces/include/more_interfaces/more_interfaces/msg/detail/controls__rosidl_typesupport_introspection_cpp.hpp
[7.741s] -- Symlinking: /home/mahus/Autonomous-Cleaning-Robot/robot_ws/install/more_interfaces/include/more_interfaces/more_interfaces/msg/detail/readings__rosidl_typesupport_introspection_cpp.hpp
[7.750s] -- Symlinking: /home/mahus/Autonomous-Cleaning-Robot/robot_ws/install/more_interfaces/share/more_interfaces/environment/pythonpath.sh
[7.761s] -- Symlinking: /home/mahus/Autonomous-Cleaning-Robot/robot_ws/install/more_interfaces/share/more_interfaces/environment/pythonpath.dsv
[7.771s] -- Symlinking: /home/mahus/Autonomous-Cleaning-Robot/robot_ws/install/more_interfaces/local/lib/python3.10/dist-packages/more_interfaces-0.1.0-py3.10.egg-info/PKG-INFO
[7.781s] -- Symlinking: /home/mahus/Autonomous-Cleaning-Robot/robot_ws/install/more_interfaces/local/lib/python3.10/dist-packages/more_interfaces-0.1.0-py3.10.egg-info/SOURCES.txt
[7.791s] -- Symlinking: /home/mahus/Autonomous-Cleaning-Robot/robot_ws/install/more_interfaces/local/lib/python3.10/dist-packages/more_interfaces-0.1.0-py3.10.egg-info/dependency_links.txt
[7.801s] -- Symlinking: /home/mahus/Autonomous-Cleaning-Robot/robot_ws/install/more_interfaces/local/lib/python3.10/dist-packages/more_interfaces-0.1.0-py3.10.egg-info/top_level.txt
[7.811s] -- Symlinking: /home/mahus/Autonomous-Cleaning-Robot/robot_ws/install/more_interfaces/local/lib/python3.10/dist-packages/more_interfaces/__init__.py
[7.820s] -- Symlinking: /home/mahus/Autonomous-Cleaning-Robot/robot_ws/install/more_interfaces/local/lib/python3.10/dist-packages/more_interfaces/_more_interfaces_s.ep.rosidl_typesupport_c.c
[7.834s] -- Symlinking: /home/mahus/Autonomous-Cleaning-Robot/robot_ws/install/more_interfaces/local/lib/python3.10/dist-packages/more_interfaces/_more_interfaces_s.ep.rosidl_typesupport_fastrtps_c.c
[7.844s] -- Symlinking: /home/mahus/Autonomous-Cleaning-Robot/robot_ws/install/more_interfaces/local/lib/python3.10/dist-packages/more_interfaces/_more_interfaces_s.ep.rosidl_typesupport_introspection_c.c
[7.853s] -- Symlinking: /home/mahus/Autonomous-Cleaning-Robot/robot_ws/install/more_interfaces/local/lib/python3.10/dist-packages/more_interfaces/libmore_interfaces__rosidl_generator_py.so
[7.863s] -- Symlinking: /home/mahus/Autonomous-Cleaning-Robot/robot_ws/install/more_interfaces/local/lib/python3.10/dist-packages/more_interfaces/more_interfaces_s__rosidl_typesupport_c.cpython-310-x86_64-linux-gnu.so
[7.872s] -- Symlinking: /home/mahus/Autonomous-Cleaning-Robot/robot_ws/install/more_interfaces/local/lib/python3.10/dist-packages/more_interfaces/more_interfaces_s__rosidl_typesupport_fastrtps_c.cpython-310-x86_64-linux-gnu.so
[7.881s] -- Symlinking: /home/mahus/Autonomous-Cleaning-Robot/robot_ws/install/more_interfaces/local/lib/python3.10/dist-packages/more_interfaces/more_interfaces_s__rosidl_typesupport_introspection_c.cpython-310-x86_64-linux-gnu.so
[7.892s] -- Symlinking: /home/mahus/Autonomous-Cleaning-Robot/robot_ws/install/more_interfaces/local/lib/python3.10/dist-packages/more_interfaces/msg/__init__.py
[7.901s] -- Symlinking: /home/mahus/Autonomous-Cleaning-Robot/robot_ws/install/more_interfaces/local/lib/python3.10/dist-packages/more_interfaces/msg/_controls.py
[7.910s] -- Symlinking: /home/mahus/Autonomous-Cleaning-Robot/robot_ws/install/more_interfaces/local/lib/python3.10/dist-packages/more_interfaces/msg/_controls_s.c
[7.930s] -- Symlinking: /home/mahus/Autonomous-Cleaning-Robot/robot_ws/install/more_interfaces/local/lib/python3.10/dist-packages/more_interfaces/msg/_readings.py
[7.954s] -- Symlinking: /home/mahus/Autonomous-Cleaning-Robot/robot_ws/install/more_interfaces/local/lib/python3.10/dist-packages/more_interfaces/msg/_readings_s.c
[7.970s] -- Up-to-date symlink: /home/mahus/Autonomous-Cleaning-Robot/robot_ws/install/more_interfaces/local/lib/python3.10/dist-packages/more_interfaces/more_interfaces_s__rosidl_typesupport_fastrtps_c.cpython-310-x86_64-linux-gnu.so
[7.970s] -- Up-to-date symlink: /home/mahus/Autonomous-Cleaning-Robot/robot_ws/install/more_interfaces/local/lib/python3.10/dist-packages/more_interfaces/more_interfaces_s__rosidl_typesupport_introspection_c.cpython-310-x86_64-linux-gnu.so
[7.970s] -- Up-to-date symlink: /home/mahus/Autonomous-Cleaning-Robot/robot_ws/install/more_interfaces/local/lib/python3.10/dist-packages/more_interfaces/more_interfaces_s__rosidl_typesupport_c.cpython-310-x86_64-linux-gnu.so
[7.970s] -- Symlinking: /home/mahus/Autonomous-Cleaning-Robot/robot_ws/install/more_interfaces/share/more_interfaces/msg/Controls.idl
[7.986s] -- Symlinking: /home/mahus/Autonomous-Cleaning-Robot/robot_ws/install/more_interfaces/share/more_interfaces/msg/Readings.idl
[8.003s] -- Symlinking: /home/mahus/Autonomous-Cleaning-Robot/robot_ws/install/more_interfaces/share/more_interfaces/msg/Controls.msg
[8.018s] -- Symlinking: /home/mahus/Autonomous-Cleaning-Robot/robot_ws/install/more_interfaces/share/more_interfaces/msg/Readings.msg
[8.035s] -- Symlinking: /home/mahus/Autonomous-Cleaning-Robot/robot_ws/install/more_interfaces/share/ament_index/resource_index/package_run_dependencies/more_interfaces
[8.049s] -- Symlinking: /home/mahus/Autonomous-Cleaning-Robot/robot_ws/install/more_interfaces/share/ament_index/resource_index/parent_prefix_path/more_interfaces
[8.063s] -- Symlinking: /home/mahus/Autonomous-Cleaning-Robot/robot_ws/install/more_interfaces/share/more_interfaces/environment/ament_prefix_path.sh
[8.073s] -- Symlinking: /home/mahus/Autonomous-Cleaning-Robot/robot_ws/install/more_interfaces/share/more_interfaces/environment/ament_prefix_path.dsv
[8.082s] -- Symlinking: /home/mahus/Autonomous-Cleaning-Robot/robot_ws/install/more_interfaces/share/more_interfaces/environment/path.sh
[8.092s] -- Symlinking: /home/mahus/Autonomous-Cleaning-Robot/robot_ws/install/more_interfaces/share/more_interfaces/environment/path.dsv
[8.102s] -- Symlinking: /home/mahus/Autonomous-Cleaning-Robot/robot_ws/install/more_interfaces/share/more_interfaces/local_setup.bash
[8.112s] -- Symlinking: /home/mahus/Autonomous-Cleaning-Robot/robot_ws/install/more_interfaces/share/more_interfaces/local_setup.sh
[8.125s] -- Symlinking: /home/mahus/Autonomous-Cleaning-Robot/robot_ws/install/more_interfaces/share/more_interfaces/local_setup.zsh
[8.136s] -- Symlinking: /home/mahus/Autonomous-Cleaning-Robot/robot_ws/install/more_interfaces/share/more_interfaces/local_setup.dsv
[8.144s] -- Symlinking: /home/mahus/Autonomous-Cleaning-Robot/robot_ws/install/more_interfaces/share/more_interfaces/package.dsv
[8.154s] -- Symlinking: /home/mahus/Autonomous-Cleaning-Robot/robot_ws/install/more_interfaces/share/ament_index/resource_index/packages/more_interfaces
[8.164s] -- Symlinking: /home/mahus/Autonomous-Cleaning-Robot/robot_ws/install/more_interfaces/share/more_interfaces/cmake/rosidl_cmake-extras.cmake
[8.174s] -- Symlinking: /home/mahus/Autonomous-Cleaning-Robot/robot_ws/install/more_interfaces/share/more_interfaces/cmake/ament_cmake_export_include_directories-extras.cmake
[8.184s] -- Symlinking: /home/mahus/Autonomous-Cleaning-Robot/robot_ws/install/more_interfaces/share/more_interfaces/cmake/ament_cmake_export_libraries-extras.cmake
[8.194s] -- Symlinking: /home/mahus/Autonomous-Cleaning-Robot/robot_ws/install/more_interfaces/share/more_interfaces/cmake/ament_cmake_export_targets-extras.cmake
[8.204s] -- Symlinking: /home/mahus/Autonomous-Cleaning-Robot/robot_ws/install/more_interfaces/share/more_interfaces/cmake/rosidl_cmake_export_typesupport_targets-extras.cmake
[8.215s] -- Symlinking: /home/mahus/Autonomous-Cleaning-Robot/robot_ws/install/more_interfaces/share/more_interfaces/cmake/ament_cmake_export_dependencies-extras.cmake
[8.226s] -- Symlinking: /home/mahus/Autonomous-Cleaning-Robot/robot_ws/install/more_interfaces/share/more_interfaces/cmake/rosidl_cmake_export_typesupport_libraries-extras.cmake
[8.239s] -- Symlinking: /home/mahus/Autonomous-Cleaning-Robot/robot_ws/install/more_interfaces/share/more_interfaces/cmake/more_interfacesConfig.cmake
[8.249s] -- Symlinking: /home/mahus/Autonomous-Cleaning-Robot/robot_ws/install/more_interfaces/share/more_interfaces/cmake/more_interfacesConfig-version.cmake
[8.258s] -- Symlinking: /home/mahus/Autonomous-Cleaning-Robot/robot_ws/install/more_interfaces/share/more_interfaces/package.xml
[8.268s] -- Installing: /home/mahus/Autonomous-Cleaning-Robot/robot_ws/install/more_interfaces/lib/libmore_interfaces__rosidl_generator_c.so
[8.268s] -- Set runtime path of "/home/mahus/Autonomous-Cleaning-Robot/robot_ws/install/more_interfaces/lib/libmore_interfaces__rosidl_generator_c.so" to ""
[8.268s] -- Installing: /home/mahus/Autonomous-Cleaning-Robot/robot_ws/install/more_interfaces/lib/libmore_interfaces__rosidl_typesupport_fastrtps_c.so
[8.268s] -- Set runtime path of "/home/mahus/Autonomous-Cleaning-Robot/robot_ws/install/more_interfaces/lib/libmore_interfaces__rosidl_typesupport_fastrtps_c.so" to ""
[8.268s] -- Installing: /home/mahus/Autonomous-Cleaning-Robot/robot_ws/install/more_interfaces/lib/libmore_interfaces__rosidl_typesupport_introspection_c.so
[8.269s] -- Set runtime path of "/home/mahus/Autonomous-Cleaning-Robot/robot_ws/install/more_interfaces/lib/libmore_interfaces__rosidl_typesupport_introspection_c.so" to ""
[8.269s] -- Installing: /home/mahus/Autonomous-Cleaning-Robot/robot_ws/install/more_interfaces/lib/libmore_interfaces__rosidl_typesupport_c.so
[8.269s] -- Set runtime path of "/home/mahus/Autonomous-Cleaning-Robot/robot_ws/install/more_interfaces/lib/libmore_interfaces__rosidl_typesupport_c.so" to ""
[8.269s] -- Installing: /home/mahus/Autonomous-Cleaning-Robot/robot_ws/install/more_interfaces/lib/libmore_interfaces__rosidl_typesupport_fastrtps_cpp.so
[8.269s] -- Set runtime path of "/home/mahus/Autonomous-Cleaning-Robot/robot_ws/install/more_interfaces/lib/libmore_interfaces__rosidl_typesupport_fastrtps_cpp.so" to ""
[8.270s] -- Installing: /home/mahus/Autonomous-Cleaning-Robot/robot_ws/install/more_interfaces/lib/libmore_interfaces__rosidl_typesupport_introspection_cpp.so
[8.270s] -- Set runtime path of "/home/mahus/Autonomous-Cleaning-Robot/robot_ws/install/more_interfaces/lib/libmore_interfaces__rosidl_typesupport_introspection_cpp.so" to ""
[8.270s] -- Installing: /home/mahus/Autonomous-Cleaning-Robot/robot_ws/install/more_interfaces/lib/libmore_interfaces__rosidl_typesupport_cpp.so
[8.271s] -- Set runtime path of "/home/mahus/Autonomous-Cleaning-Robot/robot_ws/install/more_interfaces/lib/libmore_interfaces__rosidl_typesupport_cpp.so" to ""
[8.300s] Listing '/home/mahus/Autonomous-Cleaning-Robot/robot_ws/install/more_interfaces/local/lib/python3.10/dist-packages/more_interfaces'...
[8.300s] Compiling '/home/mahus/Autonomous-Cleaning-Robot/robot_ws/install/more_interfaces/local/lib/python3.10/dist-packages/more_interfaces/__init__.py'...
[8.300s] Listing '/home/mahus/Autonomous-Cleaning-Robot/robot_ws/install/more_interfaces/local/lib/python3.10/dist-packages/more_interfaces/msg'...
[8.300s] Compiling '/home/mahus/Autonomous-Cleaning-Robot/robot_ws/install/more_interfaces/local/lib/python3.10/dist-packages/more_interfaces/msg/__init__.py'...
[8.300s] Compiling '/home/mahus/Autonomous-Cleaning-Robot/robot_ws/install/more_interfaces/local/lib/python3.10/dist-packages/more_interfaces/msg/_controls.py'...
[8.300s] Compiling '/home/mahus/Autonomous-Cleaning-Robot/robot_ws/install/more_interfaces/local/lib/python3.10/dist-packages/more_interfaces/msg/_readings.py'...
[8.304s] -- Installing: /home/mahus/Autonomous-Cleaning-Robot/robot_ws/install/more_interfaces/lib/libmore_interfaces__rosidl_generator_py.so
[8.304s] -- Set runtime path of "/home/mahus/Autonomous-Cleaning-Robot/robot_ws/install/more_interfaces/lib/libmore_interfaces__rosidl_generator_py.so" to ""
[8.304s] -- Installing: /home/mahus/Autonomous-Cleaning-Robot/robot_ws/install/more_interfaces/share/more_interfaces/cmake/export_more_interfaces__rosidl_generator_cExport.cmake
[8.305s] -- Installing: /home/mahus/Autonomous-Cleaning-Robot/robot_ws/install/more_interfaces/share/more_interfaces/cmake/export_more_interfaces__rosidl_generator_cExport-noconfig.cmake
[8.305s] -- Installing: /home/mahus/Autonomous-Cleaning-Robot/robot_ws/install/more_interfaces/share/more_interfaces/cmake/export_more_interfaces__rosidl_typesupport_fastrtps_cExport.cmake
[8.305s] -- Installing: /home/mahus/Autonomous-Cleaning-Robot/robot_ws/install/more_interfaces/share/more_interfaces/cmake/export_more_interfaces__rosidl_typesupport_fastrtps_cExport-noconfig.cmake
[8.305s] -- Installing: /home/mahus/Autonomous-Cleaning-Robot/robot_ws/install/more_interfaces/share/more_interfaces/cmake/more_interfaces__rosidl_typesupport_introspection_cExport.cmake
[8.305s] -- Installing: /home/mahus/Autonomous-Cleaning-Robot/robot_ws/install/more_interfaces/share/more_interfaces/cmake/more_interfaces__rosidl_typesupport_introspection_cExport-noconfig.cmake
[8.305s] -- Installing: /home/mahus/Autonomous-Cleaning-Robot/robot_ws/install/more_interfaces/share/more_interfaces/cmake/more_interfaces__rosidl_typesupport_cExport.cmake
[8.306s] -- Installing: /home/mahus/Autonomous-Cleaning-Robot/robot_ws/install/more_interfaces/share/more_interfaces/cmake/more_interfaces__rosidl_typesupport_cExport-noconfig.cmake
[8.306s] -- Installing: /home/mahus/Autonomous-Cleaning-Robot/robot_ws/install/more_interfaces/share/more_interfaces/cmake/export_more_interfaces__rosidl_generator_cppExport.cmake
[8.306s] -- Installing: /home/mahus/Autonomous-Cleaning-Robot/robot_ws/install/more_interfaces/share/more_interfaces/cmake/export_more_interfaces__rosidl_typesupport_fastrtps_cppExport.cmake
[8.306s] -- Installing: /home/mahus/Autonomous-Cleaning-Robot/robot_ws/install/more_interfaces/share/more_interfaces/cmake/export_more_interfaces__rosidl_typesupport_fastrtps_cppExport-noconfig.cmake
[8.306s] -- Installing: /home/mahus/Autonomous-Cleaning-Robot/robot_ws/install/more_interfaces/share/more_interfaces/cmake/more_interfaces__rosidl_typesupport_introspection_cppExport.cmake
[8.306s] -- Installing: /home/mahus/Autonomous-Cleaning-Robot/robot_ws/install/more_interfaces/share/more_interfaces/cmake/more_interfaces__rosidl_typesupport_introspection_cppExport-noconfig.cmake
[8.307s] -- Installing: /home/mahus/Autonomous-Cleaning-Robot/robot_ws/install/more_interfaces/share/more_interfaces/cmake/more_interfaces__rosidl_typesupport_cppExport.cmake
[8.307s] -- Installing: /home/mahus/Autonomous-Cleaning-Robot/robot_ws/install/more_interfaces/share/more_interfaces/cmake/more_interfaces__rosidl_typesupport_cppExport-noconfig.cmake
[8.307s] -- Installing: /home/mahus/Autonomous-Cleaning-Robot/robot_ws/install/more_interfaces/share/more_interfaces/cmake/export_more_interfaces__rosidl_generator_pyExport.cmake
[8.307s] -- Installing: /home/mahus/Autonomous-Cleaning-Robot/robot_ws/install/more_interfaces/share/more_interfaces/cmake/export_more_interfaces__rosidl_generator_pyExport-noconfig.cmake
[8.310s] Invoked command in '/home/mahus/Autonomous-Cleaning-Robot/robot_ws/build/more_interfaces' returned '0': CMAKE_PREFIX_PATH=/opt/ros/humble /usr/bin/cmake --install /home/mahus/Autonomous-Cleaning-Robot/robot_ws/build/more_interfaces
